[  0%] Built target _pal_navigation_msgs_generate_messages_check_deps_JoyTurboResult
[  0%] Built target _pal_navigation_msgs_generate_messages_check_deps_GoToPOIFeedback
[  0%] Built target _pal_navigation_msgs_generate_messages_check_deps_VisualTrainingGoal
[  0%] Built target _pal_navigation_msgs_generate_messages_check_deps_JoyTurboActionFeedback
[  0%] Built target _pal_navigation_msgs_generate_messages_check_deps_MapConfiguration
[  0%] Built target _pal_navigation_msgs_generate_messages_check_deps_VisualTrainingActionFeedback
[  0%] Built target _pal_navigation_msgs_generate_messages_check_deps_GoToPOIActionGoal
[35m[1mScanning dependencies of target _pal_navigation_msgs_generate_messages_check_deps_ExecuteParkingGoal[0m
[  0%] Built target _pal_navigation_msgs_generate_messages_check_deps_ExecuteParkingGoal
[  0%] Built target _pal_navigation_msgs_generate_messages_check_deps_PolarReading
[35m[1mScanning dependencies of target _pal_navigation_msgs_generate_messages_check_deps_ExecuteParkingAction[0m
[  0%] Built target _pal_navigation_msgs_generate_messages_check_deps_ExecuteParkingAction
[  0%] Built target _pal_navigation_msgs_generate_messages_check_deps_GoToFeedback
[  0%] Built target _pal_navigation_msgs_generate_messages_check_deps_NavigationStatus
[  0%] Built target _pal_navigation_msgs_generate_messages_check_deps_JoyPriorityActionFeedback
[  0%] Built target _pal_navigation_msgs_generate_messages_check_deps_ServiceStatus
[  0%] Built target _pal_navigation_msgs_generate_messages_check_deps_EulerAngles
[  0%] Built target _pal_navigation_msgs_generate_messages_check_deps_POI
[  0%] Built target _pal_navigation_msgs_generate_messages_check_deps_JoyTurboActionGoal
[  0%] Built target nav_msgs_generate_messages_eus
[  0%] Built target _pal_navigation_msgs_generate_messages_check_deps_SetMapConfiguration
[35m[1mScanning dependencies of target _pal_navigation_msgs_generate_messages_check_deps_ExecuteParkingActionFeedback[0m
[  0%] Built target _pal_navigation_msgs_generate_messages_check_deps_ExecuteParkingActionFeedback
[  0%] Built target sensor_msgs_generate_messages_eus
[  0%] Built target _pal_navigation_msgs_generate_messages_check_deps_SetSubMapFloor
[  0%] Built target _pal_navigation_msgs_generate_messages_check_deps_Acknowledgment
[  0%] Built target _pal_navigation_msgs_generate_messages_check_deps_LaserImage
[  0%] Built target _pal_navigation_msgs_generate_messages_check_deps_GoToResult
[  0%] Built target _pal_navigation_msgs_generate_messages_check_deps_JoyPriorityAction
[  0%] Built target _pal_navigation_msgs_generate_messages_check_deps_TabletPOI
[  0%] Built target _pal_navigation_msgs_generate_messages_check_deps_SaveMap
[  0%] Built target _pal_navigation_msgs_generate_messages_check_deps_JoyPriorityResult
[  0%] Built target _pal_navigation_msgs_generate_messages_check_deps_JoyPriorityActionResult
[  0%] Built target _pal_navigation_msgs_generate_messages_check_deps_JoyPriorityGoal
[  0%] Built target _pal_navigation_msgs_generate_messages_check_deps_GoToPOIGoal
[35m[1mScanning dependencies of target _pal_navigation_msgs_generate_messages_check_deps_ExecuteParkingActionResult[0m
[  0%] Built target _pal_navigation_msgs_generate_messages_check_deps_ExecuteParkingActionResult
[  0%] Built target _pal_navigation_msgs_generate_messages_check_deps_RenameMap
[  0%] Built target _pal_navigation_msgs_generate_messages_check_deps_JoyTurboFeedback
[  0%] Built target _pal_navigation_msgs_generate_messages_check_deps_SafetyZone
[  0%] Built target geometry_msgs_generate_messages_eus
[  0%] Built target _pal_navigation_msgs_generate_messages_check_deps_GoToPOIResult
[  0%] Built target _pal_navigation_msgs_generate_messages_check_deps_GetNodes
[  0%] Built target _pal_navigation_msgs_generate_messages_check_deps_GoToActionFeedback
[  0%] Built target _pal_navigation_msgs_generate_messages_check_deps_JoyTurboGoal
[  0%] Built target _pal_navigation_msgs_generate_messages_check_deps_GoToGoal
[  0%] Built target _pal_navigation_msgs_generate_messages_check_deps_GetSubMap
[  0%] Built target _pal_navigation_msgs_generate_messages_check_deps_ListMaps
[  0%] Built target _pal_navigation_msgs_generate_messages_check_deps_VisualLocDB
[  0%] Built target _pal_navigation_msgs_generate_messages_check_deps_ChangeBuilding
[  0%] Built target _pal_navigation_msgs_generate_messages_check_deps_GoToPOIActionFeedback
[  0%] Built target actionlib_msgs_generate_messages_eus
[  0%] Built target _pal_navigation_msgs_generate_messages_check_deps_ChangeMap
[  0%] Built target _pal_navigation_msgs_generate_messages_check_deps_GoToActionResult
[  0%] Built target _pal_navigation_msgs_generate_messages_check_deps_JoyPriorityFeedback
[  0%] Built target _pal_navigation_msgs_generate_messages_check_deps_GoToActionGoal
[  0%] Built target _pal_navigation_msgs_generate_messages_check_deps_VisualLocRecognize
[  0%] Built target _pal_navigation_msgs_generate_messages_check_deps_Emergency
[  0%] Built target _pal_navigation_msgs_generate_messages_check_deps_VisualTrainingResult
[35m[1mScanning dependencies of target _pal_navigation_msgs_generate_messages_check_deps_ExecuteParkingResult[0m
[  0%] Built target _pal_navigation_msgs_generate_messages_check_deps_ExecuteParkingResult
[  0%] Built target _pal_navigation_msgs_generate_messages_check_deps_SetPOI
[  0%] Built target _pal_navigation_msgs_generate_messages_check_deps_GoToPOIAction
[  0%] Built target _pal_navigation_msgs_generate_messages_check_deps_VisualTrainingFeedback
[  0%] Built target _pal_navigation_msgs_generate_messages_check_deps_GetMapConfiguration
[  0%] Built target _pal_navigation_msgs_generate_messages_check_deps_AvailableMaps
[  0%] Built target _pal_navigation_msgs_generate_messages_check_deps_VisualTrainingActionGoal
[  0%] Built target _pal_navigation_msgs_generate_messages_check_deps_Highways
[  0%] Built target _pal_navigation_msgs_generate_messages_check_deps_NiceMapTransformation
[35m[1mScanning dependencies of target _pal_navigation_msgs_generate_messages_check_deps_ExecuteParkingFeedback[0m
[  0%] Built target _pal_navigation_msgs_generate_messages_check_deps_ExecuteParkingFeedback
[  0%] Built target _pal_navigation_msgs_generate_messages_check_deps_JoyTurboAction
[35m[1mScanning dependencies of target _pal_navigation_msgs_generate_messages_check_deps_ExecuteParkingActionGoal[0m
[  0%] Built target _pal_navigation_msgs_generate_messages_check_deps_ExecuteParkingActionGoal
[  0%] Built target _pal_navigation_msgs_generate_messages_check_deps_VisualTrainingAction
[  0%] Built target _pal_navigation_msgs_generate_messages_check_deps_DisableEmergency
[  0%] Built target _pal_navigation_msgs_generate_messages_check_deps_GoToPOIActionResult
[  0%] Built target _pal_navigation_msgs_generate_messages_check_deps_GetPOI
[  0%] Built target _pal_navigation_msgs_generate_messages_check_deps_EulerAnglesStamped
[  0%] Built target _pal_navigation_msgs_generate_messages_check_deps_JoyTurboActionResult
[  0%] Built target _pal_navigation_msgs_generate_messages_check_deps_PolarReadingScan
[  0%] Built target _pal_navigation_msgs_generate_messages_check_deps_GoToAction
[  0%] Built target _pal_navigation_msgs_generate_messages_check_deps_VisualTrainingActionResult
[  0%] Built target _pal_navigation_msgs_generate_messages_check_deps_JoyPriorityActionGoal
[  0%] Built target _pal_navigation_msgs_generate_messages_check_deps_FinalApproachPose
[  0%] Built target actionlib_msgs_generate_messages_cpp
[  0%] Built target nav_msgs_generate_messages_cpp
[  0%] Built target sensor_msgs_generate_messages_cpp
[  0%] Built target geometry_msgs_generate_messages_cpp
[  0%] Built target nav_msgs_generate_messages_py
[  0%] Built target actionlib_msgs_generate_messages_py
[  0%] Built target geometry_msgs_generate_messages_py
[  0%] Built target sensor_msgs_generate_messages_py
[  0%] Built target actionlib_msgs_generate_messages_nodejs
[  0%] Built target geometry_msgs_generate_messages_nodejs
[  0%] Built target sensor_msgs_generate_messages_nodejs
[  0%] Built target nav_msgs_generate_messages_nodejs
[  0%] Built target sensor_msgs_generate_messages_lisp
[  0%] Built target geometry_msgs_generate_messages_lisp
[  0%] Built target nav_msgs_generate_messages_lisp
[  0%] Built target actionlib_msgs_generate_messages_lisp
[  0%] [34m[1mGenerating EusLisp code from pal_navigation_msgs/ExecuteParkingResult.msg[0m
[  0%] [34m[1mGenerating EusLisp code from pal_navigation_msgs/ExecuteParkingFeedback.msg[0m
[  0%] [34m[1mGenerating EusLisp code from pal_navigation_msgs/ExecuteParkingActionFeedback.msg[0m
[  1%] [34m[1mGenerating EusLisp code from pal_navigation_msgs/ExecuteParkingGoal.msg[0m
[  1%] [34m[1mGenerating EusLisp code from pal_navigation_msgs/ExecuteParkingActionGoal.msg[0m
[  1%] [34m[1mGenerating EusLisp code from pal_navigation_msgs/ExecuteParkingAction.msg[0m
[  1%] [34m[1mGenerating EusLisp code from pal_navigation_msgs/ExecuteParkingActionResult.msg[0m
[ 20%] Built target pal_navigation_msgs_generate_messages_eus
[ 20%] [34m[1mGenerating C++ code from pal_navigation_msgs/ExecuteParkingResult.msg[0m
[ 21%] [34m[1mGenerating C++ code from pal_navigation_msgs/ExecuteParkingFeedback.msg[0m
[ 21%] [34m[1mGenerating C++ code from pal_navigation_msgs/ExecuteParkingActionFeedback.msg[0m
[ 21%] [34m[1mGenerating C++ code from pal_navigation_msgs/ExecuteParkingGoal.msg[0m
[ 21%] [34m[1mGenerating C++ code from pal_navigation_msgs/ExecuteParkingActionGoal.msg[0m
[ 21%] [34m[1mGenerating C++ code from pal_navigation_msgs/ExecuteParkingAction.msg[0m
[ 21%] [34m[1mGenerating C++ code from pal_navigation_msgs/ExecuteParkingActionResult.msg[0m
[ 39%] Built target pal_navigation_msgs_generate_messages_cpp
[ 40%] [34m[1mGenerating Python from MSG pal_navigation_msgs/ExecuteParkingResult[0m
[ 40%] [34m[1mGenerating Python from MSG pal_navigation_msgs/ExecuteParkingFeedback[0m
[ 41%] [34m[1mGenerating Python from MSG pal_navigation_msgs/ExecuteParkingActionFeedback[0m
[ 42%] [34m[1mGenerating Python from MSG pal_navigation_msgs/ExecuteParkingGoal[0m
[ 42%] [34m[1mGenerating Python from MSG pal_navigation_msgs/ExecuteParkingActionGoal[0m
[ 42%] [34m[1mGenerating Python from MSG pal_navigation_msgs/ExecuteParkingAction[0m
[ 42%] [34m[1mGenerating Python from MSG pal_navigation_msgs/ExecuteParkingActionResult[0m
[ 42%] [34m[1mGenerating Python msg __init__.py for pal_navigation_msgs[0m
[ 43%] [34m[1mGenerating Python srv __init__.py for pal_navigation_msgs[0m
[ 60%] Built target pal_navigation_msgs_generate_messages_py
[ 60%] [34m[1mGenerating Javascript code from pal_navigation_msgs/ExecuteParkingResult.msg[0m
[ 60%] [34m[1mGenerating Javascript code from pal_navigation_msgs/ExecuteParkingFeedback.msg[0m
[ 60%] [34m[1mGenerating Javascript code from pal_navigation_msgs/ExecuteParkingActionFeedback.msg[0m
[ 61%] [34m[1mGenerating Javascript code from pal_navigation_msgs/ExecuteParkingGoal.msg[0m
[ 61%] [34m[1mGenerating Javascript code from pal_navigation_msgs/ExecuteParkingActionGoal.msg[0m
[ 61%] [34m[1mGenerating Javascript code from pal_navigation_msgs/ExecuteParkingAction.msg[0m
[ 61%] [34m[1mGenerating Javascript code from pal_navigation_msgs/ExecuteParkingActionResult.msg[0m
[ 80%] Built target pal_navigation_msgs_generate_messages_nodejs
[ 80%] [34m[1mGenerating Lisp code from pal_navigation_msgs/ExecuteParkingResult.msg[0m
[ 81%] [34m[1mGenerating Lisp code from pal_navigation_msgs/ExecuteParkingFeedback.msg[0m
[ 81%] [34m[1mGenerating Lisp code from pal_navigation_msgs/ExecuteParkingActionFeedback.msg[0m
[ 81%] [34m[1mGenerating Lisp code from pal_navigation_msgs/ExecuteParkingGoal.msg[0m
[ 81%] [34m[1mGenerating Lisp code from pal_navigation_msgs/ExecuteParkingActionGoal.msg[0m
[ 81%] [34m[1mGenerating Lisp code from pal_navigation_msgs/ExecuteParkingAction.msg[0m
[ 81%] [34m[1mGenerating Lisp code from pal_navigation_msgs/ExecuteParkingActionResult.msg[0m
[100%] Built target pal_navigation_msgs_generate_messages_lisp
[100%] Built target pal_navigation_msgs_generate_messages
