[35m[1mScanning dependencies of target geometry_msgs_generate_messages_nodejs[0m
[  0%] Built target geometry_msgs_generate_messages_nodejs
[35m[1mScanning dependencies of target _rosplan_tiago_core_msgs_generate_messages_check_deps_ROSPlanService[0m
[  0%] Built target _rosplan_tiago_core_msgs_generate_messages_check_deps_ROSPlanService
[35m[1mScanning dependencies of target std_msgs_generate_messages_nodejs[0m
[  0%] Built target std_msgs_generate_messages_nodejs
[35m[1mScanning dependencies of target people_msgs_generate_messages_nodejs[0m
[  0%] Built target people_msgs_generate_messages_nodejs
[35m[1mScanning dependencies of target _rosplan_tiago_core_msgs_generate_messages_check_deps_GetLocation[0m
[  0%] Built target _rosplan_tiago_core_msgs_generate_messages_check_deps_GetLocation
[35m[1mScanning dependencies of target _rosplan_tiago_core_msgs_generate_messages_check_deps_GetHuman[0m
[  0%] Built target _rosplan_tiago_core_msgs_generate_messages_check_deps_GetHuman
[35m[1mScanning dependencies of target std_msgs_generate_messages_cpp[0m
[  0%] Built target std_msgs_generate_messages_cpp
[35m[1mScanning dependencies of target people_msgs_generate_messages_cpp[0m
[  0%] Built target people_msgs_generate_messages_cpp
[35m[1mScanning dependencies of target geometry_msgs_generate_messages_cpp[0m
[  0%] Built target geometry_msgs_generate_messages_cpp
[35m[1mScanning dependencies of target geometry_msgs_generate_messages_eus[0m
[  0%] Built target geometry_msgs_generate_messages_eus
[35m[1mScanning dependencies of target people_msgs_generate_messages_eus[0m
[  0%] Built target people_msgs_generate_messages_eus
[35m[1mScanning dependencies of target std_msgs_generate_messages_eus[0m
[  0%] Built target std_msgs_generate_messages_eus
[35m[1mScanning dependencies of target std_msgs_generate_messages_lisp[0m
[  0%] Built target std_msgs_generate_messages_lisp
[35m[1mScanning dependencies of target people_msgs_generate_messages_lisp[0m
[  0%] Built target people_msgs_generate_messages_lisp
[35m[1mScanning dependencies of target geometry_msgs_generate_messages_lisp[0m
[  0%] Built target geometry_msgs_generate_messages_lisp
[35m[1mScanning dependencies of target geometry_msgs_generate_messages_py[0m
[  0%] Built target geometry_msgs_generate_messages_py
[35m[1mScanning dependencies of target std_msgs_generate_messages_py[0m
[  0%] Built target std_msgs_generate_messages_py
[35m[1mScanning dependencies of target people_msgs_generate_messages_py[0m
[  0%] Built target people_msgs_generate_messages_py
[35m[1mScanning dependencies of target rosplan_tiago_core_msgs_generate_messages_nodejs[0m
[  5%] [34m[1mGenerating Javascript code from rosplan_tiago_core_msgs/ROSPlanService.msg[0m
[ 11%] [34m[1mGenerating Javascript code from rosplan_tiago_core_msgs/GetLocation.srv[0m
[ 16%] [34m[1mGenerating Javascript code from rosplan_tiago_core_msgs/GetHuman.srv[0m
[ 16%] Built target rosplan_tiago_core_msgs_generate_messages_nodejs
[35m[1mScanning dependencies of target rosplan_tiago_core_msgs_generate_messages_cpp[0m
[ 22%] [34m[1mGenerating C++ code from rosplan_tiago_core_msgs/ROSPlanService.msg[0m
[ 27%] [34m[1mGenerating C++ code from rosplan_tiago_core_msgs/GetLocation.srv[0m
[ 33%] [34m[1mGenerating C++ code from rosplan_tiago_core_msgs/GetHuman.srv[0m
[ 33%] Built target rosplan_tiago_core_msgs_generate_messages_cpp
[35m[1mScanning dependencies of target rosplan_tiago_core_msgs_generate_messages_eus[0m
[ 38%] [34m[1mGenerating EusLisp code from rosplan_tiago_core_msgs/ROSPlanService.msg[0m
[ 44%] [34m[1mGenerating EusLisp code from rosplan_tiago_core_msgs/GetLocation.srv[0m
[ 50%] [34m[1mGenerating EusLisp code from rosplan_tiago_core_msgs/GetHuman.srv[0m
[ 55%] [34m[1mGenerating EusLisp manifest code for rosplan_tiago_core_msgs[0m
[ 55%] Built target rosplan_tiago_core_msgs_generate_messages_eus
[35m[1mScanning dependencies of target rosplan_tiago_core_msgs_generate_messages_lisp[0m
[ 61%] [34m[1mGenerating Lisp code from rosplan_tiago_core_msgs/ROSPlanService.msg[0m
[ 66%] [34m[1mGenerating Lisp code from rosplan_tiago_core_msgs/GetLocation.srv[0m
[ 72%] [34m[1mGenerating Lisp code from rosplan_tiago_core_msgs/GetHuman.srv[0m
[ 72%] Built target rosplan_tiago_core_msgs_generate_messages_lisp
[35m[1mScanning dependencies of target rosplan_tiago_core_msgs_generate_messages_py[0m
[ 77%] [34m[1mGenerating Python from MSG rosplan_tiago_core_msgs/ROSPlanService[0m
[ 83%] [34m[1mGenerating Python code from SRV rosplan_tiago_core_msgs/GetLocation[0m
[ 88%] [34m[1mGenerating Python code from SRV rosplan_tiago_core_msgs/GetHuman[0m
[ 94%] [34m[1mGenerating Python msg __init__.py for rosplan_tiago_core_msgs[0m
[100%] [34m[1mGenerating Python srv __init__.py for rosplan_tiago_core_msgs[0m
[100%] Built target rosplan_tiago_core_msgs_generate_messages_py
[35m[1mScanning dependencies of target rosplan_tiago_core_msgs_generate_messages[0m
[100%] Built target rosplan_tiago_core_msgs_generate_messages
