Symlinking /home/dominika/tiago_public_ws/devel/lib/python2.7/dist-packages/rosplan_tiago_core_msgs/__init__.py
Symlinking /home/dominika/tiago_public_ws/devel/lib/python2.7/dist-packages/rosplan_tiago_core_msgs/srv/_GetLocation.py
Symlinking /home/dominika/tiago_public_ws/devel/lib/python2.7/dist-packages/rosplan_tiago_core_msgs/srv/_GetHuman.py
Symlinking /home/dominika/tiago_public_ws/devel/lib/python2.7/dist-packages/rosplan_tiago_core_msgs/srv/__init__.py
Symlinking /home/dominika/tiago_public_ws/devel/lib/python2.7/dist-packages/rosplan_tiago_core_msgs/msg/_ROSPlanService.py
Symlinking /home/dominika/tiago_public_ws/devel/lib/python2.7/dist-packages/rosplan_tiago_core_msgs/msg/__init__.py
Symlinking /home/dominika/tiago_public_ws/devel/lib/pkgconfig/rosplan_tiago_core_msgs.pc
Symlinking /home/dominika/tiago_public_ws/devel/share/rosplan_tiago_core_msgs/cmake/rosplan_tiago_core_msgsConfig.cmake
Symlinking /home/dominika/tiago_public_ws/devel/share/rosplan_tiago_core_msgs/cmake/rosplan_tiago_core_msgs-msg-paths.cmake
Symlinking /home/dominika/tiago_public_ws/devel/share/rosplan_tiago_core_msgs/cmake/rosplan_tiago_core_msgsConfig-version.cmake
Symlinking /home/dominika/tiago_public_ws/devel/share/rosplan_tiago_core_msgs/cmake/rosplan_tiago_core_msgs-msg-extras.cmake
Symlinking /home/dominika/tiago_public_ws/devel/share/common-lisp/ros/rosplan_tiago_core_msgs/srv/_package_GetLocation.lisp
Symlinking /home/dominika/tiago_public_ws/devel/share/common-lisp/ros/rosplan_tiago_core_msgs/srv/_package.lisp
Symlinking /home/dominika/tiago_public_ws/devel/share/common-lisp/ros/rosplan_tiago_core_msgs/srv/GetHuman.lisp
Symlinking /home/dominika/tiago_public_ws/devel/share/common-lisp/ros/rosplan_tiago_core_msgs/srv/_package_GetHuman.lisp
Symlinking /home/dominika/tiago_public_ws/devel/share/common-lisp/ros/rosplan_tiago_core_msgs/srv/rosplan_tiago_core_msgs-srv.asd
Symlinking /home/dominika/tiago_public_ws/devel/share/common-lisp/ros/rosplan_tiago_core_msgs/srv/GetLocation.lisp
Symlinking /home/dominika/tiago_public_ws/devel/share/common-lisp/ros/rosplan_tiago_core_msgs/msg/ROSPlanService.lisp
Symlinking /home/dominika/tiago_public_ws/devel/share/common-lisp/ros/rosplan_tiago_core_msgs/msg/_package.lisp
Symlinking /home/dominika/tiago_public_ws/devel/share/common-lisp/ros/rosplan_tiago_core_msgs/msg/rosplan_tiago_core_msgs-msg.asd
Symlinking /home/dominika/tiago_public_ws/devel/share/common-lisp/ros/rosplan_tiago_core_msgs/msg/_package_ROSPlanService.lisp
Symlinking /home/dominika/tiago_public_ws/devel/share/gennodejs/ros/rosplan_tiago_core_msgs/_index.js
Symlinking /home/dominika/tiago_public_ws/devel/share/gennodejs/ros/rosplan_tiago_core_msgs/srv/GetLocation.js
Symlinking /home/dominika/tiago_public_ws/devel/share/gennodejs/ros/rosplan_tiago_core_msgs/srv/_index.js
Symlinking /home/dominika/tiago_public_ws/devel/share/gennodejs/ros/rosplan_tiago_core_msgs/srv/GetHuman.js
Symlinking /home/dominika/tiago_public_ws/devel/share/gennodejs/ros/rosplan_tiago_core_msgs/msg/_index.js
Symlinking /home/dominika/tiago_public_ws/devel/share/gennodejs/ros/rosplan_tiago_core_msgs/msg/ROSPlanService.js
Symlinking /home/dominika/tiago_public_ws/devel/share/roseus/ros/rosplan_tiago_core_msgs/manifest.l
Symlinking /home/dominika/tiago_public_ws/devel/share/roseus/ros/rosplan_tiago_core_msgs/srv/GetHuman.l
Symlinking /home/dominika/tiago_public_ws/devel/share/roseus/ros/rosplan_tiago_core_msgs/srv/GetLocation.l
Symlinking /home/dominika/tiago_public_ws/devel/share/roseus/ros/rosplan_tiago_core_msgs/msg/ROSPlanService.l
Symlinking /home/dominika/tiago_public_ws/devel/include/rosplan_tiago_core_msgs/GetHumanRequest.h
Symlinking /home/dominika/tiago_public_ws/devel/include/rosplan_tiago_core_msgs/GetLocationResponse.h
Symlinking /home/dominika/tiago_public_ws/devel/include/rosplan_tiago_core_msgs/GetLocation.h
Symlinking /home/dominika/tiago_public_ws/devel/include/rosplan_tiago_core_msgs/GetHumanResponse.h
Symlinking /home/dominika/tiago_public_ws/devel/include/rosplan_tiago_core_msgs/GetLocationRequest.h
Symlinking /home/dominika/tiago_public_ws/devel/include/rosplan_tiago_core_msgs/ROSPlanService.h
Symlinking /home/dominika/tiago_public_ws/devel/include/rosplan_tiago_core_msgs/GetHuman.h
