Linked: (/home/dominika/tiago_public_ws/devel/.private/rosplan_tiago_core_msgs/lib/python2.7/dist-packages/rosplan_tiago_core_msgs/__init__.py, /home/dominika/tiago_public_ws/devel/lib/python2.7/dist-packages/rosplan_tiago_core_msgs/__init__.py)
Linked: (/home/dominika/tiago_public_ws/devel/.private/rosplan_tiago_core_msgs/lib/python2.7/dist-packages/rosplan_tiago_core_msgs/srv/_GetLocation.py, /home/dominika/tiago_public_ws/devel/lib/python2.7/dist-packages/rosplan_tiago_core_msgs/srv/_GetLocation.py)
Linked: (/home/dominika/tiago_public_ws/devel/.private/rosplan_tiago_core_msgs/lib/python2.7/dist-packages/rosplan_tiago_core_msgs/srv/_GetHuman.py, /home/dominika/tiago_public_ws/devel/lib/python2.7/dist-packages/rosplan_tiago_core_msgs/srv/_GetHuman.py)
Linked: (/home/dominika/tiago_public_ws/devel/.private/rosplan_tiago_core_msgs/lib/python2.7/dist-packages/rosplan_tiago_core_msgs/srv/__init__.py, /home/dominika/tiago_public_ws/devel/lib/python2.7/dist-packages/rosplan_tiago_core_msgs/srv/__init__.py)
Linked: (/home/dominika/tiago_public_ws/devel/.private/rosplan_tiago_core_msgs/lib/python2.7/dist-packages/rosplan_tiago_core_msgs/msg/_ROSPlanService.py, /home/dominika/tiago_public_ws/devel/lib/python2.7/dist-packages/rosplan_tiago_core_msgs/msg/_ROSPlanService.py)
Linked: (/home/dominika/tiago_public_ws/devel/.private/rosplan_tiago_core_msgs/lib/python2.7/dist-packages/rosplan_tiago_core_msgs/msg/__init__.py, /home/dominika/tiago_public_ws/devel/lib/python2.7/dist-packages/rosplan_tiago_core_msgs/msg/__init__.py)
Linked: (/home/dominika/tiago_public_ws/devel/.private/rosplan_tiago_core_msgs/lib/pkgconfig/rosplan_tiago_core_msgs.pc, /home/dominika/tiago_public_ws/devel/lib/pkgconfig/rosplan_tiago_core_msgs.pc)
Linked: (/home/dominika/tiago_public_ws/devel/.private/rosplan_tiago_core_msgs/share/rosplan_tiago_core_msgs/cmake/rosplan_tiago_core_msgsConfig.cmake, /home/dominika/tiago_public_ws/devel/share/rosplan_tiago_core_msgs/cmake/rosplan_tiago_core_msgsConfig.cmake)
Linked: (/home/dominika/tiago_public_ws/devel/.private/rosplan_tiago_core_msgs/share/rosplan_tiago_core_msgs/cmake/rosplan_tiago_core_msgs-msg-paths.cmake, /home/dominika/tiago_public_ws/devel/share/rosplan_tiago_core_msgs/cmake/rosplan_tiago_core_msgs-msg-paths.cmake)
Linked: (/home/dominika/tiago_public_ws/devel/.private/rosplan_tiago_core_msgs/share/rosplan_tiago_core_msgs/cmake/rosplan_tiago_core_msgsConfig-version.cmake, /home/dominika/tiago_public_ws/devel/share/rosplan_tiago_core_msgs/cmake/rosplan_tiago_core_msgsConfig-version.cmake)
Linked: (/home/dominika/tiago_public_ws/devel/.private/rosplan_tiago_core_msgs/share/rosplan_tiago_core_msgs/cmake/rosplan_tiago_core_msgs-msg-extras.cmake, /home/dominika/tiago_public_ws/devel/share/rosplan_tiago_core_msgs/cmake/rosplan_tiago_core_msgs-msg-extras.cmake)
Linked: (/home/dominika/tiago_public_ws/devel/.private/rosplan_tiago_core_msgs/share/common-lisp/ros/rosplan_tiago_core_msgs/srv/_package_GetLocation.lisp, /home/dominika/tiago_public_ws/devel/share/common-lisp/ros/rosplan_tiago_core_msgs/srv/_package_GetLocation.lisp)
Linked: (/home/dominika/tiago_public_ws/devel/.private/rosplan_tiago_core_msgs/share/common-lisp/ros/rosplan_tiago_core_msgs/srv/_package.lisp, /home/dominika/tiago_public_ws/devel/share/common-lisp/ros/rosplan_tiago_core_msgs/srv/_package.lisp)
Linked: (/home/dominika/tiago_public_ws/devel/.private/rosplan_tiago_core_msgs/share/common-lisp/ros/rosplan_tiago_core_msgs/srv/GetHuman.lisp, /home/dominika/tiago_public_ws/devel/share/common-lisp/ros/rosplan_tiago_core_msgs/srv/GetHuman.lisp)
Linked: (/home/dominika/tiago_public_ws/devel/.private/rosplan_tiago_core_msgs/share/common-lisp/ros/rosplan_tiago_core_msgs/srv/_package_GetHuman.lisp, /home/dominika/tiago_public_ws/devel/share/common-lisp/ros/rosplan_tiago_core_msgs/srv/_package_GetHuman.lisp)
Linked: (/home/dominika/tiago_public_ws/devel/.private/rosplan_tiago_core_msgs/share/common-lisp/ros/rosplan_tiago_core_msgs/srv/rosplan_tiago_core_msgs-srv.asd, /home/dominika/tiago_public_ws/devel/share/common-lisp/ros/rosplan_tiago_core_msgs/srv/rosplan_tiago_core_msgs-srv.asd)
Linked: (/home/dominika/tiago_public_ws/devel/.private/rosplan_tiago_core_msgs/share/common-lisp/ros/rosplan_tiago_core_msgs/srv/GetLocation.lisp, /home/dominika/tiago_public_ws/devel/share/common-lisp/ros/rosplan_tiago_core_msgs/srv/GetLocation.lisp)
Linked: (/home/dominika/tiago_public_ws/devel/.private/rosplan_tiago_core_msgs/share/common-lisp/ros/rosplan_tiago_core_msgs/msg/ROSPlanService.lisp, /home/dominika/tiago_public_ws/devel/share/common-lisp/ros/rosplan_tiago_core_msgs/msg/ROSPlanService.lisp)
Linked: (/home/dominika/tiago_public_ws/devel/.private/rosplan_tiago_core_msgs/share/common-lisp/ros/rosplan_tiago_core_msgs/msg/_package.lisp, /home/dominika/tiago_public_ws/devel/share/common-lisp/ros/rosplan_tiago_core_msgs/msg/_package.lisp)
Linked: (/home/dominika/tiago_public_ws/devel/.private/rosplan_tiago_core_msgs/share/common-lisp/ros/rosplan_tiago_core_msgs/msg/rosplan_tiago_core_msgs-msg.asd, /home/dominika/tiago_public_ws/devel/share/common-lisp/ros/rosplan_tiago_core_msgs/msg/rosplan_tiago_core_msgs-msg.asd)
Linked: (/home/dominika/tiago_public_ws/devel/.private/rosplan_tiago_core_msgs/share/common-lisp/ros/rosplan_tiago_core_msgs/msg/_package_ROSPlanService.lisp, /home/dominika/tiago_public_ws/devel/share/common-lisp/ros/rosplan_tiago_core_msgs/msg/_package_ROSPlanService.lisp)
Linked: (/home/dominika/tiago_public_ws/devel/.private/rosplan_tiago_core_msgs/share/gennodejs/ros/rosplan_tiago_core_msgs/_index.js, /home/dominika/tiago_public_ws/devel/share/gennodejs/ros/rosplan_tiago_core_msgs/_index.js)
Linked: (/home/dominika/tiago_public_ws/devel/.private/rosplan_tiago_core_msgs/share/gennodejs/ros/rosplan_tiago_core_msgs/srv/GetLocation.js, /home/dominika/tiago_public_ws/devel/share/gennodejs/ros/rosplan_tiago_core_msgs/srv/GetLocation.js)
Linked: (/home/dominika/tiago_public_ws/devel/.private/rosplan_tiago_core_msgs/share/gennodejs/ros/rosplan_tiago_core_msgs/srv/_index.js, /home/dominika/tiago_public_ws/devel/share/gennodejs/ros/rosplan_tiago_core_msgs/srv/_index.js)
Linked: (/home/dominika/tiago_public_ws/devel/.private/rosplan_tiago_core_msgs/share/gennodejs/ros/rosplan_tiago_core_msgs/srv/GetHuman.js, /home/dominika/tiago_public_ws/devel/share/gennodejs/ros/rosplan_tiago_core_msgs/srv/GetHuman.js)
Linked: (/home/dominika/tiago_public_ws/devel/.private/rosplan_tiago_core_msgs/share/gennodejs/ros/rosplan_tiago_core_msgs/msg/_index.js, /home/dominika/tiago_public_ws/devel/share/gennodejs/ros/rosplan_tiago_core_msgs/msg/_index.js)
Linked: (/home/dominika/tiago_public_ws/devel/.private/rosplan_tiago_core_msgs/share/gennodejs/ros/rosplan_tiago_core_msgs/msg/ROSPlanService.js, /home/dominika/tiago_public_ws/devel/share/gennodejs/ros/rosplan_tiago_core_msgs/msg/ROSPlanService.js)
Linked: (/home/dominika/tiago_public_ws/devel/.private/rosplan_tiago_core_msgs/share/roseus/ros/rosplan_tiago_core_msgs/manifest.l, /home/dominika/tiago_public_ws/devel/share/roseus/ros/rosplan_tiago_core_msgs/manifest.l)
Linked: (/home/dominika/tiago_public_ws/devel/.private/rosplan_tiago_core_msgs/share/roseus/ros/rosplan_tiago_core_msgs/srv/GetHuman.l, /home/dominika/tiago_public_ws/devel/share/roseus/ros/rosplan_tiago_core_msgs/srv/GetHuman.l)
Linked: (/home/dominika/tiago_public_ws/devel/.private/rosplan_tiago_core_msgs/share/roseus/ros/rosplan_tiago_core_msgs/srv/GetLocation.l, /home/dominika/tiago_public_ws/devel/share/roseus/ros/rosplan_tiago_core_msgs/srv/GetLocation.l)
Linked: (/home/dominika/tiago_public_ws/devel/.private/rosplan_tiago_core_msgs/share/roseus/ros/rosplan_tiago_core_msgs/msg/ROSPlanService.l, /home/dominika/tiago_public_ws/devel/share/roseus/ros/rosplan_tiago_core_msgs/msg/ROSPlanService.l)
Linked: (/home/dominika/tiago_public_ws/devel/.private/rosplan_tiago_core_msgs/include/rosplan_tiago_core_msgs/GetHumanRequest.h, /home/dominika/tiago_public_ws/devel/include/rosplan_tiago_core_msgs/GetHumanRequest.h)
Linked: (/home/dominika/tiago_public_ws/devel/.private/rosplan_tiago_core_msgs/include/rosplan_tiago_core_msgs/GetLocationResponse.h, /home/dominika/tiago_public_ws/devel/include/rosplan_tiago_core_msgs/GetLocationResponse.h)
Linked: (/home/dominika/tiago_public_ws/devel/.private/rosplan_tiago_core_msgs/include/rosplan_tiago_core_msgs/GetLocation.h, /home/dominika/tiago_public_ws/devel/include/rosplan_tiago_core_msgs/GetLocation.h)
Linked: (/home/dominika/tiago_public_ws/devel/.private/rosplan_tiago_core_msgs/include/rosplan_tiago_core_msgs/GetHumanResponse.h, /home/dominika/tiago_public_ws/devel/include/rosplan_tiago_core_msgs/GetHumanResponse.h)
Linked: (/home/dominika/tiago_public_ws/devel/.private/rosplan_tiago_core_msgs/include/rosplan_tiago_core_msgs/GetLocationRequest.h, /home/dominika/tiago_public_ws/devel/include/rosplan_tiago_core_msgs/GetLocationRequest.h)
Linked: (/home/dominika/tiago_public_ws/devel/.private/rosplan_tiago_core_msgs/include/rosplan_tiago_core_msgs/ROSPlanService.h, /home/dominika/tiago_public_ws/devel/include/rosplan_tiago_core_msgs/ROSPlanService.h)
Linked: (/home/dominika/tiago_public_ws/devel/.private/rosplan_tiago_core_msgs/include/rosplan_tiago_core_msgs/GetHuman.h, /home/dominika/tiago_public_ws/devel/include/rosplan_tiago_core_msgs/GetHuman.h)
