Determining if the pthread_create exist failed with the following output:
Change Dir: /home/dominika/tiago_public_ws/build/gazebo_ros_control/CMakeFiles/CMakeTmp

Run Build Command:"/usr/bin/make" "cmTC_524cd/fast"
/usr/bin/make -f CMakeFiles/cmTC_524cd.dir/build.make CMakeFiles/cmTC_524cd.dir/build
make[1]: Entering directory '/home/dominika/tiago_public_ws/build/gazebo_ros_control/CMakeFiles/CMakeTmp'
Building C object CMakeFiles/cmTC_524cd.dir/CheckSymbolExists.c.o
/usr/bin/cc    -o CMakeFiles/cmTC_524cd.dir/CheckSymbolExists.c.o   -c /home/dominika/tiago_public_ws/build/gazebo_ros_control/CMakeFiles/CMakeTmp/CheckSymbolExists.c
Linking C executable cmTC_524cd
/usr/bin/cmake -E cmake_link_script CMakeFiles/cmTC_524cd.dir/link.txt --verbose=1
/usr/bin/cc      -rdynamic CMakeFiles/cmTC_524cd.dir/CheckSymbolExists.c.o  -o cmTC_524cd 
CMakeFiles/cmTC_524cd.dir/CheckSymbolExists.c.o: In function `main':
CheckSymbolExists.c:(.text+0x1b): undefined reference to `pthread_create'
collect2: error: ld returned 1 exit status
CMakeFiles/cmTC_524cd.dir/build.make:97: recipe for target 'cmTC_524cd' failed
make[1]: *** [cmTC_524cd] Error 1
make[1]: Leaving directory '/home/dominika/tiago_public_ws/build/gazebo_ros_control/CMakeFiles/CMakeTmp'
Makefile:126: recipe for target 'cmTC_524cd/fast' failed
make: *** [cmTC_524cd/fast] Error 2

File /home/dominika/tiago_public_ws/build/gazebo_ros_control/CMakeFiles/CMakeTmp/CheckSymbolExists.c:
/* */
#include <pthread.h>

int main(int argc, char** argv)
{
  (void)argv;
#ifndef pthread_create
  return ((int*)(&pthread_create))[argc];
#else
  (void)argc;
  return 0;
#endif
}

Determining if the function pthread_create exists in the pthreads failed with the following output:
Change Dir: /home/dominika/tiago_public_ws/build/gazebo_ros_control/CMakeFiles/CMakeTmp

Run Build Command:"/usr/bin/make" "cmTC_530a3/fast"
/usr/bin/make -f CMakeFiles/cmTC_530a3.dir/build.make CMakeFiles/cmTC_530a3.dir/build
make[1]: Entering directory '/home/dominika/tiago_public_ws/build/gazebo_ros_control/CMakeFiles/CMakeTmp'
Building C object CMakeFiles/cmTC_530a3.dir/CheckFunctionExists.c.o
/usr/bin/cc   -DCHECK_FUNCTION_EXISTS=pthread_create   -o CMakeFiles/cmTC_530a3.dir/CheckFunctionExists.c.o   -c /usr/share/cmake-3.10/Modules/CheckFunctionExists.c
Linking C executable cmTC_530a3
/usr/bin/cmake -E cmake_link_script CMakeFiles/cmTC_530a3.dir/link.txt --verbose=1
/usr/bin/cc  -DCHECK_FUNCTION_EXISTS=pthread_create    -rdynamic CMakeFiles/cmTC_530a3.dir/CheckFunctionExists.c.o  -o cmTC_530a3 -lpthreads 
/usr/bin/ld: cannot find -lpthreads
collect2: error: ld returned 1 exit status
CMakeFiles/cmTC_530a3.dir/build.make:97: recipe for target 'cmTC_530a3' failed
make[1]: *** [cmTC_530a3] Error 1
make[1]: Leaving directory '/home/dominika/tiago_public_ws/build/gazebo_ros_control/CMakeFiles/CMakeTmp'
Makefile:126: recipe for target 'cmTC_530a3/fast' failed
make: *** [cmTC_530a3/fast] Error 2


