[  1%] [32m[1mLinking CXX shared library /home/dominika/tiago_public_ws/devel/.private/gazebo_plugins/lib/libgazebo_ros_template.so[0m
[  2%] Built target gazebo_ros_template
[  3%] [32m[1mLinking CXX shared library /home/dominika/tiago_public_ws/devel/.private/gazebo_plugins/lib/libgazebo_ros_vacuum_gripper.so[0m
[  5%] Built target gazebo_ros_vacuum_gripper
[  6%] [32m[1mLinking CXX shared library /home/dominika/tiago_public_ws/devel/.private/gazebo_plugins/lib/libgazebo_ros_range.so[0m
[  7%] Built target gazebo_ros_range
[  8%] [32m[1mLinking CXX shared library /home/dominika/tiago_public_ws/devel/.private/gazebo_plugins/lib/libgazebo_ros_ft_sensor.so[0m
[ 10%] Built target gazebo_ros_ft_sensor
[ 11%] [32m[1mLinking CXX shared library /home/dominika/tiago_public_ws/devel/.private/gazebo_plugins/lib/libgazebo_ros_planar_move.so[0m
[ 12%] Built target gazebo_ros_planar_move
[ 14%] [32m[1mLinking CXX shared library /home/dominika/tiago_public_ws/devel/.private/gazebo_plugins/lib/libgazebo_ros_video.so[0m
[ 15%] Built target gazebo_ros_video
[ 16%] [32m[1mLinking CXX shared library /home/dominika/tiago_public_ws/devel/.private/gazebo_plugins/lib/libgazebo_ros_utils.so[0m
[ 17%] Built target gazebo_ros_utils
[ 19%] [32m[1mLinking CXX shared library /home/dominika/tiago_public_ws/devel/.private/gazebo_plugins/lib/libgazebo_ros_hand_of_god.so[0m
[ 20%] Built target gazebo_ros_hand_of_god
[ 20%] Built target tf2_msgs_generate_messages_nodejs
[ 20%] Built target diagnostic_msgs_generate_messages_nodejs
[ 20%] Built target diagnostic_msgs_generate_messages_lisp
[ 20%] Built target diagnostic_msgs_generate_messages_eus
[ 20%] Built target polled_camera_generate_messages_py
[ 20%] Built target polled_camera_generate_messages_eus
[ 20%] Built target polled_camera_generate_messages_cpp
[ 20%] Built target dynamic_reconfigure_generate_messages_py
[ 20%] Built target dynamic_reconfigure_generate_messages_nodejs
[ 20%] Built target dynamic_reconfigure_generate_messages_eus
[ 20%] Built target geometry_msgs_generate_messages_eus
[ 20%] Built target roscpp_generate_messages_cpp
[ 20%] Built target sensor_msgs_generate_messages_nodejs
[ 20%] Built target actionlib_generate_messages_cpp
[ 20%] Built target std_srvs_generate_messages_py
[ 20%] Built target std_srvs_generate_messages_cpp
[ 20%] Built target geometry_msgs_generate_messages_py
[ 20%] Built target std_srvs_generate_messages_eus
[ 20%] Built target roscpp_generate_messages_lisp
[ 20%] Built target diagnostic_msgs_generate_messages_py
[ 20%] Built target gazebo_msgs_generate_messages_lisp
[ 20%] Built target bond_generate_messages_eus
[ 20%] Built target geometry_msgs_generate_messages_nodejs
[ 20%] Built target geometry_msgs_generate_messages_lisp
[ 20%] Built target dynamic_reconfigure_generate_messages_cpp
[ 20%] Built target tf_generate_messages_py
[ 20%] Built target std_srvs_generate_messages_nodejs
[ 20%] Built target nodelet_generate_messages_cpp
[ 20%] Built target bond_generate_messages_py
[ 20%] Built target geometry_msgs_generate_messages_cpp
[ 20%] Built target actionlib_generate_messages_lisp
[ 20%] Built target dynamic_reconfigure_generate_messages_lisp
[ 20%] Built target gazebo_msgs_generate_messages_cpp
[ 20%] Built target std_msgs_generate_messages_nodejs
[ 20%] Built target bond_generate_messages_lisp
[ 20%] Built target sensor_msgs_generate_messages_eus
[ 20%] Built target sensor_msgs_generate_messages_cpp
[ 20%] Built target roscpp_generate_messages_nodejs
[ 20%] Built target std_msgs_generate_messages_lisp
[ 20%] Built target trajectory_msgs_generate_messages_py
[ 20%] Built target std_msgs_generate_messages_eus
[ 20%] Built target gazebo_msgs_generate_messages_eus
[ 20%] Built target sensor_msgs_generate_messages_lisp
[ 20%] Built target nav_msgs_generate_messages_cpp
[ 20%] Built target gazebo_msgs_generate_messages_py
[ 20%] Built target nav_msgs_generate_messages_nodejs
[ 20%] Built target std_msgs_generate_messages_cpp
[ 20%] Built target sensor_msgs_generate_messages_py
[ 20%] Built target nodelet_generate_messages_py
[ 20%] Built target _catkin_empty_exported_target
[ 20%] Built target std_srvs_generate_messages_lisp
[ 20%] Built target std_msgs_generate_messages_py
[ 20%] Built target polled_camera_generate_messages_lisp
[ 20%] Built target trajectory_msgs_generate_messages_cpp
[ 20%] Built target trajectory_msgs_generate_messages_eus
[ 20%] Built target polled_camera_generate_messages_nodejs
[ 20%] Built target roscpp_generate_messages_py
[ 20%] Built target rosgraph_msgs_generate_messages_cpp
[ 20%] Built target gazebo_msgs_generate_messages_nodejs
[ 20%] Built target rosgraph_msgs_generate_messages_eus
[ 20%] Built target rosgraph_msgs_generate_messages_lisp
[ 20%] Built target rosgraph_msgs_generate_messages_nodejs
[ 20%] Built target nodelet_generate_messages_eus
[ 20%] Built target nodelet_generate_messages_lisp
[ 20%] Built target roscpp_generate_messages_eus
[ 20%] Built target rosgraph_msgs_generate_messages_py
[ 20%] Built target actionlib_msgs_generate_messages_eus
[ 20%] Built target nodelet_generate_messages_nodejs
[ 20%] Built target trajectory_msgs_generate_messages_lisp
[ 20%] Built target bond_generate_messages_cpp
[ 20%] Built target actionlib_msgs_generate_messages_cpp
[ 20%] Built target tf_generate_messages_eus
[ 20%] Built target trajectory_msgs_generate_messages_nodejs
[ 20%] Built target bond_generate_messages_nodejs
[ 20%] Built target nav_msgs_generate_messages_lisp
[ 20%] Built target actionlib_msgs_generate_messages_lisp
[ 20%] Built target actionlib_msgs_generate_messages_nodejs
[ 20%] Built target actionlib_msgs_generate_messages_py
[ 20%] Built target tf_generate_messages_lisp
[ 20%] Built target tf_generate_messages_nodejs
[ 20%] Built target diagnostic_msgs_generate_messages_cpp
[ 20%] Built target actionlib_generate_messages_eus
[ 20%] Built target tf_generate_messages_cpp
[ 20%] Built target actionlib_generate_messages_nodejs
[ 20%] Built target tf2_msgs_generate_messages_cpp
[ 20%] Built target nav_msgs_generate_messages_eus
[ 20%] Built target tf2_msgs_generate_messages_eus
[ 20%] Built target dynamic_reconfigure_gencfg
[ 20%] Built target nav_msgs_generate_messages_py
[ 20%] Built target tf2_msgs_generate_messages_lisp
[ 20%] Built target actionlib_generate_messages_py
[ 20%] Built target tf2_msgs_generate_messages_py
[ 21%] [32m[1mLinking CXX shared library /home/dominika/tiago_public_ws/devel/.private/gazebo_plugins/lib/libgazebo_ros_projector.so[0m
[ 23%] Built target gazebo_ros_projector
[ 24%] [32m[1mLinking CXX shared library /home/dominika/tiago_public_ws/devel/.private/gazebo_plugins/lib/libgazebo_ros_force.so[0m
[ 25%] Built target gazebo_ros_force
[ 26%] [32m[1mLinking CXX shared library /home/dominika/tiago_public_ws/devel/.private/gazebo_plugins/lib/libgazebo_ros_imu.so[0m
[ 28%] Built target gazebo_ros_imu
[ 29%] [32m[1mLinking CXX shared library /home/dominika/tiago_public_ws/devel/.private/gazebo_plugins/lib/libgazebo_ros_block_laser.so[0m
[ 30%] Built target gazebo_ros_block_laser
[ 32%] [32m[1mLinking CXX shared library /home/dominika/tiago_public_ws/devel/.private/gazebo_plugins/lib/libMultiCameraPlugin.so[0m
[ 33%] Built target MultiCameraPlugin
[ 34%] [32m[1mLinking CXX shared library /home/dominika/tiago_public_ws/devel/.private/gazebo_plugins/lib/libgazebo_ros_laser.so[0m
[ 35%] Built target gazebo_ros_laser
[ 37%] [32m[1mLinking CXX shared library /home/dominika/tiago_public_ws/devel/.private/gazebo_plugins/lib/libgazebo_ros_harness.so[0m
[ 38%] Built target gazebo_ros_harness
[ 39%] [32m[1mLinking CXX shared library /home/dominika/tiago_public_ws/devel/.private/gazebo_plugins/lib/libgazebo_ros_joint_pose_trajectory.so[0m
[ 41%] Built target gazebo_ros_joint_pose_trajectory
[ 42%] [32m[1mLinking CXX shared library /home/dominika/tiago_public_ws/devel/.private/gazebo_plugins/lib/libgazebo_ros_skid_steer_drive.so[0m
[ 43%] Built target gazebo_ros_skid_steer_drive
[ 44%] [32m[1mLinking CXX shared library /home/dominika/tiago_public_ws/devel/.private/gazebo_plugins/lib/libgazebo_ros_imu_sensor.so[0m
[ 46%] Built target gazebo_ros_imu_sensor
[ 47%] [32m[1mLinking CXX shared library /home/dominika/tiago_public_ws/devel/.private/gazebo_plugins/lib/libgazebo_ros_tricycle_drive.so[0m
[ 48%] Built target gazebo_ros_tricycle_drive
[ 50%] [32m[1mLinking CXX shared library /home/dominika/tiago_public_ws/devel/.private/gazebo_plugins/lib/libgazebo_ros_joint_trajectory.so[0m
[ 51%] Built target gazebo_ros_joint_trajectory
[ 52%] [32m[1mLinking CXX shared library /home/dominika/tiago_public_ws/devel/.private/gazebo_plugins/lib/libgazebo_ros_f3d.so[0m
[ 53%] Built target gazebo_ros_f3d
[ 55%] [32m[1mLinking CXX executable /home/dominika/tiago_public_ws/devel/.private/gazebo_plugins/lib/gazebo_plugins/pub_joint_trajectory_test[0m
[ 56%] Built target pub_joint_trajectory_test
[ 57%] [32m[1mLinking CXX shared library /home/dominika/tiago_public_ws/devel/.private/gazebo_plugins/lib/libgazebo_ros_p3d.so[0m
[ 58%] Built target gazebo_ros_p3d
[ 60%] [32m[1mLinking CXX shared library /home/dominika/tiago_public_ws/devel/.private/gazebo_plugins/lib/libgazebo_ros_gpu_laser.so[0m
[ 61%] Built target gazebo_ros_gpu_laser
[ 62%] [32m[1mLinking CXX shared library /home/dominika/tiago_public_ws/devel/.private/gazebo_plugins/lib/libgazebo_ros_bumper.so[0m
[ 64%] Built target gazebo_ros_bumper
[ 65%] [32m[1mLinking CXX shared library /home/dominika/tiago_public_ws/devel/.private/gazebo_plugins/lib/libgazebo_ros_diff_drive.so[0m
[ 66%] Built target gazebo_ros_diff_drive
[ 67%] [32m[1mLinking CXX shared library /home/dominika/tiago_public_ws/devel/.private/gazebo_plugins/lib/libgazebo_ros_joint_state_publisher.so[0m
[ 69%] Built target gazebo_ros_joint_state_publisher
[ 74%] Built target gazebo_plugins_gencfg
[ 75%] [32m[1mLinking CXX shared library /home/dominika/tiago_public_ws/devel/.private/gazebo_plugins/lib/libgazebo_ros_camera_utils.so[0m
[ 76%] Built target gazebo_ros_camera_utils
[ 78%] [32m[1mLinking CXX shared library /home/dominika/tiago_public_ws/devel/.private/gazebo_plugins/lib/libvision_reconfigure.so[0m
[ 79%] Built target vision_reconfigure
[ 80%] [32m[1mLinking CXX executable /home/dominika/tiago_public_ws/devel/.private/gazebo_plugins/lib/gazebo_plugins/hokuyo_node[0m
[ 82%] Built target hokuyo_node
[ 83%] [32m[1mLinking CXX shared library /home/dominika/tiago_public_ws/devel/.private/gazebo_plugins/lib/libgazebo_ros_camera.so[0m
[ 84%] Built target gazebo_ros_camera
[ 85%] [32m[1mLinking CXX shared library /home/dominika/tiago_public_ws/devel/.private/gazebo_plugins/lib/libgazebo_ros_elevator.so[0m
[ 87%] Built target gazebo_ros_elevator
[ 88%] [32m[1mLinking CXX shared library /home/dominika/tiago_public_ws/devel/.private/gazebo_plugins/lib/libgazebo_ros_depth_camera.so[0m
[ 89%] Built target gazebo_ros_depth_camera
[ 91%] [32m[1mLinking CXX shared library /home/dominika/tiago_public_ws/devel/.private/gazebo_plugins/lib/libgazebo_ros_multicamera.so[0m
[ 92%] Built target gazebo_ros_multicamera
[ 93%] [32m[1mLinking CXX shared library /home/dominika/tiago_public_ws/devel/.private/gazebo_plugins/lib/libgazebo_ros_openni_kinect.so[0m
[ 94%] Built target gazebo_ros_openni_kinect
[ 96%] [32m[1mLinking CXX shared library /home/dominika/tiago_public_ws/devel/.private/gazebo_plugins/lib/libgazebo_ros_prosilica.so[0m
[ 97%] Built target gazebo_ros_prosilica
[ 98%] [32m[1mLinking CXX executable /home/dominika/tiago_public_ws/devel/.private/gazebo_plugins/lib/gazebo_plugins/camera_synchronizer[0m
[100%] Built target camera_synchronizer
