[  0%] Built target diagnostic_msgs_generate_messages_nodejs
[  0%] Built target geometry_msgs_generate_messages_py
[  0%] Built target geometry_msgs_generate_messages_nodejs
[  0%] Built target geometry_msgs_generate_messages_lisp
[  0%] Built target geometry_msgs_generate_messages_cpp
[  0%] Built target rosplan_knowledge_msgs_generate_messages_lisp
[  0%] Built target rosplan_knowledge_msgs_generate_messages_eus
[  0%] Built target rosplan_dispatch_msgs_generate_messages_nodejs
[  0%] Built target rosplan_dispatch_msgs_generate_messages_lisp
[  0%] Built target rosplan_dispatch_msgs_generate_messages_cpp
[  0%] Built target rosplan_knowledge_msgs_generate_messages_cpp
[  0%] Built target diagnostic_msgs_generate_messages_py
[  0%] Built target rosplan_dispatch_msgs_generate_messages_eus
[  0%] Built target std_msgs_generate_messages_nodejs
[  0%] Built target std_msgs_generate_messages_cpp
[  0%] Built target rosgraph_msgs_generate_messages_py
[  0%] Built target rosgraph_msgs_generate_messages_nodejs
[  0%] Built target std_msgs_generate_messages_eus
[  0%] Built target actionlib_msgs_generate_messages_nodejs
[  0%] Built target rosplan_dispatch_msgs_generate_messages_py
[  0%] Built target rosgraph_msgs_generate_messages_lisp
[  0%] Built target rosgraph_msgs_generate_messages_eus
[  0%] Built target actionlib_msgs_generate_messages_cpp
[  0%] Built target std_srvs_generate_messages_cpp
[  0%] Built target rosplan_knowledge_msgs_generate_messages_nodejs
[  0%] Built target std_msgs_generate_messages_lisp
[  0%] Built target rosgraph_msgs_generate_messages_cpp
[  0%] Built target roscpp_generate_messages_py
[  0%] Built target actionlib_generate_messages_cpp
[  0%] Built target roscpp_generate_messages_cpp
[  0%] Built target roscpp_generate_messages_lisp
[  0%] Built target geometry_msgs_generate_messages_eus
[  0%] Built target roscpp_generate_messages_eus
[  0%] Built target roscpp_generate_messages_nodejs
[  0%] Built target std_msgs_generate_messages_py
[  0%] Built target std_srvs_generate_messages_lisp
[  0%] Built target actionlib_generate_messages_eus
[  0%] Built target actionlib_generate_messages_nodejs
[  0%] Built target actionlib_generate_messages_py
[  0%] Built target actionlib_msgs_generate_messages_eus
[  0%] Built target actionlib_msgs_generate_messages_py
[  0%] Built target std_srvs_generate_messages_eus
[  0%] Built target rosplan_knowledge_msgs_generate_messages_py
[  0%] Built target actionlib_generate_messages_lisp
[  0%] Built target std_srvs_generate_messages_nodejs
[  0%] Built target std_srvs_generate_messages_py
[  0%] Built target actionlib_msgs_generate_messages_lisp
[  0%] Built target diagnostic_msgs_generate_messages_cpp
[  0%] Built target diagnostic_msgs_generate_messages_eus
[  0%] Built target diagnostic_msgs_generate_messages_lisp
[  3%] Built target rosplan_action_interface
[  8%] Built target online_plan_dispatcher
[ 13%] Built target pddl_simple_plan_dispatcher
[ 18%] Built target pddl_esterel_plan_parser
[ 23%] Built target pddl_simple_plan_parser
[ 28%] Built target pprp_planner_interface
[ 33%] Built target upm_planner_interface
[ 38%] Built target fd_planner_interface
[ 44%] Built target metricff_planner_interface
[ 49%] Built target rddlsim_planner_interface
[ 54%] Built target ff_planner_interface
[ 59%] Built target tfd_planner_interface
[ 64%] Built target popf_planner_interface
[ 69%] Built target pddl_esterel_plan_dispatcher
[ 79%] Built target problemInterface
[ 84%] Built target lpg_planner_interface
[ 89%] Built target smt_planner_interface
[ 94%] Built target online_planner_interface
[100%] Built target simulatedAction
