Linked: (/home/dominika/tiago_public_ws/devel/.private/rosplan_planning_system/lib/librosplan_action_interface.so, /home/dominika/tiago_public_ws/devel/lib/librosplan_action_interface.so)
Linked: (/home/dominika/tiago_public_ws/devel/.private/rosplan_planning_system/lib/pkgconfig/rosplan_planning_system.pc, /home/dominika/tiago_public_ws/devel/lib/pkgconfig/rosplan_planning_system.pc)
Linked: (/home/dominika/tiago_public_ws/devel/.private/rosplan_planning_system/lib/rosplan_planning_system/online_plan_dispatcher, /home/dominika/tiago_public_ws/devel/lib/rosplan_planning_system/online_plan_dispatcher)
Linked: (/home/dominika/tiago_public_ws/devel/.private/rosplan_planning_system/lib/rosplan_planning_system/rddlsim_planner_interface, /home/dominika/tiago_public_ws/devel/lib/rosplan_planning_system/rddlsim_planner_interface)
Linked: (/home/dominika/tiago_public_ws/devel/.private/rosplan_planning_system/lib/rosplan_planning_system/metricff_planner_interface, /home/dominika/tiago_public_ws/devel/lib/rosplan_planning_system/metricff_planner_interface)
Linked: (/home/dominika/tiago_public_ws/devel/.private/rosplan_planning_system/lib/rosplan_planning_system/tfd_planner_interface, /home/dominika/tiago_public_ws/devel/lib/rosplan_planning_system/tfd_planner_interface)
Linked: (/home/dominika/tiago_public_ws/devel/.private/rosplan_planning_system/lib/rosplan_planning_system/pddl_simple_plan_dispatcher, /home/dominika/tiago_public_ws/devel/lib/rosplan_planning_system/pddl_simple_plan_dispatcher)
Linked: (/home/dominika/tiago_public_ws/devel/.private/rosplan_planning_system/lib/rosplan_planning_system/pddl_esterel_plan_parser, /home/dominika/tiago_public_ws/devel/lib/rosplan_planning_system/pddl_esterel_plan_parser)
Linked: (/home/dominika/tiago_public_ws/devel/.private/rosplan_planning_system/lib/rosplan_planning_system/pddl_simple_plan_parser, /home/dominika/tiago_public_ws/devel/lib/rosplan_planning_system/pddl_simple_plan_parser)
Linked: (/home/dominika/tiago_public_ws/devel/.private/rosplan_planning_system/lib/rosplan_planning_system/pddl_esterel_plan_dispatcher, /home/dominika/tiago_public_ws/devel/lib/rosplan_planning_system/pddl_esterel_plan_dispatcher)
Linked: (/home/dominika/tiago_public_ws/devel/.private/rosplan_planning_system/lib/rosplan_planning_system/ff_planner_interface, /home/dominika/tiago_public_ws/devel/lib/rosplan_planning_system/ff_planner_interface)
Linked: (/home/dominika/tiago_public_ws/devel/.private/rosplan_planning_system/lib/rosplan_planning_system/pprp_planner_interface, /home/dominika/tiago_public_ws/devel/lib/rosplan_planning_system/pprp_planner_interface)
Linked: (/home/dominika/tiago_public_ws/devel/.private/rosplan_planning_system/lib/rosplan_planning_system/online_planner_interface, /home/dominika/tiago_public_ws/devel/lib/rosplan_planning_system/online_planner_interface)
Linked: (/home/dominika/tiago_public_ws/devel/.private/rosplan_planning_system/lib/rosplan_planning_system/problemInterface, /home/dominika/tiago_public_ws/devel/lib/rosplan_planning_system/problemInterface)
Linked: (/home/dominika/tiago_public_ws/devel/.private/rosplan_planning_system/lib/rosplan_planning_system/upm_planner_interface, /home/dominika/tiago_public_ws/devel/lib/rosplan_planning_system/upm_planner_interface)
Linked: (/home/dominika/tiago_public_ws/devel/.private/rosplan_planning_system/lib/rosplan_planning_system/smt_planner_interface, /home/dominika/tiago_public_ws/devel/lib/rosplan_planning_system/smt_planner_interface)
Linked: (/home/dominika/tiago_public_ws/devel/.private/rosplan_planning_system/lib/rosplan_planning_system/popf_planner_interface, /home/dominika/tiago_public_ws/devel/lib/rosplan_planning_system/popf_planner_interface)
Linked: (/home/dominika/tiago_public_ws/devel/.private/rosplan_planning_system/lib/rosplan_planning_system/simulatedAction, /home/dominika/tiago_public_ws/devel/lib/rosplan_planning_system/simulatedAction)
Linked: (/home/dominika/tiago_public_ws/devel/.private/rosplan_planning_system/lib/rosplan_planning_system/lpg_planner_interface, /home/dominika/tiago_public_ws/devel/lib/rosplan_planning_system/lpg_planner_interface)
Linked: (/home/dominika/tiago_public_ws/devel/.private/rosplan_planning_system/lib/rosplan_planning_system/fd_planner_interface, /home/dominika/tiago_public_ws/devel/lib/rosplan_planning_system/fd_planner_interface)
Linked: (/home/dominika/tiago_public_ws/devel/.private/rosplan_planning_system/share/rosplan_planning_system/cmake/rosplan_planning_systemConfig-version.cmake, /home/dominika/tiago_public_ws/devel/share/rosplan_planning_system/cmake/rosplan_planning_systemConfig-version.cmake)
Linked: (/home/dominika/tiago_public_ws/devel/.private/rosplan_planning_system/share/rosplan_planning_system/cmake/rosplan_planning_systemConfig.cmake, /home/dominika/tiago_public_ws/devel/share/rosplan_planning_system/cmake/rosplan_planning_systemConfig.cmake)
