Symlinking /home/dominika/tiago_public_ws/devel/lib/librosplan_action_interface.so
Symlinking /home/dominika/tiago_public_ws/devel/lib/pkgconfig/rosplan_planning_system.pc
Symlinking /home/dominika/tiago_public_ws/devel/lib/rosplan_planning_system/online_plan_dispatcher
Symlinking /home/dominika/tiago_public_ws/devel/lib/rosplan_planning_system/rddlsim_planner_interface
Symlinking /home/dominika/tiago_public_ws/devel/lib/rosplan_planning_system/metricff_planner_interface
Symlinking /home/dominika/tiago_public_ws/devel/lib/rosplan_planning_system/tfd_planner_interface
Symlinking /home/dominika/tiago_public_ws/devel/lib/rosplan_planning_system/pddl_simple_plan_dispatcher
Symlinking /home/dominika/tiago_public_ws/devel/lib/rosplan_planning_system/pddl_esterel_plan_parser
Symlinking /home/dominika/tiago_public_ws/devel/lib/rosplan_planning_system/pddl_simple_plan_parser
Symlinking /home/dominika/tiago_public_ws/devel/lib/rosplan_planning_system/pddl_esterel_plan_dispatcher
Symlinking /home/dominika/tiago_public_ws/devel/lib/rosplan_planning_system/ff_planner_interface
Symlinking /home/dominika/tiago_public_ws/devel/lib/rosplan_planning_system/pprp_planner_interface
Symlinking /home/dominika/tiago_public_ws/devel/lib/rosplan_planning_system/online_planner_interface
Symlinking /home/dominika/tiago_public_ws/devel/lib/rosplan_planning_system/problemInterface
Symlinking /home/dominika/tiago_public_ws/devel/lib/rosplan_planning_system/upm_planner_interface
Symlinking /home/dominika/tiago_public_ws/devel/lib/rosplan_planning_system/smt_planner_interface
Symlinking /home/dominika/tiago_public_ws/devel/lib/rosplan_planning_system/popf_planner_interface
Symlinking /home/dominika/tiago_public_ws/devel/lib/rosplan_planning_system/simulatedAction
Symlinking /home/dominika/tiago_public_ws/devel/lib/rosplan_planning_system/lpg_planner_interface
Symlinking /home/dominika/tiago_public_ws/devel/lib/rosplan_planning_system/fd_planner_interface
Symlinking /home/dominika/tiago_public_ws/devel/share/rosplan_planning_system/cmake/rosplan_planning_systemConfig-version.cmake
Symlinking /home/dominika/tiago_public_ws/devel/share/rosplan_planning_system/cmake/rosplan_planning_systemConfig.cmake
