Linked: (/home/dominika/tiago_public_ws/devel/.private/tiago_msgs/lib/python2.7/dist-packages/tiago_msgs/__init__.py, /home/dominika/tiago_public_ws/devel/lib/python2.7/dist-packages/tiago_msgs/__init__.py)
Linked: (/home/dominika/tiago_public_ws/devel/.private/tiago_msgs/lib/python2.7/dist-packages/tiago_msgs/srv/__init__.py, /home/dominika/tiago_public_ws/devel/lib/python2.7/dist-packages/tiago_msgs/srv/__init__.py)
Linked: (/home/dominika/tiago_public_ws/devel/.private/tiago_msgs/lib/python2.7/dist-packages/tiago_msgs/srv/_DictionaryQuery.py, /home/dominika/tiago_public_ws/devel/lib/python2.7/dist-packages/tiago_msgs/srv/_DictionaryQuery.py)
Linked: (/home/dominika/tiago_public_ws/devel/.private/tiago_msgs/lib/python2.7/dist-packages/tiago_msgs/msg/_SaySentenceActionFeedback.py, /home/dominika/tiago_public_ws/devel/lib/python2.7/dist-packages/tiago_msgs/msg/_SaySentenceActionFeedback.py)
Linked: (/home/dominika/tiago_public_ws/devel/.private/tiago_msgs/lib/python2.7/dist-packages/tiago_msgs/msg/_SaySentenceFeedback.py, /home/dominika/tiago_public_ws/devel/lib/python2.7/dist-packages/tiago_msgs/msg/_SaySentenceFeedback.py)
Linked: (/home/dominika/tiago_public_ws/devel/.private/tiago_msgs/lib/python2.7/dist-packages/tiago_msgs/msg/_Command.py, /home/dominika/tiago_public_ws/devel/lib/python2.7/dist-packages/tiago_msgs/msg/_Command.py)
Linked: (/home/dominika/tiago_public_ws/devel/.private/tiago_msgs/lib/python2.7/dist-packages/tiago_msgs/msg/_HazardObject.py, /home/dominika/tiago_public_ws/devel/lib/python2.7/dist-packages/tiago_msgs/msg/_HazardObject.py)
Linked: (/home/dominika/tiago_public_ws/devel/.private/tiago_msgs/lib/python2.7/dist-packages/tiago_msgs/msg/_SaySentenceGoal.py, /home/dominika/tiago_public_ws/devel/lib/python2.7/dist-packages/tiago_msgs/msg/_SaySentenceGoal.py)
Linked: (/home/dominika/tiago_public_ws/devel/.private/tiago_msgs/lib/python2.7/dist-packages/tiago_msgs/msg/_SaySentenceActionResult.py, /home/dominika/tiago_public_ws/devel/lib/python2.7/dist-packages/tiago_msgs/msg/_SaySentenceActionResult.py)
Linked: (/home/dominika/tiago_public_ws/devel/.private/tiago_msgs/lib/python2.7/dist-packages/tiago_msgs/msg/_SaySentenceActionGoal.py, /home/dominika/tiago_public_ws/devel/lib/python2.7/dist-packages/tiago_msgs/msg/_SaySentenceActionGoal.py)
Linked: (/home/dominika/tiago_public_ws/devel/.private/tiago_msgs/lib/python2.7/dist-packages/tiago_msgs/msg/_CaseInstance.py, /home/dominika/tiago_public_ws/devel/lib/python2.7/dist-packages/tiago_msgs/msg/_CaseInstance.py)
Linked: (/home/dominika/tiago_public_ws/devel/.private/tiago_msgs/lib/python2.7/dist-packages/tiago_msgs/msg/_DynAgentDiag.py, /home/dominika/tiago_public_ws/devel/lib/python2.7/dist-packages/tiago_msgs/msg/_DynAgentDiag.py)
Linked: (/home/dominika/tiago_public_ws/devel/.private/tiago_msgs/lib/python2.7/dist-packages/tiago_msgs/msg/_SaySentenceAction.py, /home/dominika/tiago_public_ws/devel/lib/python2.7/dist-packages/tiago_msgs/msg/_SaySentenceAction.py)
Linked: (/home/dominika/tiago_public_ws/devel/.private/tiago_msgs/lib/python2.7/dist-packages/tiago_msgs/msg/__init__.py, /home/dominika/tiago_public_ws/devel/lib/python2.7/dist-packages/tiago_msgs/msg/__init__.py)
Linked: (/home/dominika/tiago_public_ws/devel/.private/tiago_msgs/lib/python2.7/dist-packages/tiago_msgs/msg/_SaySentenceResult.py, /home/dominika/tiago_public_ws/devel/lib/python2.7/dist-packages/tiago_msgs/msg/_SaySentenceResult.py)
Linked: (/home/dominika/tiago_public_ws/devel/.private/tiago_msgs/lib/pkgconfig/tiago_msgs.pc, /home/dominika/tiago_public_ws/devel/lib/pkgconfig/tiago_msgs.pc)
Linked: (/home/dominika/tiago_public_ws/devel/.private/tiago_msgs/share/tiago_msgs/msg/SaySentenceResult.msg, /home/dominika/tiago_public_ws/devel/share/tiago_msgs/msg/SaySentenceResult.msg)
Linked: (/home/dominika/tiago_public_ws/devel/.private/tiago_msgs/share/tiago_msgs/msg/SaySentenceGoal.msg, /home/dominika/tiago_public_ws/devel/share/tiago_msgs/msg/SaySentenceGoal.msg)
Linked: (/home/dominika/tiago_public_ws/devel/.private/tiago_msgs/share/tiago_msgs/msg/SaySentenceActionGoal.msg, /home/dominika/tiago_public_ws/devel/share/tiago_msgs/msg/SaySentenceActionGoal.msg)
Linked: (/home/dominika/tiago_public_ws/devel/.private/tiago_msgs/share/tiago_msgs/msg/SaySentenceAction.msg, /home/dominika/tiago_public_ws/devel/share/tiago_msgs/msg/SaySentenceAction.msg)
Linked: (/home/dominika/tiago_public_ws/devel/.private/tiago_msgs/share/tiago_msgs/msg/SaySentenceFeedback.msg, /home/dominika/tiago_public_ws/devel/share/tiago_msgs/msg/SaySentenceFeedback.msg)
Linked: (/home/dominika/tiago_public_ws/devel/.private/tiago_msgs/share/tiago_msgs/msg/SaySentenceActionFeedback.msg, /home/dominika/tiago_public_ws/devel/share/tiago_msgs/msg/SaySentenceActionFeedback.msg)
Linked: (/home/dominika/tiago_public_ws/devel/.private/tiago_msgs/share/tiago_msgs/msg/SaySentenceActionResult.msg, /home/dominika/tiago_public_ws/devel/share/tiago_msgs/msg/SaySentenceActionResult.msg)
Linked: (/home/dominika/tiago_public_ws/devel/.private/tiago_msgs/share/tiago_msgs/cmake/tiago_msgsConfig.cmake, /home/dominika/tiago_public_ws/devel/share/tiago_msgs/cmake/tiago_msgsConfig.cmake)
Linked: (/home/dominika/tiago_public_ws/devel/.private/tiago_msgs/share/tiago_msgs/cmake/tiago_msgs-msg-paths.cmake, /home/dominika/tiago_public_ws/devel/share/tiago_msgs/cmake/tiago_msgs-msg-paths.cmake)
Linked: (/home/dominika/tiago_public_ws/devel/.private/tiago_msgs/share/tiago_msgs/cmake/tiago_msgsConfig-version.cmake, /home/dominika/tiago_public_ws/devel/share/tiago_msgs/cmake/tiago_msgsConfig-version.cmake)
Linked: (/home/dominika/tiago_public_ws/devel/.private/tiago_msgs/share/tiago_msgs/cmake/tiago_msgs-msg-extras.cmake, /home/dominika/tiago_public_ws/devel/share/tiago_msgs/cmake/tiago_msgs-msg-extras.cmake)
Linked: (/home/dominika/tiago_public_ws/devel/.private/tiago_msgs/share/common-lisp/ros/tiago_msgs/srv/_package_DictionaryQuery.lisp, /home/dominika/tiago_public_ws/devel/share/common-lisp/ros/tiago_msgs/srv/_package_DictionaryQuery.lisp)
Linked: (/home/dominika/tiago_public_ws/devel/.private/tiago_msgs/share/common-lisp/ros/tiago_msgs/srv/_package.lisp, /home/dominika/tiago_public_ws/devel/share/common-lisp/ros/tiago_msgs/srv/_package.lisp)
Linked: (/home/dominika/tiago_public_ws/devel/.private/tiago_msgs/share/common-lisp/ros/tiago_msgs/srv/DictionaryQuery.lisp, /home/dominika/tiago_public_ws/devel/share/common-lisp/ros/tiago_msgs/srv/DictionaryQuery.lisp)
Linked: (/home/dominika/tiago_public_ws/devel/.private/tiago_msgs/share/common-lisp/ros/tiago_msgs/srv/tiago_msgs-srv.asd, /home/dominika/tiago_public_ws/devel/share/common-lisp/ros/tiago_msgs/srv/tiago_msgs-srv.asd)
Linked: (/home/dominika/tiago_public_ws/devel/.private/tiago_msgs/share/common-lisp/ros/tiago_msgs/msg/SaySentenceGoal.lisp, /home/dominika/tiago_public_ws/devel/share/common-lisp/ros/tiago_msgs/msg/SaySentenceGoal.lisp)
Linked: (/home/dominika/tiago_public_ws/devel/.private/tiago_msgs/share/common-lisp/ros/tiago_msgs/msg/SaySentenceAction.lisp, /home/dominika/tiago_public_ws/devel/share/common-lisp/ros/tiago_msgs/msg/SaySentenceAction.lisp)
Linked: (/home/dominika/tiago_public_ws/devel/.private/tiago_msgs/share/common-lisp/ros/tiago_msgs/msg/_package_SaySentenceAction.lisp, /home/dominika/tiago_public_ws/devel/share/common-lisp/ros/tiago_msgs/msg/_package_SaySentenceAction.lisp)
Linked: (/home/dominika/tiago_public_ws/devel/.private/tiago_msgs/share/common-lisp/ros/tiago_msgs/msg/_package_SaySentenceFeedback.lisp, /home/dominika/tiago_public_ws/devel/share/common-lisp/ros/tiago_msgs/msg/_package_SaySentenceFeedback.lisp)
Linked: (/home/dominika/tiago_public_ws/devel/.private/tiago_msgs/share/common-lisp/ros/tiago_msgs/msg/_package_HazardObject.lisp, /home/dominika/tiago_public_ws/devel/share/common-lisp/ros/tiago_msgs/msg/_package_HazardObject.lisp)
Linked: (/home/dominika/tiago_public_ws/devel/.private/tiago_msgs/share/common-lisp/ros/tiago_msgs/msg/_package.lisp, /home/dominika/tiago_public_ws/devel/share/common-lisp/ros/tiago_msgs/msg/_package.lisp)
Linked: (/home/dominika/tiago_public_ws/devel/.private/tiago_msgs/share/common-lisp/ros/tiago_msgs/msg/SaySentenceActionGoal.lisp, /home/dominika/tiago_public_ws/devel/share/common-lisp/ros/tiago_msgs/msg/SaySentenceActionGoal.lisp)
Linked: (/home/dominika/tiago_public_ws/devel/.private/tiago_msgs/share/common-lisp/ros/tiago_msgs/msg/_package_SaySentenceResult.lisp, /home/dominika/tiago_public_ws/devel/share/common-lisp/ros/tiago_msgs/msg/_package_SaySentenceResult.lisp)
Linked: (/home/dominika/tiago_public_ws/devel/.private/tiago_msgs/share/common-lisp/ros/tiago_msgs/msg/_package_SaySentenceGoal.lisp, /home/dominika/tiago_public_ws/devel/share/common-lisp/ros/tiago_msgs/msg/_package_SaySentenceGoal.lisp)
Linked: (/home/dominika/tiago_public_ws/devel/.private/tiago_msgs/share/common-lisp/ros/tiago_msgs/msg/SaySentenceFeedback.lisp, /home/dominika/tiago_public_ws/devel/share/common-lisp/ros/tiago_msgs/msg/SaySentenceFeedback.lisp)
Linked: (/home/dominika/tiago_public_ws/devel/.private/tiago_msgs/share/common-lisp/ros/tiago_msgs/msg/_package_SaySentenceActionGoal.lisp, /home/dominika/tiago_public_ws/devel/share/common-lisp/ros/tiago_msgs/msg/_package_SaySentenceActionGoal.lisp)
Linked: (/home/dominika/tiago_public_ws/devel/.private/tiago_msgs/share/common-lisp/ros/tiago_msgs/msg/CaseInstance.lisp, /home/dominika/tiago_public_ws/devel/share/common-lisp/ros/tiago_msgs/msg/CaseInstance.lisp)
Linked: (/home/dominika/tiago_public_ws/devel/.private/tiago_msgs/share/common-lisp/ros/tiago_msgs/msg/DynAgentDiag.lisp, /home/dominika/tiago_public_ws/devel/share/common-lisp/ros/tiago_msgs/msg/DynAgentDiag.lisp)
Linked: (/home/dominika/tiago_public_ws/devel/.private/tiago_msgs/share/common-lisp/ros/tiago_msgs/msg/_package_SaySentenceActionResult.lisp, /home/dominika/tiago_public_ws/devel/share/common-lisp/ros/tiago_msgs/msg/_package_SaySentenceActionResult.lisp)
Linked: (/home/dominika/tiago_public_ws/devel/.private/tiago_msgs/share/common-lisp/ros/tiago_msgs/msg/_package_SaySentenceActionFeedback.lisp, /home/dominika/tiago_public_ws/devel/share/common-lisp/ros/tiago_msgs/msg/_package_SaySentenceActionFeedback.lisp)
Linked: (/home/dominika/tiago_public_ws/devel/.private/tiago_msgs/share/common-lisp/ros/tiago_msgs/msg/SaySentenceActionFeedback.lisp, /home/dominika/tiago_public_ws/devel/share/common-lisp/ros/tiago_msgs/msg/SaySentenceActionFeedback.lisp)
Linked: (/home/dominika/tiago_public_ws/devel/.private/tiago_msgs/share/common-lisp/ros/tiago_msgs/msg/SaySentenceActionResult.lisp, /home/dominika/tiago_public_ws/devel/share/common-lisp/ros/tiago_msgs/msg/SaySentenceActionResult.lisp)
Linked: (/home/dominika/tiago_public_ws/devel/.private/tiago_msgs/share/common-lisp/ros/tiago_msgs/msg/tiago_msgs-msg.asd, /home/dominika/tiago_public_ws/devel/share/common-lisp/ros/tiago_msgs/msg/tiago_msgs-msg.asd)
Linked: (/home/dominika/tiago_public_ws/devel/.private/tiago_msgs/share/common-lisp/ros/tiago_msgs/msg/HazardObject.lisp, /home/dominika/tiago_public_ws/devel/share/common-lisp/ros/tiago_msgs/msg/HazardObject.lisp)
Linked: (/home/dominika/tiago_public_ws/devel/.private/tiago_msgs/share/common-lisp/ros/tiago_msgs/msg/_package_CaseInstance.lisp, /home/dominika/tiago_public_ws/devel/share/common-lisp/ros/tiago_msgs/msg/_package_CaseInstance.lisp)
Linked: (/home/dominika/tiago_public_ws/devel/.private/tiago_msgs/share/common-lisp/ros/tiago_msgs/msg/SaySentenceResult.lisp, /home/dominika/tiago_public_ws/devel/share/common-lisp/ros/tiago_msgs/msg/SaySentenceResult.lisp)
Linked: (/home/dominika/tiago_public_ws/devel/.private/tiago_msgs/share/common-lisp/ros/tiago_msgs/msg/_package_DynAgentDiag.lisp, /home/dominika/tiago_public_ws/devel/share/common-lisp/ros/tiago_msgs/msg/_package_DynAgentDiag.lisp)
Linked: (/home/dominika/tiago_public_ws/devel/.private/tiago_msgs/share/common-lisp/ros/tiago_msgs/msg/Command.lisp, /home/dominika/tiago_public_ws/devel/share/common-lisp/ros/tiago_msgs/msg/Command.lisp)
Linked: (/home/dominika/tiago_public_ws/devel/.private/tiago_msgs/share/common-lisp/ros/tiago_msgs/msg/_package_Command.lisp, /home/dominika/tiago_public_ws/devel/share/common-lisp/ros/tiago_msgs/msg/_package_Command.lisp)
Linked: (/home/dominika/tiago_public_ws/devel/.private/tiago_msgs/share/gennodejs/ros/tiago_msgs/_index.js, /home/dominika/tiago_public_ws/devel/share/gennodejs/ros/tiago_msgs/_index.js)
Linked: (/home/dominika/tiago_public_ws/devel/.private/tiago_msgs/share/gennodejs/ros/tiago_msgs/srv/DictionaryQuery.js, /home/dominika/tiago_public_ws/devel/share/gennodejs/ros/tiago_msgs/srv/DictionaryQuery.js)
Linked: (/home/dominika/tiago_public_ws/devel/.private/tiago_msgs/share/gennodejs/ros/tiago_msgs/srv/_index.js, /home/dominika/tiago_public_ws/devel/share/gennodejs/ros/tiago_msgs/srv/_index.js)
Linked: (/home/dominika/tiago_public_ws/devel/.private/tiago_msgs/share/gennodejs/ros/tiago_msgs/msg/SaySentenceActionResult.js, /home/dominika/tiago_public_ws/devel/share/gennodejs/ros/tiago_msgs/msg/SaySentenceActionResult.js)
Linked: (/home/dominika/tiago_public_ws/devel/.private/tiago_msgs/share/gennodejs/ros/tiago_msgs/msg/SaySentenceActionFeedback.js, /home/dominika/tiago_public_ws/devel/share/gennodejs/ros/tiago_msgs/msg/SaySentenceActionFeedback.js)
Linked: (/home/dominika/tiago_public_ws/devel/.private/tiago_msgs/share/gennodejs/ros/tiago_msgs/msg/SaySentenceActionGoal.js, /home/dominika/tiago_public_ws/devel/share/gennodejs/ros/tiago_msgs/msg/SaySentenceActionGoal.js)
Linked: (/home/dominika/tiago_public_ws/devel/.private/tiago_msgs/share/gennodejs/ros/tiago_msgs/msg/SaySentenceAction.js, /home/dominika/tiago_public_ws/devel/share/gennodejs/ros/tiago_msgs/msg/SaySentenceAction.js)
Linked: (/home/dominika/tiago_public_ws/devel/.private/tiago_msgs/share/gennodejs/ros/tiago_msgs/msg/Command.js, /home/dominika/tiago_public_ws/devel/share/gennodejs/ros/tiago_msgs/msg/Command.js)
Linked: (/home/dominika/tiago_public_ws/devel/.private/tiago_msgs/share/gennodejs/ros/tiago_msgs/msg/CaseInstance.js, /home/dominika/tiago_public_ws/devel/share/gennodejs/ros/tiago_msgs/msg/CaseInstance.js)
Linked: (/home/dominika/tiago_public_ws/devel/.private/tiago_msgs/share/gennodejs/ros/tiago_msgs/msg/DynAgentDiag.js, /home/dominika/tiago_public_ws/devel/share/gennodejs/ros/tiago_msgs/msg/DynAgentDiag.js)
Linked: (/home/dominika/tiago_public_ws/devel/.private/tiago_msgs/share/gennodejs/ros/tiago_msgs/msg/SaySentenceResult.js, /home/dominika/tiago_public_ws/devel/share/gennodejs/ros/tiago_msgs/msg/SaySentenceResult.js)
Linked: (/home/dominika/tiago_public_ws/devel/.private/tiago_msgs/share/gennodejs/ros/tiago_msgs/msg/_index.js, /home/dominika/tiago_public_ws/devel/share/gennodejs/ros/tiago_msgs/msg/_index.js)
Linked: (/home/dominika/tiago_public_ws/devel/.private/tiago_msgs/share/gennodejs/ros/tiago_msgs/msg/HazardObject.js, /home/dominika/tiago_public_ws/devel/share/gennodejs/ros/tiago_msgs/msg/HazardObject.js)
Linked: (/home/dominika/tiago_public_ws/devel/.private/tiago_msgs/share/gennodejs/ros/tiago_msgs/msg/SaySentenceFeedback.js, /home/dominika/tiago_public_ws/devel/share/gennodejs/ros/tiago_msgs/msg/SaySentenceFeedback.js)
Linked: (/home/dominika/tiago_public_ws/devel/.private/tiago_msgs/share/gennodejs/ros/tiago_msgs/msg/SaySentenceGoal.js, /home/dominika/tiago_public_ws/devel/share/gennodejs/ros/tiago_msgs/msg/SaySentenceGoal.js)
Linked: (/home/dominika/tiago_public_ws/devel/.private/tiago_msgs/share/roseus/ros/tiago_msgs/manifest.l, /home/dominika/tiago_public_ws/devel/share/roseus/ros/tiago_msgs/manifest.l)
Linked: (/home/dominika/tiago_public_ws/devel/.private/tiago_msgs/share/roseus/ros/tiago_msgs/srv/DictionaryQuery.l, /home/dominika/tiago_public_ws/devel/share/roseus/ros/tiago_msgs/srv/DictionaryQuery.l)
Linked: (/home/dominika/tiago_public_ws/devel/.private/tiago_msgs/share/roseus/ros/tiago_msgs/msg/SaySentenceAction.l, /home/dominika/tiago_public_ws/devel/share/roseus/ros/tiago_msgs/msg/SaySentenceAction.l)
Linked: (/home/dominika/tiago_public_ws/devel/.private/tiago_msgs/share/roseus/ros/tiago_msgs/msg/SaySentenceActionFeedback.l, /home/dominika/tiago_public_ws/devel/share/roseus/ros/tiago_msgs/msg/SaySentenceActionFeedback.l)
Linked: (/home/dominika/tiago_public_ws/devel/.private/tiago_msgs/share/roseus/ros/tiago_msgs/msg/SaySentenceActionGoal.l, /home/dominika/tiago_public_ws/devel/share/roseus/ros/tiago_msgs/msg/SaySentenceActionGoal.l)
Linked: (/home/dominika/tiago_public_ws/devel/.private/tiago_msgs/share/roseus/ros/tiago_msgs/msg/SaySentenceActionResult.l, /home/dominika/tiago_public_ws/devel/share/roseus/ros/tiago_msgs/msg/SaySentenceActionResult.l)
Linked: (/home/dominika/tiago_public_ws/devel/.private/tiago_msgs/share/roseus/ros/tiago_msgs/msg/SaySentenceResult.l, /home/dominika/tiago_public_ws/devel/share/roseus/ros/tiago_msgs/msg/SaySentenceResult.l)
Linked: (/home/dominika/tiago_public_ws/devel/.private/tiago_msgs/share/roseus/ros/tiago_msgs/msg/Command.l, /home/dominika/tiago_public_ws/devel/share/roseus/ros/tiago_msgs/msg/Command.l)
Linked: (/home/dominika/tiago_public_ws/devel/.private/tiago_msgs/share/roseus/ros/tiago_msgs/msg/DynAgentDiag.l, /home/dominika/tiago_public_ws/devel/share/roseus/ros/tiago_msgs/msg/DynAgentDiag.l)
Linked: (/home/dominika/tiago_public_ws/devel/.private/tiago_msgs/share/roseus/ros/tiago_msgs/msg/SaySentenceGoal.l, /home/dominika/tiago_public_ws/devel/share/roseus/ros/tiago_msgs/msg/SaySentenceGoal.l)
Linked: (/home/dominika/tiago_public_ws/devel/.private/tiago_msgs/share/roseus/ros/tiago_msgs/msg/SaySentenceFeedback.l, /home/dominika/tiago_public_ws/devel/share/roseus/ros/tiago_msgs/msg/SaySentenceFeedback.l)
Linked: (/home/dominika/tiago_public_ws/devel/.private/tiago_msgs/share/roseus/ros/tiago_msgs/msg/CaseInstance.l, /home/dominika/tiago_public_ws/devel/share/roseus/ros/tiago_msgs/msg/CaseInstance.l)
Linked: (/home/dominika/tiago_public_ws/devel/.private/tiago_msgs/share/roseus/ros/tiago_msgs/msg/HazardObject.l, /home/dominika/tiago_public_ws/devel/share/roseus/ros/tiago_msgs/msg/HazardObject.l)
Linked: (/home/dominika/tiago_public_ws/devel/.private/tiago_msgs/include/tiago_msgs/DictionaryQuery.h, /home/dominika/tiago_public_ws/devel/include/tiago_msgs/DictionaryQuery.h)
Linked: (/home/dominika/tiago_public_ws/devel/.private/tiago_msgs/include/tiago_msgs/SaySentenceActionGoal.h, /home/dominika/tiago_public_ws/devel/include/tiago_msgs/SaySentenceActionGoal.h)
Linked: (/home/dominika/tiago_public_ws/devel/.private/tiago_msgs/include/tiago_msgs/SaySentenceResult.h, /home/dominika/tiago_public_ws/devel/include/tiago_msgs/SaySentenceResult.h)
Linked: (/home/dominika/tiago_public_ws/devel/.private/tiago_msgs/include/tiago_msgs/SaySentenceActionResult.h, /home/dominika/tiago_public_ws/devel/include/tiago_msgs/SaySentenceActionResult.h)
Linked: (/home/dominika/tiago_public_ws/devel/.private/tiago_msgs/include/tiago_msgs/DictionaryQueryResponse.h, /home/dominika/tiago_public_ws/devel/include/tiago_msgs/DictionaryQueryResponse.h)
Linked: (/home/dominika/tiago_public_ws/devel/.private/tiago_msgs/include/tiago_msgs/Command.h, /home/dominika/tiago_public_ws/devel/include/tiago_msgs/Command.h)
Linked: (/home/dominika/tiago_public_ws/devel/.private/tiago_msgs/include/tiago_msgs/SaySentenceActionFeedback.h, /home/dominika/tiago_public_ws/devel/include/tiago_msgs/SaySentenceActionFeedback.h)
Linked: (/home/dominika/tiago_public_ws/devel/.private/tiago_msgs/include/tiago_msgs/DynAgentDiag.h, /home/dominika/tiago_public_ws/devel/include/tiago_msgs/DynAgentDiag.h)
Linked: (/home/dominika/tiago_public_ws/devel/.private/tiago_msgs/include/tiago_msgs/SaySentenceAction.h, /home/dominika/tiago_public_ws/devel/include/tiago_msgs/SaySentenceAction.h)
Linked: (/home/dominika/tiago_public_ws/devel/.private/tiago_msgs/include/tiago_msgs/HazardObject.h, /home/dominika/tiago_public_ws/devel/include/tiago_msgs/HazardObject.h)
Linked: (/home/dominika/tiago_public_ws/devel/.private/tiago_msgs/include/tiago_msgs/DictionaryQueryRequest.h, /home/dominika/tiago_public_ws/devel/include/tiago_msgs/DictionaryQueryRequest.h)
Linked: (/home/dominika/tiago_public_ws/devel/.private/tiago_msgs/include/tiago_msgs/SaySentenceFeedback.h, /home/dominika/tiago_public_ws/devel/include/tiago_msgs/SaySentenceFeedback.h)
Linked: (/home/dominika/tiago_public_ws/devel/.private/tiago_msgs/include/tiago_msgs/SaySentenceGoal.h, /home/dominika/tiago_public_ws/devel/include/tiago_msgs/SaySentenceGoal.h)
Linked: (/home/dominika/tiago_public_ws/devel/.private/tiago_msgs/include/tiago_msgs/CaseInstance.h, /home/dominika/tiago_public_ws/devel/include/tiago_msgs/CaseInstance.h)
