[35m[1mScanning dependencies of target _tiago_msgs_generate_messages_check_deps_SaySentenceGoal[0m
[  0%] Built target _tiago_msgs_generate_messages_check_deps_SaySentenceGoal
[35m[1mScanning dependencies of target _tiago_msgs_generate_messages_check_deps_HazardObject[0m
[  0%] Built target _tiago_msgs_generate_messages_check_deps_HazardObject
[35m[1mScanning dependencies of target _tiago_msgs_generate_messages_check_deps_Command[0m
[  0%] Built target _tiago_msgs_generate_messages_check_deps_Command
[35m[1mScanning dependencies of target _tiago_msgs_generate_messages_check_deps_DictionaryQuery[0m
[  0%] Built target _tiago_msgs_generate_messages_check_deps_DictionaryQuery
[35m[1mScanning dependencies of target _tiago_msgs_generate_messages_check_deps_SaySentenceActionResult[0m
[  0%] Built target _tiago_msgs_generate_messages_check_deps_SaySentenceActionResult
[35m[1mScanning dependencies of target actionlib_msgs_generate_messages_lisp[0m
[  0%] Built target actionlib_msgs_generate_messages_lisp
[35m[1mScanning dependencies of target _tiago_msgs_generate_messages_check_deps_SaySentenceActionGoal[0m
[  0%] Built target _tiago_msgs_generate_messages_check_deps_SaySentenceActionGoal
[35m[1mScanning dependencies of target _tiago_msgs_generate_messages_check_deps_SaySentenceAction[0m
[  0%] Built target _tiago_msgs_generate_messages_check_deps_SaySentenceAction
[35m[1mScanning dependencies of target _tiago_msgs_generate_messages_check_deps_CaseInstance[0m
[  0%] Built target _tiago_msgs_generate_messages_check_deps_CaseInstance
[35m[1mScanning dependencies of target _tiago_msgs_generate_messages_check_deps_SaySentenceResult[0m
[  0%] Built target _tiago_msgs_generate_messages_check_deps_SaySentenceResult
[35m[1mScanning dependencies of target _tiago_msgs_generate_messages_check_deps_DynAgentDiag[0m
[  0%] Built target _tiago_msgs_generate_messages_check_deps_DynAgentDiag
[35m[1mScanning dependencies of target _tiago_msgs_generate_messages_check_deps_SaySentenceActionFeedback[0m
[  0%] Built target _tiago_msgs_generate_messages_check_deps_SaySentenceActionFeedback
[35m[1mScanning dependencies of target _tiago_msgs_generate_messages_check_deps_SaySentenceFeedback[0m
[  0%] Built target _tiago_msgs_generate_messages_check_deps_SaySentenceFeedback
[35m[1mScanning dependencies of target actionlib_msgs_generate_messages_py[0m
[  0%] Built target actionlib_msgs_generate_messages_py
[35m[1mScanning dependencies of target actionlib_msgs_generate_messages_nodejs[0m
[  0%] Built target actionlib_msgs_generate_messages_nodejs
[35m[1mScanning dependencies of target actionlib_msgs_generate_messages_cpp[0m
[  0%] Built target actionlib_msgs_generate_messages_cpp
[35m[1mScanning dependencies of target actionlib_msgs_generate_messages_eus[0m
[  0%] Built target actionlib_msgs_generate_messages_eus
[35m[1mScanning dependencies of target tiago_msgs_generate_messages_lisp[0m
[  1%] [34m[1mGenerating Lisp code from tiago_msgs/CaseInstance.msg[0m
[  3%] [34m[1mGenerating Lisp code from tiago_msgs/Command.msg[0m
[  4%] [34m[1mGenerating Lisp code from tiago_msgs/SaySentenceActionGoal.msg[0m
[  6%] [34m[1mGenerating Lisp code from tiago_msgs/SaySentenceAction.msg[0m
[  7%] [34m[1mGenerating Lisp code from tiago_msgs/SaySentenceActionResult.msg[0m
[  9%] [34m[1mGenerating Lisp code from tiago_msgs/SaySentenceFeedback.msg[0m
[ 11%] [34m[1mGenerating Lisp code from tiago_msgs/HazardObject.msg[0m
[ 12%] [34m[1mGenerating Lisp code from tiago_msgs/SaySentenceResult.msg[0m
[ 14%] [34m[1mGenerating Lisp code from tiago_msgs/DynAgentDiag.msg[0m
[ 15%] [34m[1mGenerating Lisp code from tiago_msgs/SaySentenceActionFeedback.msg[0m
[ 17%] [34m[1mGenerating Lisp code from tiago_msgs/SaySentenceGoal.msg[0m
[ 19%] [34m[1mGenerating Lisp code from tiago_msgs/DictionaryQuery.srv[0m
[ 19%] Built target tiago_msgs_generate_messages_lisp
[35m[1mScanning dependencies of target tiago_msgs_generate_messages_py[0m
[ 20%] [34m[1mGenerating Python from MSG tiago_msgs/CaseInstance[0m
[ 22%] [34m[1mGenerating Python from MSG tiago_msgs/Command[0m
[ 23%] [34m[1mGenerating Python from MSG tiago_msgs/SaySentenceActionGoal[0m
[ 25%] [34m[1mGenerating Python from MSG tiago_msgs/SaySentenceAction[0m
[ 26%] [34m[1mGenerating Python from MSG tiago_msgs/SaySentenceActionResult[0m
[ 28%] [34m[1mGenerating Python from MSG tiago_msgs/SaySentenceFeedback[0m
[ 30%] [34m[1mGenerating Python from MSG tiago_msgs/HazardObject[0m
[ 31%] [34m[1mGenerating Python from MSG tiago_msgs/SaySentenceResult[0m
[ 33%] [34m[1mGenerating Python from MSG tiago_msgs/DynAgentDiag[0m
[ 34%] [34m[1mGenerating Python from MSG tiago_msgs/SaySentenceActionFeedback[0m
[ 36%] [34m[1mGenerating Python from MSG tiago_msgs/SaySentenceGoal[0m
[ 38%] [34m[1mGenerating Python code from SRV tiago_msgs/DictionaryQuery[0m
[ 39%] [34m[1mGenerating Python msg __init__.py for tiago_msgs[0m
[ 41%] [34m[1mGenerating Python srv __init__.py for tiago_msgs[0m
[ 41%] Built target tiago_msgs_generate_messages_py
[35m[1mScanning dependencies of target tiago_msgs_generate_messages_nodejs[0m
[ 42%] [34m[1mGenerating Javascript code from tiago_msgs/CaseInstance.msg[0m
[ 44%] [34m[1mGenerating Javascript code from tiago_msgs/Command.msg[0m
[ 46%] [34m[1mGenerating Javascript code from tiago_msgs/SaySentenceActionGoal.msg[0m
[ 47%] [34m[1mGenerating Javascript code from tiago_msgs/SaySentenceAction.msg[0m
[ 49%] [34m[1mGenerating Javascript code from tiago_msgs/SaySentenceActionResult.msg[0m
[ 50%] [34m[1mGenerating Javascript code from tiago_msgs/SaySentenceFeedback.msg[0m
[ 52%] [34m[1mGenerating Javascript code from tiago_msgs/HazardObject.msg[0m
[ 53%] [34m[1mGenerating Javascript code from tiago_msgs/SaySentenceResult.msg[0m
[ 55%] [34m[1mGenerating Javascript code from tiago_msgs/DynAgentDiag.msg[0m
[ 57%] [34m[1mGenerating Javascript code from tiago_msgs/SaySentenceActionFeedback.msg[0m
[ 58%] [34m[1mGenerating Javascript code from tiago_msgs/SaySentenceGoal.msg[0m
[ 60%] [34m[1mGenerating Javascript code from tiago_msgs/DictionaryQuery.srv[0m
[ 60%] Built target tiago_msgs_generate_messages_nodejs
[35m[1mScanning dependencies of target tiago_msgs_generate_messages_cpp[0m
[ 61%] [34m[1mGenerating C++ code from tiago_msgs/CaseInstance.msg[0m
[ 63%] [34m[1mGenerating C++ code from tiago_msgs/Command.msg[0m
[ 65%] [34m[1mGenerating C++ code from tiago_msgs/SaySentenceActionGoal.msg[0m
[ 66%] [34m[1mGenerating C++ code from tiago_msgs/SaySentenceAction.msg[0m
[ 68%] [34m[1mGenerating C++ code from tiago_msgs/SaySentenceActionResult.msg[0m
[ 69%] [34m[1mGenerating C++ code from tiago_msgs/SaySentenceFeedback.msg[0m
[ 71%] [34m[1mGenerating C++ code from tiago_msgs/HazardObject.msg[0m
[ 73%] [34m[1mGenerating C++ code from tiago_msgs/SaySentenceResult.msg[0m
[ 74%] [34m[1mGenerating C++ code from tiago_msgs/DynAgentDiag.msg[0m
[ 76%] [34m[1mGenerating C++ code from tiago_msgs/SaySentenceActionFeedback.msg[0m
[ 77%] [34m[1mGenerating C++ code from tiago_msgs/SaySentenceGoal.msg[0m
[ 79%] [34m[1mGenerating C++ code from tiago_msgs/DictionaryQuery.srv[0m
[ 79%] Built target tiago_msgs_generate_messages_cpp
[35m[1mScanning dependencies of target tiago_msgs_generate_messages_eus[0m
[ 80%] [34m[1mGenerating EusLisp code from tiago_msgs/CaseInstance.msg[0m
[ 82%] [34m[1mGenerating EusLisp code from tiago_msgs/Command.msg[0m
[ 84%] [34m[1mGenerating EusLisp code from tiago_msgs/SaySentenceActionGoal.msg[0m
[ 85%] [34m[1mGenerating EusLisp code from tiago_msgs/SaySentenceAction.msg[0m
[ 87%] [34m[1mGenerating EusLisp code from tiago_msgs/SaySentenceActionResult.msg[0m
[ 88%] [34m[1mGenerating EusLisp code from tiago_msgs/SaySentenceFeedback.msg[0m
[ 90%] [34m[1mGenerating EusLisp code from tiago_msgs/HazardObject.msg[0m
[ 92%] [34m[1mGenerating EusLisp code from tiago_msgs/SaySentenceResult.msg[0m
[ 93%] [34m[1mGenerating EusLisp code from tiago_msgs/DynAgentDiag.msg[0m
[ 95%] [34m[1mGenerating EusLisp code from tiago_msgs/SaySentenceActionFeedback.msg[0m
[ 96%] [34m[1mGenerating EusLisp code from tiago_msgs/SaySentenceGoal.msg[0m
[ 98%] [34m[1mGenerating EusLisp code from tiago_msgs/DictionaryQuery.srv[0m
[100%] [34m[1mGenerating EusLisp manifest code for tiago_msgs[0m
[100%] Built target tiago_msgs_generate_messages_eus
[35m[1mScanning dependencies of target tiago_msgs_generate_messages[0m
[100%] Built target tiago_msgs_generate_messages
