Symlinking /home/dominika/tiago_public_ws/devel/lib/python2.7/dist-packages/tiago_msgs/__init__.py
Symlinking /home/dominika/tiago_public_ws/devel/lib/python2.7/dist-packages/tiago_msgs/srv/__init__.py
Symlinking /home/dominika/tiago_public_ws/devel/lib/python2.7/dist-packages/tiago_msgs/srv/_DictionaryQuery.py
Symlinking /home/dominika/tiago_public_ws/devel/lib/python2.7/dist-packages/tiago_msgs/msg/_SaySentenceActionFeedback.py
Symlinking /home/dominika/tiago_public_ws/devel/lib/python2.7/dist-packages/tiago_msgs/msg/_SaySentenceFeedback.py
Symlinking /home/dominika/tiago_public_ws/devel/lib/python2.7/dist-packages/tiago_msgs/msg/_Command.py
Symlinking /home/dominika/tiago_public_ws/devel/lib/python2.7/dist-packages/tiago_msgs/msg/_HazardObject.py
Symlinking /home/dominika/tiago_public_ws/devel/lib/python2.7/dist-packages/tiago_msgs/msg/_SaySentenceGoal.py
Symlinking /home/dominika/tiago_public_ws/devel/lib/python2.7/dist-packages/tiago_msgs/msg/_SaySentenceActionResult.py
Symlinking /home/dominika/tiago_public_ws/devel/lib/python2.7/dist-packages/tiago_msgs/msg/_SaySentenceActionGoal.py
Symlinking /home/dominika/tiago_public_ws/devel/lib/python2.7/dist-packages/tiago_msgs/msg/_CaseInstance.py
Symlinking /home/dominika/tiago_public_ws/devel/lib/python2.7/dist-packages/tiago_msgs/msg/_DynAgentDiag.py
Symlinking /home/dominika/tiago_public_ws/devel/lib/python2.7/dist-packages/tiago_msgs/msg/_SaySentenceAction.py
Symlinking /home/dominika/tiago_public_ws/devel/lib/python2.7/dist-packages/tiago_msgs/msg/__init__.py
Symlinking /home/dominika/tiago_public_ws/devel/lib/python2.7/dist-packages/tiago_msgs/msg/_SaySentenceResult.py
Symlinking /home/dominika/tiago_public_ws/devel/lib/pkgconfig/tiago_msgs.pc
Symlinking /home/dominika/tiago_public_ws/devel/share/tiago_msgs/msg/SaySentenceResult.msg
Symlinking /home/dominika/tiago_public_ws/devel/share/tiago_msgs/msg/SaySentenceGoal.msg
Symlinking /home/dominika/tiago_public_ws/devel/share/tiago_msgs/msg/SaySentenceActionGoal.msg
Symlinking /home/dominika/tiago_public_ws/devel/share/tiago_msgs/msg/SaySentenceAction.msg
Symlinking /home/dominika/tiago_public_ws/devel/share/tiago_msgs/msg/SaySentenceFeedback.msg
Symlinking /home/dominika/tiago_public_ws/devel/share/tiago_msgs/msg/SaySentenceActionFeedback.msg
Symlinking /home/dominika/tiago_public_ws/devel/share/tiago_msgs/msg/SaySentenceActionResult.msg
Symlinking /home/dominika/tiago_public_ws/devel/share/tiago_msgs/cmake/tiago_msgsConfig.cmake
Symlinking /home/dominika/tiago_public_ws/devel/share/tiago_msgs/cmake/tiago_msgs-msg-paths.cmake
Symlinking /home/dominika/tiago_public_ws/devel/share/tiago_msgs/cmake/tiago_msgsConfig-version.cmake
Symlinking /home/dominika/tiago_public_ws/devel/share/tiago_msgs/cmake/tiago_msgs-msg-extras.cmake
Symlinking /home/dominika/tiago_public_ws/devel/share/common-lisp/ros/tiago_msgs/srv/_package_DictionaryQuery.lisp
Symlinking /home/dominika/tiago_public_ws/devel/share/common-lisp/ros/tiago_msgs/srv/_package.lisp
Symlinking /home/dominika/tiago_public_ws/devel/share/common-lisp/ros/tiago_msgs/srv/DictionaryQuery.lisp
Symlinking /home/dominika/tiago_public_ws/devel/share/common-lisp/ros/tiago_msgs/srv/tiago_msgs-srv.asd
Symlinking /home/dominika/tiago_public_ws/devel/share/common-lisp/ros/tiago_msgs/msg/SaySentenceGoal.lisp
Symlinking /home/dominika/tiago_public_ws/devel/share/common-lisp/ros/tiago_msgs/msg/SaySentenceAction.lisp
Symlinking /home/dominika/tiago_public_ws/devel/share/common-lisp/ros/tiago_msgs/msg/_package_SaySentenceAction.lisp
Symlinking /home/dominika/tiago_public_ws/devel/share/common-lisp/ros/tiago_msgs/msg/_package_SaySentenceFeedback.lisp
Symlinking /home/dominika/tiago_public_ws/devel/share/common-lisp/ros/tiago_msgs/msg/_package_HazardObject.lisp
Symlinking /home/dominika/tiago_public_ws/devel/share/common-lisp/ros/tiago_msgs/msg/_package.lisp
Symlinking /home/dominika/tiago_public_ws/devel/share/common-lisp/ros/tiago_msgs/msg/SaySentenceActionGoal.lisp
Symlinking /home/dominika/tiago_public_ws/devel/share/common-lisp/ros/tiago_msgs/msg/_package_SaySentenceResult.lisp
Symlinking /home/dominika/tiago_public_ws/devel/share/common-lisp/ros/tiago_msgs/msg/_package_SaySentenceGoal.lisp
Symlinking /home/dominika/tiago_public_ws/devel/share/common-lisp/ros/tiago_msgs/msg/SaySentenceFeedback.lisp
Symlinking /home/dominika/tiago_public_ws/devel/share/common-lisp/ros/tiago_msgs/msg/_package_SaySentenceActionGoal.lisp
Symlinking /home/dominika/tiago_public_ws/devel/share/common-lisp/ros/tiago_msgs/msg/CaseInstance.lisp
Symlinking /home/dominika/tiago_public_ws/devel/share/common-lisp/ros/tiago_msgs/msg/DynAgentDiag.lisp
Symlinking /home/dominika/tiago_public_ws/devel/share/common-lisp/ros/tiago_msgs/msg/_package_SaySentenceActionResult.lisp
Symlinking /home/dominika/tiago_public_ws/devel/share/common-lisp/ros/tiago_msgs/msg/_package_SaySentenceActionFeedback.lisp
Symlinking /home/dominika/tiago_public_ws/devel/share/common-lisp/ros/tiago_msgs/msg/SaySentenceActionFeedback.lisp
Symlinking /home/dominika/tiago_public_ws/devel/share/common-lisp/ros/tiago_msgs/msg/SaySentenceActionResult.lisp
Symlinking /home/dominika/tiago_public_ws/devel/share/common-lisp/ros/tiago_msgs/msg/tiago_msgs-msg.asd
Symlinking /home/dominika/tiago_public_ws/devel/share/common-lisp/ros/tiago_msgs/msg/HazardObject.lisp
Symlinking /home/dominika/tiago_public_ws/devel/share/common-lisp/ros/tiago_msgs/msg/_package_CaseInstance.lisp
Symlinking /home/dominika/tiago_public_ws/devel/share/common-lisp/ros/tiago_msgs/msg/SaySentenceResult.lisp
Symlinking /home/dominika/tiago_public_ws/devel/share/common-lisp/ros/tiago_msgs/msg/_package_DynAgentDiag.lisp
Symlinking /home/dominika/tiago_public_ws/devel/share/common-lisp/ros/tiago_msgs/msg/Command.lisp
Symlinking /home/dominika/tiago_public_ws/devel/share/common-lisp/ros/tiago_msgs/msg/_package_Command.lisp
Symlinking /home/dominika/tiago_public_ws/devel/share/gennodejs/ros/tiago_msgs/_index.js
Symlinking /home/dominika/tiago_public_ws/devel/share/gennodejs/ros/tiago_msgs/srv/DictionaryQuery.js
Symlinking /home/dominika/tiago_public_ws/devel/share/gennodejs/ros/tiago_msgs/srv/_index.js
Symlinking /home/dominika/tiago_public_ws/devel/share/gennodejs/ros/tiago_msgs/msg/SaySentenceActionResult.js
Symlinking /home/dominika/tiago_public_ws/devel/share/gennodejs/ros/tiago_msgs/msg/SaySentenceActionFeedback.js
Symlinking /home/dominika/tiago_public_ws/devel/share/gennodejs/ros/tiago_msgs/msg/SaySentenceActionGoal.js
Symlinking /home/dominika/tiago_public_ws/devel/share/gennodejs/ros/tiago_msgs/msg/SaySentenceAction.js
Symlinking /home/dominika/tiago_public_ws/devel/share/gennodejs/ros/tiago_msgs/msg/Command.js
Symlinking /home/dominika/tiago_public_ws/devel/share/gennodejs/ros/tiago_msgs/msg/CaseInstance.js
Symlinking /home/dominika/tiago_public_ws/devel/share/gennodejs/ros/tiago_msgs/msg/DynAgentDiag.js
Symlinking /home/dominika/tiago_public_ws/devel/share/gennodejs/ros/tiago_msgs/msg/SaySentenceResult.js
Symlinking /home/dominika/tiago_public_ws/devel/share/gennodejs/ros/tiago_msgs/msg/_index.js
Symlinking /home/dominika/tiago_public_ws/devel/share/gennodejs/ros/tiago_msgs/msg/HazardObject.js
Symlinking /home/dominika/tiago_public_ws/devel/share/gennodejs/ros/tiago_msgs/msg/SaySentenceFeedback.js
Symlinking /home/dominika/tiago_public_ws/devel/share/gennodejs/ros/tiago_msgs/msg/SaySentenceGoal.js
Symlinking /home/dominika/tiago_public_ws/devel/share/roseus/ros/tiago_msgs/manifest.l
Symlinking /home/dominika/tiago_public_ws/devel/share/roseus/ros/tiago_msgs/srv/DictionaryQuery.l
Symlinking /home/dominika/tiago_public_ws/devel/share/roseus/ros/tiago_msgs/msg/SaySentenceAction.l
Symlinking /home/dominika/tiago_public_ws/devel/share/roseus/ros/tiago_msgs/msg/SaySentenceActionFeedback.l
Symlinking /home/dominika/tiago_public_ws/devel/share/roseus/ros/tiago_msgs/msg/SaySentenceActionGoal.l
Symlinking /home/dominika/tiago_public_ws/devel/share/roseus/ros/tiago_msgs/msg/SaySentenceActionResult.l
Symlinking /home/dominika/tiago_public_ws/devel/share/roseus/ros/tiago_msgs/msg/SaySentenceResult.l
Symlinking /home/dominika/tiago_public_ws/devel/share/roseus/ros/tiago_msgs/msg/Command.l
Symlinking /home/dominika/tiago_public_ws/devel/share/roseus/ros/tiago_msgs/msg/DynAgentDiag.l
Symlinking /home/dominika/tiago_public_ws/devel/share/roseus/ros/tiago_msgs/msg/SaySentenceGoal.l
Symlinking /home/dominika/tiago_public_ws/devel/share/roseus/ros/tiago_msgs/msg/SaySentenceFeedback.l
Symlinking /home/dominika/tiago_public_ws/devel/share/roseus/ros/tiago_msgs/msg/CaseInstance.l
Symlinking /home/dominika/tiago_public_ws/devel/share/roseus/ros/tiago_msgs/msg/HazardObject.l
Symlinking /home/dominika/tiago_public_ws/devel/include/tiago_msgs/DictionaryQuery.h
Symlinking /home/dominika/tiago_public_ws/devel/include/tiago_msgs/SaySentenceActionGoal.h
Symlinking /home/dominika/tiago_public_ws/devel/include/tiago_msgs/SaySentenceResult.h
Symlinking /home/dominika/tiago_public_ws/devel/include/tiago_msgs/SaySentenceActionResult.h
Symlinking /home/dominika/tiago_public_ws/devel/include/tiago_msgs/DictionaryQueryResponse.h
Symlinking /home/dominika/tiago_public_ws/devel/include/tiago_msgs/Command.h
Symlinking /home/dominika/tiago_public_ws/devel/include/tiago_msgs/SaySentenceActionFeedback.h
Symlinking /home/dominika/tiago_public_ws/devel/include/tiago_msgs/DynAgentDiag.h
Symlinking /home/dominika/tiago_public_ws/devel/include/tiago_msgs/SaySentenceAction.h
Symlinking /home/dominika/tiago_public_ws/devel/include/tiago_msgs/HazardObject.h
Symlinking /home/dominika/tiago_public_ws/devel/include/tiago_msgs/DictionaryQueryRequest.h
Symlinking /home/dominika/tiago_public_ws/devel/include/tiago_msgs/SaySentenceFeedback.h
Symlinking /home/dominika/tiago_public_ws/devel/include/tiago_msgs/SaySentenceGoal.h
Symlinking /home/dominika/tiago_public_ws/devel/include/tiago_msgs/CaseInstance.h
