Symlinking /home/dominika/tiago_public_ws/devel/lib/python2.7/dist-packages/rosplan_dispatch_msgs/__init__.py
Symlinking /home/dominika/tiago_public_ws/devel/lib/python2.7/dist-packages/rosplan_dispatch_msgs/srv/_ProblemService.py
Symlinking /home/dominika/tiago_public_ws/devel/lib/python2.7/dist-packages/rosplan_dispatch_msgs/srv/_PlanningService.py
Symlinking /home/dominika/tiago_public_ws/devel/lib/python2.7/dist-packages/rosplan_dispatch_msgs/srv/_GetPlanningParams.py
Symlinking /home/dominika/tiago_public_ws/devel/lib/python2.7/dist-packages/rosplan_dispatch_msgs/srv/_ParsingService.py
Symlinking /home/dominika/tiago_public_ws/devel/lib/python2.7/dist-packages/rosplan_dispatch_msgs/srv/_DispatchService.py
Symlinking /home/dominika/tiago_public_ws/devel/lib/python2.7/dist-packages/rosplan_dispatch_msgs/srv/__init__.py
Symlinking /home/dominika/tiago_public_ws/devel/lib/python2.7/dist-packages/rosplan_dispatch_msgs/msg/_PlanGoal.py
Symlinking /home/dominika/tiago_public_ws/devel/lib/python2.7/dist-packages/rosplan_dispatch_msgs/msg/_ActionDispatch.py
Symlinking /home/dominika/tiago_public_ws/devel/lib/python2.7/dist-packages/rosplan_dispatch_msgs/msg/_PlanActionResult.py
Symlinking /home/dominika/tiago_public_ws/devel/lib/python2.7/dist-packages/rosplan_dispatch_msgs/msg/_EsterelPlan.py
Symlinking /home/dominika/tiago_public_ws/devel/lib/python2.7/dist-packages/rosplan_dispatch_msgs/msg/_PlanAction.py
Symlinking /home/dominika/tiago_public_ws/devel/lib/python2.7/dist-packages/rosplan_dispatch_msgs/msg/_EsterelPlanEdge.py
Symlinking /home/dominika/tiago_public_ws/devel/lib/python2.7/dist-packages/rosplan_dispatch_msgs/msg/_NonBlockingDispatchAction.py
Symlinking /home/dominika/tiago_public_ws/devel/lib/python2.7/dist-packages/rosplan_dispatch_msgs/msg/_NonBlockingDispatchActionResult.py
Symlinking /home/dominika/tiago_public_ws/devel/lib/python2.7/dist-packages/rosplan_dispatch_msgs/msg/_PlanActionGoal.py
Symlinking /home/dominika/tiago_public_ws/devel/lib/python2.7/dist-packages/rosplan_dispatch_msgs/msg/_PlanResult.py
Symlinking /home/dominika/tiago_public_ws/devel/lib/python2.7/dist-packages/rosplan_dispatch_msgs/msg/_NonBlockingDispatchActionGoal.py
Symlinking /home/dominika/tiago_public_ws/devel/lib/python2.7/dist-packages/rosplan_dispatch_msgs/msg/_PlanActionFeedback.py
Symlinking /home/dominika/tiago_public_ws/devel/lib/python2.7/dist-packages/rosplan_dispatch_msgs/msg/_NonBlockingDispatchResult.py
Symlinking /home/dominika/tiago_public_ws/devel/lib/python2.7/dist-packages/rosplan_dispatch_msgs/msg/_EsterelPlanNode.py
Symlinking /home/dominika/tiago_public_ws/devel/lib/python2.7/dist-packages/rosplan_dispatch_msgs/msg/_NonBlockingDispatchActionFeedback.py
Symlinking /home/dominika/tiago_public_ws/devel/lib/python2.7/dist-packages/rosplan_dispatch_msgs/msg/_CompletePlan.py
Symlinking /home/dominika/tiago_public_ws/devel/lib/python2.7/dist-packages/rosplan_dispatch_msgs/msg/_PlanFeedback.py
Symlinking /home/dominika/tiago_public_ws/devel/lib/python2.7/dist-packages/rosplan_dispatch_msgs/msg/_NonBlockingDispatchFeedback.py
Symlinking /home/dominika/tiago_public_ws/devel/lib/python2.7/dist-packages/rosplan_dispatch_msgs/msg/__init__.py
Symlinking /home/dominika/tiago_public_ws/devel/lib/python2.7/dist-packages/rosplan_dispatch_msgs/msg/_ActionFeedback.py
Symlinking /home/dominika/tiago_public_ws/devel/lib/python2.7/dist-packages/rosplan_dispatch_msgs/msg/_NonBlockingDispatchGoal.py
Symlinking /home/dominika/tiago_public_ws/devel/lib/pkgconfig/rosplan_dispatch_msgs.pc
Symlinking /home/dominika/tiago_public_ws/devel/share/rosplan_dispatch_msgs/msg/PlanResult.msg
Symlinking /home/dominika/tiago_public_ws/devel/share/rosplan_dispatch_msgs/msg/PlanFeedback.msg
Symlinking /home/dominika/tiago_public_ws/devel/share/rosplan_dispatch_msgs/msg/NonBlockingDispatchResult.msg
Symlinking /home/dominika/tiago_public_ws/devel/share/rosplan_dispatch_msgs/msg/PlanActionResult.msg
Symlinking /home/dominika/tiago_public_ws/devel/share/rosplan_dispatch_msgs/msg/NonBlockingDispatchGoal.msg
Symlinking /home/dominika/tiago_public_ws/devel/share/rosplan_dispatch_msgs/msg/NonBlockingDispatchFeedback.msg
Symlinking /home/dominika/tiago_public_ws/devel/share/rosplan_dispatch_msgs/msg/NonBlockingDispatchActionGoal.msg
Symlinking /home/dominika/tiago_public_ws/devel/share/rosplan_dispatch_msgs/msg/PlanActionFeedback.msg
Symlinking /home/dominika/tiago_public_ws/devel/share/rosplan_dispatch_msgs/msg/NonBlockingDispatchActionResult.msg
Symlinking /home/dominika/tiago_public_ws/devel/share/rosplan_dispatch_msgs/msg/NonBlockingDispatchAction.msg
Symlinking /home/dominika/tiago_public_ws/devel/share/rosplan_dispatch_msgs/msg/PlanGoal.msg
Symlinking /home/dominika/tiago_public_ws/devel/share/rosplan_dispatch_msgs/msg/PlanAction.msg
Symlinking /home/dominika/tiago_public_ws/devel/share/rosplan_dispatch_msgs/msg/PlanActionGoal.msg
Symlinking /home/dominika/tiago_public_ws/devel/share/rosplan_dispatch_msgs/msg/NonBlockingDispatchActionFeedback.msg
Symlinking /home/dominika/tiago_public_ws/devel/share/rosplan_dispatch_msgs/cmake/rosplan_dispatch_msgsConfig-version.cmake
Symlinking /home/dominika/tiago_public_ws/devel/share/rosplan_dispatch_msgs/cmake/rosplan_dispatch_msgs-msg-paths.cmake
Symlinking /home/dominika/tiago_public_ws/devel/share/rosplan_dispatch_msgs/cmake/rosplan_dispatch_msgs-msg-extras.cmake
Symlinking /home/dominika/tiago_public_ws/devel/share/rosplan_dispatch_msgs/cmake/rosplan_dispatch_msgsConfig.cmake
Symlinking /home/dominika/tiago_public_ws/devel/share/common-lisp/ros/rosplan_dispatch_msgs/srv/rosplan_dispatch_msgs-srv.asd
Symlinking /home/dominika/tiago_public_ws/devel/share/common-lisp/ros/rosplan_dispatch_msgs/srv/_package_PlanningService.lisp
Symlinking /home/dominika/tiago_public_ws/devel/share/common-lisp/ros/rosplan_dispatch_msgs/srv/ParsingService.lisp
Symlinking /home/dominika/tiago_public_ws/devel/share/common-lisp/ros/rosplan_dispatch_msgs/srv/_package.lisp
Symlinking /home/dominika/tiago_public_ws/devel/share/common-lisp/ros/rosplan_dispatch_msgs/srv/_package_ProblemService.lisp
Symlinking /home/dominika/tiago_public_ws/devel/share/common-lisp/ros/rosplan_dispatch_msgs/srv/ProblemService.lisp
Symlinking /home/dominika/tiago_public_ws/devel/share/common-lisp/ros/rosplan_dispatch_msgs/srv/PlanningService.lisp
Symlinking /home/dominika/tiago_public_ws/devel/share/common-lisp/ros/rosplan_dispatch_msgs/srv/GetPlanningParams.lisp
Symlinking /home/dominika/tiago_public_ws/devel/share/common-lisp/ros/rosplan_dispatch_msgs/srv/DispatchService.lisp
Symlinking /home/dominika/tiago_public_ws/devel/share/common-lisp/ros/rosplan_dispatch_msgs/srv/_package_ParsingService.lisp
Symlinking /home/dominika/tiago_public_ws/devel/share/common-lisp/ros/rosplan_dispatch_msgs/srv/_package_DispatchService.lisp
Symlinking /home/dominika/tiago_public_ws/devel/share/common-lisp/ros/rosplan_dispatch_msgs/srv/_package_GetPlanningParams.lisp
Symlinking /home/dominika/tiago_public_ws/devel/share/common-lisp/ros/rosplan_dispatch_msgs/msg/PlanAction.lisp
Symlinking /home/dominika/tiago_public_ws/devel/share/common-lisp/ros/rosplan_dispatch_msgs/msg/_package_NonBlockingDispatchActionResult.lisp
Symlinking /home/dominika/tiago_public_ws/devel/share/common-lisp/ros/rosplan_dispatch_msgs/msg/NonBlockingDispatchFeedback.lisp
Symlinking /home/dominika/tiago_public_ws/devel/share/common-lisp/ros/rosplan_dispatch_msgs/msg/_package_EsterelPlanEdge.lisp
Symlinking /home/dominika/tiago_public_ws/devel/share/common-lisp/ros/rosplan_dispatch_msgs/msg/_package_NonBlockingDispatchResult.lisp
Symlinking /home/dominika/tiago_public_ws/devel/share/common-lisp/ros/rosplan_dispatch_msgs/msg/_package_PlanResult.lisp
Symlinking /home/dominika/tiago_public_ws/devel/share/common-lisp/ros/rosplan_dispatch_msgs/msg/NonBlockingDispatchActionFeedback.lisp
Symlinking /home/dominika/tiago_public_ws/devel/share/common-lisp/ros/rosplan_dispatch_msgs/msg/_package.lisp
Symlinking /home/dominika/tiago_public_ws/devel/share/common-lisp/ros/rosplan_dispatch_msgs/msg/_package_NonBlockingDispatchActionFeedback.lisp
Symlinking /home/dominika/tiago_public_ws/devel/share/common-lisp/ros/rosplan_dispatch_msgs/msg/PlanActionGoal.lisp
Symlinking /home/dominika/tiago_public_ws/devel/share/common-lisp/ros/rosplan_dispatch_msgs/msg/NonBlockingDispatchResult.lisp
Symlinking /home/dominika/tiago_public_ws/devel/share/common-lisp/ros/rosplan_dispatch_msgs/msg/_package_NonBlockingDispatchGoal.lisp
Symlinking /home/dominika/tiago_public_ws/devel/share/common-lisp/ros/rosplan_dispatch_msgs/msg/EsterelPlanEdge.lisp
Symlinking /home/dominika/tiago_public_ws/devel/share/common-lisp/ros/rosplan_dispatch_msgs/msg/_package_NonBlockingDispatchActionGoal.lisp
Symlinking /home/dominika/tiago_public_ws/devel/share/common-lisp/ros/rosplan_dispatch_msgs/msg/_package_PlanActionResult.lisp
Symlinking /home/dominika/tiago_public_ws/devel/share/common-lisp/ros/rosplan_dispatch_msgs/msg/_package_PlanActionFeedback.lisp
Symlinking /home/dominika/tiago_public_ws/devel/share/common-lisp/ros/rosplan_dispatch_msgs/msg/CompletePlan.lisp
Symlinking /home/dominika/tiago_public_ws/devel/share/common-lisp/ros/rosplan_dispatch_msgs/msg/PlanActionResult.lisp
Symlinking /home/dominika/tiago_public_ws/devel/share/common-lisp/ros/rosplan_dispatch_msgs/msg/_package_ActionFeedback.lisp
Symlinking /home/dominika/tiago_public_ws/devel/share/common-lisp/ros/rosplan_dispatch_msgs/msg/PlanGoal.lisp
Symlinking /home/dominika/tiago_public_ws/devel/share/common-lisp/ros/rosplan_dispatch_msgs/msg/EsterelPlanNode.lisp
Symlinking /home/dominika/tiago_public_ws/devel/share/common-lisp/ros/rosplan_dispatch_msgs/msg/ActionDispatch.lisp
Symlinking /home/dominika/tiago_public_ws/devel/share/common-lisp/ros/rosplan_dispatch_msgs/msg/EsterelPlan.lisp
Symlinking /home/dominika/tiago_public_ws/devel/share/common-lisp/ros/rosplan_dispatch_msgs/msg/NonBlockingDispatchActionResult.lisp
Symlinking /home/dominika/tiago_public_ws/devel/share/common-lisp/ros/rosplan_dispatch_msgs/msg/_package_CompletePlan.lisp
Symlinking /home/dominika/tiago_public_ws/devel/share/common-lisp/ros/rosplan_dispatch_msgs/msg/_package_PlanGoal.lisp
Symlinking /home/dominika/tiago_public_ws/devel/share/common-lisp/ros/rosplan_dispatch_msgs/msg/_package_NonBlockingDispatchAction.lisp
Symlinking /home/dominika/tiago_public_ws/devel/share/common-lisp/ros/rosplan_dispatch_msgs/msg/_package_EsterelPlanNode.lisp
Symlinking /home/dominika/tiago_public_ws/devel/share/common-lisp/ros/rosplan_dispatch_msgs/msg/_package_PlanFeedback.lisp
Symlinking /home/dominika/tiago_public_ws/devel/share/common-lisp/ros/rosplan_dispatch_msgs/msg/ActionFeedback.lisp
Symlinking /home/dominika/tiago_public_ws/devel/share/common-lisp/ros/rosplan_dispatch_msgs/msg/PlanFeedback.lisp
Symlinking /home/dominika/tiago_public_ws/devel/share/common-lisp/ros/rosplan_dispatch_msgs/msg/NonBlockingDispatchActionGoal.lisp
Symlinking /home/dominika/tiago_public_ws/devel/share/common-lisp/ros/rosplan_dispatch_msgs/msg/PlanResult.lisp
Symlinking /home/dominika/tiago_public_ws/devel/share/common-lisp/ros/rosplan_dispatch_msgs/msg/_package_NonBlockingDispatchFeedback.lisp
Symlinking /home/dominika/tiago_public_ws/devel/share/common-lisp/ros/rosplan_dispatch_msgs/msg/_package_PlanActionGoal.lisp
Symlinking /home/dominika/tiago_public_ws/devel/share/common-lisp/ros/rosplan_dispatch_msgs/msg/_package_ActionDispatch.lisp
Symlinking /home/dominika/tiago_public_ws/devel/share/common-lisp/ros/rosplan_dispatch_msgs/msg/rosplan_dispatch_msgs-msg.asd
Symlinking /home/dominika/tiago_public_ws/devel/share/common-lisp/ros/rosplan_dispatch_msgs/msg/_package_PlanAction.lisp
Symlinking /home/dominika/tiago_public_ws/devel/share/common-lisp/ros/rosplan_dispatch_msgs/msg/PlanActionFeedback.lisp
Symlinking /home/dominika/tiago_public_ws/devel/share/common-lisp/ros/rosplan_dispatch_msgs/msg/NonBlockingDispatchAction.lisp
Symlinking /home/dominika/tiago_public_ws/devel/share/common-lisp/ros/rosplan_dispatch_msgs/msg/NonBlockingDispatchGoal.lisp
Symlinking /home/dominika/tiago_public_ws/devel/share/common-lisp/ros/rosplan_dispatch_msgs/msg/_package_EsterelPlan.lisp
Symlinking /home/dominika/tiago_public_ws/devel/share/gennodejs/ros/rosplan_dispatch_msgs/_index.js
Symlinking /home/dominika/tiago_public_ws/devel/share/gennodejs/ros/rosplan_dispatch_msgs/srv/ProblemService.js
Symlinking /home/dominika/tiago_public_ws/devel/share/gennodejs/ros/rosplan_dispatch_msgs/srv/DispatchService.js
Symlinking /home/dominika/tiago_public_ws/devel/share/gennodejs/ros/rosplan_dispatch_msgs/srv/ParsingService.js
Symlinking /home/dominika/tiago_public_ws/devel/share/gennodejs/ros/rosplan_dispatch_msgs/srv/PlanningService.js
Symlinking /home/dominika/tiago_public_ws/devel/share/gennodejs/ros/rosplan_dispatch_msgs/srv/_index.js
Symlinking /home/dominika/tiago_public_ws/devel/share/gennodejs/ros/rosplan_dispatch_msgs/srv/GetPlanningParams.js
Symlinking /home/dominika/tiago_public_ws/devel/share/gennodejs/ros/rosplan_dispatch_msgs/msg/NonBlockingDispatchActionGoal.js
Symlinking /home/dominika/tiago_public_ws/devel/share/gennodejs/ros/rosplan_dispatch_msgs/msg/CompletePlan.js
Symlinking /home/dominika/tiago_public_ws/devel/share/gennodejs/ros/rosplan_dispatch_msgs/msg/EsterelPlanNode.js
Symlinking /home/dominika/tiago_public_ws/devel/share/gennodejs/ros/rosplan_dispatch_msgs/msg/PlanFeedback.js
Symlinking /home/dominika/tiago_public_ws/devel/share/gennodejs/ros/rosplan_dispatch_msgs/msg/EsterelPlan.js
Symlinking /home/dominika/tiago_public_ws/devel/share/gennodejs/ros/rosplan_dispatch_msgs/msg/ActionDispatch.js
Symlinking /home/dominika/tiago_public_ws/devel/share/gennodejs/ros/rosplan_dispatch_msgs/msg/NonBlockingDispatchActionResult.js
Symlinking /home/dominika/tiago_public_ws/devel/share/gennodejs/ros/rosplan_dispatch_msgs/msg/NonBlockingDispatchAction.js
Symlinking /home/dominika/tiago_public_ws/devel/share/gennodejs/ros/rosplan_dispatch_msgs/msg/PlanGoal.js
Symlinking /home/dominika/tiago_public_ws/devel/share/gennodejs/ros/rosplan_dispatch_msgs/msg/_index.js
Symlinking /home/dominika/tiago_public_ws/devel/share/gennodejs/ros/rosplan_dispatch_msgs/msg/PlanActionGoal.js
Symlinking /home/dominika/tiago_public_ws/devel/share/gennodejs/ros/rosplan_dispatch_msgs/msg/PlanResult.js
Symlinking /home/dominika/tiago_public_ws/devel/share/gennodejs/ros/rosplan_dispatch_msgs/msg/NonBlockingDispatchGoal.js
Symlinking /home/dominika/tiago_public_ws/devel/share/gennodejs/ros/rosplan_dispatch_msgs/msg/PlanActionResult.js
Symlinking /home/dominika/tiago_public_ws/devel/share/gennodejs/ros/rosplan_dispatch_msgs/msg/NonBlockingDispatchFeedback.js
Symlinking /home/dominika/tiago_public_ws/devel/share/gennodejs/ros/rosplan_dispatch_msgs/msg/PlanAction.js
Symlinking /home/dominika/tiago_public_ws/devel/share/gennodejs/ros/rosplan_dispatch_msgs/msg/NonBlockingDispatchActionFeedback.js
Symlinking /home/dominika/tiago_public_ws/devel/share/gennodejs/ros/rosplan_dispatch_msgs/msg/PlanActionFeedback.js
Symlinking /home/dominika/tiago_public_ws/devel/share/gennodejs/ros/rosplan_dispatch_msgs/msg/ActionFeedback.js
Symlinking /home/dominika/tiago_public_ws/devel/share/gennodejs/ros/rosplan_dispatch_msgs/msg/NonBlockingDispatchResult.js
Symlinking /home/dominika/tiago_public_ws/devel/share/gennodejs/ros/rosplan_dispatch_msgs/msg/EsterelPlanEdge.js
Symlinking /home/dominika/tiago_public_ws/devel/share/roseus/ros/rosplan_dispatch_msgs/manifest.l
Symlinking /home/dominika/tiago_public_ws/devel/share/roseus/ros/rosplan_dispatch_msgs/srv/ParsingService.l
Symlinking /home/dominika/tiago_public_ws/devel/share/roseus/ros/rosplan_dispatch_msgs/srv/PlanningService.l
Symlinking /home/dominika/tiago_public_ws/devel/share/roseus/ros/rosplan_dispatch_msgs/srv/ProblemService.l
Symlinking /home/dominika/tiago_public_ws/devel/share/roseus/ros/rosplan_dispatch_msgs/srv/DispatchService.l
Symlinking /home/dominika/tiago_public_ws/devel/share/roseus/ros/rosplan_dispatch_msgs/srv/GetPlanningParams.l
Symlinking /home/dominika/tiago_public_ws/devel/share/roseus/ros/rosplan_dispatch_msgs/msg/PlanFeedback.l
Symlinking /home/dominika/tiago_public_ws/devel/share/roseus/ros/rosplan_dispatch_msgs/msg/PlanAction.l
Symlinking /home/dominika/tiago_public_ws/devel/share/roseus/ros/rosplan_dispatch_msgs/msg/NonBlockingDispatchAction.l
Symlinking /home/dominika/tiago_public_ws/devel/share/roseus/ros/rosplan_dispatch_msgs/msg/NonBlockingDispatchFeedback.l
Symlinking /home/dominika/tiago_public_ws/devel/share/roseus/ros/rosplan_dispatch_msgs/msg/NonBlockingDispatchActionFeedback.l
Symlinking /home/dominika/tiago_public_ws/devel/share/roseus/ros/rosplan_dispatch_msgs/msg/NonBlockingDispatchGoal.l
Symlinking /home/dominika/tiago_public_ws/devel/share/roseus/ros/rosplan_dispatch_msgs/msg/ActionDispatch.l
Symlinking /home/dominika/tiago_public_ws/devel/share/roseus/ros/rosplan_dispatch_msgs/msg/PlanActionFeedback.l
Symlinking /home/dominika/tiago_public_ws/devel/share/roseus/ros/rosplan_dispatch_msgs/msg/EsterelPlanEdge.l
Symlinking /home/dominika/tiago_public_ws/devel/share/roseus/ros/rosplan_dispatch_msgs/msg/PlanGoal.l
Symlinking /home/dominika/tiago_public_ws/devel/share/roseus/ros/rosplan_dispatch_msgs/msg/ActionFeedback.l
Symlinking /home/dominika/tiago_public_ws/devel/share/roseus/ros/rosplan_dispatch_msgs/msg/EsterelPlan.l
Symlinking /home/dominika/tiago_public_ws/devel/share/roseus/ros/rosplan_dispatch_msgs/msg/NonBlockingDispatchResult.l
Symlinking /home/dominika/tiago_public_ws/devel/share/roseus/ros/rosplan_dispatch_msgs/msg/CompletePlan.l
Symlinking /home/dominika/tiago_public_ws/devel/share/roseus/ros/rosplan_dispatch_msgs/msg/PlanActionGoal.l
Symlinking /home/dominika/tiago_public_ws/devel/share/roseus/ros/rosplan_dispatch_msgs/msg/PlanResult.l
Symlinking /home/dominika/tiago_public_ws/devel/share/roseus/ros/rosplan_dispatch_msgs/msg/EsterelPlanNode.l
Symlinking /home/dominika/tiago_public_ws/devel/share/roseus/ros/rosplan_dispatch_msgs/msg/PlanActionResult.l
Symlinking /home/dominika/tiago_public_ws/devel/share/roseus/ros/rosplan_dispatch_msgs/msg/NonBlockingDispatchActionGoal.l
Symlinking /home/dominika/tiago_public_ws/devel/share/roseus/ros/rosplan_dispatch_msgs/msg/NonBlockingDispatchActionResult.l
Symlinking /home/dominika/tiago_public_ws/devel/include/rosplan_dispatch_msgs/EsterelPlan.h
Symlinking /home/dominika/tiago_public_ws/devel/include/rosplan_dispatch_msgs/ProblemService.h
Symlinking /home/dominika/tiago_public_ws/devel/include/rosplan_dispatch_msgs/PlanningService.h
Symlinking /home/dominika/tiago_public_ws/devel/include/rosplan_dispatch_msgs/PlanFeedback.h
Symlinking /home/dominika/tiago_public_ws/devel/include/rosplan_dispatch_msgs/ProblemServiceRequest.h
Symlinking /home/dominika/tiago_public_ws/devel/include/rosplan_dispatch_msgs/CompletePlan.h
Symlinking /home/dominika/tiago_public_ws/devel/include/rosplan_dispatch_msgs/NonBlockingDispatchActionResult.h
Symlinking /home/dominika/tiago_public_ws/devel/include/rosplan_dispatch_msgs/GetPlanningParamsRequest.h
Symlinking /home/dominika/tiago_public_ws/devel/include/rosplan_dispatch_msgs/ParsingServiceRequest.h
Symlinking /home/dominika/tiago_public_ws/devel/include/rosplan_dispatch_msgs/DispatchService.h
Symlinking /home/dominika/tiago_public_ws/devel/include/rosplan_dispatch_msgs/NonBlockingDispatchFeedback.h
Symlinking /home/dominika/tiago_public_ws/devel/include/rosplan_dispatch_msgs/NonBlockingDispatchActionFeedback.h
Symlinking /home/dominika/tiago_public_ws/devel/include/rosplan_dispatch_msgs/PlanAction.h
Symlinking /home/dominika/tiago_public_ws/devel/include/rosplan_dispatch_msgs/PlanResult.h
Symlinking /home/dominika/tiago_public_ws/devel/include/rosplan_dispatch_msgs/ParsingServiceResponse.h
Symlinking /home/dominika/tiago_public_ws/devel/include/rosplan_dispatch_msgs/NonBlockingDispatchResult.h
Symlinking /home/dominika/tiago_public_ws/devel/include/rosplan_dispatch_msgs/NonBlockingDispatchActionGoal.h
Symlinking /home/dominika/tiago_public_ws/devel/include/rosplan_dispatch_msgs/NonBlockingDispatchGoal.h
Symlinking /home/dominika/tiago_public_ws/devel/include/rosplan_dispatch_msgs/PlanActionResult.h
Symlinking /home/dominika/tiago_public_ws/devel/include/rosplan_dispatch_msgs/PlanningServiceRequest.h
Symlinking /home/dominika/tiago_public_ws/devel/include/rosplan_dispatch_msgs/DispatchServiceRequest.h
Symlinking /home/dominika/tiago_public_ws/devel/include/rosplan_dispatch_msgs/PlanActionFeedback.h
Symlinking /home/dominika/tiago_public_ws/devel/include/rosplan_dispatch_msgs/PlanningServiceResponse.h
Symlinking /home/dominika/tiago_public_ws/devel/include/rosplan_dispatch_msgs/PlanGoal.h
Symlinking /home/dominika/tiago_public_ws/devel/include/rosplan_dispatch_msgs/NonBlockingDispatchAction.h
Symlinking /home/dominika/tiago_public_ws/devel/include/rosplan_dispatch_msgs/GetPlanningParamsResponse.h
Symlinking /home/dominika/tiago_public_ws/devel/include/rosplan_dispatch_msgs/ProblemServiceResponse.h
Symlinking /home/dominika/tiago_public_ws/devel/include/rosplan_dispatch_msgs/EsterelPlanNode.h
Symlinking /home/dominika/tiago_public_ws/devel/include/rosplan_dispatch_msgs/GetPlanningParams.h
Symlinking /home/dominika/tiago_public_ws/devel/include/rosplan_dispatch_msgs/ActionFeedback.h
Symlinking /home/dominika/tiago_public_ws/devel/include/rosplan_dispatch_msgs/EsterelPlanEdge.h
Symlinking /home/dominika/tiago_public_ws/devel/include/rosplan_dispatch_msgs/DispatchServiceResponse.h
Symlinking /home/dominika/tiago_public_ws/devel/include/rosplan_dispatch_msgs/ParsingService.h
Symlinking /home/dominika/tiago_public_ws/devel/include/rosplan_dispatch_msgs/PlanActionGoal.h
Symlinking /home/dominika/tiago_public_ws/devel/include/rosplan_dispatch_msgs/ActionDispatch.h
