Linked: (/home/dominika/tiago_public_ws/devel/.private/rosplan_dispatch_msgs/lib/python2.7/dist-packages/rosplan_dispatch_msgs/__init__.py, /home/dominika/tiago_public_ws/devel/lib/python2.7/dist-packages/rosplan_dispatch_msgs/__init__.py)
Linked: (/home/dominika/tiago_public_ws/devel/.private/rosplan_dispatch_msgs/lib/python2.7/dist-packages/rosplan_dispatch_msgs/srv/_ProblemService.py, /home/dominika/tiago_public_ws/devel/lib/python2.7/dist-packages/rosplan_dispatch_msgs/srv/_ProblemService.py)
Linked: (/home/dominika/tiago_public_ws/devel/.private/rosplan_dispatch_msgs/lib/python2.7/dist-packages/rosplan_dispatch_msgs/srv/_PlanningService.py, /home/dominika/tiago_public_ws/devel/lib/python2.7/dist-packages/rosplan_dispatch_msgs/srv/_PlanningService.py)
Linked: (/home/dominika/tiago_public_ws/devel/.private/rosplan_dispatch_msgs/lib/python2.7/dist-packages/rosplan_dispatch_msgs/srv/_GetPlanningParams.py, /home/dominika/tiago_public_ws/devel/lib/python2.7/dist-packages/rosplan_dispatch_msgs/srv/_GetPlanningParams.py)
Linked: (/home/dominika/tiago_public_ws/devel/.private/rosplan_dispatch_msgs/lib/python2.7/dist-packages/rosplan_dispatch_msgs/srv/_ParsingService.py, /home/dominika/tiago_public_ws/devel/lib/python2.7/dist-packages/rosplan_dispatch_msgs/srv/_ParsingService.py)
Linked: (/home/dominika/tiago_public_ws/devel/.private/rosplan_dispatch_msgs/lib/python2.7/dist-packages/rosplan_dispatch_msgs/srv/_DispatchService.py, /home/dominika/tiago_public_ws/devel/lib/python2.7/dist-packages/rosplan_dispatch_msgs/srv/_DispatchService.py)
Linked: (/home/dominika/tiago_public_ws/devel/.private/rosplan_dispatch_msgs/lib/python2.7/dist-packages/rosplan_dispatch_msgs/srv/__init__.py, /home/dominika/tiago_public_ws/devel/lib/python2.7/dist-packages/rosplan_dispatch_msgs/srv/__init__.py)
Linked: (/home/dominika/tiago_public_ws/devel/.private/rosplan_dispatch_msgs/lib/python2.7/dist-packages/rosplan_dispatch_msgs/msg/_PlanGoal.py, /home/dominika/tiago_public_ws/devel/lib/python2.7/dist-packages/rosplan_dispatch_msgs/msg/_PlanGoal.py)
Linked: (/home/dominika/tiago_public_ws/devel/.private/rosplan_dispatch_msgs/lib/python2.7/dist-packages/rosplan_dispatch_msgs/msg/_ActionDispatch.py, /home/dominika/tiago_public_ws/devel/lib/python2.7/dist-packages/rosplan_dispatch_msgs/msg/_ActionDispatch.py)
Linked: (/home/dominika/tiago_public_ws/devel/.private/rosplan_dispatch_msgs/lib/python2.7/dist-packages/rosplan_dispatch_msgs/msg/_PlanActionResult.py, /home/dominika/tiago_public_ws/devel/lib/python2.7/dist-packages/rosplan_dispatch_msgs/msg/_PlanActionResult.py)
Linked: (/home/dominika/tiago_public_ws/devel/.private/rosplan_dispatch_msgs/lib/python2.7/dist-packages/rosplan_dispatch_msgs/msg/_EsterelPlan.py, /home/dominika/tiago_public_ws/devel/lib/python2.7/dist-packages/rosplan_dispatch_msgs/msg/_EsterelPlan.py)
Linked: (/home/dominika/tiago_public_ws/devel/.private/rosplan_dispatch_msgs/lib/python2.7/dist-packages/rosplan_dispatch_msgs/msg/_PlanAction.py, /home/dominika/tiago_public_ws/devel/lib/python2.7/dist-packages/rosplan_dispatch_msgs/msg/_PlanAction.py)
Linked: (/home/dominika/tiago_public_ws/devel/.private/rosplan_dispatch_msgs/lib/python2.7/dist-packages/rosplan_dispatch_msgs/msg/_EsterelPlanEdge.py, /home/dominika/tiago_public_ws/devel/lib/python2.7/dist-packages/rosplan_dispatch_msgs/msg/_EsterelPlanEdge.py)
Linked: (/home/dominika/tiago_public_ws/devel/.private/rosplan_dispatch_msgs/lib/python2.7/dist-packages/rosplan_dispatch_msgs/msg/_NonBlockingDispatchAction.py, /home/dominika/tiago_public_ws/devel/lib/python2.7/dist-packages/rosplan_dispatch_msgs/msg/_NonBlockingDispatchAction.py)
Linked: (/home/dominika/tiago_public_ws/devel/.private/rosplan_dispatch_msgs/lib/python2.7/dist-packages/rosplan_dispatch_msgs/msg/_NonBlockingDispatchActionResult.py, /home/dominika/tiago_public_ws/devel/lib/python2.7/dist-packages/rosplan_dispatch_msgs/msg/_NonBlockingDispatchActionResult.py)
Linked: (/home/dominika/tiago_public_ws/devel/.private/rosplan_dispatch_msgs/lib/python2.7/dist-packages/rosplan_dispatch_msgs/msg/_PlanActionGoal.py, /home/dominika/tiago_public_ws/devel/lib/python2.7/dist-packages/rosplan_dispatch_msgs/msg/_PlanActionGoal.py)
Linked: (/home/dominika/tiago_public_ws/devel/.private/rosplan_dispatch_msgs/lib/python2.7/dist-packages/rosplan_dispatch_msgs/msg/_PlanResult.py, /home/dominika/tiago_public_ws/devel/lib/python2.7/dist-packages/rosplan_dispatch_msgs/msg/_PlanResult.py)
Linked: (/home/dominika/tiago_public_ws/devel/.private/rosplan_dispatch_msgs/lib/python2.7/dist-packages/rosplan_dispatch_msgs/msg/_NonBlockingDispatchActionGoal.py, /home/dominika/tiago_public_ws/devel/lib/python2.7/dist-packages/rosplan_dispatch_msgs/msg/_NonBlockingDispatchActionGoal.py)
Linked: (/home/dominika/tiago_public_ws/devel/.private/rosplan_dispatch_msgs/lib/python2.7/dist-packages/rosplan_dispatch_msgs/msg/_PlanActionFeedback.py, /home/dominika/tiago_public_ws/devel/lib/python2.7/dist-packages/rosplan_dispatch_msgs/msg/_PlanActionFeedback.py)
Linked: (/home/dominika/tiago_public_ws/devel/.private/rosplan_dispatch_msgs/lib/python2.7/dist-packages/rosplan_dispatch_msgs/msg/_NonBlockingDispatchResult.py, /home/dominika/tiago_public_ws/devel/lib/python2.7/dist-packages/rosplan_dispatch_msgs/msg/_NonBlockingDispatchResult.py)
Linked: (/home/dominika/tiago_public_ws/devel/.private/rosplan_dispatch_msgs/lib/python2.7/dist-packages/rosplan_dispatch_msgs/msg/_EsterelPlanNode.py, /home/dominika/tiago_public_ws/devel/lib/python2.7/dist-packages/rosplan_dispatch_msgs/msg/_EsterelPlanNode.py)
Linked: (/home/dominika/tiago_public_ws/devel/.private/rosplan_dispatch_msgs/lib/python2.7/dist-packages/rosplan_dispatch_msgs/msg/_NonBlockingDispatchActionFeedback.py, /home/dominika/tiago_public_ws/devel/lib/python2.7/dist-packages/rosplan_dispatch_msgs/msg/_NonBlockingDispatchActionFeedback.py)
Linked: (/home/dominika/tiago_public_ws/devel/.private/rosplan_dispatch_msgs/lib/python2.7/dist-packages/rosplan_dispatch_msgs/msg/_CompletePlan.py, /home/dominika/tiago_public_ws/devel/lib/python2.7/dist-packages/rosplan_dispatch_msgs/msg/_CompletePlan.py)
Linked: (/home/dominika/tiago_public_ws/devel/.private/rosplan_dispatch_msgs/lib/python2.7/dist-packages/rosplan_dispatch_msgs/msg/_PlanFeedback.py, /home/dominika/tiago_public_ws/devel/lib/python2.7/dist-packages/rosplan_dispatch_msgs/msg/_PlanFeedback.py)
Linked: (/home/dominika/tiago_public_ws/devel/.private/rosplan_dispatch_msgs/lib/python2.7/dist-packages/rosplan_dispatch_msgs/msg/_NonBlockingDispatchFeedback.py, /home/dominika/tiago_public_ws/devel/lib/python2.7/dist-packages/rosplan_dispatch_msgs/msg/_NonBlockingDispatchFeedback.py)
Linked: (/home/dominika/tiago_public_ws/devel/.private/rosplan_dispatch_msgs/lib/python2.7/dist-packages/rosplan_dispatch_msgs/msg/__init__.py, /home/dominika/tiago_public_ws/devel/lib/python2.7/dist-packages/rosplan_dispatch_msgs/msg/__init__.py)
Linked: (/home/dominika/tiago_public_ws/devel/.private/rosplan_dispatch_msgs/lib/python2.7/dist-packages/rosplan_dispatch_msgs/msg/_ActionFeedback.py, /home/dominika/tiago_public_ws/devel/lib/python2.7/dist-packages/rosplan_dispatch_msgs/msg/_ActionFeedback.py)
Linked: (/home/dominika/tiago_public_ws/devel/.private/rosplan_dispatch_msgs/lib/python2.7/dist-packages/rosplan_dispatch_msgs/msg/_NonBlockingDispatchGoal.py, /home/dominika/tiago_public_ws/devel/lib/python2.7/dist-packages/rosplan_dispatch_msgs/msg/_NonBlockingDispatchGoal.py)
Linked: (/home/dominika/tiago_public_ws/devel/.private/rosplan_dispatch_msgs/lib/pkgconfig/rosplan_dispatch_msgs.pc, /home/dominika/tiago_public_ws/devel/lib/pkgconfig/rosplan_dispatch_msgs.pc)
Linked: (/home/dominika/tiago_public_ws/devel/.private/rosplan_dispatch_msgs/share/rosplan_dispatch_msgs/msg/PlanResult.msg, /home/dominika/tiago_public_ws/devel/share/rosplan_dispatch_msgs/msg/PlanResult.msg)
Linked: (/home/dominika/tiago_public_ws/devel/.private/rosplan_dispatch_msgs/share/rosplan_dispatch_msgs/msg/PlanFeedback.msg, /home/dominika/tiago_public_ws/devel/share/rosplan_dispatch_msgs/msg/PlanFeedback.msg)
Linked: (/home/dominika/tiago_public_ws/devel/.private/rosplan_dispatch_msgs/share/rosplan_dispatch_msgs/msg/NonBlockingDispatchResult.msg, /home/dominika/tiago_public_ws/devel/share/rosplan_dispatch_msgs/msg/NonBlockingDispatchResult.msg)
Linked: (/home/dominika/tiago_public_ws/devel/.private/rosplan_dispatch_msgs/share/rosplan_dispatch_msgs/msg/PlanActionResult.msg, /home/dominika/tiago_public_ws/devel/share/rosplan_dispatch_msgs/msg/PlanActionResult.msg)
Linked: (/home/dominika/tiago_public_ws/devel/.private/rosplan_dispatch_msgs/share/rosplan_dispatch_msgs/msg/NonBlockingDispatchGoal.msg, /home/dominika/tiago_public_ws/devel/share/rosplan_dispatch_msgs/msg/NonBlockingDispatchGoal.msg)
Linked: (/home/dominika/tiago_public_ws/devel/.private/rosplan_dispatch_msgs/share/rosplan_dispatch_msgs/msg/NonBlockingDispatchFeedback.msg, /home/dominika/tiago_public_ws/devel/share/rosplan_dispatch_msgs/msg/NonBlockingDispatchFeedback.msg)
Linked: (/home/dominika/tiago_public_ws/devel/.private/rosplan_dispatch_msgs/share/rosplan_dispatch_msgs/msg/NonBlockingDispatchActionGoal.msg, /home/dominika/tiago_public_ws/devel/share/rosplan_dispatch_msgs/msg/NonBlockingDispatchActionGoal.msg)
Linked: (/home/dominika/tiago_public_ws/devel/.private/rosplan_dispatch_msgs/share/rosplan_dispatch_msgs/msg/PlanActionFeedback.msg, /home/dominika/tiago_public_ws/devel/share/rosplan_dispatch_msgs/msg/PlanActionFeedback.msg)
Linked: (/home/dominika/tiago_public_ws/devel/.private/rosplan_dispatch_msgs/share/rosplan_dispatch_msgs/msg/NonBlockingDispatchActionResult.msg, /home/dominika/tiago_public_ws/devel/share/rosplan_dispatch_msgs/msg/NonBlockingDispatchActionResult.msg)
Linked: (/home/dominika/tiago_public_ws/devel/.private/rosplan_dispatch_msgs/share/rosplan_dispatch_msgs/msg/NonBlockingDispatchAction.msg, /home/dominika/tiago_public_ws/devel/share/rosplan_dispatch_msgs/msg/NonBlockingDispatchAction.msg)
Linked: (/home/dominika/tiago_public_ws/devel/.private/rosplan_dispatch_msgs/share/rosplan_dispatch_msgs/msg/PlanGoal.msg, /home/dominika/tiago_public_ws/devel/share/rosplan_dispatch_msgs/msg/PlanGoal.msg)
Linked: (/home/dominika/tiago_public_ws/devel/.private/rosplan_dispatch_msgs/share/rosplan_dispatch_msgs/msg/PlanAction.msg, /home/dominika/tiago_public_ws/devel/share/rosplan_dispatch_msgs/msg/PlanAction.msg)
Linked: (/home/dominika/tiago_public_ws/devel/.private/rosplan_dispatch_msgs/share/rosplan_dispatch_msgs/msg/PlanActionGoal.msg, /home/dominika/tiago_public_ws/devel/share/rosplan_dispatch_msgs/msg/PlanActionGoal.msg)
Linked: (/home/dominika/tiago_public_ws/devel/.private/rosplan_dispatch_msgs/share/rosplan_dispatch_msgs/msg/NonBlockingDispatchActionFeedback.msg, /home/dominika/tiago_public_ws/devel/share/rosplan_dispatch_msgs/msg/NonBlockingDispatchActionFeedback.msg)
Linked: (/home/dominika/tiago_public_ws/devel/.private/rosplan_dispatch_msgs/share/rosplan_dispatch_msgs/cmake/rosplan_dispatch_msgsConfig-version.cmake, /home/dominika/tiago_public_ws/devel/share/rosplan_dispatch_msgs/cmake/rosplan_dispatch_msgsConfig-version.cmake)
Linked: (/home/dominika/tiago_public_ws/devel/.private/rosplan_dispatch_msgs/share/rosplan_dispatch_msgs/cmake/rosplan_dispatch_msgs-msg-paths.cmake, /home/dominika/tiago_public_ws/devel/share/rosplan_dispatch_msgs/cmake/rosplan_dispatch_msgs-msg-paths.cmake)
Linked: (/home/dominika/tiago_public_ws/devel/.private/rosplan_dispatch_msgs/share/rosplan_dispatch_msgs/cmake/rosplan_dispatch_msgs-msg-extras.cmake, /home/dominika/tiago_public_ws/devel/share/rosplan_dispatch_msgs/cmake/rosplan_dispatch_msgs-msg-extras.cmake)
Linked: (/home/dominika/tiago_public_ws/devel/.private/rosplan_dispatch_msgs/share/rosplan_dispatch_msgs/cmake/rosplan_dispatch_msgsConfig.cmake, /home/dominika/tiago_public_ws/devel/share/rosplan_dispatch_msgs/cmake/rosplan_dispatch_msgsConfig.cmake)
Linked: (/home/dominika/tiago_public_ws/devel/.private/rosplan_dispatch_msgs/share/common-lisp/ros/rosplan_dispatch_msgs/srv/rosplan_dispatch_msgs-srv.asd, /home/dominika/tiago_public_ws/devel/share/common-lisp/ros/rosplan_dispatch_msgs/srv/rosplan_dispatch_msgs-srv.asd)
Linked: (/home/dominika/tiago_public_ws/devel/.private/rosplan_dispatch_msgs/share/common-lisp/ros/rosplan_dispatch_msgs/srv/_package_PlanningService.lisp, /home/dominika/tiago_public_ws/devel/share/common-lisp/ros/rosplan_dispatch_msgs/srv/_package_PlanningService.lisp)
Linked: (/home/dominika/tiago_public_ws/devel/.private/rosplan_dispatch_msgs/share/common-lisp/ros/rosplan_dispatch_msgs/srv/ParsingService.lisp, /home/dominika/tiago_public_ws/devel/share/common-lisp/ros/rosplan_dispatch_msgs/srv/ParsingService.lisp)
Linked: (/home/dominika/tiago_public_ws/devel/.private/rosplan_dispatch_msgs/share/common-lisp/ros/rosplan_dispatch_msgs/srv/_package.lisp, /home/dominika/tiago_public_ws/devel/share/common-lisp/ros/rosplan_dispatch_msgs/srv/_package.lisp)
Linked: (/home/dominika/tiago_public_ws/devel/.private/rosplan_dispatch_msgs/share/common-lisp/ros/rosplan_dispatch_msgs/srv/_package_ProblemService.lisp, /home/dominika/tiago_public_ws/devel/share/common-lisp/ros/rosplan_dispatch_msgs/srv/_package_ProblemService.lisp)
Linked: (/home/dominika/tiago_public_ws/devel/.private/rosplan_dispatch_msgs/share/common-lisp/ros/rosplan_dispatch_msgs/srv/ProblemService.lisp, /home/dominika/tiago_public_ws/devel/share/common-lisp/ros/rosplan_dispatch_msgs/srv/ProblemService.lisp)
Linked: (/home/dominika/tiago_public_ws/devel/.private/rosplan_dispatch_msgs/share/common-lisp/ros/rosplan_dispatch_msgs/srv/PlanningService.lisp, /home/dominika/tiago_public_ws/devel/share/common-lisp/ros/rosplan_dispatch_msgs/srv/PlanningService.lisp)
Linked: (/home/dominika/tiago_public_ws/devel/.private/rosplan_dispatch_msgs/share/common-lisp/ros/rosplan_dispatch_msgs/srv/GetPlanningParams.lisp, /home/dominika/tiago_public_ws/devel/share/common-lisp/ros/rosplan_dispatch_msgs/srv/GetPlanningParams.lisp)
Linked: (/home/dominika/tiago_public_ws/devel/.private/rosplan_dispatch_msgs/share/common-lisp/ros/rosplan_dispatch_msgs/srv/DispatchService.lisp, /home/dominika/tiago_public_ws/devel/share/common-lisp/ros/rosplan_dispatch_msgs/srv/DispatchService.lisp)
Linked: (/home/dominika/tiago_public_ws/devel/.private/rosplan_dispatch_msgs/share/common-lisp/ros/rosplan_dispatch_msgs/srv/_package_ParsingService.lisp, /home/dominika/tiago_public_ws/devel/share/common-lisp/ros/rosplan_dispatch_msgs/srv/_package_ParsingService.lisp)
Linked: (/home/dominika/tiago_public_ws/devel/.private/rosplan_dispatch_msgs/share/common-lisp/ros/rosplan_dispatch_msgs/srv/_package_DispatchService.lisp, /home/dominika/tiago_public_ws/devel/share/common-lisp/ros/rosplan_dispatch_msgs/srv/_package_DispatchService.lisp)
Linked: (/home/dominika/tiago_public_ws/devel/.private/rosplan_dispatch_msgs/share/common-lisp/ros/rosplan_dispatch_msgs/srv/_package_GetPlanningParams.lisp, /home/dominika/tiago_public_ws/devel/share/common-lisp/ros/rosplan_dispatch_msgs/srv/_package_GetPlanningParams.lisp)
Linked: (/home/dominika/tiago_public_ws/devel/.private/rosplan_dispatch_msgs/share/common-lisp/ros/rosplan_dispatch_msgs/msg/PlanAction.lisp, /home/dominika/tiago_public_ws/devel/share/common-lisp/ros/rosplan_dispatch_msgs/msg/PlanAction.lisp)
Linked: (/home/dominika/tiago_public_ws/devel/.private/rosplan_dispatch_msgs/share/common-lisp/ros/rosplan_dispatch_msgs/msg/_package_NonBlockingDispatchActionResult.lisp, /home/dominika/tiago_public_ws/devel/share/common-lisp/ros/rosplan_dispatch_msgs/msg/_package_NonBlockingDispatchActionResult.lisp)
Linked: (/home/dominika/tiago_public_ws/devel/.private/rosplan_dispatch_msgs/share/common-lisp/ros/rosplan_dispatch_msgs/msg/NonBlockingDispatchFeedback.lisp, /home/dominika/tiago_public_ws/devel/share/common-lisp/ros/rosplan_dispatch_msgs/msg/NonBlockingDispatchFeedback.lisp)
Linked: (/home/dominika/tiago_public_ws/devel/.private/rosplan_dispatch_msgs/share/common-lisp/ros/rosplan_dispatch_msgs/msg/_package_EsterelPlanEdge.lisp, /home/dominika/tiago_public_ws/devel/share/common-lisp/ros/rosplan_dispatch_msgs/msg/_package_EsterelPlanEdge.lisp)
Linked: (/home/dominika/tiago_public_ws/devel/.private/rosplan_dispatch_msgs/share/common-lisp/ros/rosplan_dispatch_msgs/msg/_package_NonBlockingDispatchResult.lisp, /home/dominika/tiago_public_ws/devel/share/common-lisp/ros/rosplan_dispatch_msgs/msg/_package_NonBlockingDispatchResult.lisp)
Linked: (/home/dominika/tiago_public_ws/devel/.private/rosplan_dispatch_msgs/share/common-lisp/ros/rosplan_dispatch_msgs/msg/_package_PlanResult.lisp, /home/dominika/tiago_public_ws/devel/share/common-lisp/ros/rosplan_dispatch_msgs/msg/_package_PlanResult.lisp)
Linked: (/home/dominika/tiago_public_ws/devel/.private/rosplan_dispatch_msgs/share/common-lisp/ros/rosplan_dispatch_msgs/msg/NonBlockingDispatchActionFeedback.lisp, /home/dominika/tiago_public_ws/devel/share/common-lisp/ros/rosplan_dispatch_msgs/msg/NonBlockingDispatchActionFeedback.lisp)
Linked: (/home/dominika/tiago_public_ws/devel/.private/rosplan_dispatch_msgs/share/common-lisp/ros/rosplan_dispatch_msgs/msg/_package.lisp, /home/dominika/tiago_public_ws/devel/share/common-lisp/ros/rosplan_dispatch_msgs/msg/_package.lisp)
Linked: (/home/dominika/tiago_public_ws/devel/.private/rosplan_dispatch_msgs/share/common-lisp/ros/rosplan_dispatch_msgs/msg/_package_NonBlockingDispatchActionFeedback.lisp, /home/dominika/tiago_public_ws/devel/share/common-lisp/ros/rosplan_dispatch_msgs/msg/_package_NonBlockingDispatchActionFeedback.lisp)
Linked: (/home/dominika/tiago_public_ws/devel/.private/rosplan_dispatch_msgs/share/common-lisp/ros/rosplan_dispatch_msgs/msg/PlanActionGoal.lisp, /home/dominika/tiago_public_ws/devel/share/common-lisp/ros/rosplan_dispatch_msgs/msg/PlanActionGoal.lisp)
Linked: (/home/dominika/tiago_public_ws/devel/.private/rosplan_dispatch_msgs/share/common-lisp/ros/rosplan_dispatch_msgs/msg/NonBlockingDispatchResult.lisp, /home/dominika/tiago_public_ws/devel/share/common-lisp/ros/rosplan_dispatch_msgs/msg/NonBlockingDispatchResult.lisp)
Linked: (/home/dominika/tiago_public_ws/devel/.private/rosplan_dispatch_msgs/share/common-lisp/ros/rosplan_dispatch_msgs/msg/_package_NonBlockingDispatchGoal.lisp, /home/dominika/tiago_public_ws/devel/share/common-lisp/ros/rosplan_dispatch_msgs/msg/_package_NonBlockingDispatchGoal.lisp)
Linked: (/home/dominika/tiago_public_ws/devel/.private/rosplan_dispatch_msgs/share/common-lisp/ros/rosplan_dispatch_msgs/msg/EsterelPlanEdge.lisp, /home/dominika/tiago_public_ws/devel/share/common-lisp/ros/rosplan_dispatch_msgs/msg/EsterelPlanEdge.lisp)
Linked: (/home/dominika/tiago_public_ws/devel/.private/rosplan_dispatch_msgs/share/common-lisp/ros/rosplan_dispatch_msgs/msg/_package_NonBlockingDispatchActionGoal.lisp, /home/dominika/tiago_public_ws/devel/share/common-lisp/ros/rosplan_dispatch_msgs/msg/_package_NonBlockingDispatchActionGoal.lisp)
Linked: (/home/dominika/tiago_public_ws/devel/.private/rosplan_dispatch_msgs/share/common-lisp/ros/rosplan_dispatch_msgs/msg/_package_PlanActionResult.lisp, /home/dominika/tiago_public_ws/devel/share/common-lisp/ros/rosplan_dispatch_msgs/msg/_package_PlanActionResult.lisp)
Linked: (/home/dominika/tiago_public_ws/devel/.private/rosplan_dispatch_msgs/share/common-lisp/ros/rosplan_dispatch_msgs/msg/_package_PlanActionFeedback.lisp, /home/dominika/tiago_public_ws/devel/share/common-lisp/ros/rosplan_dispatch_msgs/msg/_package_PlanActionFeedback.lisp)
Linked: (/home/dominika/tiago_public_ws/devel/.private/rosplan_dispatch_msgs/share/common-lisp/ros/rosplan_dispatch_msgs/msg/CompletePlan.lisp, /home/dominika/tiago_public_ws/devel/share/common-lisp/ros/rosplan_dispatch_msgs/msg/CompletePlan.lisp)
Linked: (/home/dominika/tiago_public_ws/devel/.private/rosplan_dispatch_msgs/share/common-lisp/ros/rosplan_dispatch_msgs/msg/PlanActionResult.lisp, /home/dominika/tiago_public_ws/devel/share/common-lisp/ros/rosplan_dispatch_msgs/msg/PlanActionResult.lisp)
Linked: (/home/dominika/tiago_public_ws/devel/.private/rosplan_dispatch_msgs/share/common-lisp/ros/rosplan_dispatch_msgs/msg/_package_ActionFeedback.lisp, /home/dominika/tiago_public_ws/devel/share/common-lisp/ros/rosplan_dispatch_msgs/msg/_package_ActionFeedback.lisp)
Linked: (/home/dominika/tiago_public_ws/devel/.private/rosplan_dispatch_msgs/share/common-lisp/ros/rosplan_dispatch_msgs/msg/PlanGoal.lisp, /home/dominika/tiago_public_ws/devel/share/common-lisp/ros/rosplan_dispatch_msgs/msg/PlanGoal.lisp)
Linked: (/home/dominika/tiago_public_ws/devel/.private/rosplan_dispatch_msgs/share/common-lisp/ros/rosplan_dispatch_msgs/msg/EsterelPlanNode.lisp, /home/dominika/tiago_public_ws/devel/share/common-lisp/ros/rosplan_dispatch_msgs/msg/EsterelPlanNode.lisp)
Linked: (/home/dominika/tiago_public_ws/devel/.private/rosplan_dispatch_msgs/share/common-lisp/ros/rosplan_dispatch_msgs/msg/ActionDispatch.lisp, /home/dominika/tiago_public_ws/devel/share/common-lisp/ros/rosplan_dispatch_msgs/msg/ActionDispatch.lisp)
Linked: (/home/dominika/tiago_public_ws/devel/.private/rosplan_dispatch_msgs/share/common-lisp/ros/rosplan_dispatch_msgs/msg/EsterelPlan.lisp, /home/dominika/tiago_public_ws/devel/share/common-lisp/ros/rosplan_dispatch_msgs/msg/EsterelPlan.lisp)
Linked: (/home/dominika/tiago_public_ws/devel/.private/rosplan_dispatch_msgs/share/common-lisp/ros/rosplan_dispatch_msgs/msg/NonBlockingDispatchActionResult.lisp, /home/dominika/tiago_public_ws/devel/share/common-lisp/ros/rosplan_dispatch_msgs/msg/NonBlockingDispatchActionResult.lisp)
Linked: (/home/dominika/tiago_public_ws/devel/.private/rosplan_dispatch_msgs/share/common-lisp/ros/rosplan_dispatch_msgs/msg/_package_CompletePlan.lisp, /home/dominika/tiago_public_ws/devel/share/common-lisp/ros/rosplan_dispatch_msgs/msg/_package_CompletePlan.lisp)
Linked: (/home/dominika/tiago_public_ws/devel/.private/rosplan_dispatch_msgs/share/common-lisp/ros/rosplan_dispatch_msgs/msg/_package_PlanGoal.lisp, /home/dominika/tiago_public_ws/devel/share/common-lisp/ros/rosplan_dispatch_msgs/msg/_package_PlanGoal.lisp)
Linked: (/home/dominika/tiago_public_ws/devel/.private/rosplan_dispatch_msgs/share/common-lisp/ros/rosplan_dispatch_msgs/msg/_package_NonBlockingDispatchAction.lisp, /home/dominika/tiago_public_ws/devel/share/common-lisp/ros/rosplan_dispatch_msgs/msg/_package_NonBlockingDispatchAction.lisp)
Linked: (/home/dominika/tiago_public_ws/devel/.private/rosplan_dispatch_msgs/share/common-lisp/ros/rosplan_dispatch_msgs/msg/_package_EsterelPlanNode.lisp, /home/dominika/tiago_public_ws/devel/share/common-lisp/ros/rosplan_dispatch_msgs/msg/_package_EsterelPlanNode.lisp)
Linked: (/home/dominika/tiago_public_ws/devel/.private/rosplan_dispatch_msgs/share/common-lisp/ros/rosplan_dispatch_msgs/msg/_package_PlanFeedback.lisp, /home/dominika/tiago_public_ws/devel/share/common-lisp/ros/rosplan_dispatch_msgs/msg/_package_PlanFeedback.lisp)
Linked: (/home/dominika/tiago_public_ws/devel/.private/rosplan_dispatch_msgs/share/common-lisp/ros/rosplan_dispatch_msgs/msg/ActionFeedback.lisp, /home/dominika/tiago_public_ws/devel/share/common-lisp/ros/rosplan_dispatch_msgs/msg/ActionFeedback.lisp)
Linked: (/home/dominika/tiago_public_ws/devel/.private/rosplan_dispatch_msgs/share/common-lisp/ros/rosplan_dispatch_msgs/msg/PlanFeedback.lisp, /home/dominika/tiago_public_ws/devel/share/common-lisp/ros/rosplan_dispatch_msgs/msg/PlanFeedback.lisp)
Linked: (/home/dominika/tiago_public_ws/devel/.private/rosplan_dispatch_msgs/share/common-lisp/ros/rosplan_dispatch_msgs/msg/NonBlockingDispatchActionGoal.lisp, /home/dominika/tiago_public_ws/devel/share/common-lisp/ros/rosplan_dispatch_msgs/msg/NonBlockingDispatchActionGoal.lisp)
Linked: (/home/dominika/tiago_public_ws/devel/.private/rosplan_dispatch_msgs/share/common-lisp/ros/rosplan_dispatch_msgs/msg/PlanResult.lisp, /home/dominika/tiago_public_ws/devel/share/common-lisp/ros/rosplan_dispatch_msgs/msg/PlanResult.lisp)
Linked: (/home/dominika/tiago_public_ws/devel/.private/rosplan_dispatch_msgs/share/common-lisp/ros/rosplan_dispatch_msgs/msg/_package_NonBlockingDispatchFeedback.lisp, /home/dominika/tiago_public_ws/devel/share/common-lisp/ros/rosplan_dispatch_msgs/msg/_package_NonBlockingDispatchFeedback.lisp)
Linked: (/home/dominika/tiago_public_ws/devel/.private/rosplan_dispatch_msgs/share/common-lisp/ros/rosplan_dispatch_msgs/msg/_package_PlanActionGoal.lisp, /home/dominika/tiago_public_ws/devel/share/common-lisp/ros/rosplan_dispatch_msgs/msg/_package_PlanActionGoal.lisp)
Linked: (/home/dominika/tiago_public_ws/devel/.private/rosplan_dispatch_msgs/share/common-lisp/ros/rosplan_dispatch_msgs/msg/_package_ActionDispatch.lisp, /home/dominika/tiago_public_ws/devel/share/common-lisp/ros/rosplan_dispatch_msgs/msg/_package_ActionDispatch.lisp)
Linked: (/home/dominika/tiago_public_ws/devel/.private/rosplan_dispatch_msgs/share/common-lisp/ros/rosplan_dispatch_msgs/msg/rosplan_dispatch_msgs-msg.asd, /home/dominika/tiago_public_ws/devel/share/common-lisp/ros/rosplan_dispatch_msgs/msg/rosplan_dispatch_msgs-msg.asd)
Linked: (/home/dominika/tiago_public_ws/devel/.private/rosplan_dispatch_msgs/share/common-lisp/ros/rosplan_dispatch_msgs/msg/_package_PlanAction.lisp, /home/dominika/tiago_public_ws/devel/share/common-lisp/ros/rosplan_dispatch_msgs/msg/_package_PlanAction.lisp)
Linked: (/home/dominika/tiago_public_ws/devel/.private/rosplan_dispatch_msgs/share/common-lisp/ros/rosplan_dispatch_msgs/msg/PlanActionFeedback.lisp, /home/dominika/tiago_public_ws/devel/share/common-lisp/ros/rosplan_dispatch_msgs/msg/PlanActionFeedback.lisp)
Linked: (/home/dominika/tiago_public_ws/devel/.private/rosplan_dispatch_msgs/share/common-lisp/ros/rosplan_dispatch_msgs/msg/NonBlockingDispatchAction.lisp, /home/dominika/tiago_public_ws/devel/share/common-lisp/ros/rosplan_dispatch_msgs/msg/NonBlockingDispatchAction.lisp)
Linked: (/home/dominika/tiago_public_ws/devel/.private/rosplan_dispatch_msgs/share/common-lisp/ros/rosplan_dispatch_msgs/msg/NonBlockingDispatchGoal.lisp, /home/dominika/tiago_public_ws/devel/share/common-lisp/ros/rosplan_dispatch_msgs/msg/NonBlockingDispatchGoal.lisp)
Linked: (/home/dominika/tiago_public_ws/devel/.private/rosplan_dispatch_msgs/share/common-lisp/ros/rosplan_dispatch_msgs/msg/_package_EsterelPlan.lisp, /home/dominika/tiago_public_ws/devel/share/common-lisp/ros/rosplan_dispatch_msgs/msg/_package_EsterelPlan.lisp)
Linked: (/home/dominika/tiago_public_ws/devel/.private/rosplan_dispatch_msgs/share/gennodejs/ros/rosplan_dispatch_msgs/_index.js, /home/dominika/tiago_public_ws/devel/share/gennodejs/ros/rosplan_dispatch_msgs/_index.js)
Linked: (/home/dominika/tiago_public_ws/devel/.private/rosplan_dispatch_msgs/share/gennodejs/ros/rosplan_dispatch_msgs/srv/ProblemService.js, /home/dominika/tiago_public_ws/devel/share/gennodejs/ros/rosplan_dispatch_msgs/srv/ProblemService.js)
Linked: (/home/dominika/tiago_public_ws/devel/.private/rosplan_dispatch_msgs/share/gennodejs/ros/rosplan_dispatch_msgs/srv/DispatchService.js, /home/dominika/tiago_public_ws/devel/share/gennodejs/ros/rosplan_dispatch_msgs/srv/DispatchService.js)
Linked: (/home/dominika/tiago_public_ws/devel/.private/rosplan_dispatch_msgs/share/gennodejs/ros/rosplan_dispatch_msgs/srv/ParsingService.js, /home/dominika/tiago_public_ws/devel/share/gennodejs/ros/rosplan_dispatch_msgs/srv/ParsingService.js)
Linked: (/home/dominika/tiago_public_ws/devel/.private/rosplan_dispatch_msgs/share/gennodejs/ros/rosplan_dispatch_msgs/srv/PlanningService.js, /home/dominika/tiago_public_ws/devel/share/gennodejs/ros/rosplan_dispatch_msgs/srv/PlanningService.js)
Linked: (/home/dominika/tiago_public_ws/devel/.private/rosplan_dispatch_msgs/share/gennodejs/ros/rosplan_dispatch_msgs/srv/_index.js, /home/dominika/tiago_public_ws/devel/share/gennodejs/ros/rosplan_dispatch_msgs/srv/_index.js)
Linked: (/home/dominika/tiago_public_ws/devel/.private/rosplan_dispatch_msgs/share/gennodejs/ros/rosplan_dispatch_msgs/srv/GetPlanningParams.js, /home/dominika/tiago_public_ws/devel/share/gennodejs/ros/rosplan_dispatch_msgs/srv/GetPlanningParams.js)
Linked: (/home/dominika/tiago_public_ws/devel/.private/rosplan_dispatch_msgs/share/gennodejs/ros/rosplan_dispatch_msgs/msg/NonBlockingDispatchActionGoal.js, /home/dominika/tiago_public_ws/devel/share/gennodejs/ros/rosplan_dispatch_msgs/msg/NonBlockingDispatchActionGoal.js)
Linked: (/home/dominika/tiago_public_ws/devel/.private/rosplan_dispatch_msgs/share/gennodejs/ros/rosplan_dispatch_msgs/msg/CompletePlan.js, /home/dominika/tiago_public_ws/devel/share/gennodejs/ros/rosplan_dispatch_msgs/msg/CompletePlan.js)
Linked: (/home/dominika/tiago_public_ws/devel/.private/rosplan_dispatch_msgs/share/gennodejs/ros/rosplan_dispatch_msgs/msg/EsterelPlanNode.js, /home/dominika/tiago_public_ws/devel/share/gennodejs/ros/rosplan_dispatch_msgs/msg/EsterelPlanNode.js)
Linked: (/home/dominika/tiago_public_ws/devel/.private/rosplan_dispatch_msgs/share/gennodejs/ros/rosplan_dispatch_msgs/msg/PlanFeedback.js, /home/dominika/tiago_public_ws/devel/share/gennodejs/ros/rosplan_dispatch_msgs/msg/PlanFeedback.js)
Linked: (/home/dominika/tiago_public_ws/devel/.private/rosplan_dispatch_msgs/share/gennodejs/ros/rosplan_dispatch_msgs/msg/EsterelPlan.js, /home/dominika/tiago_public_ws/devel/share/gennodejs/ros/rosplan_dispatch_msgs/msg/EsterelPlan.js)
Linked: (/home/dominika/tiago_public_ws/devel/.private/rosplan_dispatch_msgs/share/gennodejs/ros/rosplan_dispatch_msgs/msg/ActionDispatch.js, /home/dominika/tiago_public_ws/devel/share/gennodejs/ros/rosplan_dispatch_msgs/msg/ActionDispatch.js)
Linked: (/home/dominika/tiago_public_ws/devel/.private/rosplan_dispatch_msgs/share/gennodejs/ros/rosplan_dispatch_msgs/msg/NonBlockingDispatchActionResult.js, /home/dominika/tiago_public_ws/devel/share/gennodejs/ros/rosplan_dispatch_msgs/msg/NonBlockingDispatchActionResult.js)
Linked: (/home/dominika/tiago_public_ws/devel/.private/rosplan_dispatch_msgs/share/gennodejs/ros/rosplan_dispatch_msgs/msg/NonBlockingDispatchAction.js, /home/dominika/tiago_public_ws/devel/share/gennodejs/ros/rosplan_dispatch_msgs/msg/NonBlockingDispatchAction.js)
Linked: (/home/dominika/tiago_public_ws/devel/.private/rosplan_dispatch_msgs/share/gennodejs/ros/rosplan_dispatch_msgs/msg/PlanGoal.js, /home/dominika/tiago_public_ws/devel/share/gennodejs/ros/rosplan_dispatch_msgs/msg/PlanGoal.js)
Linked: (/home/dominika/tiago_public_ws/devel/.private/rosplan_dispatch_msgs/share/gennodejs/ros/rosplan_dispatch_msgs/msg/_index.js, /home/dominika/tiago_public_ws/devel/share/gennodejs/ros/rosplan_dispatch_msgs/msg/_index.js)
Linked: (/home/dominika/tiago_public_ws/devel/.private/rosplan_dispatch_msgs/share/gennodejs/ros/rosplan_dispatch_msgs/msg/PlanActionGoal.js, /home/dominika/tiago_public_ws/devel/share/gennodejs/ros/rosplan_dispatch_msgs/msg/PlanActionGoal.js)
Linked: (/home/dominika/tiago_public_ws/devel/.private/rosplan_dispatch_msgs/share/gennodejs/ros/rosplan_dispatch_msgs/msg/PlanResult.js, /home/dominika/tiago_public_ws/devel/share/gennodejs/ros/rosplan_dispatch_msgs/msg/PlanResult.js)
Linked: (/home/dominika/tiago_public_ws/devel/.private/rosplan_dispatch_msgs/share/gennodejs/ros/rosplan_dispatch_msgs/msg/NonBlockingDispatchGoal.js, /home/dominika/tiago_public_ws/devel/share/gennodejs/ros/rosplan_dispatch_msgs/msg/NonBlockingDispatchGoal.js)
Linked: (/home/dominika/tiago_public_ws/devel/.private/rosplan_dispatch_msgs/share/gennodejs/ros/rosplan_dispatch_msgs/msg/PlanActionResult.js, /home/dominika/tiago_public_ws/devel/share/gennodejs/ros/rosplan_dispatch_msgs/msg/PlanActionResult.js)
Linked: (/home/dominika/tiago_public_ws/devel/.private/rosplan_dispatch_msgs/share/gennodejs/ros/rosplan_dispatch_msgs/msg/NonBlockingDispatchFeedback.js, /home/dominika/tiago_public_ws/devel/share/gennodejs/ros/rosplan_dispatch_msgs/msg/NonBlockingDispatchFeedback.js)
Linked: (/home/dominika/tiago_public_ws/devel/.private/rosplan_dispatch_msgs/share/gennodejs/ros/rosplan_dispatch_msgs/msg/PlanAction.js, /home/dominika/tiago_public_ws/devel/share/gennodejs/ros/rosplan_dispatch_msgs/msg/PlanAction.js)
Linked: (/home/dominika/tiago_public_ws/devel/.private/rosplan_dispatch_msgs/share/gennodejs/ros/rosplan_dispatch_msgs/msg/NonBlockingDispatchActionFeedback.js, /home/dominika/tiago_public_ws/devel/share/gennodejs/ros/rosplan_dispatch_msgs/msg/NonBlockingDispatchActionFeedback.js)
Linked: (/home/dominika/tiago_public_ws/devel/.private/rosplan_dispatch_msgs/share/gennodejs/ros/rosplan_dispatch_msgs/msg/PlanActionFeedback.js, /home/dominika/tiago_public_ws/devel/share/gennodejs/ros/rosplan_dispatch_msgs/msg/PlanActionFeedback.js)
Linked: (/home/dominika/tiago_public_ws/devel/.private/rosplan_dispatch_msgs/share/gennodejs/ros/rosplan_dispatch_msgs/msg/ActionFeedback.js, /home/dominika/tiago_public_ws/devel/share/gennodejs/ros/rosplan_dispatch_msgs/msg/ActionFeedback.js)
Linked: (/home/dominika/tiago_public_ws/devel/.private/rosplan_dispatch_msgs/share/gennodejs/ros/rosplan_dispatch_msgs/msg/NonBlockingDispatchResult.js, /home/dominika/tiago_public_ws/devel/share/gennodejs/ros/rosplan_dispatch_msgs/msg/NonBlockingDispatchResult.js)
Linked: (/home/dominika/tiago_public_ws/devel/.private/rosplan_dispatch_msgs/share/gennodejs/ros/rosplan_dispatch_msgs/msg/EsterelPlanEdge.js, /home/dominika/tiago_public_ws/devel/share/gennodejs/ros/rosplan_dispatch_msgs/msg/EsterelPlanEdge.js)
Linked: (/home/dominika/tiago_public_ws/devel/.private/rosplan_dispatch_msgs/share/roseus/ros/rosplan_dispatch_msgs/manifest.l, /home/dominika/tiago_public_ws/devel/share/roseus/ros/rosplan_dispatch_msgs/manifest.l)
Linked: (/home/dominika/tiago_public_ws/devel/.private/rosplan_dispatch_msgs/share/roseus/ros/rosplan_dispatch_msgs/srv/ParsingService.l, /home/dominika/tiago_public_ws/devel/share/roseus/ros/rosplan_dispatch_msgs/srv/ParsingService.l)
Linked: (/home/dominika/tiago_public_ws/devel/.private/rosplan_dispatch_msgs/share/roseus/ros/rosplan_dispatch_msgs/srv/PlanningService.l, /home/dominika/tiago_public_ws/devel/share/roseus/ros/rosplan_dispatch_msgs/srv/PlanningService.l)
Linked: (/home/dominika/tiago_public_ws/devel/.private/rosplan_dispatch_msgs/share/roseus/ros/rosplan_dispatch_msgs/srv/ProblemService.l, /home/dominika/tiago_public_ws/devel/share/roseus/ros/rosplan_dispatch_msgs/srv/ProblemService.l)
Linked: (/home/dominika/tiago_public_ws/devel/.private/rosplan_dispatch_msgs/share/roseus/ros/rosplan_dispatch_msgs/srv/DispatchService.l, /home/dominika/tiago_public_ws/devel/share/roseus/ros/rosplan_dispatch_msgs/srv/DispatchService.l)
Linked: (/home/dominika/tiago_public_ws/devel/.private/rosplan_dispatch_msgs/share/roseus/ros/rosplan_dispatch_msgs/srv/GetPlanningParams.l, /home/dominika/tiago_public_ws/devel/share/roseus/ros/rosplan_dispatch_msgs/srv/GetPlanningParams.l)
Linked: (/home/dominika/tiago_public_ws/devel/.private/rosplan_dispatch_msgs/share/roseus/ros/rosplan_dispatch_msgs/msg/PlanFeedback.l, /home/dominika/tiago_public_ws/devel/share/roseus/ros/rosplan_dispatch_msgs/msg/PlanFeedback.l)
Linked: (/home/dominika/tiago_public_ws/devel/.private/rosplan_dispatch_msgs/share/roseus/ros/rosplan_dispatch_msgs/msg/PlanAction.l, /home/dominika/tiago_public_ws/devel/share/roseus/ros/rosplan_dispatch_msgs/msg/PlanAction.l)
Linked: (/home/dominika/tiago_public_ws/devel/.private/rosplan_dispatch_msgs/share/roseus/ros/rosplan_dispatch_msgs/msg/NonBlockingDispatchAction.l, /home/dominika/tiago_public_ws/devel/share/roseus/ros/rosplan_dispatch_msgs/msg/NonBlockingDispatchAction.l)
Linked: (/home/dominika/tiago_public_ws/devel/.private/rosplan_dispatch_msgs/share/roseus/ros/rosplan_dispatch_msgs/msg/NonBlockingDispatchFeedback.l, /home/dominika/tiago_public_ws/devel/share/roseus/ros/rosplan_dispatch_msgs/msg/NonBlockingDispatchFeedback.l)
Linked: (/home/dominika/tiago_public_ws/devel/.private/rosplan_dispatch_msgs/share/roseus/ros/rosplan_dispatch_msgs/msg/NonBlockingDispatchActionFeedback.l, /home/dominika/tiago_public_ws/devel/share/roseus/ros/rosplan_dispatch_msgs/msg/NonBlockingDispatchActionFeedback.l)
Linked: (/home/dominika/tiago_public_ws/devel/.private/rosplan_dispatch_msgs/share/roseus/ros/rosplan_dispatch_msgs/msg/NonBlockingDispatchGoal.l, /home/dominika/tiago_public_ws/devel/share/roseus/ros/rosplan_dispatch_msgs/msg/NonBlockingDispatchGoal.l)
Linked: (/home/dominika/tiago_public_ws/devel/.private/rosplan_dispatch_msgs/share/roseus/ros/rosplan_dispatch_msgs/msg/ActionDispatch.l, /home/dominika/tiago_public_ws/devel/share/roseus/ros/rosplan_dispatch_msgs/msg/ActionDispatch.l)
Linked: (/home/dominika/tiago_public_ws/devel/.private/rosplan_dispatch_msgs/share/roseus/ros/rosplan_dispatch_msgs/msg/PlanActionFeedback.l, /home/dominika/tiago_public_ws/devel/share/roseus/ros/rosplan_dispatch_msgs/msg/PlanActionFeedback.l)
Linked: (/home/dominika/tiago_public_ws/devel/.private/rosplan_dispatch_msgs/share/roseus/ros/rosplan_dispatch_msgs/msg/EsterelPlanEdge.l, /home/dominika/tiago_public_ws/devel/share/roseus/ros/rosplan_dispatch_msgs/msg/EsterelPlanEdge.l)
Linked: (/home/dominika/tiago_public_ws/devel/.private/rosplan_dispatch_msgs/share/roseus/ros/rosplan_dispatch_msgs/msg/PlanGoal.l, /home/dominika/tiago_public_ws/devel/share/roseus/ros/rosplan_dispatch_msgs/msg/PlanGoal.l)
Linked: (/home/dominika/tiago_public_ws/devel/.private/rosplan_dispatch_msgs/share/roseus/ros/rosplan_dispatch_msgs/msg/ActionFeedback.l, /home/dominika/tiago_public_ws/devel/share/roseus/ros/rosplan_dispatch_msgs/msg/ActionFeedback.l)
Linked: (/home/dominika/tiago_public_ws/devel/.private/rosplan_dispatch_msgs/share/roseus/ros/rosplan_dispatch_msgs/msg/EsterelPlan.l, /home/dominika/tiago_public_ws/devel/share/roseus/ros/rosplan_dispatch_msgs/msg/EsterelPlan.l)
Linked: (/home/dominika/tiago_public_ws/devel/.private/rosplan_dispatch_msgs/share/roseus/ros/rosplan_dispatch_msgs/msg/NonBlockingDispatchResult.l, /home/dominika/tiago_public_ws/devel/share/roseus/ros/rosplan_dispatch_msgs/msg/NonBlockingDispatchResult.l)
Linked: (/home/dominika/tiago_public_ws/devel/.private/rosplan_dispatch_msgs/share/roseus/ros/rosplan_dispatch_msgs/msg/CompletePlan.l, /home/dominika/tiago_public_ws/devel/share/roseus/ros/rosplan_dispatch_msgs/msg/CompletePlan.l)
Linked: (/home/dominika/tiago_public_ws/devel/.private/rosplan_dispatch_msgs/share/roseus/ros/rosplan_dispatch_msgs/msg/PlanActionGoal.l, /home/dominika/tiago_public_ws/devel/share/roseus/ros/rosplan_dispatch_msgs/msg/PlanActionGoal.l)
Linked: (/home/dominika/tiago_public_ws/devel/.private/rosplan_dispatch_msgs/share/roseus/ros/rosplan_dispatch_msgs/msg/PlanResult.l, /home/dominika/tiago_public_ws/devel/share/roseus/ros/rosplan_dispatch_msgs/msg/PlanResult.l)
Linked: (/home/dominika/tiago_public_ws/devel/.private/rosplan_dispatch_msgs/share/roseus/ros/rosplan_dispatch_msgs/msg/EsterelPlanNode.l, /home/dominika/tiago_public_ws/devel/share/roseus/ros/rosplan_dispatch_msgs/msg/EsterelPlanNode.l)
Linked: (/home/dominika/tiago_public_ws/devel/.private/rosplan_dispatch_msgs/share/roseus/ros/rosplan_dispatch_msgs/msg/PlanActionResult.l, /home/dominika/tiago_public_ws/devel/share/roseus/ros/rosplan_dispatch_msgs/msg/PlanActionResult.l)
Linked: (/home/dominika/tiago_public_ws/devel/.private/rosplan_dispatch_msgs/share/roseus/ros/rosplan_dispatch_msgs/msg/NonBlockingDispatchActionGoal.l, /home/dominika/tiago_public_ws/devel/share/roseus/ros/rosplan_dispatch_msgs/msg/NonBlockingDispatchActionGoal.l)
Linked: (/home/dominika/tiago_public_ws/devel/.private/rosplan_dispatch_msgs/share/roseus/ros/rosplan_dispatch_msgs/msg/NonBlockingDispatchActionResult.l, /home/dominika/tiago_public_ws/devel/share/roseus/ros/rosplan_dispatch_msgs/msg/NonBlockingDispatchActionResult.l)
Linked: (/home/dominika/tiago_public_ws/devel/.private/rosplan_dispatch_msgs/include/rosplan_dispatch_msgs/EsterelPlan.h, /home/dominika/tiago_public_ws/devel/include/rosplan_dispatch_msgs/EsterelPlan.h)
Linked: (/home/dominika/tiago_public_ws/devel/.private/rosplan_dispatch_msgs/include/rosplan_dispatch_msgs/ProblemService.h, /home/dominika/tiago_public_ws/devel/include/rosplan_dispatch_msgs/ProblemService.h)
Linked: (/home/dominika/tiago_public_ws/devel/.private/rosplan_dispatch_msgs/include/rosplan_dispatch_msgs/PlanningService.h, /home/dominika/tiago_public_ws/devel/include/rosplan_dispatch_msgs/PlanningService.h)
Linked: (/home/dominika/tiago_public_ws/devel/.private/rosplan_dispatch_msgs/include/rosplan_dispatch_msgs/PlanFeedback.h, /home/dominika/tiago_public_ws/devel/include/rosplan_dispatch_msgs/PlanFeedback.h)
Linked: (/home/dominika/tiago_public_ws/devel/.private/rosplan_dispatch_msgs/include/rosplan_dispatch_msgs/ProblemServiceRequest.h, /home/dominika/tiago_public_ws/devel/include/rosplan_dispatch_msgs/ProblemServiceRequest.h)
Linked: (/home/dominika/tiago_public_ws/devel/.private/rosplan_dispatch_msgs/include/rosplan_dispatch_msgs/CompletePlan.h, /home/dominika/tiago_public_ws/devel/include/rosplan_dispatch_msgs/CompletePlan.h)
Linked: (/home/dominika/tiago_public_ws/devel/.private/rosplan_dispatch_msgs/include/rosplan_dispatch_msgs/NonBlockingDispatchActionResult.h, /home/dominika/tiago_public_ws/devel/include/rosplan_dispatch_msgs/NonBlockingDispatchActionResult.h)
Linked: (/home/dominika/tiago_public_ws/devel/.private/rosplan_dispatch_msgs/include/rosplan_dispatch_msgs/GetPlanningParamsRequest.h, /home/dominika/tiago_public_ws/devel/include/rosplan_dispatch_msgs/GetPlanningParamsRequest.h)
Linked: (/home/dominika/tiago_public_ws/devel/.private/rosplan_dispatch_msgs/include/rosplan_dispatch_msgs/ParsingServiceRequest.h, /home/dominika/tiago_public_ws/devel/include/rosplan_dispatch_msgs/ParsingServiceRequest.h)
Linked: (/home/dominika/tiago_public_ws/devel/.private/rosplan_dispatch_msgs/include/rosplan_dispatch_msgs/DispatchService.h, /home/dominika/tiago_public_ws/devel/include/rosplan_dispatch_msgs/DispatchService.h)
Linked: (/home/dominika/tiago_public_ws/devel/.private/rosplan_dispatch_msgs/include/rosplan_dispatch_msgs/NonBlockingDispatchFeedback.h, /home/dominika/tiago_public_ws/devel/include/rosplan_dispatch_msgs/NonBlockingDispatchFeedback.h)
Linked: (/home/dominika/tiago_public_ws/devel/.private/rosplan_dispatch_msgs/include/rosplan_dispatch_msgs/NonBlockingDispatchActionFeedback.h, /home/dominika/tiago_public_ws/devel/include/rosplan_dispatch_msgs/NonBlockingDispatchActionFeedback.h)
Linked: (/home/dominika/tiago_public_ws/devel/.private/rosplan_dispatch_msgs/include/rosplan_dispatch_msgs/PlanAction.h, /home/dominika/tiago_public_ws/devel/include/rosplan_dispatch_msgs/PlanAction.h)
Linked: (/home/dominika/tiago_public_ws/devel/.private/rosplan_dispatch_msgs/include/rosplan_dispatch_msgs/PlanResult.h, /home/dominika/tiago_public_ws/devel/include/rosplan_dispatch_msgs/PlanResult.h)
Linked: (/home/dominika/tiago_public_ws/devel/.private/rosplan_dispatch_msgs/include/rosplan_dispatch_msgs/ParsingServiceResponse.h, /home/dominika/tiago_public_ws/devel/include/rosplan_dispatch_msgs/ParsingServiceResponse.h)
Linked: (/home/dominika/tiago_public_ws/devel/.private/rosplan_dispatch_msgs/include/rosplan_dispatch_msgs/NonBlockingDispatchResult.h, /home/dominika/tiago_public_ws/devel/include/rosplan_dispatch_msgs/NonBlockingDispatchResult.h)
Linked: (/home/dominika/tiago_public_ws/devel/.private/rosplan_dispatch_msgs/include/rosplan_dispatch_msgs/NonBlockingDispatchActionGoal.h, /home/dominika/tiago_public_ws/devel/include/rosplan_dispatch_msgs/NonBlockingDispatchActionGoal.h)
Linked: (/home/dominika/tiago_public_ws/devel/.private/rosplan_dispatch_msgs/include/rosplan_dispatch_msgs/NonBlockingDispatchGoal.h, /home/dominika/tiago_public_ws/devel/include/rosplan_dispatch_msgs/NonBlockingDispatchGoal.h)
Linked: (/home/dominika/tiago_public_ws/devel/.private/rosplan_dispatch_msgs/include/rosplan_dispatch_msgs/PlanActionResult.h, /home/dominika/tiago_public_ws/devel/include/rosplan_dispatch_msgs/PlanActionResult.h)
Linked: (/home/dominika/tiago_public_ws/devel/.private/rosplan_dispatch_msgs/include/rosplan_dispatch_msgs/PlanningServiceRequest.h, /home/dominika/tiago_public_ws/devel/include/rosplan_dispatch_msgs/PlanningServiceRequest.h)
Linked: (/home/dominika/tiago_public_ws/devel/.private/rosplan_dispatch_msgs/include/rosplan_dispatch_msgs/DispatchServiceRequest.h, /home/dominika/tiago_public_ws/devel/include/rosplan_dispatch_msgs/DispatchServiceRequest.h)
Linked: (/home/dominika/tiago_public_ws/devel/.private/rosplan_dispatch_msgs/include/rosplan_dispatch_msgs/PlanActionFeedback.h, /home/dominika/tiago_public_ws/devel/include/rosplan_dispatch_msgs/PlanActionFeedback.h)
Linked: (/home/dominika/tiago_public_ws/devel/.private/rosplan_dispatch_msgs/include/rosplan_dispatch_msgs/PlanningServiceResponse.h, /home/dominika/tiago_public_ws/devel/include/rosplan_dispatch_msgs/PlanningServiceResponse.h)
Linked: (/home/dominika/tiago_public_ws/devel/.private/rosplan_dispatch_msgs/include/rosplan_dispatch_msgs/PlanGoal.h, /home/dominika/tiago_public_ws/devel/include/rosplan_dispatch_msgs/PlanGoal.h)
Linked: (/home/dominika/tiago_public_ws/devel/.private/rosplan_dispatch_msgs/include/rosplan_dispatch_msgs/NonBlockingDispatchAction.h, /home/dominika/tiago_public_ws/devel/include/rosplan_dispatch_msgs/NonBlockingDispatchAction.h)
Linked: (/home/dominika/tiago_public_ws/devel/.private/rosplan_dispatch_msgs/include/rosplan_dispatch_msgs/GetPlanningParamsResponse.h, /home/dominika/tiago_public_ws/devel/include/rosplan_dispatch_msgs/GetPlanningParamsResponse.h)
Linked: (/home/dominika/tiago_public_ws/devel/.private/rosplan_dispatch_msgs/include/rosplan_dispatch_msgs/ProblemServiceResponse.h, /home/dominika/tiago_public_ws/devel/include/rosplan_dispatch_msgs/ProblemServiceResponse.h)
Linked: (/home/dominika/tiago_public_ws/devel/.private/rosplan_dispatch_msgs/include/rosplan_dispatch_msgs/EsterelPlanNode.h, /home/dominika/tiago_public_ws/devel/include/rosplan_dispatch_msgs/EsterelPlanNode.h)
Linked: (/home/dominika/tiago_public_ws/devel/.private/rosplan_dispatch_msgs/include/rosplan_dispatch_msgs/GetPlanningParams.h, /home/dominika/tiago_public_ws/devel/include/rosplan_dispatch_msgs/GetPlanningParams.h)
Linked: (/home/dominika/tiago_public_ws/devel/.private/rosplan_dispatch_msgs/include/rosplan_dispatch_msgs/ActionFeedback.h, /home/dominika/tiago_public_ws/devel/include/rosplan_dispatch_msgs/ActionFeedback.h)
Linked: (/home/dominika/tiago_public_ws/devel/.private/rosplan_dispatch_msgs/include/rosplan_dispatch_msgs/EsterelPlanEdge.h, /home/dominika/tiago_public_ws/devel/include/rosplan_dispatch_msgs/EsterelPlanEdge.h)
Linked: (/home/dominika/tiago_public_ws/devel/.private/rosplan_dispatch_msgs/include/rosplan_dispatch_msgs/DispatchServiceResponse.h, /home/dominika/tiago_public_ws/devel/include/rosplan_dispatch_msgs/DispatchServiceResponse.h)
Linked: (/home/dominika/tiago_public_ws/devel/.private/rosplan_dispatch_msgs/include/rosplan_dispatch_msgs/ParsingService.h, /home/dominika/tiago_public_ws/devel/include/rosplan_dispatch_msgs/ParsingService.h)
Linked: (/home/dominika/tiago_public_ws/devel/.private/rosplan_dispatch_msgs/include/rosplan_dispatch_msgs/PlanActionGoal.h, /home/dominika/tiago_public_ws/devel/include/rosplan_dispatch_msgs/PlanActionGoal.h)
Linked: (/home/dominika/tiago_public_ws/devel/.private/rosplan_dispatch_msgs/include/rosplan_dispatch_msgs/ActionDispatch.h, /home/dominika/tiago_public_ws/devel/include/rosplan_dispatch_msgs/ActionDispatch.h)
