[  0%] Built target _pardon_action_server_generate_messages_check_deps_TurnToHumanActionGoal
[  0%] Built target _pardon_action_server_generate_messages_check_deps_TurnToHumanAction
[  0%] Built target actionlib_msgs_generate_messages_nodejs
[  0%] Built target _pardon_action_server_generate_messages_check_deps_TurnToHumanActionFeedback
[  0%] Built target _pardon_action_server_generate_messages_check_deps_TurnToHumanFeedback
[  0%] Built target _pardon_action_server_generate_messages_check_deps_TurnToHumanResult
[  0%] Built target std_msgs_generate_messages_nodejs
[  0%] Built target geometry_msgs_generate_messages_nodejs
[  0%] Built target _pardon_action_server_generate_messages_check_deps_TurnToHumanGoal
[  0%] Built target _pardon_action_server_generate_messages_check_deps_TurnToHumanActionResult
[  0%] Built target geometry_msgs_generate_messages_lisp
[  0%] Built target actionlib_msgs_generate_messages_lisp
[  0%] Built target std_msgs_generate_messages_lisp
[  0%] Built target geometry_msgs_generate_messages_eus
[  0%] Built target actionlib_msgs_generate_messages_eus
[  0%] Built target std_msgs_generate_messages_eus
[  0%] Built target geometry_msgs_generate_messages_cpp
[  0%] Built target std_msgs_generate_messages_cpp
[  0%] Built target actionlib_msgs_generate_messages_cpp
[  0%] Built target actionlib_msgs_generate_messages_py
[  0%] Built target std_msgs_generate_messages_py
[  0%] Built target geometry_msgs_generate_messages_py
[  9%] Built target pardon_action_server
[ 26%] Built target pardon_action_server_generate_messages_nodejs
[ 43%] Built target pardon_action_server_generate_messages_lisp
[ 63%] Built target pardon_action_server_generate_messages_eus
[ 80%] Built target pardon_action_server_generate_messages_cpp
[100%] Built target pardon_action_server_generate_messages_py
[100%] Built target pardon_action_server_generate_messages
