[  0%] Built target _pardon_action_server_generate_messages_check_deps_TurnToHumanActionGoal
[  0%] Built target _pardon_action_server_generate_messages_check_deps_TurnToHumanAction
[  0%] Built target actionlib_msgs_generate_messages_nodejs
[  0%] Built target _pardon_action_server_generate_messages_check_deps_TurnToHumanActionFeedback
[  0%] Built target _pardon_action_server_generate_messages_check_deps_TurnToHumanFeedback
[  0%] Built target _pardon_action_server_generate_messages_check_deps_TurnToHumanResult
[  0%] Built target std_msgs_generate_messages_nodejs
[  0%] Built target geometry_msgs_generate_messages_nodejs
[  0%] Built target _pardon_action_server_generate_messages_check_deps_TurnToHumanGoal
[  0%] Built target _pardon_action_server_generate_messages_check_deps_TurnToHumanActionResult
[  0%] Built target geometry_msgs_generate_messages_lisp
[  0%] Built target actionlib_msgs_generate_messages_lisp
[  0%] Built target std_msgs_generate_messages_lisp
[  0%] Built target geometry_msgs_generate_messages_eus
[  0%] Built target actionlib_msgs_generate_messages_eus
[  0%] Built target std_msgs_generate_messages_eus
[  0%] Built target geometry_msgs_generate_messages_cpp
[  0%] Built target std_msgs_generate_messages_cpp
[  0%] Built target actionlib_msgs_generate_messages_cpp
[  0%] Built target actionlib_msgs_generate_messages_py
[  0%] Built target std_msgs_generate_messages_py
[  0%] Built target geometry_msgs_generate_messages_py
[  2%] [32mBuilding CXX object CMakeFiles/pardon_action_server.dir/src/main.cxx.o[0m
[  4%] [32mBuilding CXX object CMakeFiles/pardon_action_server.dir/src/TurnToHumanActionServer.cxx.o[0m
[  7%] [32mBuilding CXX object CMakeFiles/pardon_action_server.dir/src/util.cxx.o[0m
[  9%] [32m[1mLinking CXX executable /home/dominika/tiago_public_ws/devel/.private/pardon_action_server/lib/pardon_action_server/pardon_action_server[0m
[  9%] Built target pardon_action_server
[ 26%] Built target pardon_action_server_generate_messages_nodejs
[ 43%] Built target pardon_action_server_generate_messages_lisp
[ 63%] Built target pardon_action_server_generate_messages_eus
[ 80%] Built target pardon_action_server_generate_messages_cpp
[100%] Built target pardon_action_server_generate_messages_py
[100%] Built target pardon_action_server_generate_messages
