[  0%] Built target _pardon_action_server_generate_messages_check_deps_TurnToHumanActionGoal
[  0%] Built target _pardon_action_server_generate_messages_check_deps_TurnToHumanAction
[  0%] Built target actionlib_msgs_generate_messages_nodejs
[  0%] Built target _pardon_action_server_generate_messages_check_deps_TurnToHumanActionFeedback
[  0%] Built target _pardon_action_server_generate_messages_check_deps_TurnToHumanFeedback
[  0%] Built target _pardon_action_server_generate_messages_check_deps_TurnToHumanResult
[  0%] Built target std_msgs_generate_messages_nodejs
[  0%] Built target geometry_msgs_generate_messages_nodejs
[  0%] Built target _pardon_action_server_generate_messages_check_deps_TurnToHumanGoal
[  0%] Built target _pardon_action_server_generate_messages_check_deps_TurnToHumanActionResult
[  0%] Built target geometry_msgs_generate_messages_lisp
[  0%] Built target actionlib_msgs_generate_messages_lisp
[  0%] Built target std_msgs_generate_messages_lisp
[  0%] Built target geometry_msgs_generate_messages_eus
[  0%] Built target actionlib_msgs_generate_messages_eus
[  0%] Built target std_msgs_generate_messages_eus
[  0%] Built target geometry_msgs_generate_messages_cpp
[  0%] Built target std_msgs_generate_messages_cpp
[  0%] Built target actionlib_msgs_generate_messages_cpp
[  0%] Built target actionlib_msgs_generate_messages_py
[  0%] Built target std_msgs_generate_messages_py
[  0%] Built target geometry_msgs_generate_messages_py
[35m[1mScanning dependencies of target pardon_action_server_generate_messages_nodejs[0m
[  2%] [34m[1mGenerating Javascript code from pardon_action_server/TurnToHumanActionResult.msg[0m
[  5%] [34m[1mGenerating Javascript code from pardon_action_server/TurnToHumanAction.msg[0m
[  8%] [34m[1mGenerating Javascript code from pardon_action_server/TurnToHumanGoal.msg[0m
[ 10%] [34m[1mGenerating Javascript code from pardon_action_server/TurnToHumanActionGoal.msg[0m
[ 13%] [34m[1mGenerating Javascript code from pardon_action_server/TurnToHumanActionFeedback.msg[0m
[ 16%] [34m[1mGenerating Javascript code from pardon_action_server/TurnToHumanResult.msg[0m
[ 18%] [34m[1mGenerating Javascript code from pardon_action_server/TurnToHumanFeedback.msg[0m
[ 18%] Built target pardon_action_server_generate_messages_nodejs
[35m[1mScanning dependencies of target pardon_action_server_generate_messages_lisp[0m
[ 21%] [34m[1mGenerating Lisp code from pardon_action_server/TurnToHumanActionResult.msg[0m
[ 24%] [34m[1mGenerating Lisp code from pardon_action_server/TurnToHumanAction.msg[0m
[ 27%] [34m[1mGenerating Lisp code from pardon_action_server/TurnToHumanGoal.msg[0m
[ 29%] [34m[1mGenerating Lisp code from pardon_action_server/TurnToHumanActionGoal.msg[0m
[ 32%] [34m[1mGenerating Lisp code from pardon_action_server/TurnToHumanActionFeedback.msg[0m
[ 35%] [34m[1mGenerating Lisp code from pardon_action_server/TurnToHumanResult.msg[0m
[ 37%] [34m[1mGenerating Lisp code from pardon_action_server/TurnToHumanFeedback.msg[0m
[ 37%] Built target pardon_action_server_generate_messages_lisp
[35m[1mScanning dependencies of target pardon_action_server_generate_messages_eus[0m
[ 40%] [34m[1mGenerating EusLisp code from pardon_action_server/TurnToHumanActionResult.msg[0m
[ 43%] [34m[1mGenerating EusLisp code from pardon_action_server/TurnToHumanAction.msg[0m
[ 45%] [34m[1mGenerating EusLisp code from pardon_action_server/TurnToHumanGoal.msg[0m
[ 48%] [34m[1mGenerating EusLisp code from pardon_action_server/TurnToHumanActionGoal.msg[0m
[ 51%] [34m[1mGenerating EusLisp code from pardon_action_server/TurnToHumanActionFeedback.msg[0m
[ 54%] [34m[1mGenerating EusLisp code from pardon_action_server/TurnToHumanResult.msg[0m
[ 56%] [34m[1mGenerating EusLisp code from pardon_action_server/TurnToHumanFeedback.msg[0m
[ 59%] [34m[1mGenerating EusLisp manifest code for pardon_action_server[0m
[ 59%] Built target pardon_action_server_generate_messages_eus
[35m[1mScanning dependencies of target pardon_action_server_generate_messages_cpp[0m
[ 62%] [34m[1mGenerating C++ code from pardon_action_server/TurnToHumanActionResult.msg[0m
[ 64%] [34m[1mGenerating C++ code from pardon_action_server/TurnToHumanAction.msg[0m
[ 67%] [34m[1mGenerating C++ code from pardon_action_server/TurnToHumanGoal.msg[0m
[ 70%] [34m[1mGenerating C++ code from pardon_action_server/TurnToHumanActionGoal.msg[0m
[ 72%] [34m[1mGenerating C++ code from pardon_action_server/TurnToHumanActionFeedback.msg[0m
[ 75%] [34m[1mGenerating C++ code from pardon_action_server/TurnToHumanResult.msg[0m
[ 78%] [34m[1mGenerating C++ code from pardon_action_server/TurnToHumanFeedback.msg[0m
[ 78%] Built target pardon_action_server_generate_messages_cpp
[35m[1mScanning dependencies of target pardon_action_server_generate_messages_py[0m
[ 81%] [34m[1mGenerating Python from MSG pardon_action_server/TurnToHumanActionResult[0m
[ 83%] [34m[1mGenerating Python from MSG pardon_action_server/TurnToHumanAction[0m
[ 86%] [34m[1mGenerating Python from MSG pardon_action_server/TurnToHumanGoal[0m
[ 89%] [34m[1mGenerating Python from MSG pardon_action_server/TurnToHumanActionGoal[0m
[ 91%] [34m[1mGenerating Python from MSG pardon_action_server/TurnToHumanActionFeedback[0m
[ 94%] [34m[1mGenerating Python from MSG pardon_action_server/TurnToHumanResult[0m
[ 97%] [34m[1mGenerating Python from MSG pardon_action_server/TurnToHumanFeedback[0m
[100%] [34m[1mGenerating Python msg __init__.py for pardon_action_server[0m
[100%] Built target pardon_action_server_generate_messages_py
[35m[1mScanning dependencies of target pardon_action_server_generate_messages[0m
[100%] Built target pardon_action_server_generate_messages
