Symlinking /home/dominika/tiago_public_ws/devel/lib/python2.7/dist-packages/pardon_action_server/__init__.py
Symlinking /home/dominika/tiago_public_ws/devel/lib/python2.7/dist-packages/pardon_action_server/msg/_TurnToHumanGoal.py
Symlinking /home/dominika/tiago_public_ws/devel/lib/python2.7/dist-packages/pardon_action_server/msg/_TurnToHumanActionResult.py
Symlinking /home/dominika/tiago_public_ws/devel/lib/python2.7/dist-packages/pardon_action_server/msg/_TurnToHumanActionGoal.py
Symlinking /home/dominika/tiago_public_ws/devel/lib/python2.7/dist-packages/pardon_action_server/msg/_TurnToHumanFeedback.py
Symlinking /home/dominika/tiago_public_ws/devel/lib/python2.7/dist-packages/pardon_action_server/msg/_TurnToHumanActionFeedback.py
Symlinking /home/dominika/tiago_public_ws/devel/lib/python2.7/dist-packages/pardon_action_server/msg/_TurnToHumanResult.py
Symlinking /home/dominika/tiago_public_ws/devel/lib/python2.7/dist-packages/pardon_action_server/msg/__init__.py
Symlinking /home/dominika/tiago_public_ws/devel/lib/python2.7/dist-packages/pardon_action_server/msg/_TurnToHumanAction.py
Symlinking /home/dominika/tiago_public_ws/devel/lib/pkgconfig/pardon_action_server.pc
Symlinking /home/dominika/tiago_public_ws/devel/share/pardon_action_server/msg/TurnToHumanGoal.msg
Symlinking /home/dominika/tiago_public_ws/devel/share/pardon_action_server/msg/TurnToHumanActionGoal.msg
Symlinking /home/dominika/tiago_public_ws/devel/share/pardon_action_server/msg/TurnToHumanAction.msg
Symlinking /home/dominika/tiago_public_ws/devel/share/pardon_action_server/msg/TurnToHumanActionResult.msg
Symlinking /home/dominika/tiago_public_ws/devel/share/pardon_action_server/msg/TurnToHumanFeedback.msg
Symlinking /home/dominika/tiago_public_ws/devel/share/pardon_action_server/msg/TurnToHumanResult.msg
Symlinking /home/dominika/tiago_public_ws/devel/share/pardon_action_server/msg/TurnToHumanActionFeedback.msg
Symlinking /home/dominika/tiago_public_ws/devel/share/pardon_action_server/cmake/pardon_action_server-msg-extras.cmake
Symlinking /home/dominika/tiago_public_ws/devel/share/pardon_action_server/cmake/pardon_action_serverConfig.cmake
Symlinking /home/dominika/tiago_public_ws/devel/share/pardon_action_server/cmake/pardon_action_serverConfig-version.cmake
Symlinking /home/dominika/tiago_public_ws/devel/share/pardon_action_server/cmake/pardon_action_server-msg-paths.cmake
Symlinking /home/dominika/tiago_public_ws/devel/share/common-lisp/ros/pardon_action_server/msg/pardon_action_server-msg.asd
Symlinking /home/dominika/tiago_public_ws/devel/share/common-lisp/ros/pardon_action_server/msg/_package_TurnToHumanFeedback.lisp
Symlinking /home/dominika/tiago_public_ws/devel/share/common-lisp/ros/pardon_action_server/msg/TurnToHumanAction.lisp
Symlinking /home/dominika/tiago_public_ws/devel/share/common-lisp/ros/pardon_action_server/msg/TurnToHumanActionResult.lisp
Symlinking /home/dominika/tiago_public_ws/devel/share/common-lisp/ros/pardon_action_server/msg/TurnToHumanActionFeedback.lisp
Symlinking /home/dominika/tiago_public_ws/devel/share/common-lisp/ros/pardon_action_server/msg/_package_TurnToHumanResult.lisp
Symlinking /home/dominika/tiago_public_ws/devel/share/common-lisp/ros/pardon_action_server/msg/_package_TurnToHumanAction.lisp
Symlinking /home/dominika/tiago_public_ws/devel/share/common-lisp/ros/pardon_action_server/msg/_package.lisp
Symlinking /home/dominika/tiago_public_ws/devel/share/common-lisp/ros/pardon_action_server/msg/_package_TurnToHumanActionGoal.lisp
Symlinking /home/dominika/tiago_public_ws/devel/share/common-lisp/ros/pardon_action_server/msg/_package_TurnToHumanActionResult.lisp
Symlinking /home/dominika/tiago_public_ws/devel/share/common-lisp/ros/pardon_action_server/msg/TurnToHumanFeedback.lisp
Symlinking /home/dominika/tiago_public_ws/devel/share/common-lisp/ros/pardon_action_server/msg/_package_TurnToHumanGoal.lisp
Symlinking /home/dominika/tiago_public_ws/devel/share/common-lisp/ros/pardon_action_server/msg/TurnToHumanGoal.lisp
Symlinking /home/dominika/tiago_public_ws/devel/share/common-lisp/ros/pardon_action_server/msg/_package_TurnToHumanActionFeedback.lisp
Symlinking /home/dominika/tiago_public_ws/devel/share/common-lisp/ros/pardon_action_server/msg/TurnToHumanResult.lisp
Symlinking /home/dominika/tiago_public_ws/devel/share/common-lisp/ros/pardon_action_server/msg/TurnToHumanActionGoal.lisp
Symlinking /home/dominika/tiago_public_ws/devel/share/gennodejs/ros/pardon_action_server/_index.js
Symlinking /home/dominika/tiago_public_ws/devel/share/gennodejs/ros/pardon_action_server/msg/TurnToHumanActionResult.js
Symlinking /home/dominika/tiago_public_ws/devel/share/gennodejs/ros/pardon_action_server/msg/TurnToHumanFeedback.js
Symlinking /home/dominika/tiago_public_ws/devel/share/gennodejs/ros/pardon_action_server/msg/TurnToHumanGoal.js
Symlinking /home/dominika/tiago_public_ws/devel/share/gennodejs/ros/pardon_action_server/msg/_index.js
Symlinking /home/dominika/tiago_public_ws/devel/share/gennodejs/ros/pardon_action_server/msg/TurnToHumanActionFeedback.js
Symlinking /home/dominika/tiago_public_ws/devel/share/gennodejs/ros/pardon_action_server/msg/TurnToHumanAction.js
Symlinking /home/dominika/tiago_public_ws/devel/share/gennodejs/ros/pardon_action_server/msg/TurnToHumanActionGoal.js
Symlinking /home/dominika/tiago_public_ws/devel/share/gennodejs/ros/pardon_action_server/msg/TurnToHumanResult.js
Symlinking /home/dominika/tiago_public_ws/devel/share/roseus/ros/pardon_action_server/manifest.l
Symlinking /home/dominika/tiago_public_ws/devel/share/roseus/ros/pardon_action_server/msg/TurnToHumanResult.l
Symlinking /home/dominika/tiago_public_ws/devel/share/roseus/ros/pardon_action_server/msg/TurnToHumanAction.l
Symlinking /home/dominika/tiago_public_ws/devel/share/roseus/ros/pardon_action_server/msg/TurnToHumanGoal.l
Symlinking /home/dominika/tiago_public_ws/devel/share/roseus/ros/pardon_action_server/msg/TurnToHumanFeedback.l
Symlinking /home/dominika/tiago_public_ws/devel/share/roseus/ros/pardon_action_server/msg/TurnToHumanActionGoal.l
Symlinking /home/dominika/tiago_public_ws/devel/share/roseus/ros/pardon_action_server/msg/TurnToHumanActionResult.l
Symlinking /home/dominika/tiago_public_ws/devel/share/roseus/ros/pardon_action_server/msg/TurnToHumanActionFeedback.l
Symlinking /home/dominika/tiago_public_ws/devel/include/pardon_action_server/TurnToHumanGoal.h
Symlinking /home/dominika/tiago_public_ws/devel/include/pardon_action_server/TurnToHumanActionGoal.h
Symlinking /home/dominika/tiago_public_ws/devel/include/pardon_action_server/TurnToHumanActionFeedback.h
Symlinking /home/dominika/tiago_public_ws/devel/include/pardon_action_server/TurnToHumanActionResult.h
Symlinking /home/dominika/tiago_public_ws/devel/include/pardon_action_server/TurnToHumanResult.h
Symlinking /home/dominika/tiago_public_ws/devel/include/pardon_action_server/TurnToHumanFeedback.h
Symlinking /home/dominika/tiago_public_ws/devel/include/pardon_action_server/TurnToHumanAction.h
