[35m[1mScanning dependencies of target std_msgs_generate_messages_cpp[0m
[  0%] Built target std_msgs_generate_messages_cpp
[35m[1mScanning dependencies of target _pardon_action_server_generate_messages_check_deps_TurnToHumanGoal[0m
[  0%] Built target _pardon_action_server_generate_messages_check_deps_TurnToHumanGoal
[35m[1mScanning dependencies of target actionlib_msgs_generate_messages_cpp[0m
[  0%] Built target actionlib_msgs_generate_messages_cpp
[35m[1mScanning dependencies of target _pardon_action_server_generate_messages_check_deps_TurnToHumanActionResult[0m
[  0%] Built target _pardon_action_server_generate_messages_check_deps_TurnToHumanActionResult
[35m[1mScanning dependencies of target _pardon_action_server_generate_messages_check_deps_TurnToHumanActionGoal[0m
[  0%] Built target _pardon_action_server_generate_messages_check_deps_TurnToHumanActionGoal
[35m[1mScanning dependencies of target geometry_msgs_generate_messages_cpp[0m
[  0%] Built target geometry_msgs_generate_messages_cpp
[35m[1mScanning dependencies of target _pardon_action_server_generate_messages_check_deps_TurnToHumanAction[0m
[  0%] Built target _pardon_action_server_generate_messages_check_deps_TurnToHumanAction
[35m[1mScanning dependencies of target _pardon_action_server_generate_messages_check_deps_TurnToHumanActionFeedback[0m
[  0%] Built target _pardon_action_server_generate_messages_check_deps_TurnToHumanActionFeedback
[35m[1mScanning dependencies of target _pardon_action_server_generate_messages_check_deps_TurnToHumanFeedback[0m
[  0%] Built target _pardon_action_server_generate_messages_check_deps_TurnToHumanFeedback
[35m[1mScanning dependencies of target _pardon_action_server_generate_messages_check_deps_TurnToHumanResult[0m
[  0%] Built target _pardon_action_server_generate_messages_check_deps_TurnToHumanResult
[35m[1mScanning dependencies of target geometry_msgs_generate_messages_py[0m
[  0%] Built target geometry_msgs_generate_messages_py
[35m[1mScanning dependencies of target actionlib_msgs_generate_messages_py[0m
[  0%] Built target actionlib_msgs_generate_messages_py
[35m[1mScanning dependencies of target std_msgs_generate_messages_py[0m
[  0%] Built target std_msgs_generate_messages_py
[35m[1mScanning dependencies of target geometry_msgs_generate_messages_nodejs[0m
[  0%] Built target geometry_msgs_generate_messages_nodejs
[35m[1mScanning dependencies of target actionlib_msgs_generate_messages_nodejs[0m
[  0%] Built target actionlib_msgs_generate_messages_nodejs
[35m[1mScanning dependencies of target std_msgs_generate_messages_nodejs[0m
[  0%] Built target std_msgs_generate_messages_nodejs
[35m[1mScanning dependencies of target std_msgs_generate_messages_lisp[0m
[  0%] Built target std_msgs_generate_messages_lisp
[35m[1mScanning dependencies of target geometry_msgs_generate_messages_lisp[0m
[  0%] Built target geometry_msgs_generate_messages_lisp
[35m[1mScanning dependencies of target actionlib_msgs_generate_messages_lisp[0m
[  0%] Built target actionlib_msgs_generate_messages_lisp
[35m[1mScanning dependencies of target geometry_msgs_generate_messages_eus[0m
[  0%] Built target geometry_msgs_generate_messages_eus
[35m[1mScanning dependencies of target actionlib_msgs_generate_messages_eus[0m
[  0%] Built target actionlib_msgs_generate_messages_eus
[35m[1mScanning dependencies of target std_msgs_generate_messages_eus[0m
[  0%] Built target std_msgs_generate_messages_eus
[35m[1mScanning dependencies of target pardon_action_server[0m
[  2%] [32mBuilding CXX object CMakeFiles/pardon_action_server.dir/src/main.cxx.o[0m
In file included from [01m[K/home/dominika/tiago_public_ws/src/ros/pardon_action_server/src/main.cxx:2:0[m[K:
[01m[K/home/dominika/tiago_public_ws/src/ros/pardon_action_server/include/pardon_action_server/TurnToHumanActionServer.h:7:9:[m[K [01;31m[Kfatal error: [m[Kpardon_action_server/TurnToHumanAction.h: No such file or directory
 #include[01;31m[K<pardon_action_server/TurnToHumanAction.h>[m[K
         [01;31m[K^~~~~~~~~~~~~~~~~~~~~~~~~~~~~~~~~~~~~~~~~~[m[K
compilation terminated.
CMakeFiles/pardon_action_server.dir/build.make:62: recipe for target 'CMakeFiles/pardon_action_server.dir/src/main.cxx.o' failed
CMakeFiles/Makefile2:2553: recipe for target 'CMakeFiles/pardon_action_server.dir/all' failed
Makefile:129: recipe for target 'all' failed
make[2]: *** [CMakeFiles/pardon_action_server.dir/src/main.cxx.o] Error 1
make[1]: *** [CMakeFiles/pardon_action_server.dir/all] Error 2
make: *** [all] Error 2
