Linked: (/home/dominika/tiago_public_ws/devel/.private/pardon_action_server/lib/python2.7/dist-packages/pardon_action_server/__init__.py, /home/dominika/tiago_public_ws/devel/lib/python2.7/dist-packages/pardon_action_server/__init__.py)
Linked: (/home/dominika/tiago_public_ws/devel/.private/pardon_action_server/lib/python2.7/dist-packages/pardon_action_server/msg/_TurnToHumanGoal.py, /home/dominika/tiago_public_ws/devel/lib/python2.7/dist-packages/pardon_action_server/msg/_TurnToHumanGoal.py)
Linked: (/home/dominika/tiago_public_ws/devel/.private/pardon_action_server/lib/python2.7/dist-packages/pardon_action_server/msg/_TurnToHumanActionResult.py, /home/dominika/tiago_public_ws/devel/lib/python2.7/dist-packages/pardon_action_server/msg/_TurnToHumanActionResult.py)
Linked: (/home/dominika/tiago_public_ws/devel/.private/pardon_action_server/lib/python2.7/dist-packages/pardon_action_server/msg/_TurnToHumanActionGoal.py, /home/dominika/tiago_public_ws/devel/lib/python2.7/dist-packages/pardon_action_server/msg/_TurnToHumanActionGoal.py)
Linked: (/home/dominika/tiago_public_ws/devel/.private/pardon_action_server/lib/python2.7/dist-packages/pardon_action_server/msg/_TurnToHumanFeedback.py, /home/dominika/tiago_public_ws/devel/lib/python2.7/dist-packages/pardon_action_server/msg/_TurnToHumanFeedback.py)
Linked: (/home/dominika/tiago_public_ws/devel/.private/pardon_action_server/lib/python2.7/dist-packages/pardon_action_server/msg/_TurnToHumanActionFeedback.py, /home/dominika/tiago_public_ws/devel/lib/python2.7/dist-packages/pardon_action_server/msg/_TurnToHumanActionFeedback.py)
Linked: (/home/dominika/tiago_public_ws/devel/.private/pardon_action_server/lib/python2.7/dist-packages/pardon_action_server/msg/_TurnToHumanResult.py, /home/dominika/tiago_public_ws/devel/lib/python2.7/dist-packages/pardon_action_server/msg/_TurnToHumanResult.py)
Linked: (/home/dominika/tiago_public_ws/devel/.private/pardon_action_server/lib/python2.7/dist-packages/pardon_action_server/msg/__init__.py, /home/dominika/tiago_public_ws/devel/lib/python2.7/dist-packages/pardon_action_server/msg/__init__.py)
Linked: (/home/dominika/tiago_public_ws/devel/.private/pardon_action_server/lib/python2.7/dist-packages/pardon_action_server/msg/_TurnToHumanAction.py, /home/dominika/tiago_public_ws/devel/lib/python2.7/dist-packages/pardon_action_server/msg/_TurnToHumanAction.py)
Linked: (/home/dominika/tiago_public_ws/devel/.private/pardon_action_server/lib/pkgconfig/pardon_action_server.pc, /home/dominika/tiago_public_ws/devel/lib/pkgconfig/pardon_action_server.pc)
Symlinking /home/dominika/tiago_public_ws/devel/lib/pardon_action_server/pardon_action_server
Linked: (/home/dominika/tiago_public_ws/devel/.private/pardon_action_server/share/pardon_action_server/msg/TurnToHumanGoal.msg, /home/dominika/tiago_public_ws/devel/share/pardon_action_server/msg/TurnToHumanGoal.msg)
Linked: (/home/dominika/tiago_public_ws/devel/.private/pardon_action_server/share/pardon_action_server/msg/TurnToHumanActionGoal.msg, /home/dominika/tiago_public_ws/devel/share/pardon_action_server/msg/TurnToHumanActionGoal.msg)
Linked: (/home/dominika/tiago_public_ws/devel/.private/pardon_action_server/share/pardon_action_server/msg/TurnToHumanAction.msg, /home/dominika/tiago_public_ws/devel/share/pardon_action_server/msg/TurnToHumanAction.msg)
Linked: (/home/dominika/tiago_public_ws/devel/.private/pardon_action_server/share/pardon_action_server/msg/TurnToHumanActionResult.msg, /home/dominika/tiago_public_ws/devel/share/pardon_action_server/msg/TurnToHumanActionResult.msg)
Linked: (/home/dominika/tiago_public_ws/devel/.private/pardon_action_server/share/pardon_action_server/msg/TurnToHumanFeedback.msg, /home/dominika/tiago_public_ws/devel/share/pardon_action_server/msg/TurnToHumanFeedback.msg)
Linked: (/home/dominika/tiago_public_ws/devel/.private/pardon_action_server/share/pardon_action_server/msg/TurnToHumanResult.msg, /home/dominika/tiago_public_ws/devel/share/pardon_action_server/msg/TurnToHumanResult.msg)
Linked: (/home/dominika/tiago_public_ws/devel/.private/pardon_action_server/share/pardon_action_server/msg/TurnToHumanActionFeedback.msg, /home/dominika/tiago_public_ws/devel/share/pardon_action_server/msg/TurnToHumanActionFeedback.msg)
Linked: (/home/dominika/tiago_public_ws/devel/.private/pardon_action_server/share/pardon_action_server/cmake/pardon_action_server-msg-extras.cmake, /home/dominika/tiago_public_ws/devel/share/pardon_action_server/cmake/pardon_action_server-msg-extras.cmake)
Linked: (/home/dominika/tiago_public_ws/devel/.private/pardon_action_server/share/pardon_action_server/cmake/pardon_action_serverConfig.cmake, /home/dominika/tiago_public_ws/devel/share/pardon_action_server/cmake/pardon_action_serverConfig.cmake)
Linked: (/home/dominika/tiago_public_ws/devel/.private/pardon_action_server/share/pardon_action_server/cmake/pardon_action_serverConfig-version.cmake, /home/dominika/tiago_public_ws/devel/share/pardon_action_server/cmake/pardon_action_serverConfig-version.cmake)
Linked: (/home/dominika/tiago_public_ws/devel/.private/pardon_action_server/share/pardon_action_server/cmake/pardon_action_server-msg-paths.cmake, /home/dominika/tiago_public_ws/devel/share/pardon_action_server/cmake/pardon_action_server-msg-paths.cmake)
Linked: (/home/dominika/tiago_public_ws/devel/.private/pardon_action_server/share/common-lisp/ros/pardon_action_server/msg/pardon_action_server-msg.asd, /home/dominika/tiago_public_ws/devel/share/common-lisp/ros/pardon_action_server/msg/pardon_action_server-msg.asd)
Linked: (/home/dominika/tiago_public_ws/devel/.private/pardon_action_server/share/common-lisp/ros/pardon_action_server/msg/_package_TurnToHumanFeedback.lisp, /home/dominika/tiago_public_ws/devel/share/common-lisp/ros/pardon_action_server/msg/_package_TurnToHumanFeedback.lisp)
Linked: (/home/dominika/tiago_public_ws/devel/.private/pardon_action_server/share/common-lisp/ros/pardon_action_server/msg/TurnToHumanAction.lisp, /home/dominika/tiago_public_ws/devel/share/common-lisp/ros/pardon_action_server/msg/TurnToHumanAction.lisp)
Linked: (/home/dominika/tiago_public_ws/devel/.private/pardon_action_server/share/common-lisp/ros/pardon_action_server/msg/TurnToHumanActionResult.lisp, /home/dominika/tiago_public_ws/devel/share/common-lisp/ros/pardon_action_server/msg/TurnToHumanActionResult.lisp)
Linked: (/home/dominika/tiago_public_ws/devel/.private/pardon_action_server/share/common-lisp/ros/pardon_action_server/msg/TurnToHumanActionFeedback.lisp, /home/dominika/tiago_public_ws/devel/share/common-lisp/ros/pardon_action_server/msg/TurnToHumanActionFeedback.lisp)
Linked: (/home/dominika/tiago_public_ws/devel/.private/pardon_action_server/share/common-lisp/ros/pardon_action_server/msg/_package_TurnToHumanResult.lisp, /home/dominika/tiago_public_ws/devel/share/common-lisp/ros/pardon_action_server/msg/_package_TurnToHumanResult.lisp)
Linked: (/home/dominika/tiago_public_ws/devel/.private/pardon_action_server/share/common-lisp/ros/pardon_action_server/msg/_package_TurnToHumanAction.lisp, /home/dominika/tiago_public_ws/devel/share/common-lisp/ros/pardon_action_server/msg/_package_TurnToHumanAction.lisp)
Linked: (/home/dominika/tiago_public_ws/devel/.private/pardon_action_server/share/common-lisp/ros/pardon_action_server/msg/_package.lisp, /home/dominika/tiago_public_ws/devel/share/common-lisp/ros/pardon_action_server/msg/_package.lisp)
Linked: (/home/dominika/tiago_public_ws/devel/.private/pardon_action_server/share/common-lisp/ros/pardon_action_server/msg/_package_TurnToHumanActionGoal.lisp, /home/dominika/tiago_public_ws/devel/share/common-lisp/ros/pardon_action_server/msg/_package_TurnToHumanActionGoal.lisp)
Linked: (/home/dominika/tiago_public_ws/devel/.private/pardon_action_server/share/common-lisp/ros/pardon_action_server/msg/_package_TurnToHumanActionResult.lisp, /home/dominika/tiago_public_ws/devel/share/common-lisp/ros/pardon_action_server/msg/_package_TurnToHumanActionResult.lisp)
Linked: (/home/dominika/tiago_public_ws/devel/.private/pardon_action_server/share/common-lisp/ros/pardon_action_server/msg/TurnToHumanFeedback.lisp, /home/dominika/tiago_public_ws/devel/share/common-lisp/ros/pardon_action_server/msg/TurnToHumanFeedback.lisp)
Linked: (/home/dominika/tiago_public_ws/devel/.private/pardon_action_server/share/common-lisp/ros/pardon_action_server/msg/_package_TurnToHumanGoal.lisp, /home/dominika/tiago_public_ws/devel/share/common-lisp/ros/pardon_action_server/msg/_package_TurnToHumanGoal.lisp)
Linked: (/home/dominika/tiago_public_ws/devel/.private/pardon_action_server/share/common-lisp/ros/pardon_action_server/msg/TurnToHumanGoal.lisp, /home/dominika/tiago_public_ws/devel/share/common-lisp/ros/pardon_action_server/msg/TurnToHumanGoal.lisp)
Linked: (/home/dominika/tiago_public_ws/devel/.private/pardon_action_server/share/common-lisp/ros/pardon_action_server/msg/_package_TurnToHumanActionFeedback.lisp, /home/dominika/tiago_public_ws/devel/share/common-lisp/ros/pardon_action_server/msg/_package_TurnToHumanActionFeedback.lisp)
Linked: (/home/dominika/tiago_public_ws/devel/.private/pardon_action_server/share/common-lisp/ros/pardon_action_server/msg/TurnToHumanResult.lisp, /home/dominika/tiago_public_ws/devel/share/common-lisp/ros/pardon_action_server/msg/TurnToHumanResult.lisp)
Linked: (/home/dominika/tiago_public_ws/devel/.private/pardon_action_server/share/common-lisp/ros/pardon_action_server/msg/TurnToHumanActionGoal.lisp, /home/dominika/tiago_public_ws/devel/share/common-lisp/ros/pardon_action_server/msg/TurnToHumanActionGoal.lisp)
Linked: (/home/dominika/tiago_public_ws/devel/.private/pardon_action_server/share/gennodejs/ros/pardon_action_server/_index.js, /home/dominika/tiago_public_ws/devel/share/gennodejs/ros/pardon_action_server/_index.js)
Linked: (/home/dominika/tiago_public_ws/devel/.private/pardon_action_server/share/gennodejs/ros/pardon_action_server/msg/TurnToHumanActionResult.js, /home/dominika/tiago_public_ws/devel/share/gennodejs/ros/pardon_action_server/msg/TurnToHumanActionResult.js)
Linked: (/home/dominika/tiago_public_ws/devel/.private/pardon_action_server/share/gennodejs/ros/pardon_action_server/msg/TurnToHumanFeedback.js, /home/dominika/tiago_public_ws/devel/share/gennodejs/ros/pardon_action_server/msg/TurnToHumanFeedback.js)
Linked: (/home/dominika/tiago_public_ws/devel/.private/pardon_action_server/share/gennodejs/ros/pardon_action_server/msg/TurnToHumanGoal.js, /home/dominika/tiago_public_ws/devel/share/gennodejs/ros/pardon_action_server/msg/TurnToHumanGoal.js)
Linked: (/home/dominika/tiago_public_ws/devel/.private/pardon_action_server/share/gennodejs/ros/pardon_action_server/msg/_index.js, /home/dominika/tiago_public_ws/devel/share/gennodejs/ros/pardon_action_server/msg/_index.js)
Linked: (/home/dominika/tiago_public_ws/devel/.private/pardon_action_server/share/gennodejs/ros/pardon_action_server/msg/TurnToHumanActionFeedback.js, /home/dominika/tiago_public_ws/devel/share/gennodejs/ros/pardon_action_server/msg/TurnToHumanActionFeedback.js)
Linked: (/home/dominika/tiago_public_ws/devel/.private/pardon_action_server/share/gennodejs/ros/pardon_action_server/msg/TurnToHumanAction.js, /home/dominika/tiago_public_ws/devel/share/gennodejs/ros/pardon_action_server/msg/TurnToHumanAction.js)
Linked: (/home/dominika/tiago_public_ws/devel/.private/pardon_action_server/share/gennodejs/ros/pardon_action_server/msg/TurnToHumanActionGoal.js, /home/dominika/tiago_public_ws/devel/share/gennodejs/ros/pardon_action_server/msg/TurnToHumanActionGoal.js)
Linked: (/home/dominika/tiago_public_ws/devel/.private/pardon_action_server/share/gennodejs/ros/pardon_action_server/msg/TurnToHumanResult.js, /home/dominika/tiago_public_ws/devel/share/gennodejs/ros/pardon_action_server/msg/TurnToHumanResult.js)
Linked: (/home/dominika/tiago_public_ws/devel/.private/pardon_action_server/share/roseus/ros/pardon_action_server/manifest.l, /home/dominika/tiago_public_ws/devel/share/roseus/ros/pardon_action_server/manifest.l)
Linked: (/home/dominika/tiago_public_ws/devel/.private/pardon_action_server/share/roseus/ros/pardon_action_server/msg/TurnToHumanResult.l, /home/dominika/tiago_public_ws/devel/share/roseus/ros/pardon_action_server/msg/TurnToHumanResult.l)
Linked: (/home/dominika/tiago_public_ws/devel/.private/pardon_action_server/share/roseus/ros/pardon_action_server/msg/TurnToHumanAction.l, /home/dominika/tiago_public_ws/devel/share/roseus/ros/pardon_action_server/msg/TurnToHumanAction.l)
Linked: (/home/dominika/tiago_public_ws/devel/.private/pardon_action_server/share/roseus/ros/pardon_action_server/msg/TurnToHumanGoal.l, /home/dominika/tiago_public_ws/devel/share/roseus/ros/pardon_action_server/msg/TurnToHumanGoal.l)
Linked: (/home/dominika/tiago_public_ws/devel/.private/pardon_action_server/share/roseus/ros/pardon_action_server/msg/TurnToHumanFeedback.l, /home/dominika/tiago_public_ws/devel/share/roseus/ros/pardon_action_server/msg/TurnToHumanFeedback.l)
Linked: (/home/dominika/tiago_public_ws/devel/.private/pardon_action_server/share/roseus/ros/pardon_action_server/msg/TurnToHumanActionGoal.l, /home/dominika/tiago_public_ws/devel/share/roseus/ros/pardon_action_server/msg/TurnToHumanActionGoal.l)
Linked: (/home/dominika/tiago_public_ws/devel/.private/pardon_action_server/share/roseus/ros/pardon_action_server/msg/TurnToHumanActionResult.l, /home/dominika/tiago_public_ws/devel/share/roseus/ros/pardon_action_server/msg/TurnToHumanActionResult.l)
Linked: (/home/dominika/tiago_public_ws/devel/.private/pardon_action_server/share/roseus/ros/pardon_action_server/msg/TurnToHumanActionFeedback.l, /home/dominika/tiago_public_ws/devel/share/roseus/ros/pardon_action_server/msg/TurnToHumanActionFeedback.l)
Linked: (/home/dominika/tiago_public_ws/devel/.private/pardon_action_server/include/pardon_action_server/TurnToHumanGoal.h, /home/dominika/tiago_public_ws/devel/include/pardon_action_server/TurnToHumanGoal.h)
Linked: (/home/dominika/tiago_public_ws/devel/.private/pardon_action_server/include/pardon_action_server/TurnToHumanActionGoal.h, /home/dominika/tiago_public_ws/devel/include/pardon_action_server/TurnToHumanActionGoal.h)
Linked: (/home/dominika/tiago_public_ws/devel/.private/pardon_action_server/include/pardon_action_server/TurnToHumanActionFeedback.h, /home/dominika/tiago_public_ws/devel/include/pardon_action_server/TurnToHumanActionFeedback.h)
Linked: (/home/dominika/tiago_public_ws/devel/.private/pardon_action_server/include/pardon_action_server/TurnToHumanActionResult.h, /home/dominika/tiago_public_ws/devel/include/pardon_action_server/TurnToHumanActionResult.h)
Linked: (/home/dominika/tiago_public_ws/devel/.private/pardon_action_server/include/pardon_action_server/TurnToHumanResult.h, /home/dominika/tiago_public_ws/devel/include/pardon_action_server/TurnToHumanResult.h)
Linked: (/home/dominika/tiago_public_ws/devel/.private/pardon_action_server/include/pardon_action_server/TurnToHumanFeedback.h, /home/dominika/tiago_public_ws/devel/include/pardon_action_server/TurnToHumanFeedback.h)
Linked: (/home/dominika/tiago_public_ws/devel/.private/pardon_action_server/include/pardon_action_server/TurnToHumanAction.h, /home/dominika/tiago_public_ws/devel/include/pardon_action_server/TurnToHumanAction.h)
