Linked: (/home/dominika/tiago_public_ws/devel/.private/pal_walking_msgs/lib/python2.7/dist-packages/pal_walking_msgs/__init__.py, /home/dominika/tiago_public_ws/devel/lib/python2.7/dist-packages/pal_walking_msgs/__init__.py)
Linked: (/home/dominika/tiago_public_ws/devel/.private/pal_walking_msgs/lib/python2.7/dist-packages/pal_walking_msgs/srv/_StepOver.py, /home/dominika/tiago_public_ws/devel/lib/python2.7/dist-packages/pal_walking_msgs/srv/_StepOver.py)
Linked: (/home/dominika/tiago_public_ws/devel/.private/pal_walking_msgs/lib/python2.7/dist-packages/pal_walking_msgs/srv/_MoveHipFeet.py, /home/dominika/tiago_public_ws/devel/lib/python2.7/dist-packages/pal_walking_msgs/srv/_MoveHipFeet.py)
Linked: (/home/dominika/tiago_public_ws/devel/.private/pal_walking_msgs/lib/python2.7/dist-packages/pal_walking_msgs/srv/_WalkSteps.py, /home/dominika/tiago_public_ws/devel/lib/python2.7/dist-packages/pal_walking_msgs/srv/_WalkSteps.py)
Linked: (/home/dominika/tiago_public_ws/devel/.private/pal_walking_msgs/lib/python2.7/dist-packages/pal_walking_msgs/srv/__init__.py, /home/dominika/tiago_public_ws/devel/lib/python2.7/dist-packages/pal_walking_msgs/srv/__init__.py)
Linked: (/home/dominika/tiago_public_ws/devel/.private/pal_walking_msgs/lib/python2.7/dist-packages/pal_walking_msgs/srv/_Sit.py, /home/dominika/tiago_public_ws/devel/lib/python2.7/dist-packages/pal_walking_msgs/srv/_Sit.py)
Linked: (/home/dominika/tiago_public_ws/devel/.private/pal_walking_msgs/lib/python2.7/dist-packages/pal_walking_msgs/msg/_WalkingStatus.py, /home/dominika/tiago_public_ws/devel/lib/python2.7/dist-packages/pal_walking_msgs/msg/_WalkingStatus.py)
Linked: (/home/dominika/tiago_public_ws/devel/.private/pal_walking_msgs/lib/python2.7/dist-packages/pal_walking_msgs/msg/_ContactState.py, /home/dominika/tiago_public_ws/devel/lib/python2.7/dist-packages/pal_walking_msgs/msg/_ContactState.py)
Linked: (/home/dominika/tiago_public_ws/devel/.private/pal_walking_msgs/lib/python2.7/dist-packages/pal_walking_msgs/msg/_SMStatus.py, /home/dominika/tiago_public_ws/devel/lib/python2.7/dist-packages/pal_walking_msgs/msg/_SMStatus.py)
Linked: (/home/dominika/tiago_public_ws/devel/.private/pal_walking_msgs/lib/python2.7/dist-packages/pal_walking_msgs/msg/_WalkingStep.py, /home/dominika/tiago_public_ws/devel/lib/python2.7/dist-packages/pal_walking_msgs/msg/_WalkingStep.py)
Linked: (/home/dominika/tiago_public_ws/devel/.private/pal_walking_msgs/lib/python2.7/dist-packages/pal_walking_msgs/msg/__init__.py, /home/dominika/tiago_public_ws/devel/lib/python2.7/dist-packages/pal_walking_msgs/msg/__init__.py)
Linked: (/home/dominika/tiago_public_ws/devel/.private/pal_walking_msgs/lib/pkgconfig/pal_walking_msgs.pc, /home/dominika/tiago_public_ws/devel/lib/pkgconfig/pal_walking_msgs.pc)
Linked: (/home/dominika/tiago_public_ws/devel/.private/pal_walking_msgs/share/common-lisp/ros/pal_walking_msgs/srv/WalkSteps.lisp, /home/dominika/tiago_public_ws/devel/share/common-lisp/ros/pal_walking_msgs/srv/WalkSteps.lisp)
Linked: (/home/dominika/tiago_public_ws/devel/.private/pal_walking_msgs/share/common-lisp/ros/pal_walking_msgs/srv/_package_MoveHipFeet.lisp, /home/dominika/tiago_public_ws/devel/share/common-lisp/ros/pal_walking_msgs/srv/_package_MoveHipFeet.lisp)
Linked: (/home/dominika/tiago_public_ws/devel/.private/pal_walking_msgs/share/common-lisp/ros/pal_walking_msgs/srv/pal_walking_msgs-srv.asd, /home/dominika/tiago_public_ws/devel/share/common-lisp/ros/pal_walking_msgs/srv/pal_walking_msgs-srv.asd)
Linked: (/home/dominika/tiago_public_ws/devel/.private/pal_walking_msgs/share/common-lisp/ros/pal_walking_msgs/srv/Sit.lisp, /home/dominika/tiago_public_ws/devel/share/common-lisp/ros/pal_walking_msgs/srv/Sit.lisp)
Linked: (/home/dominika/tiago_public_ws/devel/.private/pal_walking_msgs/share/common-lisp/ros/pal_walking_msgs/srv/_package.lisp, /home/dominika/tiago_public_ws/devel/share/common-lisp/ros/pal_walking_msgs/srv/_package.lisp)
Linked: (/home/dominika/tiago_public_ws/devel/.private/pal_walking_msgs/share/common-lisp/ros/pal_walking_msgs/srv/StepOver.lisp, /home/dominika/tiago_public_ws/devel/share/common-lisp/ros/pal_walking_msgs/srv/StepOver.lisp)
Linked: (/home/dominika/tiago_public_ws/devel/.private/pal_walking_msgs/share/common-lisp/ros/pal_walking_msgs/srv/MoveHipFeet.lisp, /home/dominika/tiago_public_ws/devel/share/common-lisp/ros/pal_walking_msgs/srv/MoveHipFeet.lisp)
Linked: (/home/dominika/tiago_public_ws/devel/.private/pal_walking_msgs/share/common-lisp/ros/pal_walking_msgs/srv/_package_Sit.lisp, /home/dominika/tiago_public_ws/devel/share/common-lisp/ros/pal_walking_msgs/srv/_package_Sit.lisp)
Linked: (/home/dominika/tiago_public_ws/devel/.private/pal_walking_msgs/share/common-lisp/ros/pal_walking_msgs/srv/_package_StepOver.lisp, /home/dominika/tiago_public_ws/devel/share/common-lisp/ros/pal_walking_msgs/srv/_package_StepOver.lisp)
Linked: (/home/dominika/tiago_public_ws/devel/.private/pal_walking_msgs/share/common-lisp/ros/pal_walking_msgs/srv/_package_WalkSteps.lisp, /home/dominika/tiago_public_ws/devel/share/common-lisp/ros/pal_walking_msgs/srv/_package_WalkSteps.lisp)
Linked: (/home/dominika/tiago_public_ws/devel/.private/pal_walking_msgs/share/common-lisp/ros/pal_walking_msgs/msg/_package.lisp, /home/dominika/tiago_public_ws/devel/share/common-lisp/ros/pal_walking_msgs/msg/_package.lisp)
Linked: (/home/dominika/tiago_public_ws/devel/.private/pal_walking_msgs/share/common-lisp/ros/pal_walking_msgs/msg/_package_ContactState.lisp, /home/dominika/tiago_public_ws/devel/share/common-lisp/ros/pal_walking_msgs/msg/_package_ContactState.lisp)
Linked: (/home/dominika/tiago_public_ws/devel/.private/pal_walking_msgs/share/common-lisp/ros/pal_walking_msgs/msg/SMStatus.lisp, /home/dominika/tiago_public_ws/devel/share/common-lisp/ros/pal_walking_msgs/msg/SMStatus.lisp)
Linked: (/home/dominika/tiago_public_ws/devel/.private/pal_walking_msgs/share/common-lisp/ros/pal_walking_msgs/msg/WalkingStep.lisp, /home/dominika/tiago_public_ws/devel/share/common-lisp/ros/pal_walking_msgs/msg/WalkingStep.lisp)
Linked: (/home/dominika/tiago_public_ws/devel/.private/pal_walking_msgs/share/common-lisp/ros/pal_walking_msgs/msg/_package_WalkingStatus.lisp, /home/dominika/tiago_public_ws/devel/share/common-lisp/ros/pal_walking_msgs/msg/_package_WalkingStatus.lisp)
Linked: (/home/dominika/tiago_public_ws/devel/.private/pal_walking_msgs/share/common-lisp/ros/pal_walking_msgs/msg/pal_walking_msgs-msg.asd, /home/dominika/tiago_public_ws/devel/share/common-lisp/ros/pal_walking_msgs/msg/pal_walking_msgs-msg.asd)
Linked: (/home/dominika/tiago_public_ws/devel/.private/pal_walking_msgs/share/common-lisp/ros/pal_walking_msgs/msg/_package_SMStatus.lisp, /home/dominika/tiago_public_ws/devel/share/common-lisp/ros/pal_walking_msgs/msg/_package_SMStatus.lisp)
Linked: (/home/dominika/tiago_public_ws/devel/.private/pal_walking_msgs/share/common-lisp/ros/pal_walking_msgs/msg/_package_WalkingStep.lisp, /home/dominika/tiago_public_ws/devel/share/common-lisp/ros/pal_walking_msgs/msg/_package_WalkingStep.lisp)
Linked: (/home/dominika/tiago_public_ws/devel/.private/pal_walking_msgs/share/common-lisp/ros/pal_walking_msgs/msg/WalkingStatus.lisp, /home/dominika/tiago_public_ws/devel/share/common-lisp/ros/pal_walking_msgs/msg/WalkingStatus.lisp)
Linked: (/home/dominika/tiago_public_ws/devel/.private/pal_walking_msgs/share/common-lisp/ros/pal_walking_msgs/msg/ContactState.lisp, /home/dominika/tiago_public_ws/devel/share/common-lisp/ros/pal_walking_msgs/msg/ContactState.lisp)
Linked: (/home/dominika/tiago_public_ws/devel/.private/pal_walking_msgs/share/gennodejs/ros/pal_walking_msgs/_index.js, /home/dominika/tiago_public_ws/devel/share/gennodejs/ros/pal_walking_msgs/_index.js)
Linked: (/home/dominika/tiago_public_ws/devel/.private/pal_walking_msgs/share/gennodejs/ros/pal_walking_msgs/srv/WalkSteps.js, /home/dominika/tiago_public_ws/devel/share/gennodejs/ros/pal_walking_msgs/srv/WalkSteps.js)
Linked: (/home/dominika/tiago_public_ws/devel/.private/pal_walking_msgs/share/gennodejs/ros/pal_walking_msgs/srv/StepOver.js, /home/dominika/tiago_public_ws/devel/share/gennodejs/ros/pal_walking_msgs/srv/StepOver.js)
Linked: (/home/dominika/tiago_public_ws/devel/.private/pal_walking_msgs/share/gennodejs/ros/pal_walking_msgs/srv/_index.js, /home/dominika/tiago_public_ws/devel/share/gennodejs/ros/pal_walking_msgs/srv/_index.js)
Linked: (/home/dominika/tiago_public_ws/devel/.private/pal_walking_msgs/share/gennodejs/ros/pal_walking_msgs/srv/Sit.js, /home/dominika/tiago_public_ws/devel/share/gennodejs/ros/pal_walking_msgs/srv/Sit.js)
Linked: (/home/dominika/tiago_public_ws/devel/.private/pal_walking_msgs/share/gennodejs/ros/pal_walking_msgs/srv/MoveHipFeet.js, /home/dominika/tiago_public_ws/devel/share/gennodejs/ros/pal_walking_msgs/srv/MoveHipFeet.js)
Linked: (/home/dominika/tiago_public_ws/devel/.private/pal_walking_msgs/share/gennodejs/ros/pal_walking_msgs/msg/_index.js, /home/dominika/tiago_public_ws/devel/share/gennodejs/ros/pal_walking_msgs/msg/_index.js)
Linked: (/home/dominika/tiago_public_ws/devel/.private/pal_walking_msgs/share/gennodejs/ros/pal_walking_msgs/msg/ContactState.js, /home/dominika/tiago_public_ws/devel/share/gennodejs/ros/pal_walking_msgs/msg/ContactState.js)
Linked: (/home/dominika/tiago_public_ws/devel/.private/pal_walking_msgs/share/gennodejs/ros/pal_walking_msgs/msg/WalkingStatus.js, /home/dominika/tiago_public_ws/devel/share/gennodejs/ros/pal_walking_msgs/msg/WalkingStatus.js)
Linked: (/home/dominika/tiago_public_ws/devel/.private/pal_walking_msgs/share/gennodejs/ros/pal_walking_msgs/msg/SMStatus.js, /home/dominika/tiago_public_ws/devel/share/gennodejs/ros/pal_walking_msgs/msg/SMStatus.js)
Linked: (/home/dominika/tiago_public_ws/devel/.private/pal_walking_msgs/share/gennodejs/ros/pal_walking_msgs/msg/WalkingStep.js, /home/dominika/tiago_public_ws/devel/share/gennodejs/ros/pal_walking_msgs/msg/WalkingStep.js)
Linked: (/home/dominika/tiago_public_ws/devel/.private/pal_walking_msgs/share/roseus/ros/pal_walking_msgs/manifest.l, /home/dominika/tiago_public_ws/devel/share/roseus/ros/pal_walking_msgs/manifest.l)
Linked: (/home/dominika/tiago_public_ws/devel/.private/pal_walking_msgs/share/roseus/ros/pal_walking_msgs/srv/StepOver.l, /home/dominika/tiago_public_ws/devel/share/roseus/ros/pal_walking_msgs/srv/StepOver.l)
Linked: (/home/dominika/tiago_public_ws/devel/.private/pal_walking_msgs/share/roseus/ros/pal_walking_msgs/srv/Sit.l, /home/dominika/tiago_public_ws/devel/share/roseus/ros/pal_walking_msgs/srv/Sit.l)
Linked: (/home/dominika/tiago_public_ws/devel/.private/pal_walking_msgs/share/roseus/ros/pal_walking_msgs/srv/MoveHipFeet.l, /home/dominika/tiago_public_ws/devel/share/roseus/ros/pal_walking_msgs/srv/MoveHipFeet.l)
Linked: (/home/dominika/tiago_public_ws/devel/.private/pal_walking_msgs/share/roseus/ros/pal_walking_msgs/srv/WalkSteps.l, /home/dominika/tiago_public_ws/devel/share/roseus/ros/pal_walking_msgs/srv/WalkSteps.l)
Linked: (/home/dominika/tiago_public_ws/devel/.private/pal_walking_msgs/share/roseus/ros/pal_walking_msgs/msg/ContactState.l, /home/dominika/tiago_public_ws/devel/share/roseus/ros/pal_walking_msgs/msg/ContactState.l)
Linked: (/home/dominika/tiago_public_ws/devel/.private/pal_walking_msgs/share/roseus/ros/pal_walking_msgs/msg/WalkingStatus.l, /home/dominika/tiago_public_ws/devel/share/roseus/ros/pal_walking_msgs/msg/WalkingStatus.l)
Linked: (/home/dominika/tiago_public_ws/devel/.private/pal_walking_msgs/share/roseus/ros/pal_walking_msgs/msg/WalkingStep.l, /home/dominika/tiago_public_ws/devel/share/roseus/ros/pal_walking_msgs/msg/WalkingStep.l)
Linked: (/home/dominika/tiago_public_ws/devel/.private/pal_walking_msgs/share/roseus/ros/pal_walking_msgs/msg/SMStatus.l, /home/dominika/tiago_public_ws/devel/share/roseus/ros/pal_walking_msgs/msg/SMStatus.l)
Linked: (/home/dominika/tiago_public_ws/devel/.private/pal_walking_msgs/share/pal_walking_msgs/cmake/pal_walking_msgs-msg-paths.cmake, /home/dominika/tiago_public_ws/devel/share/pal_walking_msgs/cmake/pal_walking_msgs-msg-paths.cmake)
Linked: (/home/dominika/tiago_public_ws/devel/.private/pal_walking_msgs/share/pal_walking_msgs/cmake/pal_walking_msgsConfig.cmake, /home/dominika/tiago_public_ws/devel/share/pal_walking_msgs/cmake/pal_walking_msgsConfig.cmake)
Linked: (/home/dominika/tiago_public_ws/devel/.private/pal_walking_msgs/share/pal_walking_msgs/cmake/pal_walking_msgsConfig-version.cmake, /home/dominika/tiago_public_ws/devel/share/pal_walking_msgs/cmake/pal_walking_msgsConfig-version.cmake)
Linked: (/home/dominika/tiago_public_ws/devel/.private/pal_walking_msgs/share/pal_walking_msgs/cmake/pal_walking_msgs-msg-extras.cmake, /home/dominika/tiago_public_ws/devel/share/pal_walking_msgs/cmake/pal_walking_msgs-msg-extras.cmake)
Linked: (/home/dominika/tiago_public_ws/devel/.private/pal_walking_msgs/include/pal_walking_msgs/SitResponse.h, /home/dominika/tiago_public_ws/devel/include/pal_walking_msgs/SitResponse.h)
Linked: (/home/dominika/tiago_public_ws/devel/.private/pal_walking_msgs/include/pal_walking_msgs/StepOverResponse.h, /home/dominika/tiago_public_ws/devel/include/pal_walking_msgs/StepOverResponse.h)
Linked: (/home/dominika/tiago_public_ws/devel/.private/pal_walking_msgs/include/pal_walking_msgs/WalkSteps.h, /home/dominika/tiago_public_ws/devel/include/pal_walking_msgs/WalkSteps.h)
Linked: (/home/dominika/tiago_public_ws/devel/.private/pal_walking_msgs/include/pal_walking_msgs/ContactState.h, /home/dominika/tiago_public_ws/devel/include/pal_walking_msgs/ContactState.h)
Linked: (/home/dominika/tiago_public_ws/devel/.private/pal_walking_msgs/include/pal_walking_msgs/WalkingStatus.h, /home/dominika/tiago_public_ws/devel/include/pal_walking_msgs/WalkingStatus.h)
Linked: (/home/dominika/tiago_public_ws/devel/.private/pal_walking_msgs/include/pal_walking_msgs/StepOverRequest.h, /home/dominika/tiago_public_ws/devel/include/pal_walking_msgs/StepOverRequest.h)
Linked: (/home/dominika/tiago_public_ws/devel/.private/pal_walking_msgs/include/pal_walking_msgs/Sit.h, /home/dominika/tiago_public_ws/devel/include/pal_walking_msgs/Sit.h)
Linked: (/home/dominika/tiago_public_ws/devel/.private/pal_walking_msgs/include/pal_walking_msgs/WalkStepsResponse.h, /home/dominika/tiago_public_ws/devel/include/pal_walking_msgs/WalkStepsResponse.h)
Linked: (/home/dominika/tiago_public_ws/devel/.private/pal_walking_msgs/include/pal_walking_msgs/SMStatus.h, /home/dominika/tiago_public_ws/devel/include/pal_walking_msgs/SMStatus.h)
Linked: (/home/dominika/tiago_public_ws/devel/.private/pal_walking_msgs/include/pal_walking_msgs/WalkStepsRequest.h, /home/dominika/tiago_public_ws/devel/include/pal_walking_msgs/WalkStepsRequest.h)
Linked: (/home/dominika/tiago_public_ws/devel/.private/pal_walking_msgs/include/pal_walking_msgs/MoveHipFeetResponse.h, /home/dominika/tiago_public_ws/devel/include/pal_walking_msgs/MoveHipFeetResponse.h)
Linked: (/home/dominika/tiago_public_ws/devel/.private/pal_walking_msgs/include/pal_walking_msgs/StepOver.h, /home/dominika/tiago_public_ws/devel/include/pal_walking_msgs/StepOver.h)
Linked: (/home/dominika/tiago_public_ws/devel/.private/pal_walking_msgs/include/pal_walking_msgs/MoveHipFeet.h, /home/dominika/tiago_public_ws/devel/include/pal_walking_msgs/MoveHipFeet.h)
Linked: (/home/dominika/tiago_public_ws/devel/.private/pal_walking_msgs/include/pal_walking_msgs/SitRequest.h, /home/dominika/tiago_public_ws/devel/include/pal_walking_msgs/SitRequest.h)
Linked: (/home/dominika/tiago_public_ws/devel/.private/pal_walking_msgs/include/pal_walking_msgs/MoveHipFeetRequest.h, /home/dominika/tiago_public_ws/devel/include/pal_walking_msgs/MoveHipFeetRequest.h)
Linked: (/home/dominika/tiago_public_ws/devel/.private/pal_walking_msgs/include/pal_walking_msgs/WalkingStep.h, /home/dominika/tiago_public_ws/devel/include/pal_walking_msgs/WalkingStep.h)
