Determining if the pthread_create exist failed with the following output:
Change Dir: /home/dominika/tiago_public_ws/build/pal_gazebo_plugins/CMakeFiles/CMakeTmp

Run Build Command:"/usr/bin/make" "cmTC_0f8be/fast"
/usr/bin/make -f CMakeFiles/cmTC_0f8be.dir/build.make CMakeFiles/cmTC_0f8be.dir/build
make[1]: Entering directory '/home/dominika/tiago_public_ws/build/pal_gazebo_plugins/CMakeFiles/CMakeTmp'
Building C object CMakeFiles/cmTC_0f8be.dir/CheckSymbolExists.c.o
/usr/bin/cc    -o CMakeFiles/cmTC_0f8be.dir/CheckSymbolExists.c.o   -c /home/dominika/tiago_public_ws/build/pal_gazebo_plugins/CMakeFiles/CMakeTmp/CheckSymbolExists.c
Linking C executable cmTC_0f8be
/usr/bin/cmake -E cmake_link_script CMakeFiles/cmTC_0f8be.dir/link.txt --verbose=1
/usr/bin/cc      -rdynamic CMakeFiles/cmTC_0f8be.dir/CheckSymbolExists.c.o  -o cmTC_0f8be 
CMakeFiles/cmTC_0f8be.dir/CheckSymbolExists.c.o: In function `main':
CheckSymbolExists.c:(.text+0x1b): undefined reference to `pthread_create'
collect2: error: ld returned 1 exit status
CMakeFiles/cmTC_0f8be.dir/build.make:97: recipe for target 'cmTC_0f8be' failed
make[1]: *** [cmTC_0f8be] Error 1
make[1]: Leaving directory '/home/dominika/tiago_public_ws/build/pal_gazebo_plugins/CMakeFiles/CMakeTmp'
Makefile:126: recipe for target 'cmTC_0f8be/fast' failed
make: *** [cmTC_0f8be/fast] Error 2

File /home/dominika/tiago_public_ws/build/pal_gazebo_plugins/CMakeFiles/CMakeTmp/CheckSymbolExists.c:
/* */
#include <pthread.h>

int main(int argc, char** argv)
{
  (void)argv;
#ifndef pthread_create
  return ((int*)(&pthread_create))[argc];
#else
  (void)argc;
  return 0;
#endif
}

Determining if the function pthread_create exists in the pthreads failed with the following output:
Change Dir: /home/dominika/tiago_public_ws/build/pal_gazebo_plugins/CMakeFiles/CMakeTmp

Run Build Command:"/usr/bin/make" "cmTC_53036/fast"
/usr/bin/make -f CMakeFiles/cmTC_53036.dir/build.make CMakeFiles/cmTC_53036.dir/build
make[1]: Entering directory '/home/dominika/tiago_public_ws/build/pal_gazebo_plugins/CMakeFiles/CMakeTmp'
Building C object CMakeFiles/cmTC_53036.dir/CheckFunctionExists.c.o
/usr/bin/cc   -DCHECK_FUNCTION_EXISTS=pthread_create   -o CMakeFiles/cmTC_53036.dir/CheckFunctionExists.c.o   -c /usr/share/cmake-3.10/Modules/CheckFunctionExists.c
Linking C executable cmTC_53036
/usr/bin/cmake -E cmake_link_script CMakeFiles/cmTC_53036.dir/link.txt --verbose=1
/usr/bin/cc  -DCHECK_FUNCTION_EXISTS=pthread_create    -rdynamic CMakeFiles/cmTC_53036.dir/CheckFunctionExists.c.o  -o cmTC_53036 -lpthreads 
/usr/bin/ld: cannot find -lpthreads
collect2: error: ld returned 1 exit status
CMakeFiles/cmTC_53036.dir/build.make:97: recipe for target 'cmTC_53036' failed
make[1]: *** [cmTC_53036] Error 1
make[1]: Leaving directory '/home/dominika/tiago_public_ws/build/pal_gazebo_plugins/CMakeFiles/CMakeTmp'
Makefile:126: recipe for target 'cmTC_53036/fast' failed
make: *** [cmTC_53036/fast] Error 2


