Symlinking /home/dominika/tiago_public_ws/devel/lib/python2.7/dist-packages/rosplan_tiago_scenarios_msgs/__init__.py
Symlinking /home/dominika/tiago_public_ws/devel/lib/python2.7/dist-packages/rosplan_tiago_scenarios_msgs/msg/_CheckLightActionGoal.py
Symlinking /home/dominika/tiago_public_ws/devel/lib/python2.7/dist-packages/rosplan_tiago_scenarios_msgs/msg/_LeaveLoadResult.py
Symlinking /home/dominika/tiago_public_ws/devel/lib/python2.7/dist-packages/rosplan_tiago_scenarios_msgs/msg/_LeaveLoadActionResult.py
Symlinking /home/dominika/tiago_public_ws/devel/lib/python2.7/dist-packages/rosplan_tiago_scenarios_msgs/msg/_GetLoadActionGoal.py
Symlinking /home/dominika/tiago_public_ws/devel/lib/python2.7/dist-packages/rosplan_tiago_scenarios_msgs/msg/_CheckDoorActionFeedback.py
Symlinking /home/dominika/tiago_public_ws/devel/lib/python2.7/dist-packages/rosplan_tiago_scenarios_msgs/msg/_GetLoadActionFeedback.py
Symlinking /home/dominika/tiago_public_ws/devel/lib/python2.7/dist-packages/rosplan_tiago_scenarios_msgs/msg/_HumanInteractGoal.py
Symlinking /home/dominika/tiago_public_ws/devel/lib/python2.7/dist-packages/rosplan_tiago_scenarios_msgs/msg/_LeaveLoadAction.py
Symlinking /home/dominika/tiago_public_ws/devel/lib/python2.7/dist-packages/rosplan_tiago_scenarios_msgs/msg/_LeaveLoadFeedback.py
Symlinking /home/dominika/tiago_public_ws/devel/lib/python2.7/dist-packages/rosplan_tiago_scenarios_msgs/msg/_GoActionGoal.py
Symlinking /home/dominika/tiago_public_ws/devel/lib/python2.7/dist-packages/rosplan_tiago_scenarios_msgs/msg/_GiveItemActionFeedback.py
Symlinking /home/dominika/tiago_public_ws/devel/lib/python2.7/dist-packages/rosplan_tiago_scenarios_msgs/msg/_GetLoadActionResult.py
Symlinking /home/dominika/tiago_public_ws/devel/lib/python2.7/dist-packages/rosplan_tiago_scenarios_msgs/msg/_GiveItemFeedback.py
Symlinking /home/dominika/tiago_public_ws/devel/lib/python2.7/dist-packages/rosplan_tiago_scenarios_msgs/msg/_CheckDoorFeedback.py
Symlinking /home/dominika/tiago_public_ws/devel/lib/python2.7/dist-packages/rosplan_tiago_scenarios_msgs/msg/_GoWithAttendanceAction.py
Symlinking /home/dominika/tiago_public_ws/devel/lib/python2.7/dist-packages/rosplan_tiago_scenarios_msgs/msg/_GoScanningResult.py
Symlinking /home/dominika/tiago_public_ws/devel/lib/python2.7/dist-packages/rosplan_tiago_scenarios_msgs/msg/_GetLoadFeedback.py
Symlinking /home/dominika/tiago_public_ws/devel/lib/python2.7/dist-packages/rosplan_tiago_scenarios_msgs/msg/_GoWithAttendanceGoal.py
Symlinking /home/dominika/tiago_public_ws/devel/lib/python2.7/dist-packages/rosplan_tiago_scenarios_msgs/msg/_GiveItemResult.py
Symlinking /home/dominika/tiago_public_ws/devel/lib/python2.7/dist-packages/rosplan_tiago_scenarios_msgs/msg/_HumanInteractFeedback.py
Symlinking /home/dominika/tiago_public_ws/devel/lib/python2.7/dist-packages/rosplan_tiago_scenarios_msgs/msg/_GoScanningAction.py
Symlinking /home/dominika/tiago_public_ws/devel/lib/python2.7/dist-packages/rosplan_tiago_scenarios_msgs/msg/_HumanApproachDetectActionResult.py
Symlinking /home/dominika/tiago_public_ws/devel/lib/python2.7/dist-packages/rosplan_tiago_scenarios_msgs/msg/_CheckLightFeedback.py
Symlinking /home/dominika/tiago_public_ws/devel/lib/python2.7/dist-packages/rosplan_tiago_scenarios_msgs/msg/_CheckLightActionResult.py
Symlinking /home/dominika/tiago_public_ws/devel/lib/python2.7/dist-packages/rosplan_tiago_scenarios_msgs/msg/_GoGoal.py
Symlinking /home/dominika/tiago_public_ws/devel/lib/python2.7/dist-packages/rosplan_tiago_scenarios_msgs/msg/_HumanApproachDetectActionGoal.py
Symlinking /home/dominika/tiago_public_ws/devel/lib/python2.7/dist-packages/rosplan_tiago_scenarios_msgs/msg/_GetItemGoal.py
Symlinking /home/dominika/tiago_public_ws/devel/lib/python2.7/dist-packages/rosplan_tiago_scenarios_msgs/msg/_GoResult.py
Symlinking /home/dominika/tiago_public_ws/devel/lib/python2.7/dist-packages/rosplan_tiago_scenarios_msgs/msg/_GiveItemAction.py
Symlinking /home/dominika/tiago_public_ws/devel/lib/python2.7/dist-packages/rosplan_tiago_scenarios_msgs/msg/_LeaveLoadActionFeedback.py
Symlinking /home/dominika/tiago_public_ws/devel/lib/python2.7/dist-packages/rosplan_tiago_scenarios_msgs/msg/_GoFeedback.py
Symlinking /home/dominika/tiago_public_ws/devel/lib/python2.7/dist-packages/rosplan_tiago_scenarios_msgs/msg/_HumanInteractAction.py
Symlinking /home/dominika/tiago_public_ws/devel/lib/python2.7/dist-packages/rosplan_tiago_scenarios_msgs/msg/_LeaveLoadGoal.py
Symlinking /home/dominika/tiago_public_ws/devel/lib/python2.7/dist-packages/rosplan_tiago_scenarios_msgs/msg/_GoScanningGoal.py
Symlinking /home/dominika/tiago_public_ws/devel/lib/python2.7/dist-packages/rosplan_tiago_scenarios_msgs/msg/_GetLoadResult.py
Symlinking /home/dominika/tiago_public_ws/devel/lib/python2.7/dist-packages/rosplan_tiago_scenarios_msgs/msg/_CheckLightResult.py
Symlinking /home/dominika/tiago_public_ws/devel/lib/python2.7/dist-packages/rosplan_tiago_scenarios_msgs/msg/_CheckDishwasherActionFeedback.py
Symlinking /home/dominika/tiago_public_ws/devel/lib/python2.7/dist-packages/rosplan_tiago_scenarios_msgs/msg/_GetItemActionGoal.py
Symlinking /home/dominika/tiago_public_ws/devel/lib/python2.7/dist-packages/rosplan_tiago_scenarios_msgs/msg/_GetItemActionFeedback.py
Symlinking /home/dominika/tiago_public_ws/devel/lib/python2.7/dist-packages/rosplan_tiago_scenarios_msgs/msg/_GreetActionResult.py
Symlinking /home/dominika/tiago_public_ws/devel/lib/python2.7/dist-packages/rosplan_tiago_scenarios_msgs/msg/_HumanApproachDetectFeedback.py
Symlinking /home/dominika/tiago_public_ws/devel/lib/python2.7/dist-packages/rosplan_tiago_scenarios_msgs/msg/_HumanApproachDetectResult.py
Symlinking /home/dominika/tiago_public_ws/devel/lib/python2.7/dist-packages/rosplan_tiago_scenarios_msgs/msg/_GetLoadGoal.py
Symlinking /home/dominika/tiago_public_ws/devel/lib/python2.7/dist-packages/rosplan_tiago_scenarios_msgs/msg/_GiveItemActionResult.py
Symlinking /home/dominika/tiago_public_ws/devel/lib/python2.7/dist-packages/rosplan_tiago_scenarios_msgs/msg/_CheckLightAction.py
Symlinking /home/dominika/tiago_public_ws/devel/lib/python2.7/dist-packages/rosplan_tiago_scenarios_msgs/msg/_CheckDishwasherResult.py
Symlinking /home/dominika/tiago_public_ws/devel/lib/python2.7/dist-packages/rosplan_tiago_scenarios_msgs/msg/_GoScanningActionGoal.py
Symlinking /home/dominika/tiago_public_ws/devel/lib/python2.7/dist-packages/rosplan_tiago_scenarios_msgs/msg/_GoScanningActionFeedback.py
Symlinking /home/dominika/tiago_public_ws/devel/lib/python2.7/dist-packages/rosplan_tiago_scenarios_msgs/msg/_CheckDoorAction.py
Symlinking /home/dominika/tiago_public_ws/devel/lib/python2.7/dist-packages/rosplan_tiago_scenarios_msgs/msg/_HumanInteractActionGoal.py
Symlinking /home/dominika/tiago_public_ws/devel/lib/python2.7/dist-packages/rosplan_tiago_scenarios_msgs/msg/_GoScanningFeedback.py
Symlinking /home/dominika/tiago_public_ws/devel/lib/python2.7/dist-packages/rosplan_tiago_scenarios_msgs/msg/_HumanInteractActionFeedback.py
Symlinking /home/dominika/tiago_public_ws/devel/lib/python2.7/dist-packages/rosplan_tiago_scenarios_msgs/msg/_GoWithAttendanceResult.py
Symlinking /home/dominika/tiago_public_ws/devel/lib/python2.7/dist-packages/rosplan_tiago_scenarios_msgs/msg/_LeaveLoadActionGoal.py
Symlinking /home/dominika/tiago_public_ws/devel/lib/python2.7/dist-packages/rosplan_tiago_scenarios_msgs/msg/_GetItemResult.py
Symlinking /home/dominika/tiago_public_ws/devel/lib/python2.7/dist-packages/rosplan_tiago_scenarios_msgs/msg/_GoWithAttendanceActionFeedback.py
Symlinking /home/dominika/tiago_public_ws/devel/lib/python2.7/dist-packages/rosplan_tiago_scenarios_msgs/msg/_CheckDoorGoal.py
Symlinking /home/dominika/tiago_public_ws/devel/lib/python2.7/dist-packages/rosplan_tiago_scenarios_msgs/msg/_GiveItemActionGoal.py
Symlinking /home/dominika/tiago_public_ws/devel/lib/python2.7/dist-packages/rosplan_tiago_scenarios_msgs/msg/_CheckDishwasherActionResult.py
Symlinking /home/dominika/tiago_public_ws/devel/lib/python2.7/dist-packages/rosplan_tiago_scenarios_msgs/msg/_GoActionResult.py
Symlinking /home/dominika/tiago_public_ws/devel/lib/python2.7/dist-packages/rosplan_tiago_scenarios_msgs/msg/_GreetFeedback.py
Symlinking /home/dominika/tiago_public_ws/devel/lib/python2.7/dist-packages/rosplan_tiago_scenarios_msgs/msg/_CheckDishwasherGoal.py
Symlinking /home/dominika/tiago_public_ws/devel/lib/python2.7/dist-packages/rosplan_tiago_scenarios_msgs/msg/_CheckLightGoal.py
Symlinking /home/dominika/tiago_public_ws/devel/lib/python2.7/dist-packages/rosplan_tiago_scenarios_msgs/msg/_GreetActionGoal.py
Symlinking /home/dominika/tiago_public_ws/devel/lib/python2.7/dist-packages/rosplan_tiago_scenarios_msgs/msg/_GoWithAttendanceActionGoal.py
Symlinking /home/dominika/tiago_public_ws/devel/lib/python2.7/dist-packages/rosplan_tiago_scenarios_msgs/msg/_GoScanningActionResult.py
Symlinking /home/dominika/tiago_public_ws/devel/lib/python2.7/dist-packages/rosplan_tiago_scenarios_msgs/msg/_GiveItemGoal.py
Symlinking /home/dominika/tiago_public_ws/devel/lib/python2.7/dist-packages/rosplan_tiago_scenarios_msgs/msg/_CheckDishwasherAction.py
Symlinking /home/dominika/tiago_public_ws/devel/lib/python2.7/dist-packages/rosplan_tiago_scenarios_msgs/msg/_CheckDoorActionResult.py
Symlinking /home/dominika/tiago_public_ws/devel/lib/python2.7/dist-packages/rosplan_tiago_scenarios_msgs/msg/_GoActionFeedback.py
Symlinking /home/dominika/tiago_public_ws/devel/lib/python2.7/dist-packages/rosplan_tiago_scenarios_msgs/msg/_GetLoadAction.py
Symlinking /home/dominika/tiago_public_ws/devel/lib/python2.7/dist-packages/rosplan_tiago_scenarios_msgs/msg/_GreetResult.py
Symlinking /home/dominika/tiago_public_ws/devel/lib/python2.7/dist-packages/rosplan_tiago_scenarios_msgs/msg/_GoAction.py
Symlinking /home/dominika/tiago_public_ws/devel/lib/python2.7/dist-packages/rosplan_tiago_scenarios_msgs/msg/_GetItemActionResult.py
Symlinking /home/dominika/tiago_public_ws/devel/lib/python2.7/dist-packages/rosplan_tiago_scenarios_msgs/msg/_GreetActionFeedback.py
Symlinking /home/dominika/tiago_public_ws/devel/lib/python2.7/dist-packages/rosplan_tiago_scenarios_msgs/msg/_GreetAction.py
Symlinking /home/dominika/tiago_public_ws/devel/lib/python2.7/dist-packages/rosplan_tiago_scenarios_msgs/msg/_HumanInteractResult.py
Symlinking /home/dominika/tiago_public_ws/devel/lib/python2.7/dist-packages/rosplan_tiago_scenarios_msgs/msg/_CheckDoorActionGoal.py
Symlinking /home/dominika/tiago_public_ws/devel/lib/python2.7/dist-packages/rosplan_tiago_scenarios_msgs/msg/_GetItemFeedback.py
Symlinking /home/dominika/tiago_public_ws/devel/lib/python2.7/dist-packages/rosplan_tiago_scenarios_msgs/msg/__init__.py
Symlinking /home/dominika/tiago_public_ws/devel/lib/python2.7/dist-packages/rosplan_tiago_scenarios_msgs/msg/_HumanApproachDetectAction.py
Symlinking /home/dominika/tiago_public_ws/devel/lib/python2.7/dist-packages/rosplan_tiago_scenarios_msgs/msg/_CheckDoorResult.py
Symlinking /home/dominika/tiago_public_ws/devel/lib/python2.7/dist-packages/rosplan_tiago_scenarios_msgs/msg/_HumanApproachDetectGoal.py
Symlinking /home/dominika/tiago_public_ws/devel/lib/python2.7/dist-packages/rosplan_tiago_scenarios_msgs/msg/_CheckDishwasherActionGoal.py
Symlinking /home/dominika/tiago_public_ws/devel/lib/python2.7/dist-packages/rosplan_tiago_scenarios_msgs/msg/_HumanApproachDetectActionFeedback.py
Symlinking /home/dominika/tiago_public_ws/devel/lib/python2.7/dist-packages/rosplan_tiago_scenarios_msgs/msg/_GreetGoal.py
Symlinking /home/dominika/tiago_public_ws/devel/lib/python2.7/dist-packages/rosplan_tiago_scenarios_msgs/msg/_GoWithAttendanceActionResult.py
Symlinking /home/dominika/tiago_public_ws/devel/lib/python2.7/dist-packages/rosplan_tiago_scenarios_msgs/msg/_HumanInteractActionResult.py
Symlinking /home/dominika/tiago_public_ws/devel/lib/python2.7/dist-packages/rosplan_tiago_scenarios_msgs/msg/_CheckDishwasherFeedback.py
Symlinking /home/dominika/tiago_public_ws/devel/lib/python2.7/dist-packages/rosplan_tiago_scenarios_msgs/msg/_GoWithAttendanceFeedback.py
Symlinking /home/dominika/tiago_public_ws/devel/lib/python2.7/dist-packages/rosplan_tiago_scenarios_msgs/msg/_CheckLightActionFeedback.py
Symlinking /home/dominika/tiago_public_ws/devel/lib/python2.7/dist-packages/rosplan_tiago_scenarios_msgs/msg/_GetItemAction.py
Symlinking /home/dominika/tiago_public_ws/devel/lib/pkgconfig/rosplan_tiago_scenarios_msgs.pc
Symlinking /home/dominika/tiago_public_ws/devel/share/common-lisp/ros/rosplan_tiago_scenarios_msgs/msg/_package_GetItemActionGoal.lisp
Symlinking /home/dominika/tiago_public_ws/devel/share/common-lisp/ros/rosplan_tiago_scenarios_msgs/msg/_package_GoScanningFeedback.lisp
Symlinking /home/dominika/tiago_public_ws/devel/share/common-lisp/ros/rosplan_tiago_scenarios_msgs/msg/_package_HumanApproachDetectAction.lisp
Symlinking /home/dominika/tiago_public_ws/devel/share/common-lisp/ros/rosplan_tiago_scenarios_msgs/msg/_package_GetLoadGoal.lisp
Symlinking /home/dominika/tiago_public_ws/devel/share/common-lisp/ros/rosplan_tiago_scenarios_msgs/msg/_package_CheckDishwasherResult.lisp
Symlinking /home/dominika/tiago_public_ws/devel/share/common-lisp/ros/rosplan_tiago_scenarios_msgs/msg/GoScanningActionResult.lisp
Symlinking /home/dominika/tiago_public_ws/devel/share/common-lisp/ros/rosplan_tiago_scenarios_msgs/msg/GoActionGoal.lisp
Symlinking /home/dominika/tiago_public_ws/devel/share/common-lisp/ros/rosplan_tiago_scenarios_msgs/msg/_package_GreetActionGoal.lisp
Symlinking /home/dominika/tiago_public_ws/devel/share/common-lisp/ros/rosplan_tiago_scenarios_msgs/msg/_package_GetLoadResult.lisp
Symlinking /home/dominika/tiago_public_ws/devel/share/common-lisp/ros/rosplan_tiago_scenarios_msgs/msg/_package_GoWithAttendanceAction.lisp
Symlinking /home/dominika/tiago_public_ws/devel/share/common-lisp/ros/rosplan_tiago_scenarios_msgs/msg/GiveItemResult.lisp
Symlinking /home/dominika/tiago_public_ws/devel/share/common-lisp/ros/rosplan_tiago_scenarios_msgs/msg/_package_GoScanningActionGoal.lisp
Symlinking /home/dominika/tiago_public_ws/devel/share/common-lisp/ros/rosplan_tiago_scenarios_msgs/msg/CheckDoorAction.lisp
Symlinking /home/dominika/tiago_public_ws/devel/share/common-lisp/ros/rosplan_tiago_scenarios_msgs/msg/_package_GoScanningActionFeedback.lisp
Symlinking /home/dominika/tiago_public_ws/devel/share/common-lisp/ros/rosplan_tiago_scenarios_msgs/msg/rosplan_tiago_scenarios_msgs-msg.asd
Symlinking /home/dominika/tiago_public_ws/devel/share/common-lisp/ros/rosplan_tiago_scenarios_msgs/msg/_package_CheckDishwasherActionGoal.lisp
Symlinking /home/dominika/tiago_public_ws/devel/share/common-lisp/ros/rosplan_tiago_scenarios_msgs/msg/HumanApproachDetectActionGoal.lisp
Symlinking /home/dominika/tiago_public_ws/devel/share/common-lisp/ros/rosplan_tiago_scenarios_msgs/msg/GoScanningAction.lisp
Symlinking /home/dominika/tiago_public_ws/devel/share/common-lisp/ros/rosplan_tiago_scenarios_msgs/msg/CheckLightAction.lisp
Symlinking /home/dominika/tiago_public_ws/devel/share/common-lisp/ros/rosplan_tiago_scenarios_msgs/msg/_package_GiveItemAction.lisp
Symlinking /home/dominika/tiago_public_ws/devel/share/common-lisp/ros/rosplan_tiago_scenarios_msgs/msg/_package_GoResult.lisp
Symlinking /home/dominika/tiago_public_ws/devel/share/common-lisp/ros/rosplan_tiago_scenarios_msgs/msg/HumanApproachDetectGoal.lisp
Symlinking /home/dominika/tiago_public_ws/devel/share/common-lisp/ros/rosplan_tiago_scenarios_msgs/msg/_package_HumanInteractActionFeedback.lisp
Symlinking /home/dominika/tiago_public_ws/devel/share/common-lisp/ros/rosplan_tiago_scenarios_msgs/msg/_package_GiveItemActionFeedback.lisp
Symlinking /home/dominika/tiago_public_ws/devel/share/common-lisp/ros/rosplan_tiago_scenarios_msgs/msg/_package_CheckDoorActionFeedback.lisp
Symlinking /home/dominika/tiago_public_ws/devel/share/common-lisp/ros/rosplan_tiago_scenarios_msgs/msg/GoWithAttendanceFeedback.lisp
Symlinking /home/dominika/tiago_public_ws/devel/share/common-lisp/ros/rosplan_tiago_scenarios_msgs/msg/GoScanningActionFeedback.lisp
Symlinking /home/dominika/tiago_public_ws/devel/share/common-lisp/ros/rosplan_tiago_scenarios_msgs/msg/GetLoadGoal.lisp
Symlinking /home/dominika/tiago_public_ws/devel/share/common-lisp/ros/rosplan_tiago_scenarios_msgs/msg/GetLoadActionGoal.lisp
Symlinking /home/dominika/tiago_public_ws/devel/share/common-lisp/ros/rosplan_tiago_scenarios_msgs/msg/GetLoadActionFeedback.lisp
Symlinking /home/dominika/tiago_public_ws/devel/share/common-lisp/ros/rosplan_tiago_scenarios_msgs/msg/GiveItemFeedback.lisp
Symlinking /home/dominika/tiago_public_ws/devel/share/common-lisp/ros/rosplan_tiago_scenarios_msgs/msg/GoActionResult.lisp
Symlinking /home/dominika/tiago_public_ws/devel/share/common-lisp/ros/rosplan_tiago_scenarios_msgs/msg/_package_GoActionResult.lisp
Symlinking /home/dominika/tiago_public_ws/devel/share/common-lisp/ros/rosplan_tiago_scenarios_msgs/msg/LeaveLoadActionFeedback.lisp
Symlinking /home/dominika/tiago_public_ws/devel/share/common-lisp/ros/rosplan_tiago_scenarios_msgs/msg/CheckDishwasherActionFeedback.lisp
Symlinking /home/dominika/tiago_public_ws/devel/share/common-lisp/ros/rosplan_tiago_scenarios_msgs/msg/_package_CheckLightAction.lisp
Symlinking /home/dominika/tiago_public_ws/devel/share/common-lisp/ros/rosplan_tiago_scenarios_msgs/msg/_package_GoWithAttendanceActionResult.lisp
Symlinking /home/dominika/tiago_public_ws/devel/share/common-lisp/ros/rosplan_tiago_scenarios_msgs/msg/_package_GreetFeedback.lisp
Symlinking /home/dominika/tiago_public_ws/devel/share/common-lisp/ros/rosplan_tiago_scenarios_msgs/msg/_package_HumanApproachDetectActionFeedback.lisp
Symlinking /home/dominika/tiago_public_ws/devel/share/common-lisp/ros/rosplan_tiago_scenarios_msgs/msg/LeaveLoadActionResult.lisp
Symlinking /home/dominika/tiago_public_ws/devel/share/common-lisp/ros/rosplan_tiago_scenarios_msgs/msg/CheckLightActionGoal.lisp
Symlinking /home/dominika/tiago_public_ws/devel/share/common-lisp/ros/rosplan_tiago_scenarios_msgs/msg/HumanApproachDetectFeedback.lisp
Symlinking /home/dominika/tiago_public_ws/devel/share/common-lisp/ros/rosplan_tiago_scenarios_msgs/msg/_package_GoGoal.lisp
Symlinking /home/dominika/tiago_public_ws/devel/share/common-lisp/ros/rosplan_tiago_scenarios_msgs/msg/_package_HumanApproachDetectActionGoal.lisp
Symlinking /home/dominika/tiago_public_ws/devel/share/common-lisp/ros/rosplan_tiago_scenarios_msgs/msg/_package_LeaveLoadActionFeedback.lisp
Symlinking /home/dominika/tiago_public_ws/devel/share/common-lisp/ros/rosplan_tiago_scenarios_msgs/msg/_package.lisp
Symlinking /home/dominika/tiago_public_ws/devel/share/common-lisp/ros/rosplan_tiago_scenarios_msgs/msg/CheckDishwasherAction.lisp
Symlinking /home/dominika/tiago_public_ws/devel/share/common-lisp/ros/rosplan_tiago_scenarios_msgs/msg/GreetAction.lisp
Symlinking /home/dominika/tiago_public_ws/devel/share/common-lisp/ros/rosplan_tiago_scenarios_msgs/msg/_package_GoWithAttendanceResult.lisp
Symlinking /home/dominika/tiago_public_ws/devel/share/common-lisp/ros/rosplan_tiago_scenarios_msgs/msg/_package_GiveItemResult.lisp
Symlinking /home/dominika/tiago_public_ws/devel/share/common-lisp/ros/rosplan_tiago_scenarios_msgs/msg/_package_GoWithAttendanceActionGoal.lisp
Symlinking /home/dominika/tiago_public_ws/devel/share/common-lisp/ros/rosplan_tiago_scenarios_msgs/msg/GiveItemGoal.lisp
Symlinking /home/dominika/tiago_public_ws/devel/share/common-lisp/ros/rosplan_tiago_scenarios_msgs/msg/CheckLightActionResult.lisp
Symlinking /home/dominika/tiago_public_ws/devel/share/common-lisp/ros/rosplan_tiago_scenarios_msgs/msg/GiveItemActionResult.lisp
Symlinking /home/dominika/tiago_public_ws/devel/share/common-lisp/ros/rosplan_tiago_scenarios_msgs/msg/_package_GetItemGoal.lisp
Symlinking /home/dominika/tiago_public_ws/devel/share/common-lisp/ros/rosplan_tiago_scenarios_msgs/msg/_package_HumanInteractActionResult.lisp
Symlinking /home/dominika/tiago_public_ws/devel/share/common-lisp/ros/rosplan_tiago_scenarios_msgs/msg/_package_CheckDishwasherGoal.lisp
Symlinking /home/dominika/tiago_public_ws/devel/share/common-lisp/ros/rosplan_tiago_scenarios_msgs/msg/_package_CheckLightActionFeedback.lisp
Symlinking /home/dominika/tiago_public_ws/devel/share/common-lisp/ros/rosplan_tiago_scenarios_msgs/msg/_package_GoScanningGoal.lisp
Symlinking /home/dominika/tiago_public_ws/devel/share/common-lisp/ros/rosplan_tiago_scenarios_msgs/msg/GetItemFeedback.lisp
Symlinking /home/dominika/tiago_public_ws/devel/share/common-lisp/ros/rosplan_tiago_scenarios_msgs/msg/GoScanningActionGoal.lisp
Symlinking /home/dominika/tiago_public_ws/devel/share/common-lisp/ros/rosplan_tiago_scenarios_msgs/msg/_package_GiveItemActionGoal.lisp
Symlinking /home/dominika/tiago_public_ws/devel/share/common-lisp/ros/rosplan_tiago_scenarios_msgs/msg/GetItemGoal.lisp
Symlinking /home/dominika/tiago_public_ws/devel/share/common-lisp/ros/rosplan_tiago_scenarios_msgs/msg/CheckDoorFeedback.lisp
Symlinking /home/dominika/tiago_public_ws/devel/share/common-lisp/ros/rosplan_tiago_scenarios_msgs/msg/CheckDishwasherActionResult.lisp
Symlinking /home/dominika/tiago_public_ws/devel/share/common-lisp/ros/rosplan_tiago_scenarios_msgs/msg/_package_CheckLightActionResult.lisp
Symlinking /home/dominika/tiago_public_ws/devel/share/common-lisp/ros/rosplan_tiago_scenarios_msgs/msg/GoAction.lisp
Symlinking /home/dominika/tiago_public_ws/devel/share/common-lisp/ros/rosplan_tiago_scenarios_msgs/msg/_package_GetItemAction.lisp
Symlinking /home/dominika/tiago_public_ws/devel/share/common-lisp/ros/rosplan_tiago_scenarios_msgs/msg/_package_GreetAction.lisp
Symlinking /home/dominika/tiago_public_ws/devel/share/common-lisp/ros/rosplan_tiago_scenarios_msgs/msg/_package_CheckDoorActionGoal.lisp
Symlinking /home/dominika/tiago_public_ws/devel/share/common-lisp/ros/rosplan_tiago_scenarios_msgs/msg/CheckLightActionFeedback.lisp
Symlinking /home/dominika/tiago_public_ws/devel/share/common-lisp/ros/rosplan_tiago_scenarios_msgs/msg/GoWithAttendanceActionResult.lisp
Symlinking /home/dominika/tiago_public_ws/devel/share/common-lisp/ros/rosplan_tiago_scenarios_msgs/msg/CheckDishwasherGoal.lisp
Symlinking /home/dominika/tiago_public_ws/devel/share/common-lisp/ros/rosplan_tiago_scenarios_msgs/msg/_package_GoAction.lisp
Symlinking /home/dominika/tiago_public_ws/devel/share/common-lisp/ros/rosplan_tiago_scenarios_msgs/msg/_package_HumanApproachDetectActionResult.lisp
Symlinking /home/dominika/tiago_public_ws/devel/share/common-lisp/ros/rosplan_tiago_scenarios_msgs/msg/_package_CheckDoorFeedback.lisp
Symlinking /home/dominika/tiago_public_ws/devel/share/common-lisp/ros/rosplan_tiago_scenarios_msgs/msg/GreetGoal.lisp
Symlinking /home/dominika/tiago_public_ws/devel/share/common-lisp/ros/rosplan_tiago_scenarios_msgs/msg/_package_LeaveLoadResult.lisp
Symlinking /home/dominika/tiago_public_ws/devel/share/common-lisp/ros/rosplan_tiago_scenarios_msgs/msg/GetLoadFeedback.lisp
Symlinking /home/dominika/tiago_public_ws/devel/share/common-lisp/ros/rosplan_tiago_scenarios_msgs/msg/CheckDishwasherResult.lisp
Symlinking /home/dominika/tiago_public_ws/devel/share/common-lisp/ros/rosplan_tiago_scenarios_msgs/msg/GoWithAttendanceActionGoal.lisp
Symlinking /home/dominika/tiago_public_ws/devel/share/common-lisp/ros/rosplan_tiago_scenarios_msgs/msg/GetItemActionGoal.lisp
Symlinking /home/dominika/tiago_public_ws/devel/share/common-lisp/ros/rosplan_tiago_scenarios_msgs/msg/_package_GetLoadActionResult.lisp
Symlinking /home/dominika/tiago_public_ws/devel/share/common-lisp/ros/rosplan_tiago_scenarios_msgs/msg/_package_CheckDoorAction.lisp
Symlinking /home/dominika/tiago_public_ws/devel/share/common-lisp/ros/rosplan_tiago_scenarios_msgs/msg/GiveItemAction.lisp
Symlinking /home/dominika/tiago_public_ws/devel/share/common-lisp/ros/rosplan_tiago_scenarios_msgs/msg/CheckLightFeedback.lisp
Symlinking /home/dominika/tiago_public_ws/devel/share/common-lisp/ros/rosplan_tiago_scenarios_msgs/msg/_package_HumanInteractAction.lisp
Symlinking /home/dominika/tiago_public_ws/devel/share/common-lisp/ros/rosplan_tiago_scenarios_msgs/msg/_package_CheckDoorActionResult.lisp
Symlinking /home/dominika/tiago_public_ws/devel/share/common-lisp/ros/rosplan_tiago_scenarios_msgs/msg/_package_GoFeedback.lisp
Symlinking /home/dominika/tiago_public_ws/devel/share/common-lisp/ros/rosplan_tiago_scenarios_msgs/msg/GetLoadActionResult.lisp
Symlinking /home/dominika/tiago_public_ws/devel/share/common-lisp/ros/rosplan_tiago_scenarios_msgs/msg/_package_HumanInteractActionGoal.lisp
Symlinking /home/dominika/tiago_public_ws/devel/share/common-lisp/ros/rosplan_tiago_scenarios_msgs/msg/_package_GoScanningActionResult.lisp
Symlinking /home/dominika/tiago_public_ws/devel/share/common-lisp/ros/rosplan_tiago_scenarios_msgs/msg/_package_GreetResult.lisp
Symlinking /home/dominika/tiago_public_ws/devel/share/common-lisp/ros/rosplan_tiago_scenarios_msgs/msg/GetLoadResult.lisp
Symlinking /home/dominika/tiago_public_ws/devel/share/common-lisp/ros/rosplan_tiago_scenarios_msgs/msg/HumanInteractAction.lisp
Symlinking /home/dominika/tiago_public_ws/devel/share/common-lisp/ros/rosplan_tiago_scenarios_msgs/msg/_package_GetItemFeedback.lisp
Symlinking /home/dominika/tiago_public_ws/devel/share/common-lisp/ros/rosplan_tiago_scenarios_msgs/msg/_package_GetLoadActionFeedback.lisp
Symlinking /home/dominika/tiago_public_ws/devel/share/common-lisp/ros/rosplan_tiago_scenarios_msgs/msg/CheckDoorGoal.lisp
Symlinking /home/dominika/tiago_public_ws/devel/share/common-lisp/ros/rosplan_tiago_scenarios_msgs/msg/GoResult.lisp
Symlinking /home/dominika/tiago_public_ws/devel/share/common-lisp/ros/rosplan_tiago_scenarios_msgs/msg/_package_GetLoadAction.lisp
Symlinking /home/dominika/tiago_public_ws/devel/share/common-lisp/ros/rosplan_tiago_scenarios_msgs/msg/_package_LeaveLoadFeedback.lisp
Symlinking /home/dominika/tiago_public_ws/devel/share/common-lisp/ros/rosplan_tiago_scenarios_msgs/msg/GoFeedback.lisp
Symlinking /home/dominika/tiago_public_ws/devel/share/common-lisp/ros/rosplan_tiago_scenarios_msgs/msg/GreetResult.lisp
Symlinking /home/dominika/tiago_public_ws/devel/share/common-lisp/ros/rosplan_tiago_scenarios_msgs/msg/_package_GetLoadActionGoal.lisp
Symlinking /home/dominika/tiago_public_ws/devel/share/common-lisp/ros/rosplan_tiago_scenarios_msgs/msg/_package_GiveItemFeedback.lisp
Symlinking /home/dominika/tiago_public_ws/devel/share/common-lisp/ros/rosplan_tiago_scenarios_msgs/msg/GetItemActionFeedback.lisp
Symlinking /home/dominika/tiago_public_ws/devel/share/common-lisp/ros/rosplan_tiago_scenarios_msgs/msg/LeaveLoadFeedback.lisp
Symlinking /home/dominika/tiago_public_ws/devel/share/common-lisp/ros/rosplan_tiago_scenarios_msgs/msg/_package_HumanInteractGoal.lisp
Symlinking /home/dominika/tiago_public_ws/devel/share/common-lisp/ros/rosplan_tiago_scenarios_msgs/msg/CheckLightResult.lisp
Symlinking /home/dominika/tiago_public_ws/devel/share/common-lisp/ros/rosplan_tiago_scenarios_msgs/msg/GoWithAttendanceResult.lisp
Symlinking /home/dominika/tiago_public_ws/devel/share/common-lisp/ros/rosplan_tiago_scenarios_msgs/msg/_package_CheckDishwasherFeedback.lisp
Symlinking /home/dominika/tiago_public_ws/devel/share/common-lisp/ros/rosplan_tiago_scenarios_msgs/msg/GoActionFeedback.lisp
Symlinking /home/dominika/tiago_public_ws/devel/share/common-lisp/ros/rosplan_tiago_scenarios_msgs/msg/_package_GoWithAttendanceGoal.lisp
Symlinking /home/dominika/tiago_public_ws/devel/share/common-lisp/ros/rosplan_tiago_scenarios_msgs/msg/_package_GoWithAttendanceFeedback.lisp
Symlinking /home/dominika/tiago_public_ws/devel/share/common-lisp/ros/rosplan_tiago_scenarios_msgs/msg/_package_HumanApproachDetectResult.lisp
Symlinking /home/dominika/tiago_public_ws/devel/share/common-lisp/ros/rosplan_tiago_scenarios_msgs/msg/CheckDoorActionResult.lisp
Symlinking /home/dominika/tiago_public_ws/devel/share/common-lisp/ros/rosplan_tiago_scenarios_msgs/msg/HumanInteractFeedback.lisp
Symlinking /home/dominika/tiago_public_ws/devel/share/common-lisp/ros/rosplan_tiago_scenarios_msgs/msg/GetLoadAction.lisp
Symlinking /home/dominika/tiago_public_ws/devel/share/common-lisp/ros/rosplan_tiago_scenarios_msgs/msg/HumanApproachDetectActionFeedback.lisp
Symlinking /home/dominika/tiago_public_ws/devel/share/common-lisp/ros/rosplan_tiago_scenarios_msgs/msg/LeaveLoadGoal.lisp
Symlinking /home/dominika/tiago_public_ws/devel/share/common-lisp/ros/rosplan_tiago_scenarios_msgs/msg/LeaveLoadResult.lisp
Symlinking /home/dominika/tiago_public_ws/devel/share/common-lisp/ros/rosplan_tiago_scenarios_msgs/msg/_package_CheckDishwasherAction.lisp
Symlinking /home/dominika/tiago_public_ws/devel/share/common-lisp/ros/rosplan_tiago_scenarios_msgs/msg/CheckLightGoal.lisp
Symlinking /home/dominika/tiago_public_ws/devel/share/common-lisp/ros/rosplan_tiago_scenarios_msgs/msg/HumanApproachDetectActionResult.lisp
Symlinking /home/dominika/tiago_public_ws/devel/share/common-lisp/ros/rosplan_tiago_scenarios_msgs/msg/GoScanningResult.lisp
Symlinking /home/dominika/tiago_public_ws/devel/share/common-lisp/ros/rosplan_tiago_scenarios_msgs/msg/_package_GreetGoal.lisp
Symlinking /home/dominika/tiago_public_ws/devel/share/common-lisp/ros/rosplan_tiago_scenarios_msgs/msg/GetItemActionResult.lisp
Symlinking /home/dominika/tiago_public_ws/devel/share/common-lisp/ros/rosplan_tiago_scenarios_msgs/msg/GreetActionFeedback.lisp
Symlinking /home/dominika/tiago_public_ws/devel/share/common-lisp/ros/rosplan_tiago_scenarios_msgs/msg/CheckDishwasherFeedback.lisp
Symlinking /home/dominika/tiago_public_ws/devel/share/common-lisp/ros/rosplan_tiago_scenarios_msgs/msg/_package_GreetActionResult.lisp
Symlinking /home/dominika/tiago_public_ws/devel/share/common-lisp/ros/rosplan_tiago_scenarios_msgs/msg/_package_GetItemActionFeedback.lisp
Symlinking /home/dominika/tiago_public_ws/devel/share/common-lisp/ros/rosplan_tiago_scenarios_msgs/msg/GetItemResult.lisp
Symlinking /home/dominika/tiago_public_ws/devel/share/common-lisp/ros/rosplan_tiago_scenarios_msgs/msg/GreetFeedback.lisp
Symlinking /home/dominika/tiago_public_ws/devel/share/common-lisp/ros/rosplan_tiago_scenarios_msgs/msg/_package_CheckDoorResult.lisp
Symlinking /home/dominika/tiago_public_ws/devel/share/common-lisp/ros/rosplan_tiago_scenarios_msgs/msg/HumanApproachDetectAction.lisp
Symlinking /home/dominika/tiago_public_ws/devel/share/common-lisp/ros/rosplan_tiago_scenarios_msgs/msg/HumanInteractActionResult.lisp
Symlinking /home/dominika/tiago_public_ws/devel/share/common-lisp/ros/rosplan_tiago_scenarios_msgs/msg/LeaveLoadActionGoal.lisp
Symlinking /home/dominika/tiago_public_ws/devel/share/common-lisp/ros/rosplan_tiago_scenarios_msgs/msg/LeaveLoadAction.lisp
Symlinking /home/dominika/tiago_public_ws/devel/share/common-lisp/ros/rosplan_tiago_scenarios_msgs/msg/_package_GetItemActionResult.lisp
Symlinking /home/dominika/tiago_public_ws/devel/share/common-lisp/ros/rosplan_tiago_scenarios_msgs/msg/_package_LeaveLoadActionGoal.lisp
Symlinking /home/dominika/tiago_public_ws/devel/share/common-lisp/ros/rosplan_tiago_scenarios_msgs/msg/HumanInteractActionGoal.lisp
Symlinking /home/dominika/tiago_public_ws/devel/share/common-lisp/ros/rosplan_tiago_scenarios_msgs/msg/_package_GetLoadFeedback.lisp
Symlinking /home/dominika/tiago_public_ws/devel/share/common-lisp/ros/rosplan_tiago_scenarios_msgs/msg/_package_GoActionFeedback.lisp
Symlinking /home/dominika/tiago_public_ws/devel/share/common-lisp/ros/rosplan_tiago_scenarios_msgs/msg/_package_GiveItemActionResult.lisp
Symlinking /home/dominika/tiago_public_ws/devel/share/common-lisp/ros/rosplan_tiago_scenarios_msgs/msg/GoScanningFeedback.lisp
Symlinking /home/dominika/tiago_public_ws/devel/share/common-lisp/ros/rosplan_tiago_scenarios_msgs/msg/GiveItemActionGoal.lisp
Symlinking /home/dominika/tiago_public_ws/devel/share/common-lisp/ros/rosplan_tiago_scenarios_msgs/msg/HumanInteractResult.lisp
Symlinking /home/dominika/tiago_public_ws/devel/share/common-lisp/ros/rosplan_tiago_scenarios_msgs/msg/CheckDishwasherActionGoal.lisp
Symlinking /home/dominika/tiago_public_ws/devel/share/common-lisp/ros/rosplan_tiago_scenarios_msgs/msg/_package_HumanInteractFeedback.lisp
Symlinking /home/dominika/tiago_public_ws/devel/share/common-lisp/ros/rosplan_tiago_scenarios_msgs/msg/_package_LeaveLoadAction.lisp
Symlinking /home/dominika/tiago_public_ws/devel/share/common-lisp/ros/rosplan_tiago_scenarios_msgs/msg/HumanApproachDetectResult.lisp
Symlinking /home/dominika/tiago_public_ws/devel/share/common-lisp/ros/rosplan_tiago_scenarios_msgs/msg/_package_CheckDoorGoal.lisp
Symlinking /home/dominika/tiago_public_ws/devel/share/common-lisp/ros/rosplan_tiago_scenarios_msgs/msg/_package_HumanInteractResult.lisp
Symlinking /home/dominika/tiago_public_ws/devel/share/common-lisp/ros/rosplan_tiago_scenarios_msgs/msg/CheckDoorResult.lisp
Symlinking /home/dominika/tiago_public_ws/devel/share/common-lisp/ros/rosplan_tiago_scenarios_msgs/msg/_package_GreetActionFeedback.lisp
Symlinking /home/dominika/tiago_public_ws/devel/share/common-lisp/ros/rosplan_tiago_scenarios_msgs/msg/_package_LeaveLoadGoal.lisp
Symlinking /home/dominika/tiago_public_ws/devel/share/common-lisp/ros/rosplan_tiago_scenarios_msgs/msg/GreetActionResult.lisp
Symlinking /home/dominika/tiago_public_ws/devel/share/common-lisp/ros/rosplan_tiago_scenarios_msgs/msg/_package_HumanApproachDetectFeedback.lisp
Symlinking /home/dominika/tiago_public_ws/devel/share/common-lisp/ros/rosplan_tiago_scenarios_msgs/msg/_package_CheckLightGoal.lisp
Symlinking /home/dominika/tiago_public_ws/devel/share/common-lisp/ros/rosplan_tiago_scenarios_msgs/msg/_package_GetItemResult.lisp
Symlinking /home/dominika/tiago_public_ws/devel/share/common-lisp/ros/rosplan_tiago_scenarios_msgs/msg/_package_CheckLightActionGoal.lisp
Symlinking /home/dominika/tiago_public_ws/devel/share/common-lisp/ros/rosplan_tiago_scenarios_msgs/msg/GiveItemActionFeedback.lisp
Symlinking /home/dominika/tiago_public_ws/devel/share/common-lisp/ros/rosplan_tiago_scenarios_msgs/msg/GreetActionGoal.lisp
Symlinking /home/dominika/tiago_public_ws/devel/share/common-lisp/ros/rosplan_tiago_scenarios_msgs/msg/_package_GoActionGoal.lisp
Symlinking /home/dominika/tiago_public_ws/devel/share/common-lisp/ros/rosplan_tiago_scenarios_msgs/msg/GoGoal.lisp
Symlinking /home/dominika/tiago_public_ws/devel/share/common-lisp/ros/rosplan_tiago_scenarios_msgs/msg/_package_CheckDishwasherActionResult.lisp
Symlinking /home/dominika/tiago_public_ws/devel/share/common-lisp/ros/rosplan_tiago_scenarios_msgs/msg/_package_CheckLightResult.lisp
Symlinking /home/dominika/tiago_public_ws/devel/share/common-lisp/ros/rosplan_tiago_scenarios_msgs/msg/_package_CheckDishwasherActionFeedback.lisp
Symlinking /home/dominika/tiago_public_ws/devel/share/common-lisp/ros/rosplan_tiago_scenarios_msgs/msg/_package_CheckLightFeedback.lisp
Symlinking /home/dominika/tiago_public_ws/devel/share/common-lisp/ros/rosplan_tiago_scenarios_msgs/msg/GoScanningGoal.lisp
Symlinking /home/dominika/tiago_public_ws/devel/share/common-lisp/ros/rosplan_tiago_scenarios_msgs/msg/GoWithAttendanceActionFeedback.lisp
Symlinking /home/dominika/tiago_public_ws/devel/share/common-lisp/ros/rosplan_tiago_scenarios_msgs/msg/GoWithAttendanceAction.lisp
Symlinking /home/dominika/tiago_public_ws/devel/share/common-lisp/ros/rosplan_tiago_scenarios_msgs/msg/_package_LeaveLoadActionResult.lisp
Symlinking /home/dominika/tiago_public_ws/devel/share/common-lisp/ros/rosplan_tiago_scenarios_msgs/msg/HumanInteractActionFeedback.lisp
Symlinking /home/dominika/tiago_public_ws/devel/share/common-lisp/ros/rosplan_tiago_scenarios_msgs/msg/CheckDoorActionFeedback.lisp
Symlinking /home/dominika/tiago_public_ws/devel/share/common-lisp/ros/rosplan_tiago_scenarios_msgs/msg/_package_GoWithAttendanceActionFeedback.lisp
Symlinking /home/dominika/tiago_public_ws/devel/share/common-lisp/ros/rosplan_tiago_scenarios_msgs/msg/CheckDoorActionGoal.lisp
Symlinking /home/dominika/tiago_public_ws/devel/share/common-lisp/ros/rosplan_tiago_scenarios_msgs/msg/_package_GoScanningResult.lisp
Symlinking /home/dominika/tiago_public_ws/devel/share/common-lisp/ros/rosplan_tiago_scenarios_msgs/msg/HumanInteractGoal.lisp
Symlinking /home/dominika/tiago_public_ws/devel/share/common-lisp/ros/rosplan_tiago_scenarios_msgs/msg/GoWithAttendanceGoal.lisp
Symlinking /home/dominika/tiago_public_ws/devel/share/common-lisp/ros/rosplan_tiago_scenarios_msgs/msg/_package_GoScanningAction.lisp
Symlinking /home/dominika/tiago_public_ws/devel/share/common-lisp/ros/rosplan_tiago_scenarios_msgs/msg/_package_GiveItemGoal.lisp
Symlinking /home/dominika/tiago_public_ws/devel/share/common-lisp/ros/rosplan_tiago_scenarios_msgs/msg/_package_HumanApproachDetectGoal.lisp
Symlinking /home/dominika/tiago_public_ws/devel/share/common-lisp/ros/rosplan_tiago_scenarios_msgs/msg/GetItemAction.lisp
Symlinking /home/dominika/tiago_public_ws/devel/share/gennodejs/ros/rosplan_tiago_scenarios_msgs/_index.js
Symlinking /home/dominika/tiago_public_ws/devel/share/gennodejs/ros/rosplan_tiago_scenarios_msgs/msg/GiveItemActionGoal.js
Symlinking /home/dominika/tiago_public_ws/devel/share/gennodejs/ros/rosplan_tiago_scenarios_msgs/msg/GoScanningActionGoal.js
Symlinking /home/dominika/tiago_public_ws/devel/share/gennodejs/ros/rosplan_tiago_scenarios_msgs/msg/HumanInteractAction.js
Symlinking /home/dominika/tiago_public_ws/devel/share/gennodejs/ros/rosplan_tiago_scenarios_msgs/msg/GoScanningFeedback.js
Symlinking /home/dominika/tiago_public_ws/devel/share/gennodejs/ros/rosplan_tiago_scenarios_msgs/msg/CheckLightFeedback.js
Symlinking /home/dominika/tiago_public_ws/devel/share/gennodejs/ros/rosplan_tiago_scenarios_msgs/msg/CheckDishwasherActionResult.js
Symlinking /home/dominika/tiago_public_ws/devel/share/gennodejs/ros/rosplan_tiago_scenarios_msgs/msg/LeaveLoadResult.js
Symlinking /home/dominika/tiago_public_ws/devel/share/gennodejs/ros/rosplan_tiago_scenarios_msgs/msg/GoWithAttendanceActionGoal.js
Symlinking /home/dominika/tiago_public_ws/devel/share/gennodejs/ros/rosplan_tiago_scenarios_msgs/msg/GetLoadActionGoal.js
Symlinking /home/dominika/tiago_public_ws/devel/share/gennodejs/ros/rosplan_tiago_scenarios_msgs/msg/GreetActionFeedback.js
Symlinking /home/dominika/tiago_public_ws/devel/share/gennodejs/ros/rosplan_tiago_scenarios_msgs/msg/GreetFeedback.js
Symlinking /home/dominika/tiago_public_ws/devel/share/gennodejs/ros/rosplan_tiago_scenarios_msgs/msg/CheckDoorActionResult.js
Symlinking /home/dominika/tiago_public_ws/devel/share/gennodejs/ros/rosplan_tiago_scenarios_msgs/msg/GetLoadAction.js
Symlinking /home/dominika/tiago_public_ws/devel/share/gennodejs/ros/rosplan_tiago_scenarios_msgs/msg/GoWithAttendanceActionResult.js
Symlinking /home/dominika/tiago_public_ws/devel/share/gennodejs/ros/rosplan_tiago_scenarios_msgs/msg/GetLoadFeedback.js
Symlinking /home/dominika/tiago_public_ws/devel/share/gennodejs/ros/rosplan_tiago_scenarios_msgs/msg/HumanApproachDetectActionGoal.js
Symlinking /home/dominika/tiago_public_ws/devel/share/gennodejs/ros/rosplan_tiago_scenarios_msgs/msg/LeaveLoadActionFeedback.js
Symlinking /home/dominika/tiago_public_ws/devel/share/gennodejs/ros/rosplan_tiago_scenarios_msgs/msg/GoGoal.js
Symlinking /home/dominika/tiago_public_ws/devel/share/gennodejs/ros/rosplan_tiago_scenarios_msgs/msg/HumanInteractResult.js
Symlinking /home/dominika/tiago_public_ws/devel/share/gennodejs/ros/rosplan_tiago_scenarios_msgs/msg/GetLoadActionResult.js
Symlinking /home/dominika/tiago_public_ws/devel/share/gennodejs/ros/rosplan_tiago_scenarios_msgs/msg/GoAction.js
Symlinking /home/dominika/tiago_public_ws/devel/share/gennodejs/ros/rosplan_tiago_scenarios_msgs/msg/GreetAction.js
Symlinking /home/dominika/tiago_public_ws/devel/share/gennodejs/ros/rosplan_tiago_scenarios_msgs/msg/HumanApproachDetectFeedback.js
Symlinking /home/dominika/tiago_public_ws/devel/share/gennodejs/ros/rosplan_tiago_scenarios_msgs/msg/CheckLightActionFeedback.js
Symlinking /home/dominika/tiago_public_ws/devel/share/gennodejs/ros/rosplan_tiago_scenarios_msgs/msg/GiveItemActionResult.js
Symlinking /home/dominika/tiago_public_ws/devel/share/gennodejs/ros/rosplan_tiago_scenarios_msgs/msg/GetItemActionFeedback.js
Symlinking /home/dominika/tiago_public_ws/devel/share/gennodejs/ros/rosplan_tiago_scenarios_msgs/msg/CheckDoorFeedback.js
Symlinking /home/dominika/tiago_public_ws/devel/share/gennodejs/ros/rosplan_tiago_scenarios_msgs/msg/GetItemAction.js
Symlinking /home/dominika/tiago_public_ws/devel/share/gennodejs/ros/rosplan_tiago_scenarios_msgs/msg/HumanApproachDetectAction.js
Symlinking /home/dominika/tiago_public_ws/devel/share/gennodejs/ros/rosplan_tiago_scenarios_msgs/msg/CheckDoorActionGoal.js
Symlinking /home/dominika/tiago_public_ws/devel/share/gennodejs/ros/rosplan_tiago_scenarios_msgs/msg/LeaveLoadActionGoal.js
Symlinking /home/dominika/tiago_public_ws/devel/share/gennodejs/ros/rosplan_tiago_scenarios_msgs/msg/GoWithAttendanceGoal.js
Symlinking /home/dominika/tiago_public_ws/devel/share/gennodejs/ros/rosplan_tiago_scenarios_msgs/msg/GoWithAttendanceActionFeedback.js
Symlinking /home/dominika/tiago_public_ws/devel/share/gennodejs/ros/rosplan_tiago_scenarios_msgs/msg/GiveItemResult.js
Symlinking /home/dominika/tiago_public_ws/devel/share/gennodejs/ros/rosplan_tiago_scenarios_msgs/msg/CheckDishwasherActionFeedback.js
Symlinking /home/dominika/tiago_public_ws/devel/share/gennodejs/ros/rosplan_tiago_scenarios_msgs/msg/HumanApproachDetectResult.js
Symlinking /home/dominika/tiago_public_ws/devel/share/gennodejs/ros/rosplan_tiago_scenarios_msgs/msg/GoFeedback.js
Symlinking /home/dominika/tiago_public_ws/devel/share/gennodejs/ros/rosplan_tiago_scenarios_msgs/msg/GoScanningActionFeedback.js
Symlinking /home/dominika/tiago_public_ws/devel/share/gennodejs/ros/rosplan_tiago_scenarios_msgs/msg/CheckLightActionResult.js
Symlinking /home/dominika/tiago_public_ws/devel/share/gennodejs/ros/rosplan_tiago_scenarios_msgs/msg/HumanInteractActionGoal.js
Symlinking /home/dominika/tiago_public_ws/devel/share/gennodejs/ros/rosplan_tiago_scenarios_msgs/msg/CheckDoorActionFeedback.js
Symlinking /home/dominika/tiago_public_ws/devel/share/gennodejs/ros/rosplan_tiago_scenarios_msgs/msg/GreetActionGoal.js
Symlinking /home/dominika/tiago_public_ws/devel/share/gennodejs/ros/rosplan_tiago_scenarios_msgs/msg/GetItemActionResult.js
Symlinking /home/dominika/tiago_public_ws/devel/share/gennodejs/ros/rosplan_tiago_scenarios_msgs/msg/HumanInteractFeedback.js
Symlinking /home/dominika/tiago_public_ws/devel/share/gennodejs/ros/rosplan_tiago_scenarios_msgs/msg/GreetGoal.js
Symlinking /home/dominika/tiago_public_ws/devel/share/gennodejs/ros/rosplan_tiago_scenarios_msgs/msg/GoWithAttendanceFeedback.js
Symlinking /home/dominika/tiago_public_ws/devel/share/gennodejs/ros/rosplan_tiago_scenarios_msgs/msg/GetItemGoal.js
Symlinking /home/dominika/tiago_public_ws/devel/share/gennodejs/ros/rosplan_tiago_scenarios_msgs/msg/CheckLightAction.js
Symlinking /home/dominika/tiago_public_ws/devel/share/gennodejs/ros/rosplan_tiago_scenarios_msgs/msg/HumanInteractActionFeedback.js
Symlinking /home/dominika/tiago_public_ws/devel/share/gennodejs/ros/rosplan_tiago_scenarios_msgs/msg/GiveItemActionFeedback.js
Symlinking /home/dominika/tiago_public_ws/devel/share/gennodejs/ros/rosplan_tiago_scenarios_msgs/msg/GiveItemAction.js
Symlinking /home/dominika/tiago_public_ws/devel/share/gennodejs/ros/rosplan_tiago_scenarios_msgs/msg/HumanApproachDetectActionResult.js
Symlinking /home/dominika/tiago_public_ws/devel/share/gennodejs/ros/rosplan_tiago_scenarios_msgs/msg/GoScanningResult.js
Symlinking /home/dominika/tiago_public_ws/devel/share/gennodejs/ros/rosplan_tiago_scenarios_msgs/msg/GoScanningAction.js
Symlinking /home/dominika/tiago_public_ws/devel/share/gennodejs/ros/rosplan_tiago_scenarios_msgs/msg/HumanApproachDetectGoal.js
Symlinking /home/dominika/tiago_public_ws/devel/share/gennodejs/ros/rosplan_tiago_scenarios_msgs/msg/_index.js
Symlinking /home/dominika/tiago_public_ws/devel/share/gennodejs/ros/rosplan_tiago_scenarios_msgs/msg/GiveItemFeedback.js
Symlinking /home/dominika/tiago_public_ws/devel/share/gennodejs/ros/rosplan_tiago_scenarios_msgs/msg/CheckLightGoal.js
Symlinking /home/dominika/tiago_public_ws/devel/share/gennodejs/ros/rosplan_tiago_scenarios_msgs/msg/CheckDishwasherAction.js
Symlinking /home/dominika/tiago_public_ws/devel/share/gennodejs/ros/rosplan_tiago_scenarios_msgs/msg/LeaveLoadActionResult.js
Symlinking /home/dominika/tiago_public_ws/devel/share/gennodejs/ros/rosplan_tiago_scenarios_msgs/msg/CheckDishwasherResult.js
Symlinking /home/dominika/tiago_public_ws/devel/share/gennodejs/ros/rosplan_tiago_scenarios_msgs/msg/GoActionGoal.js
Symlinking /home/dominika/tiago_public_ws/devel/share/gennodejs/ros/rosplan_tiago_scenarios_msgs/msg/CheckDoorResult.js
Symlinking /home/dominika/tiago_public_ws/devel/share/gennodejs/ros/rosplan_tiago_scenarios_msgs/msg/CheckDishwasherFeedback.js
Symlinking /home/dominika/tiago_public_ws/devel/share/gennodejs/ros/rosplan_tiago_scenarios_msgs/msg/CheckLightActionGoal.js
Symlinking /home/dominika/tiago_public_ws/devel/share/gennodejs/ros/rosplan_tiago_scenarios_msgs/msg/CheckDishwasherActionGoal.js
Symlinking /home/dominika/tiago_public_ws/devel/share/gennodejs/ros/rosplan_tiago_scenarios_msgs/msg/LeaveLoadAction.js
Symlinking /home/dominika/tiago_public_ws/devel/share/gennodejs/ros/rosplan_tiago_scenarios_msgs/msg/HumanInteractGoal.js
Symlinking /home/dominika/tiago_public_ws/devel/share/gennodejs/ros/rosplan_tiago_scenarios_msgs/msg/GetItemFeedback.js
Symlinking /home/dominika/tiago_public_ws/devel/share/gennodejs/ros/rosplan_tiago_scenarios_msgs/msg/GetItemResult.js
Symlinking /home/dominika/tiago_public_ws/devel/share/gennodejs/ros/rosplan_tiago_scenarios_msgs/msg/LeaveLoadFeedback.js
Symlinking /home/dominika/tiago_public_ws/devel/share/gennodejs/ros/rosplan_tiago_scenarios_msgs/msg/HumanApproachDetectActionFeedback.js
Symlinking /home/dominika/tiago_public_ws/devel/share/gennodejs/ros/rosplan_tiago_scenarios_msgs/msg/GoActionFeedback.js
Symlinking /home/dominika/tiago_public_ws/devel/share/gennodejs/ros/rosplan_tiago_scenarios_msgs/msg/GoResult.js
Symlinking /home/dominika/tiago_public_ws/devel/share/gennodejs/ros/rosplan_tiago_scenarios_msgs/msg/CheckDishwasherGoal.js
Symlinking /home/dominika/tiago_public_ws/devel/share/gennodejs/ros/rosplan_tiago_scenarios_msgs/msg/GetItemActionGoal.js
Symlinking /home/dominika/tiago_public_ws/devel/share/gennodejs/ros/rosplan_tiago_scenarios_msgs/msg/LeaveLoadGoal.js
Symlinking /home/dominika/tiago_public_ws/devel/share/gennodejs/ros/rosplan_tiago_scenarios_msgs/msg/GoScanningActionResult.js
Symlinking /home/dominika/tiago_public_ws/devel/share/gennodejs/ros/rosplan_tiago_scenarios_msgs/msg/CheckDoorAction.js
Symlinking /home/dominika/tiago_public_ws/devel/share/gennodejs/ros/rosplan_tiago_scenarios_msgs/msg/CheckLightResult.js
Symlinking /home/dominika/tiago_public_ws/devel/share/gennodejs/ros/rosplan_tiago_scenarios_msgs/msg/GetLoadGoal.js
Symlinking /home/dominika/tiago_public_ws/devel/share/gennodejs/ros/rosplan_tiago_scenarios_msgs/msg/GetLoadActionFeedback.js
Symlinking /home/dominika/tiago_public_ws/devel/share/gennodejs/ros/rosplan_tiago_scenarios_msgs/msg/GoWithAttendanceResult.js
Symlinking /home/dominika/tiago_public_ws/devel/share/gennodejs/ros/rosplan_tiago_scenarios_msgs/msg/GoWithAttendanceAction.js
Symlinking /home/dominika/tiago_public_ws/devel/share/gennodejs/ros/rosplan_tiago_scenarios_msgs/msg/GreetResult.js
Symlinking /home/dominika/tiago_public_ws/devel/share/gennodejs/ros/rosplan_tiago_scenarios_msgs/msg/GiveItemGoal.js
Symlinking /home/dominika/tiago_public_ws/devel/share/gennodejs/ros/rosplan_tiago_scenarios_msgs/msg/HumanInteractActionResult.js
Symlinking /home/dominika/tiago_public_ws/devel/share/gennodejs/ros/rosplan_tiago_scenarios_msgs/msg/GoScanningGoal.js
Symlinking /home/dominika/tiago_public_ws/devel/share/gennodejs/ros/rosplan_tiago_scenarios_msgs/msg/GoActionResult.js
Symlinking /home/dominika/tiago_public_ws/devel/share/gennodejs/ros/rosplan_tiago_scenarios_msgs/msg/GreetActionResult.js
Symlinking /home/dominika/tiago_public_ws/devel/share/gennodejs/ros/rosplan_tiago_scenarios_msgs/msg/CheckDoorGoal.js
Symlinking /home/dominika/tiago_public_ws/devel/share/gennodejs/ros/rosplan_tiago_scenarios_msgs/msg/GetLoadResult.js
Symlinking /home/dominika/tiago_public_ws/devel/share/rosplan_tiago_scenarios_msgs/msg/GoResult.msg
Symlinking /home/dominika/tiago_public_ws/devel/share/rosplan_tiago_scenarios_msgs/msg/HumanInteractActionGoal.msg
Symlinking /home/dominika/tiago_public_ws/devel/share/rosplan_tiago_scenarios_msgs/msg/GoWithAttendanceResult.msg
Symlinking /home/dominika/tiago_public_ws/devel/share/rosplan_tiago_scenarios_msgs/msg/CheckDoorGoal.msg
Symlinking /home/dominika/tiago_public_ws/devel/share/rosplan_tiago_scenarios_msgs/msg/LeaveLoadFeedback.msg
Symlinking /home/dominika/tiago_public_ws/devel/share/rosplan_tiago_scenarios_msgs/msg/GoWithAttendanceActionGoal.msg
Symlinking /home/dominika/tiago_public_ws/devel/share/rosplan_tiago_scenarios_msgs/msg/GoWithAttendanceActionFeedback.msg
Symlinking /home/dominika/tiago_public_ws/devel/share/rosplan_tiago_scenarios_msgs/msg/HumanInteractResult.msg
Symlinking /home/dominika/tiago_public_ws/devel/share/rosplan_tiago_scenarios_msgs/msg/GiveItemGoal.msg
Symlinking /home/dominika/tiago_public_ws/devel/share/rosplan_tiago_scenarios_msgs/msg/GetLoadAction.msg
Symlinking /home/dominika/tiago_public_ws/devel/share/rosplan_tiago_scenarios_msgs/msg/CheckLightGoal.msg
Symlinking /home/dominika/tiago_public_ws/devel/share/rosplan_tiago_scenarios_msgs/msg/GetItemAction.msg
Symlinking /home/dominika/tiago_public_ws/devel/share/rosplan_tiago_scenarios_msgs/msg/CheckDoorFeedback.msg
Symlinking /home/dominika/tiago_public_ws/devel/share/rosplan_tiago_scenarios_msgs/msg/CheckDoorActionResult.msg
Symlinking /home/dominika/tiago_public_ws/devel/share/rosplan_tiago_scenarios_msgs/msg/HumanApproachDetectActionFeedback.msg
Symlinking /home/dominika/tiago_public_ws/devel/share/rosplan_tiago_scenarios_msgs/msg/GoWithAttendanceFeedback.msg
Symlinking /home/dominika/tiago_public_ws/devel/share/rosplan_tiago_scenarios_msgs/msg/GreetResult.msg
Symlinking /home/dominika/tiago_public_ws/devel/share/rosplan_tiago_scenarios_msgs/msg/GoActionFeedback.msg
Symlinking /home/dominika/tiago_public_ws/devel/share/rosplan_tiago_scenarios_msgs/msg/HumanApproachDetectAction.msg
Symlinking /home/dominika/tiago_public_ws/devel/share/rosplan_tiago_scenarios_msgs/msg/CheckDishwasherGoal.msg
Symlinking /home/dominika/tiago_public_ws/devel/share/rosplan_tiago_scenarios_msgs/msg/HumanApproachDetectFeedback.msg
Symlinking /home/dominika/tiago_public_ws/devel/share/rosplan_tiago_scenarios_msgs/msg/GoScanningActionFeedback.msg
Symlinking /home/dominika/tiago_public_ws/devel/share/rosplan_tiago_scenarios_msgs/msg/GiveItemAction.msg
Symlinking /home/dominika/tiago_public_ws/devel/share/rosplan_tiago_scenarios_msgs/msg/GoScanningAction.msg
Symlinking /home/dominika/tiago_public_ws/devel/share/rosplan_tiago_scenarios_msgs/msg/GetLoadGoal.msg
Symlinking /home/dominika/tiago_public_ws/devel/share/rosplan_tiago_scenarios_msgs/msg/HumanInteractGoal.msg
Symlinking /home/dominika/tiago_public_ws/devel/share/rosplan_tiago_scenarios_msgs/msg/GreetActionGoal.msg
Symlinking /home/dominika/tiago_public_ws/devel/share/rosplan_tiago_scenarios_msgs/msg/CheckDoorActionFeedback.msg
Symlinking /home/dominika/tiago_public_ws/devel/share/rosplan_tiago_scenarios_msgs/msg/CheckDoorActionGoal.msg
Symlinking /home/dominika/tiago_public_ws/devel/share/rosplan_tiago_scenarios_msgs/msg/GoScanningActionGoal.msg
Symlinking /home/dominika/tiago_public_ws/devel/share/rosplan_tiago_scenarios_msgs/msg/GreetActionFeedback.msg
Symlinking /home/dominika/tiago_public_ws/devel/share/rosplan_tiago_scenarios_msgs/msg/CheckDoorAction.msg
Symlinking /home/dominika/tiago_public_ws/devel/share/rosplan_tiago_scenarios_msgs/msg/GoScanningFeedback.msg
Symlinking /home/dominika/tiago_public_ws/devel/share/rosplan_tiago_scenarios_msgs/msg/GetLoadActionFeedback.msg
Symlinking /home/dominika/tiago_public_ws/devel/share/rosplan_tiago_scenarios_msgs/msg/HumanInteractFeedback.msg
Symlinking /home/dominika/tiago_public_ws/devel/share/rosplan_tiago_scenarios_msgs/msg/CheckLightResult.msg
Symlinking /home/dominika/tiago_public_ws/devel/share/rosplan_tiago_scenarios_msgs/msg/GetItemFeedback.msg
Symlinking /home/dominika/tiago_public_ws/devel/share/rosplan_tiago_scenarios_msgs/msg/GoActionResult.msg
Symlinking /home/dominika/tiago_public_ws/devel/share/rosplan_tiago_scenarios_msgs/msg/GoScanningResult.msg
Symlinking /home/dominika/tiago_public_ws/devel/share/rosplan_tiago_scenarios_msgs/msg/GoScanningActionResult.msg
Symlinking /home/dominika/tiago_public_ws/devel/share/rosplan_tiago_scenarios_msgs/msg/GoWithAttendanceActionResult.msg
Symlinking /home/dominika/tiago_public_ws/devel/share/rosplan_tiago_scenarios_msgs/msg/LeaveLoadActionFeedback.msg
Symlinking /home/dominika/tiago_public_ws/devel/share/rosplan_tiago_scenarios_msgs/msg/HumanApproachDetectActionResult.msg
Symlinking /home/dominika/tiago_public_ws/devel/share/rosplan_tiago_scenarios_msgs/msg/GetLoadFeedback.msg
Symlinking /home/dominika/tiago_public_ws/devel/share/rosplan_tiago_scenarios_msgs/msg/GoActionGoal.msg
Symlinking /home/dominika/tiago_public_ws/devel/share/rosplan_tiago_scenarios_msgs/msg/HumanInteractAction.msg
Symlinking /home/dominika/tiago_public_ws/devel/share/rosplan_tiago_scenarios_msgs/msg/GreetAction.msg
Symlinking /home/dominika/tiago_public_ws/devel/share/rosplan_tiago_scenarios_msgs/msg/GetLoadActionResult.msg
Symlinking /home/dominika/tiago_public_ws/devel/share/rosplan_tiago_scenarios_msgs/msg/GoWithAttendanceGoal.msg
Symlinking /home/dominika/tiago_public_ws/devel/share/rosplan_tiago_scenarios_msgs/msg/GetLoadResult.msg
Symlinking /home/dominika/tiago_public_ws/devel/share/rosplan_tiago_scenarios_msgs/msg/GetLoadActionGoal.msg
Symlinking /home/dominika/tiago_public_ws/devel/share/rosplan_tiago_scenarios_msgs/msg/CheckLightActionResult.msg
Symlinking /home/dominika/tiago_public_ws/devel/share/rosplan_tiago_scenarios_msgs/msg/GiveItemFeedback.msg
Symlinking /home/dominika/tiago_public_ws/devel/share/rosplan_tiago_scenarios_msgs/msg/LeaveLoadResult.msg
Symlinking /home/dominika/tiago_public_ws/devel/share/rosplan_tiago_scenarios_msgs/msg/CheckDoorResult.msg
Symlinking /home/dominika/tiago_public_ws/devel/share/rosplan_tiago_scenarios_msgs/msg/GreetGoal.msg
Symlinking /home/dominika/tiago_public_ws/devel/share/rosplan_tiago_scenarios_msgs/msg/GreetFeedback.msg
Symlinking /home/dominika/tiago_public_ws/devel/share/rosplan_tiago_scenarios_msgs/msg/HumanInteractActionFeedback.msg
Symlinking /home/dominika/tiago_public_ws/devel/share/rosplan_tiago_scenarios_msgs/msg/GetItemActionGoal.msg
Symlinking /home/dominika/tiago_public_ws/devel/share/rosplan_tiago_scenarios_msgs/msg/GetItemActionFeedback.msg
Symlinking /home/dominika/tiago_public_ws/devel/share/rosplan_tiago_scenarios_msgs/msg/GoAction.msg
Symlinking /home/dominika/tiago_public_ws/devel/share/rosplan_tiago_scenarios_msgs/msg/HumanApproachDetectGoal.msg
Symlinking /home/dominika/tiago_public_ws/devel/share/rosplan_tiago_scenarios_msgs/msg/CheckDishwasherResult.msg
Symlinking /home/dominika/tiago_public_ws/devel/share/rosplan_tiago_scenarios_msgs/msg/CheckLightActionFeedback.msg
Symlinking /home/dominika/tiago_public_ws/devel/share/rosplan_tiago_scenarios_msgs/msg/GoWithAttendanceAction.msg
Symlinking /home/dominika/tiago_public_ws/devel/share/rosplan_tiago_scenarios_msgs/msg/GoFeedback.msg
Symlinking /home/dominika/tiago_public_ws/devel/share/rosplan_tiago_scenarios_msgs/msg/CheckLightAction.msg
Symlinking /home/dominika/tiago_public_ws/devel/share/rosplan_tiago_scenarios_msgs/msg/GiveItemActionFeedback.msg
Symlinking /home/dominika/tiago_public_ws/devel/share/rosplan_tiago_scenarios_msgs/msg/GiveItemResult.msg
Symlinking /home/dominika/tiago_public_ws/devel/share/rosplan_tiago_scenarios_msgs/msg/CheckDishwasherActionResult.msg
Symlinking /home/dominika/tiago_public_ws/devel/share/rosplan_tiago_scenarios_msgs/msg/GiveItemActionResult.msg
Symlinking /home/dominika/tiago_public_ws/devel/share/rosplan_tiago_scenarios_msgs/msg/HumanInteractActionResult.msg
Symlinking /home/dominika/tiago_public_ws/devel/share/rosplan_tiago_scenarios_msgs/msg/GiveItemActionGoal.msg
Symlinking /home/dominika/tiago_public_ws/devel/share/rosplan_tiago_scenarios_msgs/msg/HumanApproachDetectActionGoal.msg
Symlinking /home/dominika/tiago_public_ws/devel/share/rosplan_tiago_scenarios_msgs/msg/GetItemGoal.msg
Symlinking /home/dominika/tiago_public_ws/devel/share/rosplan_tiago_scenarios_msgs/msg/CheckDishwasherFeedback.msg
Symlinking /home/dominika/tiago_public_ws/devel/share/rosplan_tiago_scenarios_msgs/msg/GetItemActionResult.msg
Symlinking /home/dominika/tiago_public_ws/devel/share/rosplan_tiago_scenarios_msgs/msg/CheckLightActionGoal.msg
Symlinking /home/dominika/tiago_public_ws/devel/share/rosplan_tiago_scenarios_msgs/msg/LeaveLoadActionGoal.msg
Symlinking /home/dominika/tiago_public_ws/devel/share/rosplan_tiago_scenarios_msgs/msg/GreetActionResult.msg
Symlinking /home/dominika/tiago_public_ws/devel/share/rosplan_tiago_scenarios_msgs/msg/LeaveLoadGoal.msg
Symlinking /home/dominika/tiago_public_ws/devel/share/rosplan_tiago_scenarios_msgs/msg/GoScanningGoal.msg
Symlinking /home/dominika/tiago_public_ws/devel/share/rosplan_tiago_scenarios_msgs/msg/LeaveLoadAction.msg
Symlinking /home/dominika/tiago_public_ws/devel/share/rosplan_tiago_scenarios_msgs/msg/CheckDishwasherAction.msg
Symlinking /home/dominika/tiago_public_ws/devel/share/rosplan_tiago_scenarios_msgs/msg/GetItemResult.msg
Symlinking /home/dominika/tiago_public_ws/devel/share/rosplan_tiago_scenarios_msgs/msg/CheckDishwasherActionFeedback.msg
Symlinking /home/dominika/tiago_public_ws/devel/share/rosplan_tiago_scenarios_msgs/msg/HumanApproachDetectResult.msg
Symlinking /home/dominika/tiago_public_ws/devel/share/rosplan_tiago_scenarios_msgs/msg/CheckLightFeedback.msg
Symlinking /home/dominika/tiago_public_ws/devel/share/rosplan_tiago_scenarios_msgs/msg/LeaveLoadActionResult.msg
Symlinking /home/dominika/tiago_public_ws/devel/share/rosplan_tiago_scenarios_msgs/msg/GoGoal.msg
Symlinking /home/dominika/tiago_public_ws/devel/share/rosplan_tiago_scenarios_msgs/msg/CheckDishwasherActionGoal.msg
Symlinking /home/dominika/tiago_public_ws/devel/share/rosplan_tiago_scenarios_msgs/cmake/rosplan_tiago_scenarios_msgsConfig-version.cmake
Symlinking /home/dominika/tiago_public_ws/devel/share/rosplan_tiago_scenarios_msgs/cmake/rosplan_tiago_scenarios_msgs-msg-paths.cmake
Symlinking /home/dominika/tiago_public_ws/devel/share/rosplan_tiago_scenarios_msgs/cmake/rosplan_tiago_scenarios_msgsConfig.cmake
Symlinking /home/dominika/tiago_public_ws/devel/share/rosplan_tiago_scenarios_msgs/cmake/rosplan_tiago_scenarios_msgs-msg-extras.cmake
Symlinking /home/dominika/tiago_public_ws/devel/share/roseus/ros/rosplan_tiago_scenarios_msgs/manifest.l
Symlinking /home/dominika/tiago_public_ws/devel/share/roseus/ros/rosplan_tiago_scenarios_msgs/msg/GiveItemGoal.l
Symlinking /home/dominika/tiago_public_ws/devel/share/roseus/ros/rosplan_tiago_scenarios_msgs/msg/CheckLightAction.l
Symlinking /home/dominika/tiago_public_ws/devel/share/roseus/ros/rosplan_tiago_scenarios_msgs/msg/GetLoadGoal.l
Symlinking /home/dominika/tiago_public_ws/devel/share/roseus/ros/rosplan_tiago_scenarios_msgs/msg/GetItemActionGoal.l
Symlinking /home/dominika/tiago_public_ws/devel/share/roseus/ros/rosplan_tiago_scenarios_msgs/msg/LeaveLoadActionGoal.l
Symlinking /home/dominika/tiago_public_ws/devel/share/roseus/ros/rosplan_tiago_scenarios_msgs/msg/HumanInteractAction.l
Symlinking /home/dominika/tiago_public_ws/devel/share/roseus/ros/rosplan_tiago_scenarios_msgs/msg/GetLoadActionGoal.l
Symlinking /home/dominika/tiago_public_ws/devel/share/roseus/ros/rosplan_tiago_scenarios_msgs/msg/CheckLightGoal.l
Symlinking /home/dominika/tiago_public_ws/devel/share/roseus/ros/rosplan_tiago_scenarios_msgs/msg/HumanInteractGoal.l
Symlinking /home/dominika/tiago_public_ws/devel/share/roseus/ros/rosplan_tiago_scenarios_msgs/msg/CheckDoorGoal.l
Symlinking /home/dominika/tiago_public_ws/devel/share/roseus/ros/rosplan_tiago_scenarios_msgs/msg/CheckDishwasherAction.l
Symlinking /home/dominika/tiago_public_ws/devel/share/roseus/ros/rosplan_tiago_scenarios_msgs/msg/GreetActionResult.l
Symlinking /home/dominika/tiago_public_ws/devel/share/roseus/ros/rosplan_tiago_scenarios_msgs/msg/HumanApproachDetectGoal.l
Symlinking /home/dominika/tiago_public_ws/devel/share/roseus/ros/rosplan_tiago_scenarios_msgs/msg/GoWithAttendanceActionResult.l
Symlinking /home/dominika/tiago_public_ws/devel/share/roseus/ros/rosplan_tiago_scenarios_msgs/msg/GoScanningActionResult.l
Symlinking /home/dominika/tiago_public_ws/devel/share/roseus/ros/rosplan_tiago_scenarios_msgs/msg/GetItemResult.l
Symlinking /home/dominika/tiago_public_ws/devel/share/roseus/ros/rosplan_tiago_scenarios_msgs/msg/CheckLightActionFeedback.l
Symlinking /home/dominika/tiago_public_ws/devel/share/roseus/ros/rosplan_tiago_scenarios_msgs/msg/GoWithAttendanceResult.l
Symlinking /home/dominika/tiago_public_ws/devel/share/roseus/ros/rosplan_tiago_scenarios_msgs/msg/GreetActionGoal.l
Symlinking /home/dominika/tiago_public_ws/devel/share/roseus/ros/rosplan_tiago_scenarios_msgs/msg/GoGoal.l
Symlinking /home/dominika/tiago_public_ws/devel/share/roseus/ros/rosplan_tiago_scenarios_msgs/msg/GetItemFeedback.l
Symlinking /home/dominika/tiago_public_ws/devel/share/roseus/ros/rosplan_tiago_scenarios_msgs/msg/GiveItemAction.l
Symlinking /home/dominika/tiago_public_ws/devel/share/roseus/ros/rosplan_tiago_scenarios_msgs/msg/GoScanningActionFeedback.l
Symlinking /home/dominika/tiago_public_ws/devel/share/roseus/ros/rosplan_tiago_scenarios_msgs/msg/HumanInteractResult.l
Symlinking /home/dominika/tiago_public_ws/devel/share/roseus/ros/rosplan_tiago_scenarios_msgs/msg/GoScanningFeedback.l
Symlinking /home/dominika/tiago_public_ws/devel/share/roseus/ros/rosplan_tiago_scenarios_msgs/msg/HumanInteractFeedback.l
Symlinking /home/dominika/tiago_public_ws/devel/share/roseus/ros/rosplan_tiago_scenarios_msgs/msg/CheckLightActionResult.l
Symlinking /home/dominika/tiago_public_ws/devel/share/roseus/ros/rosplan_tiago_scenarios_msgs/msg/GoActionResult.l
Symlinking /home/dominika/tiago_public_ws/devel/share/roseus/ros/rosplan_tiago_scenarios_msgs/msg/LeaveLoadGoal.l
Symlinking /home/dominika/tiago_public_ws/devel/share/roseus/ros/rosplan_tiago_scenarios_msgs/msg/CheckDoorAction.l
Symlinking /home/dominika/tiago_public_ws/devel/share/roseus/ros/rosplan_tiago_scenarios_msgs/msg/GoAction.l
Symlinking /home/dominika/tiago_public_ws/devel/share/roseus/ros/rosplan_tiago_scenarios_msgs/msg/LeaveLoadResult.l
Symlinking /home/dominika/tiago_public_ws/devel/share/roseus/ros/rosplan_tiago_scenarios_msgs/msg/GoActionFeedback.l
Symlinking /home/dominika/tiago_public_ws/devel/share/roseus/ros/rosplan_tiago_scenarios_msgs/msg/LeaveLoadAction.l
Symlinking /home/dominika/tiago_public_ws/devel/share/roseus/ros/rosplan_tiago_scenarios_msgs/msg/CheckDishwasherFeedback.l
Symlinking /home/dominika/tiago_public_ws/devel/share/roseus/ros/rosplan_tiago_scenarios_msgs/msg/GreetActionFeedback.l
Symlinking /home/dominika/tiago_public_ws/devel/share/roseus/ros/rosplan_tiago_scenarios_msgs/msg/HumanInteractActionResult.l
Symlinking /home/dominika/tiago_public_ws/devel/share/roseus/ros/rosplan_tiago_scenarios_msgs/msg/HumanApproachDetectFeedback.l
Symlinking /home/dominika/tiago_public_ws/devel/share/roseus/ros/rosplan_tiago_scenarios_msgs/msg/GiveItemFeedback.l
Symlinking /home/dominika/tiago_public_ws/devel/share/roseus/ros/rosplan_tiago_scenarios_msgs/msg/CheckDoorActionFeedback.l
Symlinking /home/dominika/tiago_public_ws/devel/share/roseus/ros/rosplan_tiago_scenarios_msgs/msg/GoScanningActionGoal.l
Symlinking /home/dominika/tiago_public_ws/devel/share/roseus/ros/rosplan_tiago_scenarios_msgs/msg/CheckDoorResult.l
Symlinking /home/dominika/tiago_public_ws/devel/share/roseus/ros/rosplan_tiago_scenarios_msgs/msg/CheckLightFeedback.l
Symlinking /home/dominika/tiago_public_ws/devel/share/roseus/ros/rosplan_tiago_scenarios_msgs/msg/GetItemActionFeedback.l
Symlinking /home/dominika/tiago_public_ws/devel/share/roseus/ros/rosplan_tiago_scenarios_msgs/msg/LeaveLoadActionResult.l
Symlinking /home/dominika/tiago_public_ws/devel/share/roseus/ros/rosplan_tiago_scenarios_msgs/msg/LeaveLoadFeedback.l
Symlinking /home/dominika/tiago_public_ws/devel/share/roseus/ros/rosplan_tiago_scenarios_msgs/msg/GoWithAttendanceGoal.l
Symlinking /home/dominika/tiago_public_ws/devel/share/roseus/ros/rosplan_tiago_scenarios_msgs/msg/GoScanningResult.l
Symlinking /home/dominika/tiago_public_ws/devel/share/roseus/ros/rosplan_tiago_scenarios_msgs/msg/GiveItemActionResult.l
Symlinking /home/dominika/tiago_public_ws/devel/share/roseus/ros/rosplan_tiago_scenarios_msgs/msg/GreetGoal.l
Symlinking /home/dominika/tiago_public_ws/devel/share/roseus/ros/rosplan_tiago_scenarios_msgs/msg/HumanApproachDetectActionResult.l
Symlinking /home/dominika/tiago_public_ws/devel/share/roseus/ros/rosplan_tiago_scenarios_msgs/msg/HumanInteractActionFeedback.l
Symlinking /home/dominika/tiago_public_ws/devel/share/roseus/ros/rosplan_tiago_scenarios_msgs/msg/HumanApproachDetectActionGoal.l
Symlinking /home/dominika/tiago_public_ws/devel/share/roseus/ros/rosplan_tiago_scenarios_msgs/msg/GoScanningAction.l
Symlinking /home/dominika/tiago_public_ws/devel/share/roseus/ros/rosplan_tiago_scenarios_msgs/msg/GetItemAction.l
Symlinking /home/dominika/tiago_public_ws/devel/share/roseus/ros/rosplan_tiago_scenarios_msgs/msg/LeaveLoadActionFeedback.l
Symlinking /home/dominika/tiago_public_ws/devel/share/roseus/ros/rosplan_tiago_scenarios_msgs/msg/HumanApproachDetectResult.l
Symlinking /home/dominika/tiago_public_ws/devel/share/roseus/ros/rosplan_tiago_scenarios_msgs/msg/GreetResult.l
Symlinking /home/dominika/tiago_public_ws/devel/share/roseus/ros/rosplan_tiago_scenarios_msgs/msg/GetLoadResult.l
Symlinking /home/dominika/tiago_public_ws/devel/share/roseus/ros/rosplan_tiago_scenarios_msgs/msg/GoWithAttendanceActionGoal.l
Symlinking /home/dominika/tiago_public_ws/devel/share/roseus/ros/rosplan_tiago_scenarios_msgs/msg/CheckDishwasherActionFeedback.l
Symlinking /home/dominika/tiago_public_ws/devel/share/roseus/ros/rosplan_tiago_scenarios_msgs/msg/GiveItemResult.l
Symlinking /home/dominika/tiago_public_ws/devel/share/roseus/ros/rosplan_tiago_scenarios_msgs/msg/GiveItemActionFeedback.l
Symlinking /home/dominika/tiago_public_ws/devel/share/roseus/ros/rosplan_tiago_scenarios_msgs/msg/CheckDishwasherResult.l
Symlinking /home/dominika/tiago_public_ws/devel/share/roseus/ros/rosplan_tiago_scenarios_msgs/msg/GoWithAttendanceActionFeedback.l
Symlinking /home/dominika/tiago_public_ws/devel/share/roseus/ros/rosplan_tiago_scenarios_msgs/msg/GetLoadActionFeedback.l
Symlinking /home/dominika/tiago_public_ws/devel/share/roseus/ros/rosplan_tiago_scenarios_msgs/msg/GoWithAttendanceFeedback.l
Symlinking /home/dominika/tiago_public_ws/devel/share/roseus/ros/rosplan_tiago_scenarios_msgs/msg/GetLoadActionResult.l
Symlinking /home/dominika/tiago_public_ws/devel/share/roseus/ros/rosplan_tiago_scenarios_msgs/msg/CheckDishwasherGoal.l
Symlinking /home/dominika/tiago_public_ws/devel/share/roseus/ros/rosplan_tiago_scenarios_msgs/msg/CheckLightActionGoal.l
Symlinking /home/dominika/tiago_public_ws/devel/share/roseus/ros/rosplan_tiago_scenarios_msgs/msg/GetItemGoal.l
Symlinking /home/dominika/tiago_public_ws/devel/share/roseus/ros/rosplan_tiago_scenarios_msgs/msg/GoFeedback.l
Symlinking /home/dominika/tiago_public_ws/devel/share/roseus/ros/rosplan_tiago_scenarios_msgs/msg/HumanInteractActionGoal.l
Symlinking /home/dominika/tiago_public_ws/devel/share/roseus/ros/rosplan_tiago_scenarios_msgs/msg/GoActionGoal.l
Symlinking /home/dominika/tiago_public_ws/devel/share/roseus/ros/rosplan_tiago_scenarios_msgs/msg/GreetFeedback.l
Symlinking /home/dominika/tiago_public_ws/devel/share/roseus/ros/rosplan_tiago_scenarios_msgs/msg/GiveItemActionGoal.l
Symlinking /home/dominika/tiago_public_ws/devel/share/roseus/ros/rosplan_tiago_scenarios_msgs/msg/CheckLightResult.l
Symlinking /home/dominika/tiago_public_ws/devel/share/roseus/ros/rosplan_tiago_scenarios_msgs/msg/GoWithAttendanceAction.l
Symlinking /home/dominika/tiago_public_ws/devel/share/roseus/ros/rosplan_tiago_scenarios_msgs/msg/GetItemActionResult.l
Symlinking /home/dominika/tiago_public_ws/devel/share/roseus/ros/rosplan_tiago_scenarios_msgs/msg/CheckDoorActionResult.l
Symlinking /home/dominika/tiago_public_ws/devel/share/roseus/ros/rosplan_tiago_scenarios_msgs/msg/CheckDoorFeedback.l
Symlinking /home/dominika/tiago_public_ws/devel/share/roseus/ros/rosplan_tiago_scenarios_msgs/msg/GoResult.l
Symlinking /home/dominika/tiago_public_ws/devel/share/roseus/ros/rosplan_tiago_scenarios_msgs/msg/GetLoadAction.l
Symlinking /home/dominika/tiago_public_ws/devel/share/roseus/ros/rosplan_tiago_scenarios_msgs/msg/CheckDishwasherActionResult.l
Symlinking /home/dominika/tiago_public_ws/devel/share/roseus/ros/rosplan_tiago_scenarios_msgs/msg/HumanApproachDetectActionFeedback.l
Symlinking /home/dominika/tiago_public_ws/devel/share/roseus/ros/rosplan_tiago_scenarios_msgs/msg/GetLoadFeedback.l
Symlinking /home/dominika/tiago_public_ws/devel/share/roseus/ros/rosplan_tiago_scenarios_msgs/msg/GreetAction.l
Symlinking /home/dominika/tiago_public_ws/devel/share/roseus/ros/rosplan_tiago_scenarios_msgs/msg/HumanApproachDetectAction.l
Symlinking /home/dominika/tiago_public_ws/devel/share/roseus/ros/rosplan_tiago_scenarios_msgs/msg/CheckDishwasherActionGoal.l
Symlinking /home/dominika/tiago_public_ws/devel/share/roseus/ros/rosplan_tiago_scenarios_msgs/msg/CheckDoorActionGoal.l
Symlinking /home/dominika/tiago_public_ws/devel/share/roseus/ros/rosplan_tiago_scenarios_msgs/msg/GoScanningGoal.l
Symlinking /home/dominika/tiago_public_ws/devel/include/rosplan_tiago_scenarios_msgs/CheckLightFeedback.h
Symlinking /home/dominika/tiago_public_ws/devel/include/rosplan_tiago_scenarios_msgs/CheckDoorResult.h
Symlinking /home/dominika/tiago_public_ws/devel/include/rosplan_tiago_scenarios_msgs/HumanApproachDetectActionFeedback.h
Symlinking /home/dominika/tiago_public_ws/devel/include/rosplan_tiago_scenarios_msgs/GoScanningAction.h
Symlinking /home/dominika/tiago_public_ws/devel/include/rosplan_tiago_scenarios_msgs/GiveItemGoal.h
Symlinking /home/dominika/tiago_public_ws/devel/include/rosplan_tiago_scenarios_msgs/GoScanningActionFeedback.h
Symlinking /home/dominika/tiago_public_ws/devel/include/rosplan_tiago_scenarios_msgs/GetItemActionGoal.h
Symlinking /home/dominika/tiago_public_ws/devel/include/rosplan_tiago_scenarios_msgs/GoResult.h
Symlinking /home/dominika/tiago_public_ws/devel/include/rosplan_tiago_scenarios_msgs/GoGoal.h
Symlinking /home/dominika/tiago_public_ws/devel/include/rosplan_tiago_scenarios_msgs/GetLoadFeedback.h
Symlinking /home/dominika/tiago_public_ws/devel/include/rosplan_tiago_scenarios_msgs/GreetActionFeedback.h
Symlinking /home/dominika/tiago_public_ws/devel/include/rosplan_tiago_scenarios_msgs/LeaveLoadFeedback.h
Symlinking /home/dominika/tiago_public_ws/devel/include/rosplan_tiago_scenarios_msgs/CheckLightActionFeedback.h
Symlinking /home/dominika/tiago_public_ws/devel/include/rosplan_tiago_scenarios_msgs/GreetResult.h
Symlinking /home/dominika/tiago_public_ws/devel/include/rosplan_tiago_scenarios_msgs/CheckDoorAction.h
Symlinking /home/dominika/tiago_public_ws/devel/include/rosplan_tiago_scenarios_msgs/GreetGoal.h
Symlinking /home/dominika/tiago_public_ws/devel/include/rosplan_tiago_scenarios_msgs/GetLoadActionResult.h
Symlinking /home/dominika/tiago_public_ws/devel/include/rosplan_tiago_scenarios_msgs/GetLoadResult.h
Symlinking /home/dominika/tiago_public_ws/devel/include/rosplan_tiago_scenarios_msgs/GetItemResult.h
Symlinking /home/dominika/tiago_public_ws/devel/include/rosplan_tiago_scenarios_msgs/CheckDishwasherResult.h
Symlinking /home/dominika/tiago_public_ws/devel/include/rosplan_tiago_scenarios_msgs/CheckDishwasherActionResult.h
Symlinking /home/dominika/tiago_public_ws/devel/include/rosplan_tiago_scenarios_msgs/HumanApproachDetectResult.h
Symlinking /home/dominika/tiago_public_ws/devel/include/rosplan_tiago_scenarios_msgs/GetItemAction.h
Symlinking /home/dominika/tiago_public_ws/devel/include/rosplan_tiago_scenarios_msgs/GiveItemActionFeedback.h
Symlinking /home/dominika/tiago_public_ws/devel/include/rosplan_tiago_scenarios_msgs/GiveItemResult.h
Symlinking /home/dominika/tiago_public_ws/devel/include/rosplan_tiago_scenarios_msgs/GoWithAttendanceActionGoal.h
Symlinking /home/dominika/tiago_public_ws/devel/include/rosplan_tiago_scenarios_msgs/GetItemActionResult.h
Symlinking /home/dominika/tiago_public_ws/devel/include/rosplan_tiago_scenarios_msgs/HumanInteractAction.h
Symlinking /home/dominika/tiago_public_ws/devel/include/rosplan_tiago_scenarios_msgs/CheckDishwasherAction.h
Symlinking /home/dominika/tiago_public_ws/devel/include/rosplan_tiago_scenarios_msgs/GiveItemFeedback.h
Symlinking /home/dominika/tiago_public_ws/devel/include/rosplan_tiago_scenarios_msgs/GoActionResult.h
Symlinking /home/dominika/tiago_public_ws/devel/include/rosplan_tiago_scenarios_msgs/GoFeedback.h
Symlinking /home/dominika/tiago_public_ws/devel/include/rosplan_tiago_scenarios_msgs/GoWithAttendanceActionResult.h
Symlinking /home/dominika/tiago_public_ws/devel/include/rosplan_tiago_scenarios_msgs/GoWithAttendanceActionFeedback.h
Symlinking /home/dominika/tiago_public_ws/devel/include/rosplan_tiago_scenarios_msgs/GoWithAttendanceAction.h
Symlinking /home/dominika/tiago_public_ws/devel/include/rosplan_tiago_scenarios_msgs/HumanApproachDetectAction.h
Symlinking /home/dominika/tiago_public_ws/devel/include/rosplan_tiago_scenarios_msgs/GoActionFeedback.h
Symlinking /home/dominika/tiago_public_ws/devel/include/rosplan_tiago_scenarios_msgs/GoScanningFeedback.h
Symlinking /home/dominika/tiago_public_ws/devel/include/rosplan_tiago_scenarios_msgs/GoScanningResult.h
Symlinking /home/dominika/tiago_public_ws/devel/include/rosplan_tiago_scenarios_msgs/GoWithAttendanceResult.h
Symlinking /home/dominika/tiago_public_ws/devel/include/rosplan_tiago_scenarios_msgs/GiveItemActionGoal.h
Symlinking /home/dominika/tiago_public_ws/devel/include/rosplan_tiago_scenarios_msgs/GetItemGoal.h
Symlinking /home/dominika/tiago_public_ws/devel/include/rosplan_tiago_scenarios_msgs/LeaveLoadGoal.h
Symlinking /home/dominika/tiago_public_ws/devel/include/rosplan_tiago_scenarios_msgs/GetItemFeedback.h
Symlinking /home/dominika/tiago_public_ws/devel/include/rosplan_tiago_scenarios_msgs/GoAction.h
Symlinking /home/dominika/tiago_public_ws/devel/include/rosplan_tiago_scenarios_msgs/HumanApproachDetectFeedback.h
Symlinking /home/dominika/tiago_public_ws/devel/include/rosplan_tiago_scenarios_msgs/HumanInteractActionGoal.h
Symlinking /home/dominika/tiago_public_ws/devel/include/rosplan_tiago_scenarios_msgs/GreetAction.h
Symlinking /home/dominika/tiago_public_ws/devel/include/rosplan_tiago_scenarios_msgs/CheckDoorActionFeedback.h
Symlinking /home/dominika/tiago_public_ws/devel/include/rosplan_tiago_scenarios_msgs/CheckLightActionResult.h
Symlinking /home/dominika/tiago_public_ws/devel/include/rosplan_tiago_scenarios_msgs/GoActionGoal.h
Symlinking /home/dominika/tiago_public_ws/devel/include/rosplan_tiago_scenarios_msgs/HumanApproachDetectActionGoal.h
Symlinking /home/dominika/tiago_public_ws/devel/include/rosplan_tiago_scenarios_msgs/CheckDoorFeedback.h
Symlinking /home/dominika/tiago_public_ws/devel/include/rosplan_tiago_scenarios_msgs/HumanInteractResult.h
Symlinking /home/dominika/tiago_public_ws/devel/include/rosplan_tiago_scenarios_msgs/GetLoadAction.h
Symlinking /home/dominika/tiago_public_ws/devel/include/rosplan_tiago_scenarios_msgs/CheckLightAction.h
Symlinking /home/dominika/tiago_public_ws/devel/include/rosplan_tiago_scenarios_msgs/GetItemActionFeedback.h
Symlinking /home/dominika/tiago_public_ws/devel/include/rosplan_tiago_scenarios_msgs/HumanInteractActionResult.h
Symlinking /home/dominika/tiago_public_ws/devel/include/rosplan_tiago_scenarios_msgs/CheckDishwasherFeedback.h
Symlinking /home/dominika/tiago_public_ws/devel/include/rosplan_tiago_scenarios_msgs/GoWithAttendanceGoal.h
Symlinking /home/dominika/tiago_public_ws/devel/include/rosplan_tiago_scenarios_msgs/HumanInteractActionFeedback.h
Symlinking /home/dominika/tiago_public_ws/devel/include/rosplan_tiago_scenarios_msgs/GreetFeedback.h
Symlinking /home/dominika/tiago_public_ws/devel/include/rosplan_tiago_scenarios_msgs/GreetActionGoal.h
Symlinking /home/dominika/tiago_public_ws/devel/include/rosplan_tiago_scenarios_msgs/CheckLightActionGoal.h
Symlinking /home/dominika/tiago_public_ws/devel/include/rosplan_tiago_scenarios_msgs/GoWithAttendanceFeedback.h
Symlinking /home/dominika/tiago_public_ws/devel/include/rosplan_tiago_scenarios_msgs/GiveItemAction.h
Symlinking /home/dominika/tiago_public_ws/devel/include/rosplan_tiago_scenarios_msgs/LeaveLoadResult.h
Symlinking /home/dominika/tiago_public_ws/devel/include/rosplan_tiago_scenarios_msgs/GiveItemActionResult.h
Symlinking /home/dominika/tiago_public_ws/devel/include/rosplan_tiago_scenarios_msgs/GoScanningActionResult.h
Symlinking /home/dominika/tiago_public_ws/devel/include/rosplan_tiago_scenarios_msgs/CheckLightGoal.h
Symlinking /home/dominika/tiago_public_ws/devel/include/rosplan_tiago_scenarios_msgs/HumanApproachDetectGoal.h
Symlinking /home/dominika/tiago_public_ws/devel/include/rosplan_tiago_scenarios_msgs/CheckDoorActionGoal.h
Symlinking /home/dominika/tiago_public_ws/devel/include/rosplan_tiago_scenarios_msgs/HumanInteractGoal.h
Symlinking /home/dominika/tiago_public_ws/devel/include/rosplan_tiago_scenarios_msgs/LeaveLoadActionGoal.h
Symlinking /home/dominika/tiago_public_ws/devel/include/rosplan_tiago_scenarios_msgs/GreetActionResult.h
Symlinking /home/dominika/tiago_public_ws/devel/include/rosplan_tiago_scenarios_msgs/CheckDoorGoal.h
Symlinking /home/dominika/tiago_public_ws/devel/include/rosplan_tiago_scenarios_msgs/CheckDishwasherGoal.h
Symlinking /home/dominika/tiago_public_ws/devel/include/rosplan_tiago_scenarios_msgs/CheckDishwasherActionGoal.h
Symlinking /home/dominika/tiago_public_ws/devel/include/rosplan_tiago_scenarios_msgs/GetLoadGoal.h
Symlinking /home/dominika/tiago_public_ws/devel/include/rosplan_tiago_scenarios_msgs/GoScanningActionGoal.h
Symlinking /home/dominika/tiago_public_ws/devel/include/rosplan_tiago_scenarios_msgs/GetLoadActionGoal.h
Symlinking /home/dominika/tiago_public_ws/devel/include/rosplan_tiago_scenarios_msgs/GetLoadActionFeedback.h
Symlinking /home/dominika/tiago_public_ws/devel/include/rosplan_tiago_scenarios_msgs/HumanInteractFeedback.h
Symlinking /home/dominika/tiago_public_ws/devel/include/rosplan_tiago_scenarios_msgs/LeaveLoadActionFeedback.h
Symlinking /home/dominika/tiago_public_ws/devel/include/rosplan_tiago_scenarios_msgs/CheckLightResult.h
Symlinking /home/dominika/tiago_public_ws/devel/include/rosplan_tiago_scenarios_msgs/CheckDishwasherActionFeedback.h
Symlinking /home/dominika/tiago_public_ws/devel/include/rosplan_tiago_scenarios_msgs/CheckDoorActionResult.h
Symlinking /home/dominika/tiago_public_ws/devel/include/rosplan_tiago_scenarios_msgs/GoScanningGoal.h
Symlinking /home/dominika/tiago_public_ws/devel/include/rosplan_tiago_scenarios_msgs/LeaveLoadAction.h
Symlinking /home/dominika/tiago_public_ws/devel/include/rosplan_tiago_scenarios_msgs/HumanApproachDetectActionResult.h
Symlinking /home/dominika/tiago_public_ws/devel/include/rosplan_tiago_scenarios_msgs/LeaveLoadActionResult.h
