[  0%] Built target _rosplan_tiago_scenarios_msgs_generate_messages_check_deps_GiveItemAction
[  0%] Built target _rosplan_tiago_scenarios_msgs_generate_messages_check_deps_CheckDoorResult
[  0%] Built target _rosplan_tiago_scenarios_msgs_generate_messages_check_deps_LeaveLoadResult
[  0%] Built target _rosplan_tiago_scenarios_msgs_generate_messages_check_deps_LeaveLoadGoal
[  0%] Built target _rosplan_tiago_scenarios_msgs_generate_messages_check_deps_GiveItemActionGoal
[  0%] Built target _rosplan_tiago_scenarios_msgs_generate_messages_check_deps_GetItemResult
[  0%] Built target _rosplan_tiago_scenarios_msgs_generate_messages_check_deps_GreetGoal
[  0%] Built target _rosplan_tiago_scenarios_msgs_generate_messages_check_deps_CheckLightAction
[  0%] Built target _rosplan_tiago_scenarios_msgs_generate_messages_check_deps_CheckLightActionFeedback
[  0%] Built target _rosplan_tiago_scenarios_msgs_generate_messages_check_deps_CheckDoorGoal
[  0%] Built target _rosplan_tiago_scenarios_msgs_generate_messages_check_deps_GoScanningActionGoal
[  0%] Built target _rosplan_tiago_scenarios_msgs_generate_messages_check_deps_GiveItemFeedback
[  0%] Built target geometry_msgs_generate_messages_py
[  0%] Built target _rosplan_tiago_scenarios_msgs_generate_messages_check_deps_HumanApproachDetectActionFeedback
[  0%] Built target _rosplan_tiago_scenarios_msgs_generate_messages_check_deps_LeaveLoadAction
[  0%] Built target _rosplan_tiago_scenarios_msgs_generate_messages_check_deps_GoScanningActionResult
[  0%] Built target _rosplan_tiago_scenarios_msgs_generate_messages_check_deps_GoWithAttendanceActionFeedback
[  0%] Built target _rosplan_tiago_scenarios_msgs_generate_messages_check_deps_LeaveLoadActionGoal
[  0%] Built target _rosplan_tiago_scenarios_msgs_generate_messages_check_deps_GoWithAttendanceActionGoal
[  0%] Built target _rosplan_tiago_scenarios_msgs_generate_messages_check_deps_CheckDishwasherActionFeedback
[  0%] Built target _rosplan_tiago_scenarios_msgs_generate_messages_check_deps_CheckDoorAction
[  0%] Built target _rosplan_tiago_scenarios_msgs_generate_messages_check_deps_GetLoadResult
[  0%] Built target _rosplan_tiago_scenarios_msgs_generate_messages_check_deps_CheckDoorActionResult
[  0%] Built target _rosplan_tiago_scenarios_msgs_generate_messages_check_deps_GetItemActionFeedback
[  0%] Built target _rosplan_tiago_scenarios_msgs_generate_messages_check_deps_GoScanningResult
[  0%] Built target _rosplan_tiago_scenarios_msgs_generate_messages_check_deps_HumanInteractActionResult
[  0%] Built target _rosplan_tiago_scenarios_msgs_generate_messages_check_deps_CheckLightFeedback
[  0%] Built target _rosplan_tiago_scenarios_msgs_generate_messages_check_deps_CheckDishwasherActionGoal
[  0%] Built target _rosplan_tiago_scenarios_msgs_generate_messages_check_deps_CheckLightActionGoal
[  0%] Built target _rosplan_tiago_scenarios_msgs_generate_messages_check_deps_HumanApproachDetectActionGoal
[  0%] Built target actionlib_msgs_generate_messages_py
[  0%] Built target _rosplan_tiago_scenarios_msgs_generate_messages_check_deps_GreetActionGoal
[  0%] Built target _rosplan_tiago_scenarios_msgs_generate_messages_check_deps_HumanInteractResult
[  0%] Built target _rosplan_tiago_scenarios_msgs_generate_messages_check_deps_HumanApproachDetectResult
[  0%] Built target _rosplan_tiago_scenarios_msgs_generate_messages_check_deps_GiveItemGoal
[  0%] Built target _rosplan_tiago_scenarios_msgs_generate_messages_check_deps_GoAction
[  0%] Built target _rosplan_tiago_scenarios_msgs_generate_messages_check_deps_GoActionFeedback
[  0%] Built target people_msgs_generate_messages_py
[  0%] Built target _rosplan_tiago_scenarios_msgs_generate_messages_check_deps_CheckDoorFeedback
[  0%] Built target _rosplan_tiago_scenarios_msgs_generate_messages_check_deps_CheckLightResult
[  0%] Built target _rosplan_tiago_scenarios_msgs_generate_messages_check_deps_GreetActionResult
[  0%] Built target _rosplan_tiago_scenarios_msgs_generate_messages_check_deps_GoActionResult
[  0%] Built target _rosplan_tiago_scenarios_msgs_generate_messages_check_deps_GoActionGoal
[  0%] Built target _rosplan_tiago_scenarios_msgs_generate_messages_check_deps_CheckDishwasherFeedback
[  0%] Built target _rosplan_tiago_scenarios_msgs_generate_messages_check_deps_HumanInteractGoal
[  0%] Built target _rosplan_tiago_scenarios_msgs_generate_messages_check_deps_GreetAction
[  0%] Built target _rosplan_tiago_scenarios_msgs_generate_messages_check_deps_GreetResult
[  0%] Built target _rosplan_tiago_scenarios_msgs_generate_messages_check_deps_GetItemFeedback
[  0%] Built target _rosplan_tiago_scenarios_msgs_generate_messages_check_deps_HumanApproachDetectAction
[  0%] Built target _rosplan_tiago_scenarios_msgs_generate_messages_check_deps_HumanApproachDetectFeedback
[  0%] Built target _rosplan_tiago_scenarios_msgs_generate_messages_check_deps_CheckLightGoal
[  0%] Built target _rosplan_tiago_scenarios_msgs_generate_messages_check_deps_GoWithAttendanceActionResult
[  0%] Built target _rosplan_tiago_scenarios_msgs_generate_messages_check_deps_GiveItemActionResult
[  0%] Built target _rosplan_tiago_scenarios_msgs_generate_messages_check_deps_LeaveLoadActionResult
[  0%] Built target _rosplan_tiago_scenarios_msgs_generate_messages_check_deps_HumanApproachDetectGoal
[  0%] Built target _rosplan_tiago_scenarios_msgs_generate_messages_check_deps_HumanInteractFeedback
[  0%] Built target _rosplan_tiago_scenarios_msgs_generate_messages_check_deps_CheckDishwasherResult
[  0%] Built target _rosplan_tiago_scenarios_msgs_generate_messages_check_deps_HumanInteractActionFeedback
[  0%] Built target _rosplan_tiago_scenarios_msgs_generate_messages_check_deps_GetLoadActionGoal
[  0%] Built target _rosplan_tiago_scenarios_msgs_generate_messages_check_deps_HumanApproachDetectActionResult
[  0%] Built target _rosplan_tiago_scenarios_msgs_generate_messages_check_deps_GoWithAttendanceFeedback
[  0%] Built target _rosplan_tiago_scenarios_msgs_generate_messages_check_deps_GreetActionFeedback
[  0%] Built target _rosplan_tiago_scenarios_msgs_generate_messages_check_deps_HumanInteractAction
[  0%] Built target _rosplan_tiago_scenarios_msgs_generate_messages_check_deps_GoResult
[  0%] Built target _rosplan_tiago_scenarios_msgs_generate_messages_check_deps_GiveItemActionFeedback
[  0%] Built target _rosplan_tiago_scenarios_msgs_generate_messages_check_deps_GetLoadAction
[  0%] Built target _rosplan_tiago_scenarios_msgs_generate_messages_check_deps_CheckDoorActionFeedback
[  0%] Built target _rosplan_tiago_scenarios_msgs_generate_messages_check_deps_GoScanningGoal
[  0%] Built target _rosplan_tiago_scenarios_msgs_generate_messages_check_deps_HumanInteractActionGoal
[  0%] Built target _rosplan_tiago_scenarios_msgs_generate_messages_check_deps_GiveItemResult
[  0%] Built target _rosplan_tiago_scenarios_msgs_generate_messages_check_deps_LeaveLoadActionFeedback
[  0%] Built target _rosplan_tiago_scenarios_msgs_generate_messages_check_deps_GoScanningActionFeedback
[  0%] Built target _rosplan_tiago_scenarios_msgs_generate_messages_check_deps_GetItemGoal
[  0%] Built target _rosplan_tiago_scenarios_msgs_generate_messages_check_deps_GetItemActionResult
[  0%] Built target _rosplan_tiago_scenarios_msgs_generate_messages_check_deps_GetItemAction
[  0%] Built target _rosplan_tiago_scenarios_msgs_generate_messages_check_deps_LeaveLoadFeedback
[  0%] Built target _rosplan_tiago_scenarios_msgs_generate_messages_check_deps_GetLoadActionResult
[  0%] Built target _rosplan_tiago_scenarios_msgs_generate_messages_check_deps_GetItemActionGoal
[  0%] Built target _rosplan_tiago_scenarios_msgs_generate_messages_check_deps_CheckDishwasherActionResult
[  0%] Built target _rosplan_tiago_scenarios_msgs_generate_messages_check_deps_GetLoadActionFeedback
[  0%] Built target _rosplan_tiago_scenarios_msgs_generate_messages_check_deps_GoFeedback
[  0%] Built target _rosplan_tiago_scenarios_msgs_generate_messages_check_deps_CheckDishwasherGoal
[  0%] Built target _rosplan_tiago_scenarios_msgs_generate_messages_check_deps_CheckLightActionResult
[  0%] Built target _rosplan_tiago_scenarios_msgs_generate_messages_check_deps_GreetFeedback
[  0%] Built target std_msgs_generate_messages_py
[  0%] Built target _rosplan_tiago_scenarios_msgs_generate_messages_check_deps_GoScanningFeedback
[  0%] Built target _rosplan_tiago_scenarios_msgs_generate_messages_check_deps_CheckDoorActionGoal
[  0%] Built target _rosplan_tiago_scenarios_msgs_generate_messages_check_deps_GoWithAttendanceAction
[  0%] Built target _rosplan_tiago_scenarios_msgs_generate_messages_check_deps_GoGoal
[  0%] Built target _rosplan_tiago_scenarios_msgs_generate_messages_check_deps_GoWithAttendanceResult
[  0%] Built target _rosplan_tiago_scenarios_msgs_generate_messages_check_deps_CheckDishwasherAction
[  0%] Built target _rosplan_tiago_scenarios_msgs_generate_messages_check_deps_GetLoadFeedback
[  0%] Built target _rosplan_tiago_scenarios_msgs_generate_messages_check_deps_GoScanningAction
[  0%] Built target _rosplan_tiago_scenarios_msgs_generate_messages_check_deps_GoWithAttendanceGoal
[  0%] Built target _rosplan_tiago_scenarios_msgs_generate_messages_check_deps_GetLoadGoal
[  0%] Built target geometry_msgs_generate_messages_nodejs
[  0%] Built target people_msgs_generate_messages_nodejs
[  0%] Built target actionlib_msgs_generate_messages_nodejs
[  0%] Built target std_msgs_generate_messages_nodejs
[  0%] Built target people_msgs_generate_messages_lisp
[  0%] Built target geometry_msgs_generate_messages_lisp
[  0%] Built target std_msgs_generate_messages_lisp
[  0%] Built target actionlib_msgs_generate_messages_lisp
[  0%] Built target std_msgs_generate_messages_cpp
[  0%] Built target actionlib_msgs_generate_messages_cpp
[  0%] Built target people_msgs_generate_messages_cpp
[  0%] Built target geometry_msgs_generate_messages_cpp
[  0%] Built target geometry_msgs_generate_messages_eus
[  0%] Built target actionlib_msgs_generate_messages_eus
[  0%] Built target std_msgs_generate_messages_eus
[  0%] Built target people_msgs_generate_messages_eus
[ 21%] Built target rosplan_tiago_scenarios_msgs_generate_messages_py
[ 41%] Built target rosplan_tiago_scenarios_msgs_generate_messages_nodejs
[ 60%] Built target rosplan_tiago_scenarios_msgs_generate_messages_lisp
[ 79%] Built target rosplan_tiago_scenarios_msgs_generate_messages_cpp
[100%] Built target rosplan_tiago_scenarios_msgs_generate_messages_eus
[100%] Built target rosplan_tiago_scenarios_msgs_generate_messages
