Not searching for unused variables given on the command line.
[36m--[0m Using CATKIN_DEVEL_PREFIX: /home/dominika/tiago_public_ws/devel/.private/rosplan_tiago_scenarios_msgs
[36m--[0m Using CMAKE_PREFIX_PATH: /home/dominika/tiago_public_ws/devel;/opt/ros/melodic
[36m--[0m This workspace overlays: /home/dominika/tiago_public_ws/devel;/opt/ros/melodic
[36m--[0m Using PYTHON_EXECUTABLE: /usr/bin/python2
[36m--[0m Using Debian Python package layout
[36m--[0m Using empy: /usr/bin/empy
[36m--[0m Using CATKIN_ENABLE_TESTING: 0
[36m--[0m catkin 0.7.29
[36m--[0m BUILD_SHARED_LIBS is on
[36m--[0m Using these message generators: gencpp;geneus;genlisp;gennodejs;genpy
[36m--[0m Generating .msg files for action rosplan_tiago_scenarios_msgs/CheckDishwasher /home/dominika/tiago_public_ws/src/rcprg/rosplan_interface_tiago/rosplan_tiago_msgs/rosplan_tiago_scenarios_msgs/action/CheckDishwasher.action
[36m--[0m Generating .msg files for action rosplan_tiago_scenarios_msgs/CheckDoor /home/dominika/tiago_public_ws/src/rcprg/rosplan_interface_tiago/rosplan_tiago_msgs/rosplan_tiago_scenarios_msgs/action/CheckDoor.action
[36m--[0m Generating .msg files for action rosplan_tiago_scenarios_msgs/CheckLight /home/dominika/tiago_public_ws/src/rcprg/rosplan_interface_tiago/rosplan_tiago_msgs/rosplan_tiago_scenarios_msgs/action/CheckLight.action
[36m--[0m Generating .msg files for action rosplan_tiago_scenarios_msgs/GetItem /home/dominika/tiago_public_ws/src/rcprg/rosplan_interface_tiago/rosplan_tiago_msgs/rosplan_tiago_scenarios_msgs/action/GetItem.action
[36m--[0m Generating .msg files for action rosplan_tiago_scenarios_msgs/GetLoad /home/dominika/tiago_public_ws/src/rcprg/rosplan_interface_tiago/rosplan_tiago_msgs/rosplan_tiago_scenarios_msgs/action/GetLoad.action
[36m--[0m Generating .msg files for action rosplan_tiago_scenarios_msgs/GiveItem /home/dominika/tiago_public_ws/src/rcprg/rosplan_interface_tiago/rosplan_tiago_msgs/rosplan_tiago_scenarios_msgs/action/GiveItem.action
[36m--[0m Generating .msg files for action rosplan_tiago_scenarios_msgs/Go /home/dominika/tiago_public_ws/src/rcprg/rosplan_interface_tiago/rosplan_tiago_msgs/rosplan_tiago_scenarios_msgs/action/Go.action
[36m--[0m Generating .msg files for action rosplan_tiago_scenarios_msgs/GoScanning /home/dominika/tiago_public_ws/src/rcprg/rosplan_interface_tiago/rosplan_tiago_msgs/rosplan_tiago_scenarios_msgs/action/GoScanning.action
[36m--[0m Generating .msg files for action rosplan_tiago_scenarios_msgs/GoWithAttendance /home/dominika/tiago_public_ws/src/rcprg/rosplan_interface_tiago/rosplan_tiago_msgs/rosplan_tiago_scenarios_msgs/action/GoWithAttendance.action
[36m--[0m Generating .msg files for action rosplan_tiago_scenarios_msgs/Greet /home/dominika/tiago_public_ws/src/rcprg/rosplan_interface_tiago/rosplan_tiago_msgs/rosplan_tiago_scenarios_msgs/action/Greet.action
[36m--[0m Generating .msg files for action rosplan_tiago_scenarios_msgs/HumanApproachDetect /home/dominika/tiago_public_ws/src/rcprg/rosplan_interface_tiago/rosplan_tiago_msgs/rosplan_tiago_scenarios_msgs/action/HumanApproachDetect.action
[36m--[0m Generating .msg files for action rosplan_tiago_scenarios_msgs/HumanInteract /home/dominika/tiago_public_ws/src/rcprg/rosplan_interface_tiago/rosplan_tiago_msgs/rosplan_tiago_scenarios_msgs/action/HumanInteract.action
[36m--[0m Generating .msg files for action rosplan_tiago_scenarios_msgs/LeaveLoad /home/dominika/tiago_public_ws/src/rcprg/rosplan_interface_tiago/rosplan_tiago_msgs/rosplan_tiago_scenarios_msgs/action/LeaveLoad.action
[36m--[0m rosplan_tiago_scenarios_msgs: 91 messages, 0 services
[36m--[0m Configuring done
[36m--[0m Generating done
[36m--[0m Build files have been written to: /home/dominika/tiago_public_ws/build/rosplan_tiago_scenarios_msgs
