Not searching for unused variables given on the command line.
[36m--[0m The C compiler identification is GNU 7.5.0
[36m--[0m The CXX compiler identification is GNU 7.5.0
[36m--[0m Check for working C compiler: /usr/bin/cc
[36m--[0m Check for working C compiler: /usr/bin/cc -- works
[36m--[0m Detecting C compiler ABI info
[36m--[0m Detecting C compiler ABI info - done
[36m--[0m Detecting C compile features
[36m--[0m Detecting C compile features - done
[36m--[0m Check for working CXX compiler: /usr/bin/c++
[36m--[0m Check for working CXX compiler: /usr/bin/c++ -- works
[36m--[0m Detecting CXX compiler ABI info
[36m--[0m Detecting CXX compiler ABI info - done
[36m--[0m Detecting CXX compile features
[36m--[0m Detecting CXX compile features - done
[36m--[0m Using CATKIN_DEVEL_PREFIX: /home/dominika/tiago_public_ws/devel/.private/rosplan_tiago_scenarios_msgs
[36m--[0m Using CMAKE_PREFIX_PATH: /home/dominika/tiago_public_ws/devel;/opt/ros/melodic
[36m--[0m This workspace overlays: /home/dominika/tiago_public_ws/devel;/opt/ros/melodic
[36m--[0m Found PythonInterp: /usr/bin/python2 (found suitable version "2.7.17", minimum required is "2")
[36m--[0m Using PYTHON_EXECUTABLE: /usr/bin/python2
[36m--[0m Using Debian Python package layout
[36m--[0m Using empy: /usr/bin/empy
[36m--[0m Using CATKIN_ENABLE_TESTING: 0
[36m--[0m catkin 0.7.29
[36m--[0m BUILD_SHARED_LIBS is on
[36m--[0m Using these message generators: gencpp;geneus;genlisp;gennodejs;genpy
[36m--[0m Generating .msg files for action rosplan_tiago_scenarios_msgs/CheckDishwasher /home/dominika/tiago_public_ws/src/rcprg/rosplan_interface_tiago/rosplan_tiago_msgs/rosplan_tiago_scenarios_msgs/action/CheckDishwasher.action
Generating for action CheckDishwasher
[36m--[0m Generating .msg files for action rosplan_tiago_scenarios_msgs/CheckDoor /home/dominika/tiago_public_ws/src/rcprg/rosplan_interface_tiago/rosplan_tiago_msgs/rosplan_tiago_scenarios_msgs/action/CheckDoor.action
Generating for action CheckDoor
[36m--[0m Generating .msg files for action rosplan_tiago_scenarios_msgs/CheckLight /home/dominika/tiago_public_ws/src/rcprg/rosplan_interface_tiago/rosplan_tiago_msgs/rosplan_tiago_scenarios_msgs/action/CheckLight.action
Generating for action CheckLight
[36m--[0m Generating .msg files for action rosplan_tiago_scenarios_msgs/GetItem /home/dominika/tiago_public_ws/src/rcprg/rosplan_interface_tiago/rosplan_tiago_msgs/rosplan_tiago_scenarios_msgs/action/GetItem.action
Generating for action GetItem
[36m--[0m Generating .msg files for action rosplan_tiago_scenarios_msgs/GetLoad /home/dominika/tiago_public_ws/src/rcprg/rosplan_interface_tiago/rosplan_tiago_msgs/rosplan_tiago_scenarios_msgs/action/GetLoad.action
Generating for action GetLoad
[36m--[0m Generating .msg files for action rosplan_tiago_scenarios_msgs/GiveItem /home/dominika/tiago_public_ws/src/rcprg/rosplan_interface_tiago/rosplan_tiago_msgs/rosplan_tiago_scenarios_msgs/action/GiveItem.action
Generating for action GiveItem
[36m--[0m Generating .msg files for action rosplan_tiago_scenarios_msgs/Go /home/dominika/tiago_public_ws/src/rcprg/rosplan_interface_tiago/rosplan_tiago_msgs/rosplan_tiago_scenarios_msgs/action/Go.action
Generating for action Go
[36m--[0m Generating .msg files for action rosplan_tiago_scenarios_msgs/GoScanning /home/dominika/tiago_public_ws/src/rcprg/rosplan_interface_tiago/rosplan_tiago_msgs/rosplan_tiago_scenarios_msgs/action/GoScanning.action
Generating for action GoScanning
[36m--[0m Generating .msg files for action rosplan_tiago_scenarios_msgs/GoWithAttendance /home/dominika/tiago_public_ws/src/rcprg/rosplan_interface_tiago/rosplan_tiago_msgs/rosplan_tiago_scenarios_msgs/action/GoWithAttendance.action
Generating for action GoWithAttendance
[36m--[0m Generating .msg files for action rosplan_tiago_scenarios_msgs/Greet /home/dominika/tiago_public_ws/src/rcprg/rosplan_interface_tiago/rosplan_tiago_msgs/rosplan_tiago_scenarios_msgs/action/Greet.action
Generating for action Greet
[36m--[0m Generating .msg files for action rosplan_tiago_scenarios_msgs/HumanApproachDetect /home/dominika/tiago_public_ws/src/rcprg/rosplan_interface_tiago/rosplan_tiago_msgs/rosplan_tiago_scenarios_msgs/action/HumanApproachDetect.action
Generating for action HumanApproachDetect
[36m--[0m Generating .msg files for action rosplan_tiago_scenarios_msgs/HumanInteract /home/dominika/tiago_public_ws/src/rcprg/rosplan_interface_tiago/rosplan_tiago_msgs/rosplan_tiago_scenarios_msgs/action/HumanInteract.action
Generating for action HumanInteract
[36m--[0m Generating .msg files for action rosplan_tiago_scenarios_msgs/LeaveLoad /home/dominika/tiago_public_ws/src/rcprg/rosplan_interface_tiago/rosplan_tiago_msgs/rosplan_tiago_scenarios_msgs/action/LeaveLoad.action
Generating for action LeaveLoad
[36m--[0m rosplan_tiago_scenarios_msgs: 91 messages, 0 services
[36m--[0m Configuring done
[36m--[0m Generating done
[36m--[0m Build files have been written to: /home/dominika/tiago_public_ws/build/rosplan_tiago_scenarios_msgs
