[35m[1mScanning dependencies of target _rosplan_tiago_scenarios_msgs_generate_messages_check_deps_GiveItemAction[0m
[  0%] Built target _rosplan_tiago_scenarios_msgs_generate_messages_check_deps_GiveItemAction
[35m[1mScanning dependencies of target _rosplan_tiago_scenarios_msgs_generate_messages_check_deps_CheckDoorResult[0m
[  0%] Built target _rosplan_tiago_scenarios_msgs_generate_messages_check_deps_CheckDoorResult
[35m[1mScanning dependencies of target _rosplan_tiago_scenarios_msgs_generate_messages_check_deps_LeaveLoadResult[0m
[  0%] Built target _rosplan_tiago_scenarios_msgs_generate_messages_check_deps_LeaveLoadResult
[35m[1mScanning dependencies of target _rosplan_tiago_scenarios_msgs_generate_messages_check_deps_LeaveLoadGoal[0m
[  0%] Built target _rosplan_tiago_scenarios_msgs_generate_messages_check_deps_LeaveLoadGoal
[35m[1mScanning dependencies of target _rosplan_tiago_scenarios_msgs_generate_messages_check_deps_GiveItemActionGoal[0m
[  0%] Built target _rosplan_tiago_scenarios_msgs_generate_messages_check_deps_GiveItemActionGoal
[35m[1mScanning dependencies of target _rosplan_tiago_scenarios_msgs_generate_messages_check_deps_GetItemResult[0m
[  0%] Built target _rosplan_tiago_scenarios_msgs_generate_messages_check_deps_GetItemResult
[35m[1mScanning dependencies of target _rosplan_tiago_scenarios_msgs_generate_messages_check_deps_GreetGoal[0m
[  0%] Built target _rosplan_tiago_scenarios_msgs_generate_messages_check_deps_GreetGoal
[35m[1mScanning dependencies of target _rosplan_tiago_scenarios_msgs_generate_messages_check_deps_CheckLightAction[0m
[  0%] Built target _rosplan_tiago_scenarios_msgs_generate_messages_check_deps_CheckLightAction
[35m[1mScanning dependencies of target _rosplan_tiago_scenarios_msgs_generate_messages_check_deps_CheckLightActionFeedback[0m
[  0%] Built target _rosplan_tiago_scenarios_msgs_generate_messages_check_deps_CheckLightActionFeedback
[35m[1mScanning dependencies of target _rosplan_tiago_scenarios_msgs_generate_messages_check_deps_CheckDoorGoal[0m
[  0%] Built target _rosplan_tiago_scenarios_msgs_generate_messages_check_deps_CheckDoorGoal
[35m[1mScanning dependencies of target _rosplan_tiago_scenarios_msgs_generate_messages_check_deps_GoScanningActionGoal[0m
[  0%] Built target _rosplan_tiago_scenarios_msgs_generate_messages_check_deps_GoScanningActionGoal
[35m[1mScanning dependencies of target _rosplan_tiago_scenarios_msgs_generate_messages_check_deps_GiveItemFeedback[0m
[  0%] Built target _rosplan_tiago_scenarios_msgs_generate_messages_check_deps_GiveItemFeedback
[35m[1mScanning dependencies of target geometry_msgs_generate_messages_py[0m
[  0%] Built target geometry_msgs_generate_messages_py
[35m[1mScanning dependencies of target _rosplan_tiago_scenarios_msgs_generate_messages_check_deps_HumanApproachDetectActionFeedback[0m
[  0%] Built target _rosplan_tiago_scenarios_msgs_generate_messages_check_deps_HumanApproachDetectActionFeedback
[35m[1mScanning dependencies of target _rosplan_tiago_scenarios_msgs_generate_messages_check_deps_LeaveLoadAction[0m
[  0%] Built target _rosplan_tiago_scenarios_msgs_generate_messages_check_deps_LeaveLoadAction
[35m[1mScanning dependencies of target _rosplan_tiago_scenarios_msgs_generate_messages_check_deps_GoScanningActionResult[0m
[  0%] Built target _rosplan_tiago_scenarios_msgs_generate_messages_check_deps_GoScanningActionResult
[35m[1mScanning dependencies of target _rosplan_tiago_scenarios_msgs_generate_messages_check_deps_GoWithAttendanceActionFeedback[0m
[  0%] Built target _rosplan_tiago_scenarios_msgs_generate_messages_check_deps_GoWithAttendanceActionFeedback
[35m[1mScanning dependencies of target _rosplan_tiago_scenarios_msgs_generate_messages_check_deps_LeaveLoadActionGoal[0m
[  0%] Built target _rosplan_tiago_scenarios_msgs_generate_messages_check_deps_LeaveLoadActionGoal
[35m[1mScanning dependencies of target _rosplan_tiago_scenarios_msgs_generate_messages_check_deps_GoWithAttendanceActionGoal[0m
[  0%] Built target _rosplan_tiago_scenarios_msgs_generate_messages_check_deps_GoWithAttendanceActionGoal
[35m[1mScanning dependencies of target _rosplan_tiago_scenarios_msgs_generate_messages_check_deps_CheckDishwasherActionFeedback[0m
[  0%] Built target _rosplan_tiago_scenarios_msgs_generate_messages_check_deps_CheckDishwasherActionFeedback
[35m[1mScanning dependencies of target _rosplan_tiago_scenarios_msgs_generate_messages_check_deps_CheckDoorAction[0m
[  0%] Built target _rosplan_tiago_scenarios_msgs_generate_messages_check_deps_CheckDoorAction
[35m[1mScanning dependencies of target _rosplan_tiago_scenarios_msgs_generate_messages_check_deps_GetLoadResult[0m
[  0%] Built target _rosplan_tiago_scenarios_msgs_generate_messages_check_deps_GetLoadResult
[35m[1mScanning dependencies of target _rosplan_tiago_scenarios_msgs_generate_messages_check_deps_CheckDoorActionResult[0m
[  0%] Built target _rosplan_tiago_scenarios_msgs_generate_messages_check_deps_CheckDoorActionResult
[35m[1mScanning dependencies of target _rosplan_tiago_scenarios_msgs_generate_messages_check_deps_GetItemActionFeedback[0m
[  0%] Built target _rosplan_tiago_scenarios_msgs_generate_messages_check_deps_GetItemActionFeedback
[35m[1mScanning dependencies of target _rosplan_tiago_scenarios_msgs_generate_messages_check_deps_GoScanningResult[0m
[  0%] Built target _rosplan_tiago_scenarios_msgs_generate_messages_check_deps_GoScanningResult
[35m[1mScanning dependencies of target _rosplan_tiago_scenarios_msgs_generate_messages_check_deps_HumanInteractActionResult[0m
[  0%] Built target _rosplan_tiago_scenarios_msgs_generate_messages_check_deps_HumanInteractActionResult
[35m[1mScanning dependencies of target _rosplan_tiago_scenarios_msgs_generate_messages_check_deps_CheckLightFeedback[0m
[  0%] Built target _rosplan_tiago_scenarios_msgs_generate_messages_check_deps_CheckLightFeedback
[35m[1mScanning dependencies of target _rosplan_tiago_scenarios_msgs_generate_messages_check_deps_CheckDishwasherActionGoal[0m
[  0%] Built target _rosplan_tiago_scenarios_msgs_generate_messages_check_deps_CheckDishwasherActionGoal
[35m[1mScanning dependencies of target _rosplan_tiago_scenarios_msgs_generate_messages_check_deps_CheckLightActionGoal[0m
[  0%] Built target _rosplan_tiago_scenarios_msgs_generate_messages_check_deps_CheckLightActionGoal
[35m[1mScanning dependencies of target _rosplan_tiago_scenarios_msgs_generate_messages_check_deps_HumanApproachDetectActionGoal[0m
[  0%] Built target _rosplan_tiago_scenarios_msgs_generate_messages_check_deps_HumanApproachDetectActionGoal
[35m[1mScanning dependencies of target actionlib_msgs_generate_messages_py[0m
[  0%] Built target actionlib_msgs_generate_messages_py
[35m[1mScanning dependencies of target _rosplan_tiago_scenarios_msgs_generate_messages_check_deps_GreetActionGoal[0m
[  0%] Built target _rosplan_tiago_scenarios_msgs_generate_messages_check_deps_GreetActionGoal
[35m[1mScanning dependencies of target _rosplan_tiago_scenarios_msgs_generate_messages_check_deps_HumanInteractResult[0m
[  0%] Built target _rosplan_tiago_scenarios_msgs_generate_messages_check_deps_HumanInteractResult
[35m[1mScanning dependencies of target _rosplan_tiago_scenarios_msgs_generate_messages_check_deps_HumanApproachDetectResult[0m
[  0%] Built target _rosplan_tiago_scenarios_msgs_generate_messages_check_deps_HumanApproachDetectResult
[35m[1mScanning dependencies of target _rosplan_tiago_scenarios_msgs_generate_messages_check_deps_GiveItemGoal[0m
[  0%] Built target _rosplan_tiago_scenarios_msgs_generate_messages_check_deps_GiveItemGoal
[35m[1mScanning dependencies of target _rosplan_tiago_scenarios_msgs_generate_messages_check_deps_GoAction[0m
[  0%] Built target _rosplan_tiago_scenarios_msgs_generate_messages_check_deps_GoAction
[35m[1mScanning dependencies of target _rosplan_tiago_scenarios_msgs_generate_messages_check_deps_GoActionFeedback[0m
[  0%] Built target _rosplan_tiago_scenarios_msgs_generate_messages_check_deps_GoActionFeedback
[35m[1mScanning dependencies of target people_msgs_generate_messages_py[0m
[  0%] Built target people_msgs_generate_messages_py
[35m[1mScanning dependencies of target _rosplan_tiago_scenarios_msgs_generate_messages_check_deps_CheckDoorFeedback[0m
[  0%] Built target _rosplan_tiago_scenarios_msgs_generate_messages_check_deps_CheckDoorFeedback
[35m[1mScanning dependencies of target _rosplan_tiago_scenarios_msgs_generate_messages_check_deps_CheckLightResult[0m
[  0%] Built target _rosplan_tiago_scenarios_msgs_generate_messages_check_deps_CheckLightResult
[35m[1mScanning dependencies of target _rosplan_tiago_scenarios_msgs_generate_messages_check_deps_GreetActionResult[0m
[  0%] Built target _rosplan_tiago_scenarios_msgs_generate_messages_check_deps_GreetActionResult
[35m[1mScanning dependencies of target _rosplan_tiago_scenarios_msgs_generate_messages_check_deps_GoActionResult[0m
[  0%] Built target _rosplan_tiago_scenarios_msgs_generate_messages_check_deps_GoActionResult
[35m[1mScanning dependencies of target _rosplan_tiago_scenarios_msgs_generate_messages_check_deps_GoActionGoal[0m
[  0%] Built target _rosplan_tiago_scenarios_msgs_generate_messages_check_deps_GoActionGoal
[35m[1mScanning dependencies of target _rosplan_tiago_scenarios_msgs_generate_messages_check_deps_CheckDishwasherFeedback[0m
[  0%] Built target _rosplan_tiago_scenarios_msgs_generate_messages_check_deps_CheckDishwasherFeedback
[35m[1mScanning dependencies of target _rosplan_tiago_scenarios_msgs_generate_messages_check_deps_HumanInteractGoal[0m
[  0%] Built target _rosplan_tiago_scenarios_msgs_generate_messages_check_deps_HumanInteractGoal
[35m[1mScanning dependencies of target _rosplan_tiago_scenarios_msgs_generate_messages_check_deps_GreetAction[0m
[  0%] Built target _rosplan_tiago_scenarios_msgs_generate_messages_check_deps_GreetAction
[35m[1mScanning dependencies of target _rosplan_tiago_scenarios_msgs_generate_messages_check_deps_GreetResult[0m
[  0%] Built target _rosplan_tiago_scenarios_msgs_generate_messages_check_deps_GreetResult
[35m[1mScanning dependencies of target _rosplan_tiago_scenarios_msgs_generate_messages_check_deps_GetItemFeedback[0m
[  0%] Built target _rosplan_tiago_scenarios_msgs_generate_messages_check_deps_GetItemFeedback
[35m[1mScanning dependencies of target _rosplan_tiago_scenarios_msgs_generate_messages_check_deps_HumanApproachDetectAction[0m
[  0%] Built target _rosplan_tiago_scenarios_msgs_generate_messages_check_deps_HumanApproachDetectAction
[35m[1mScanning dependencies of target _rosplan_tiago_scenarios_msgs_generate_messages_check_deps_HumanApproachDetectFeedback[0m
[  0%] Built target _rosplan_tiago_scenarios_msgs_generate_messages_check_deps_HumanApproachDetectFeedback
[35m[1mScanning dependencies of target _rosplan_tiago_scenarios_msgs_generate_messages_check_deps_CheckLightGoal[0m
[  0%] Built target _rosplan_tiago_scenarios_msgs_generate_messages_check_deps_CheckLightGoal
[35m[1mScanning dependencies of target _rosplan_tiago_scenarios_msgs_generate_messages_check_deps_GoWithAttendanceActionResult[0m
[  0%] Built target _rosplan_tiago_scenarios_msgs_generate_messages_check_deps_GoWithAttendanceActionResult
[35m[1mScanning dependencies of target _rosplan_tiago_scenarios_msgs_generate_messages_check_deps_GiveItemActionResult[0m
[  0%] Built target _rosplan_tiago_scenarios_msgs_generate_messages_check_deps_GiveItemActionResult
[35m[1mScanning dependencies of target _rosplan_tiago_scenarios_msgs_generate_messages_check_deps_LeaveLoadActionResult[0m
[  0%] Built target _rosplan_tiago_scenarios_msgs_generate_messages_check_deps_LeaveLoadActionResult
[35m[1mScanning dependencies of target _rosplan_tiago_scenarios_msgs_generate_messages_check_deps_HumanApproachDetectGoal[0m
[  0%] Built target _rosplan_tiago_scenarios_msgs_generate_messages_check_deps_HumanApproachDetectGoal
[35m[1mScanning dependencies of target _rosplan_tiago_scenarios_msgs_generate_messages_check_deps_HumanInteractFeedback[0m
[  0%] Built target _rosplan_tiago_scenarios_msgs_generate_messages_check_deps_HumanInteractFeedback
[35m[1mScanning dependencies of target _rosplan_tiago_scenarios_msgs_generate_messages_check_deps_CheckDishwasherResult[0m
[  0%] Built target _rosplan_tiago_scenarios_msgs_generate_messages_check_deps_CheckDishwasherResult
[35m[1mScanning dependencies of target _rosplan_tiago_scenarios_msgs_generate_messages_check_deps_HumanInteractActionFeedback[0m
[  0%] Built target _rosplan_tiago_scenarios_msgs_generate_messages_check_deps_HumanInteractActionFeedback
[35m[1mScanning dependencies of target _rosplan_tiago_scenarios_msgs_generate_messages_check_deps_GetLoadActionGoal[0m
[  0%] Built target _rosplan_tiago_scenarios_msgs_generate_messages_check_deps_GetLoadActionGoal
[35m[1mScanning dependencies of target _rosplan_tiago_scenarios_msgs_generate_messages_check_deps_HumanApproachDetectActionResult[0m
[  0%] Built target _rosplan_tiago_scenarios_msgs_generate_messages_check_deps_HumanApproachDetectActionResult
[35m[1mScanning dependencies of target _rosplan_tiago_scenarios_msgs_generate_messages_check_deps_GoWithAttendanceFeedback[0m
[  0%] Built target _rosplan_tiago_scenarios_msgs_generate_messages_check_deps_GoWithAttendanceFeedback
[35m[1mScanning dependencies of target _rosplan_tiago_scenarios_msgs_generate_messages_check_deps_GreetActionFeedback[0m
[  0%] Built target _rosplan_tiago_scenarios_msgs_generate_messages_check_deps_GreetActionFeedback
[35m[1mScanning dependencies of target _rosplan_tiago_scenarios_msgs_generate_messages_check_deps_HumanInteractAction[0m
[  0%] Built target _rosplan_tiago_scenarios_msgs_generate_messages_check_deps_HumanInteractAction
[35m[1mScanning dependencies of target _rosplan_tiago_scenarios_msgs_generate_messages_check_deps_GoResult[0m
[  0%] Built target _rosplan_tiago_scenarios_msgs_generate_messages_check_deps_GoResult
[35m[1mScanning dependencies of target _rosplan_tiago_scenarios_msgs_generate_messages_check_deps_GiveItemActionFeedback[0m
[  0%] Built target _rosplan_tiago_scenarios_msgs_generate_messages_check_deps_GiveItemActionFeedback
[35m[1mScanning dependencies of target _rosplan_tiago_scenarios_msgs_generate_messages_check_deps_GetLoadAction[0m
[  0%] Built target _rosplan_tiago_scenarios_msgs_generate_messages_check_deps_GetLoadAction
[35m[1mScanning dependencies of target _rosplan_tiago_scenarios_msgs_generate_messages_check_deps_CheckDoorActionFeedback[0m
[  0%] Built target _rosplan_tiago_scenarios_msgs_generate_messages_check_deps_CheckDoorActionFeedback
[35m[1mScanning dependencies of target _rosplan_tiago_scenarios_msgs_generate_messages_check_deps_GoScanningGoal[0m
[  0%] Built target _rosplan_tiago_scenarios_msgs_generate_messages_check_deps_GoScanningGoal
[35m[1mScanning dependencies of target _rosplan_tiago_scenarios_msgs_generate_messages_check_deps_HumanInteractActionGoal[0m
[  0%] Built target _rosplan_tiago_scenarios_msgs_generate_messages_check_deps_HumanInteractActionGoal
[35m[1mScanning dependencies of target _rosplan_tiago_scenarios_msgs_generate_messages_check_deps_GiveItemResult[0m
[  0%] Built target _rosplan_tiago_scenarios_msgs_generate_messages_check_deps_GiveItemResult
[35m[1mScanning dependencies of target _rosplan_tiago_scenarios_msgs_generate_messages_check_deps_LeaveLoadActionFeedback[0m
[  0%] Built target _rosplan_tiago_scenarios_msgs_generate_messages_check_deps_LeaveLoadActionFeedback
[35m[1mScanning dependencies of target _rosplan_tiago_scenarios_msgs_generate_messages_check_deps_GoScanningActionFeedback[0m
[  0%] Built target _rosplan_tiago_scenarios_msgs_generate_messages_check_deps_GoScanningActionFeedback
[35m[1mScanning dependencies of target _rosplan_tiago_scenarios_msgs_generate_messages_check_deps_GetItemGoal[0m
[  0%] Built target _rosplan_tiago_scenarios_msgs_generate_messages_check_deps_GetItemGoal
[35m[1mScanning dependencies of target _rosplan_tiago_scenarios_msgs_generate_messages_check_deps_GetItemActionResult[0m
[  0%] Built target _rosplan_tiago_scenarios_msgs_generate_messages_check_deps_GetItemActionResult
[35m[1mScanning dependencies of target _rosplan_tiago_scenarios_msgs_generate_messages_check_deps_GetItemAction[0m
[  0%] Built target _rosplan_tiago_scenarios_msgs_generate_messages_check_deps_GetItemAction
[35m[1mScanning dependencies of target _rosplan_tiago_scenarios_msgs_generate_messages_check_deps_LeaveLoadFeedback[0m
[  0%] Built target _rosplan_tiago_scenarios_msgs_generate_messages_check_deps_LeaveLoadFeedback
[35m[1mScanning dependencies of target _rosplan_tiago_scenarios_msgs_generate_messages_check_deps_GetLoadActionResult[0m
[  0%] Built target _rosplan_tiago_scenarios_msgs_generate_messages_check_deps_GetLoadActionResult
[35m[1mScanning dependencies of target _rosplan_tiago_scenarios_msgs_generate_messages_check_deps_GetItemActionGoal[0m
[  0%] Built target _rosplan_tiago_scenarios_msgs_generate_messages_check_deps_GetItemActionGoal
[35m[1mScanning dependencies of target _rosplan_tiago_scenarios_msgs_generate_messages_check_deps_CheckDishwasherActionResult[0m
[  0%] Built target _rosplan_tiago_scenarios_msgs_generate_messages_check_deps_CheckDishwasherActionResult
[35m[1mScanning dependencies of target _rosplan_tiago_scenarios_msgs_generate_messages_check_deps_GetLoadActionFeedback[0m
[  0%] Built target _rosplan_tiago_scenarios_msgs_generate_messages_check_deps_GetLoadActionFeedback
[35m[1mScanning dependencies of target _rosplan_tiago_scenarios_msgs_generate_messages_check_deps_GoFeedback[0m
[  0%] Built target _rosplan_tiago_scenarios_msgs_generate_messages_check_deps_GoFeedback
[35m[1mScanning dependencies of target _rosplan_tiago_scenarios_msgs_generate_messages_check_deps_CheckDishwasherGoal[0m
[  0%] Built target _rosplan_tiago_scenarios_msgs_generate_messages_check_deps_CheckDishwasherGoal
[35m[1mScanning dependencies of target _rosplan_tiago_scenarios_msgs_generate_messages_check_deps_CheckLightActionResult[0m
[  0%] Built target _rosplan_tiago_scenarios_msgs_generate_messages_check_deps_CheckLightActionResult
[35m[1mScanning dependencies of target _rosplan_tiago_scenarios_msgs_generate_messages_check_deps_GreetFeedback[0m
[  0%] Built target _rosplan_tiago_scenarios_msgs_generate_messages_check_deps_GreetFeedback
[35m[1mScanning dependencies of target std_msgs_generate_messages_py[0m
[  0%] Built target std_msgs_generate_messages_py
[35m[1mScanning dependencies of target _rosplan_tiago_scenarios_msgs_generate_messages_check_deps_GoScanningFeedback[0m
[  0%] Built target _rosplan_tiago_scenarios_msgs_generate_messages_check_deps_GoScanningFeedback
[35m[1mScanning dependencies of target _rosplan_tiago_scenarios_msgs_generate_messages_check_deps_CheckDoorActionGoal[0m
[  0%] Built target _rosplan_tiago_scenarios_msgs_generate_messages_check_deps_CheckDoorActionGoal
[35m[1mScanning dependencies of target _rosplan_tiago_scenarios_msgs_generate_messages_check_deps_GoWithAttendanceAction[0m
[  0%] Built target _rosplan_tiago_scenarios_msgs_generate_messages_check_deps_GoWithAttendanceAction
[35m[1mScanning dependencies of target _rosplan_tiago_scenarios_msgs_generate_messages_check_deps_GoGoal[0m
[  0%] Built target _rosplan_tiago_scenarios_msgs_generate_messages_check_deps_GoGoal
[35m[1mScanning dependencies of target _rosplan_tiago_scenarios_msgs_generate_messages_check_deps_GoWithAttendanceResult[0m
[  0%] Built target _rosplan_tiago_scenarios_msgs_generate_messages_check_deps_GoWithAttendanceResult
[35m[1mScanning dependencies of target _rosplan_tiago_scenarios_msgs_generate_messages_check_deps_CheckDishwasherAction[0m
[  0%] Built target _rosplan_tiago_scenarios_msgs_generate_messages_check_deps_CheckDishwasherAction
[35m[1mScanning dependencies of target _rosplan_tiago_scenarios_msgs_generate_messages_check_deps_GetLoadFeedback[0m
[  0%] Built target _rosplan_tiago_scenarios_msgs_generate_messages_check_deps_GetLoadFeedback
[35m[1mScanning dependencies of target _rosplan_tiago_scenarios_msgs_generate_messages_check_deps_GoScanningAction[0m
[  0%] Built target _rosplan_tiago_scenarios_msgs_generate_messages_check_deps_GoScanningAction
[35m[1mScanning dependencies of target _rosplan_tiago_scenarios_msgs_generate_messages_check_deps_GoWithAttendanceGoal[0m
[  0%] Built target _rosplan_tiago_scenarios_msgs_generate_messages_check_deps_GoWithAttendanceGoal
[35m[1mScanning dependencies of target _rosplan_tiago_scenarios_msgs_generate_messages_check_deps_GetLoadGoal[0m
[  0%] Built target _rosplan_tiago_scenarios_msgs_generate_messages_check_deps_GetLoadGoal
[35m[1mScanning dependencies of target geometry_msgs_generate_messages_nodejs[0m
[  0%] Built target geometry_msgs_generate_messages_nodejs
[35m[1mScanning dependencies of target people_msgs_generate_messages_nodejs[0m
[  0%] Built target people_msgs_generate_messages_nodejs
[35m[1mScanning dependencies of target actionlib_msgs_generate_messages_nodejs[0m
[  0%] Built target actionlib_msgs_generate_messages_nodejs
[35m[1mScanning dependencies of target std_msgs_generate_messages_nodejs[0m
[  0%] Built target std_msgs_generate_messages_nodejs
[35m[1mScanning dependencies of target people_msgs_generate_messages_lisp[0m
[  0%] Built target people_msgs_generate_messages_lisp
[35m[1mScanning dependencies of target geometry_msgs_generate_messages_lisp[0m
[  0%] Built target geometry_msgs_generate_messages_lisp
[35m[1mScanning dependencies of target std_msgs_generate_messages_lisp[0m
[  0%] Built target std_msgs_generate_messages_lisp
[35m[1mScanning dependencies of target actionlib_msgs_generate_messages_lisp[0m
[  0%] Built target actionlib_msgs_generate_messages_lisp
[35m[1mScanning dependencies of target std_msgs_generate_messages_cpp[0m
[  0%] Built target std_msgs_generate_messages_cpp
[35m[1mScanning dependencies of target actionlib_msgs_generate_messages_cpp[0m
[  0%] Built target actionlib_msgs_generate_messages_cpp
[35m[1mScanning dependencies of target people_msgs_generate_messages_cpp[0m
[  0%] Built target people_msgs_generate_messages_cpp
[35m[1mScanning dependencies of target geometry_msgs_generate_messages_cpp[0m
[  0%] Built target geometry_msgs_generate_messages_cpp
[35m[1mScanning dependencies of target geometry_msgs_generate_messages_eus[0m
[  0%] Built target geometry_msgs_generate_messages_eus
[35m[1mScanning dependencies of target actionlib_msgs_generate_messages_eus[0m
[  0%] Built target actionlib_msgs_generate_messages_eus
[35m[1mScanning dependencies of target std_msgs_generate_messages_eus[0m
[  0%] Built target std_msgs_generate_messages_eus
[35m[1mScanning dependencies of target people_msgs_generate_messages_eus[0m
[  0%] Built target people_msgs_generate_messages_eus
[35m[1mScanning dependencies of target rosplan_tiago_scenarios_msgs_generate_messages_py[0m
[  1%] [34m[1mGenerating Python from MSG rosplan_tiago_scenarios_msgs/GoWithAttendanceResult[0m
[  1%] [34m[1mGenerating Python from MSG rosplan_tiago_scenarios_msgs/HumanInteractResult[0m
[  1%] [34m[1mGenerating Python from MSG rosplan_tiago_scenarios_msgs/GetLoadResult[0m
[  1%] [34m[1mGenerating Python from MSG rosplan_tiago_scenarios_msgs/GoWithAttendanceActionGoal[0m
[  1%] [34m[1mGenerating Python from MSG rosplan_tiago_scenarios_msgs/GreetFeedback[0m
[  2%] [34m[1mGenerating Python from MSG rosplan_tiago_scenarios_msgs/GoScanningGoal[0m
[  2%] [34m[1mGenerating Python from MSG rosplan_tiago_scenarios_msgs/CheckLightFeedback[0m
[  2%] [34m[1mGenerating Python from MSG rosplan_tiago_scenarios_msgs/GoGoal[0m
[  2%] [34m[1mGenerating Python from MSG rosplan_tiago_scenarios_msgs/CheckLightActionResult[0m
[  3%] [34m[1mGenerating Python from MSG rosplan_tiago_scenarios_msgs/CheckDishwasherResult[0m
[  3%] [34m[1mGenerating Python from MSG rosplan_tiago_scenarios_msgs/HumanApproachDetectFeedback[0m
[  3%] [34m[1mGenerating Python from MSG rosplan_tiago_scenarios_msgs/CheckDishwasherGoal[0m
[  3%] [34m[1mGenerating Python from MSG rosplan_tiago_scenarios_msgs/GoScanningFeedback[0m
[  3%] [34m[1mGenerating Python from MSG rosplan_tiago_scenarios_msgs/GreetActionFeedback[0m
[  4%] [34m[1mGenerating Python from MSG rosplan_tiago_scenarios_msgs/CheckDoorActionFeedback[0m
[  4%] [34m[1mGenerating Python from MSG rosplan_tiago_scenarios_msgs/CheckDoorFeedback[0m
[  4%] [34m[1mGenerating Python from MSG rosplan_tiago_scenarios_msgs/GoActionGoal[0m
[  4%] [34m[1mGenerating Python from MSG rosplan_tiago_scenarios_msgs/GoWithAttendanceActionFeedback[0m
[  5%] [34m[1mGenerating Python from MSG rosplan_tiago_scenarios_msgs/HumanApproachDetectActionResult[0m
[  5%] [34m[1mGenerating Python from MSG rosplan_tiago_scenarios_msgs/HumanInteractGoal[0m
[  5%] [34m[1mGenerating Python from MSG rosplan_tiago_scenarios_msgs/GetLoadFeedback[0m
[  5%] [34m[1mGenerating Python from MSG rosplan_tiago_scenarios_msgs/HumanInteractActionFeedback[0m
[  5%] [34m[1mGenerating Python from MSG rosplan_tiago_scenarios_msgs/GreetResult[0m
[  6%] [34m[1mGenerating Python from MSG rosplan_tiago_scenarios_msgs/HumanApproachDetectAction[0m
[  6%] [34m[1mGenerating Python from MSG rosplan_tiago_scenarios_msgs/HumanApproachDetectActionGoal[0m
[  6%] [34m[1mGenerating Python from MSG rosplan_tiago_scenarios_msgs/GiveItemGoal[0m
[  6%] [34m[1mGenerating Python from MSG rosplan_tiago_scenarios_msgs/CheckLightGoal[0m
[  6%] [34m[1mGenerating Python from MSG rosplan_tiago_scenarios_msgs/GiveItemActionResult[0m
[  7%] [34m[1mGenerating Python from MSG rosplan_tiago_scenarios_msgs/CheckLightResult[0m
[  7%] [34m[1mGenerating Python from MSG rosplan_tiago_scenarios_msgs/HumanApproachDetectGoal[0m
[  7%] [34m[1mGenerating Python from MSG rosplan_tiago_scenarios_msgs/CheckDishwasherAction[0m
[  7%] [34m[1mGenerating Python from MSG rosplan_tiago_scenarios_msgs/HumanInteractFeedback[0m
[  8%] [34m[1mGenerating Python from MSG rosplan_tiago_scenarios_msgs/GetLoadActionGoal[0m
[  8%] [34m[1mGenerating Python from MSG rosplan_tiago_scenarios_msgs/HumanInteractAction[0m
[  8%] [34m[1mGenerating Python from MSG rosplan_tiago_scenarios_msgs/CheckDishwasherActionFeedback[0m
[  8%] [34m[1mGenerating Python from MSG rosplan_tiago_scenarios_msgs/GoResult[0m
[  8%] [34m[1mGenerating Python from MSG rosplan_tiago_scenarios_msgs/GoWithAttendanceFeedback[0m
[  9%] [34m[1mGenerating Python from MSG rosplan_tiago_scenarios_msgs/LeaveLoadActionResult[0m
[  9%] [34m[1mGenerating Python from MSG rosplan_tiago_scenarios_msgs/GoActionFeedback[0m
[  9%] [34m[1mGenerating Python from MSG rosplan_tiago_scenarios_msgs/HumanApproachDetectResult[0m
[  9%] [34m[1mGenerating Python from MSG rosplan_tiago_scenarios_msgs/HumanInteractActionGoal[0m
[ 10%] [34m[1mGenerating Python from MSG rosplan_tiago_scenarios_msgs/GetLoadAction[0m
[ 10%] [34m[1mGenerating Python from MSG rosplan_tiago_scenarios_msgs/GetItemAction[0m
[ 10%] [34m[1mGenerating Python from MSG rosplan_tiago_scenarios_msgs/LeaveLoadAction[0m
[ 10%] [34m[1mGenerating Python from MSG rosplan_tiago_scenarios_msgs/CheckDoorActionGoal[0m
[ 10%] [34m[1mGenerating Python from MSG rosplan_tiago_scenarios_msgs/GiveItemResult[0m
[ 11%] [34m[1mGenerating Python from MSG rosplan_tiago_scenarios_msgs/GoWithAttendanceActionResult[0m
[ 11%] [34m[1mGenerating Python from MSG rosplan_tiago_scenarios_msgs/LeaveLoadActionFeedback[0m
[ 11%] [34m[1mGenerating Python from MSG rosplan_tiago_scenarios_msgs/GoScanningActionFeedback[0m
[ 11%] [34m[1mGenerating Python from MSG rosplan_tiago_scenarios_msgs/GetItemGoal[0m
[ 12%] [34m[1mGenerating Python from MSG rosplan_tiago_scenarios_msgs/CheckDishwasherActionGoal[0m
[ 12%] [34m[1mGenerating Python from MSG rosplan_tiago_scenarios_msgs/HumanApproachDetectActionFeedback[0m
[ 12%] [34m[1mGenerating Python from MSG rosplan_tiago_scenarios_msgs/LeaveLoadFeedback[0m
[ 12%] [34m[1mGenerating Python from MSG rosplan_tiago_scenarios_msgs/CheckLightActionGoal[0m
[ 12%] [34m[1mGenerating Python from MSG rosplan_tiago_scenarios_msgs/GetItemActionFeedback[0m
[ 13%] [34m[1mGenerating Python from MSG rosplan_tiago_scenarios_msgs/CheckDishwasherFeedback[0m
[ 13%] [34m[1mGenerating Python from MSG rosplan_tiago_scenarios_msgs/LeaveLoadActionGoal[0m
[ 13%] [34m[1mGenerating Python from MSG rosplan_tiago_scenarios_msgs/GetItemActionResult[0m
[ 13%] [34m[1mGenerating Python from MSG rosplan_tiago_scenarios_msgs/GoScanningAction[0m
[ 13%] [34m[1mGenerating Python from MSG rosplan_tiago_scenarios_msgs/GoScanningActionResult[0m
[ 14%] [34m[1mGenerating Python from MSG rosplan_tiago_scenarios_msgs/GoActionResult[0m
[ 14%] [34m[1mGenerating Python from MSG rosplan_tiago_scenarios_msgs/GoAction[0m
[ 14%] [34m[1mGenerating Python from MSG rosplan_tiago_scenarios_msgs/CheckDishwasherActionResult[0m
[ 14%] [34m[1mGenerating Python from MSG rosplan_tiago_scenarios_msgs/GreetActionResult[0m
[ 15%] [34m[1mGenerating Python from MSG rosplan_tiago_scenarios_msgs/HumanInteractActionResult[0m
[ 15%] [34m[1mGenerating Python from MSG rosplan_tiago_scenarios_msgs/GoWithAttendanceAction[0m
[ 15%] [34m[1mGenerating Python from MSG rosplan_tiago_scenarios_msgs/GetItemActionGoal[0m
[ 15%] [34m[1mGenerating Python from MSG rosplan_tiago_scenarios_msgs/GiveItemActionFeedback[0m
[ 15%] [34m[1mGenerating Python from MSG rosplan_tiago_scenarios_msgs/GetLoadActionResult[0m
[ 16%] [34m[1mGenerating Python from MSG rosplan_tiago_scenarios_msgs/GreetAction[0m
[ 16%] [34m[1mGenerating Python from MSG rosplan_tiago_scenarios_msgs/GiveItemAction[0m
[ 16%] [34m[1mGenerating Python from MSG rosplan_tiago_scenarios_msgs/GoWithAttendanceGoal[0m
[ 16%] [34m[1mGenerating Python from MSG rosplan_tiago_scenarios_msgs/GoFeedback[0m
[ 17%] [34m[1mGenerating Python from MSG rosplan_tiago_scenarios_msgs/GetLoadActionFeedback[0m
[ 17%] [34m[1mGenerating Python from MSG rosplan_tiago_scenarios_msgs/GreetActionGoal[0m
[ 17%] [34m[1mGenerating Python from MSG rosplan_tiago_scenarios_msgs/GetLoadGoal[0m
[ 17%] [34m[1mGenerating Python from MSG rosplan_tiago_scenarios_msgs/GetItemFeedback[0m
[ 17%] [34m[1mGenerating Python from MSG rosplan_tiago_scenarios_msgs/CheckLightAction[0m
[ 18%] [34m[1mGenerating Python from MSG rosplan_tiago_scenarios_msgs/GreetGoal[0m
[ 18%] [34m[1mGenerating Python from MSG rosplan_tiago_scenarios_msgs/GetItemResult[0m
[ 18%] [34m[1mGenerating Python from MSG rosplan_tiago_scenarios_msgs/GiveItemFeedback[0m
[ 18%] [34m[1mGenerating Python from MSG rosplan_tiago_scenarios_msgs/GoScanningActionGoal[0m
[ 19%] [34m[1mGenerating Python from MSG rosplan_tiago_scenarios_msgs/CheckDoorGoal[0m
[ 19%] [34m[1mGenerating Python from MSG rosplan_tiago_scenarios_msgs/CheckLightActionFeedback[0m
[ 19%] [34m[1mGenerating Python from MSG rosplan_tiago_scenarios_msgs/GoScanningResult[0m
[ 19%] [34m[1mGenerating Python from MSG rosplan_tiago_scenarios_msgs/LeaveLoadGoal[0m
[ 19%] [34m[1mGenerating Python from MSG rosplan_tiago_scenarios_msgs/LeaveLoadResult[0m
[ 20%] [34m[1mGenerating Python from MSG rosplan_tiago_scenarios_msgs/CheckDoorAction[0m
[ 20%] [34m[1mGenerating Python from MSG rosplan_tiago_scenarios_msgs/CheckDoorResult[0m
[ 20%] [34m[1mGenerating Python from MSG rosplan_tiago_scenarios_msgs/GiveItemActionGoal[0m
[ 20%] [34m[1mGenerating Python from MSG rosplan_tiago_scenarios_msgs/CheckDoorActionResult[0m
[ 21%] [34m[1mGenerating Python msg __init__.py for rosplan_tiago_scenarios_msgs[0m
[ 21%] Built target rosplan_tiago_scenarios_msgs_generate_messages_py
[35m[1mScanning dependencies of target rosplan_tiago_scenarios_msgs_generate_messages_nodejs[0m
[ 22%] [34m[1mGenerating Javascript code from rosplan_tiago_scenarios_msgs/GoWithAttendanceResult.msg[0m
[ 22%] [34m[1mGenerating Javascript code from rosplan_tiago_scenarios_msgs/HumanInteractResult.msg[0m
[ 22%] [34m[1mGenerating Javascript code from rosplan_tiago_scenarios_msgs/GetLoadResult.msg[0m
[ 22%] [34m[1mGenerating Javascript code from rosplan_tiago_scenarios_msgs/GoWithAttendanceActionGoal.msg[0m
[ 23%] [34m[1mGenerating Javascript code from rosplan_tiago_scenarios_msgs/GreetFeedback.msg[0m
[ 23%] [34m[1mGenerating Javascript code from rosplan_tiago_scenarios_msgs/GoScanningGoal.msg[0m
[ 23%] [34m[1mGenerating Javascript code from rosplan_tiago_scenarios_msgs/CheckLightFeedback.msg[0m
[ 23%] [34m[1mGenerating Javascript code from rosplan_tiago_scenarios_msgs/GoGoal.msg[0m
[ 23%] [34m[1mGenerating Javascript code from rosplan_tiago_scenarios_msgs/CheckLightActionResult.msg[0m
[ 24%] [34m[1mGenerating Javascript code from rosplan_tiago_scenarios_msgs/CheckDishwasherResult.msg[0m
[ 24%] [34m[1mGenerating Javascript code from rosplan_tiago_scenarios_msgs/HumanApproachDetectFeedback.msg[0m
[ 24%] [34m[1mGenerating Javascript code from rosplan_tiago_scenarios_msgs/CheckDishwasherGoal.msg[0m
[ 24%] [34m[1mGenerating Javascript code from rosplan_tiago_scenarios_msgs/GoScanningFeedback.msg[0m
[ 25%] [34m[1mGenerating Javascript code from rosplan_tiago_scenarios_msgs/GreetActionFeedback.msg[0m
[ 25%] [34m[1mGenerating Javascript code from rosplan_tiago_scenarios_msgs/CheckDoorActionFeedback.msg[0m
[ 25%] [34m[1mGenerating Javascript code from rosplan_tiago_scenarios_msgs/CheckDoorFeedback.msg[0m
[ 25%] [34m[1mGenerating Javascript code from rosplan_tiago_scenarios_msgs/GoActionGoal.msg[0m
[ 25%] [34m[1mGenerating Javascript code from rosplan_tiago_scenarios_msgs/GoWithAttendanceActionFeedback.msg[0m
[ 26%] [34m[1mGenerating Javascript code from rosplan_tiago_scenarios_msgs/HumanApproachDetectActionResult.msg[0m
[ 26%] [34m[1mGenerating Javascript code from rosplan_tiago_scenarios_msgs/HumanInteractGoal.msg[0m
[ 26%] [34m[1mGenerating Javascript code from rosplan_tiago_scenarios_msgs/GetLoadFeedback.msg[0m
[ 26%] [34m[1mGenerating Javascript code from rosplan_tiago_scenarios_msgs/HumanInteractActionFeedback.msg[0m
[ 26%] [34m[1mGenerating Javascript code from rosplan_tiago_scenarios_msgs/GreetResult.msg[0m
[ 27%] [34m[1mGenerating Javascript code from rosplan_tiago_scenarios_msgs/HumanApproachDetectAction.msg[0m
[ 27%] [34m[1mGenerating Javascript code from rosplan_tiago_scenarios_msgs/HumanApproachDetectActionGoal.msg[0m
[ 27%] [34m[1mGenerating Javascript code from rosplan_tiago_scenarios_msgs/GiveItemGoal.msg[0m
[ 27%] [34m[1mGenerating Javascript code from rosplan_tiago_scenarios_msgs/CheckLightGoal.msg[0m
[ 28%] [34m[1mGenerating Javascript code from rosplan_tiago_scenarios_msgs/GiveItemActionResult.msg[0m
[ 28%] [34m[1mGenerating Javascript code from rosplan_tiago_scenarios_msgs/CheckLightResult.msg[0m
[ 28%] [34m[1mGenerating Javascript code from rosplan_tiago_scenarios_msgs/HumanApproachDetectGoal.msg[0m
[ 28%] [34m[1mGenerating Javascript code from rosplan_tiago_scenarios_msgs/CheckDishwasherAction.msg[0m
[ 28%] [34m[1mGenerating Javascript code from rosplan_tiago_scenarios_msgs/HumanInteractFeedback.msg[0m
[ 29%] [34m[1mGenerating Javascript code from rosplan_tiago_scenarios_msgs/GetLoadActionGoal.msg[0m
[ 29%] [34m[1mGenerating Javascript code from rosplan_tiago_scenarios_msgs/HumanInteractAction.msg[0m
[ 29%] [34m[1mGenerating Javascript code from rosplan_tiago_scenarios_msgs/CheckDishwasherActionFeedback.msg[0m
[ 29%] [34m[1mGenerating Javascript code from rosplan_tiago_scenarios_msgs/GoResult.msg[0m
[ 30%] [34m[1mGenerating Javascript code from rosplan_tiago_scenarios_msgs/GoWithAttendanceFeedback.msg[0m
[ 30%] [34m[1mGenerating Javascript code from rosplan_tiago_scenarios_msgs/LeaveLoadActionResult.msg[0m
[ 30%] [34m[1mGenerating Javascript code from rosplan_tiago_scenarios_msgs/GoActionFeedback.msg[0m
[ 30%] [34m[1mGenerating Javascript code from rosplan_tiago_scenarios_msgs/HumanApproachDetectResult.msg[0m
[ 30%] [34m[1mGenerating Javascript code from rosplan_tiago_scenarios_msgs/HumanInteractActionGoal.msg[0m
[ 31%] [34m[1mGenerating Javascript code from rosplan_tiago_scenarios_msgs/GetLoadAction.msg[0m
[ 31%] [34m[1mGenerating Javascript code from rosplan_tiago_scenarios_msgs/GetItemAction.msg[0m
[ 31%] [34m[1mGenerating Javascript code from rosplan_tiago_scenarios_msgs/LeaveLoadAction.msg[0m
[ 31%] [34m[1mGenerating Javascript code from rosplan_tiago_scenarios_msgs/CheckDoorActionGoal.msg[0m
[ 32%] [34m[1mGenerating Javascript code from rosplan_tiago_scenarios_msgs/GiveItemResult.msg[0m
[ 32%] [34m[1mGenerating Javascript code from rosplan_tiago_scenarios_msgs/GoWithAttendanceActionResult.msg[0m
[ 32%] [34m[1mGenerating Javascript code from rosplan_tiago_scenarios_msgs/LeaveLoadActionFeedback.msg[0m
[ 32%] [34m[1mGenerating Javascript code from rosplan_tiago_scenarios_msgs/GoScanningActionFeedback.msg[0m
[ 32%] [34m[1mGenerating Javascript code from rosplan_tiago_scenarios_msgs/GetItemGoal.msg[0m
[ 33%] [34m[1mGenerating Javascript code from rosplan_tiago_scenarios_msgs/CheckDishwasherActionGoal.msg[0m
[ 33%] [34m[1mGenerating Javascript code from rosplan_tiago_scenarios_msgs/HumanApproachDetectActionFeedback.msg[0m
[ 33%] [34m[1mGenerating Javascript code from rosplan_tiago_scenarios_msgs/LeaveLoadFeedback.msg[0m
[ 33%] [34m[1mGenerating Javascript code from rosplan_tiago_scenarios_msgs/CheckLightActionGoal.msg[0m
[ 33%] [34m[1mGenerating Javascript code from rosplan_tiago_scenarios_msgs/GetItemActionFeedback.msg[0m
[ 34%] [34m[1mGenerating Javascript code from rosplan_tiago_scenarios_msgs/CheckDishwasherFeedback.msg[0m
[ 34%] [34m[1mGenerating Javascript code from rosplan_tiago_scenarios_msgs/LeaveLoadActionGoal.msg[0m
[ 34%] [34m[1mGenerating Javascript code from rosplan_tiago_scenarios_msgs/GetItemActionResult.msg[0m
[ 34%] [34m[1mGenerating Javascript code from rosplan_tiago_scenarios_msgs/GoScanningAction.msg[0m
[ 35%] [34m[1mGenerating Javascript code from rosplan_tiago_scenarios_msgs/GoScanningActionResult.msg[0m
[ 35%] [34m[1mGenerating Javascript code from rosplan_tiago_scenarios_msgs/GoActionResult.msg[0m
[ 35%] [34m[1mGenerating Javascript code from rosplan_tiago_scenarios_msgs/GoAction.msg[0m
[ 35%] [34m[1mGenerating Javascript code from rosplan_tiago_scenarios_msgs/CheckDishwasherActionResult.msg[0m
[ 35%] [34m[1mGenerating Javascript code from rosplan_tiago_scenarios_msgs/GreetActionResult.msg[0m
[ 36%] [34m[1mGenerating Javascript code from rosplan_tiago_scenarios_msgs/HumanInteractActionResult.msg[0m
[ 36%] [34m[1mGenerating Javascript code from rosplan_tiago_scenarios_msgs/GoWithAttendanceAction.msg[0m
[ 36%] [34m[1mGenerating Javascript code from rosplan_tiago_scenarios_msgs/GetItemActionGoal.msg[0m
[ 36%] [34m[1mGenerating Javascript code from rosplan_tiago_scenarios_msgs/GiveItemActionFeedback.msg[0m
[ 37%] [34m[1mGenerating Javascript code from rosplan_tiago_scenarios_msgs/GetLoadActionResult.msg[0m
[ 37%] [34m[1mGenerating Javascript code from rosplan_tiago_scenarios_msgs/GreetAction.msg[0m
[ 37%] [34m[1mGenerating Javascript code from rosplan_tiago_scenarios_msgs/GiveItemAction.msg[0m
[ 37%] [34m[1mGenerating Javascript code from rosplan_tiago_scenarios_msgs/GoWithAttendanceGoal.msg[0m
[ 37%] [34m[1mGenerating Javascript code from rosplan_tiago_scenarios_msgs/GoFeedback.msg[0m
[ 38%] [34m[1mGenerating Javascript code from rosplan_tiago_scenarios_msgs/GetLoadActionFeedback.msg[0m
[ 38%] [34m[1mGenerating Javascript code from rosplan_tiago_scenarios_msgs/GreetActionGoal.msg[0m
[ 38%] [34m[1mGenerating Javascript code from rosplan_tiago_scenarios_msgs/GetLoadGoal.msg[0m
[ 38%] [34m[1mGenerating Javascript code from rosplan_tiago_scenarios_msgs/GetItemFeedback.msg[0m
[ 39%] [34m[1mGenerating Javascript code from rosplan_tiago_scenarios_msgs/CheckLightAction.msg[0m
[ 39%] [34m[1mGenerating Javascript code from rosplan_tiago_scenarios_msgs/GreetGoal.msg[0m
[ 39%] [34m[1mGenerating Javascript code from rosplan_tiago_scenarios_msgs/GetItemResult.msg[0m
[ 39%] [34m[1mGenerating Javascript code from rosplan_tiago_scenarios_msgs/GiveItemFeedback.msg[0m
[ 39%] [34m[1mGenerating Javascript code from rosplan_tiago_scenarios_msgs/GoScanningActionGoal.msg[0m
[ 40%] [34m[1mGenerating Javascript code from rosplan_tiago_scenarios_msgs/CheckDoorGoal.msg[0m
[ 40%] [34m[1mGenerating Javascript code from rosplan_tiago_scenarios_msgs/CheckLightActionFeedback.msg[0m
[ 40%] [34m[1mGenerating Javascript code from rosplan_tiago_scenarios_msgs/GoScanningResult.msg[0m
[ 40%] [34m[1mGenerating Javascript code from rosplan_tiago_scenarios_msgs/LeaveLoadGoal.msg[0m
[ 40%] [34m[1mGenerating Javascript code from rosplan_tiago_scenarios_msgs/LeaveLoadResult.msg[0m
[ 41%] [34m[1mGenerating Javascript code from rosplan_tiago_scenarios_msgs/CheckDoorAction.msg[0m
[ 41%] [34m[1mGenerating Javascript code from rosplan_tiago_scenarios_msgs/CheckDoorResult.msg[0m
[ 41%] [34m[1mGenerating Javascript code from rosplan_tiago_scenarios_msgs/GiveItemActionGoal.msg[0m
[ 41%] [34m[1mGenerating Javascript code from rosplan_tiago_scenarios_msgs/CheckDoorActionResult.msg[0m
[ 41%] Built target rosplan_tiago_scenarios_msgs_generate_messages_nodejs
[35m[1mScanning dependencies of target rosplan_tiago_scenarios_msgs_generate_messages_lisp[0m
[ 41%] [34m[1mGenerating Lisp code from rosplan_tiago_scenarios_msgs/GoWithAttendanceResult.msg[0m
[ 41%] [34m[1mGenerating Lisp code from rosplan_tiago_scenarios_msgs/HumanInteractResult.msg[0m
[ 41%] [34m[1mGenerating Lisp code from rosplan_tiago_scenarios_msgs/GetLoadResult.msg[0m
[ 41%] [34m[1mGenerating Lisp code from rosplan_tiago_scenarios_msgs/GoWithAttendanceActionGoal.msg[0m
[ 42%] [34m[1mGenerating Lisp code from rosplan_tiago_scenarios_msgs/GreetFeedback.msg[0m
[ 42%] [34m[1mGenerating Lisp code from rosplan_tiago_scenarios_msgs/GoScanningGoal.msg[0m
[ 42%] [34m[1mGenerating Lisp code from rosplan_tiago_scenarios_msgs/CheckLightFeedback.msg[0m
[ 42%] [34m[1mGenerating Lisp code from rosplan_tiago_scenarios_msgs/GoGoal.msg[0m
[ 43%] [34m[1mGenerating Lisp code from rosplan_tiago_scenarios_msgs/CheckLightActionResult.msg[0m
[ 43%] [34m[1mGenerating Lisp code from rosplan_tiago_scenarios_msgs/CheckDishwasherResult.msg[0m
[ 43%] [34m[1mGenerating Lisp code from rosplan_tiago_scenarios_msgs/HumanApproachDetectFeedback.msg[0m
[ 43%] [34m[1mGenerating Lisp code from rosplan_tiago_scenarios_msgs/CheckDishwasherGoal.msg[0m
[ 43%] [34m[1mGenerating Lisp code from rosplan_tiago_scenarios_msgs/GoScanningFeedback.msg[0m
[ 44%] [34m[1mGenerating Lisp code from rosplan_tiago_scenarios_msgs/GreetActionFeedback.msg[0m
[ 44%] [34m[1mGenerating Lisp code from rosplan_tiago_scenarios_msgs/CheckDoorActionFeedback.msg[0m
[ 44%] [34m[1mGenerating Lisp code from rosplan_tiago_scenarios_msgs/CheckDoorFeedback.msg[0m
[ 44%] [34m[1mGenerating Lisp code from rosplan_tiago_scenarios_msgs/GoActionGoal.msg[0m
[ 44%] [34m[1mGenerating Lisp code from rosplan_tiago_scenarios_msgs/GoWithAttendanceActionFeedback.msg[0m
[ 45%] [34m[1mGenerating Lisp code from rosplan_tiago_scenarios_msgs/HumanApproachDetectActionResult.msg[0m
[ 45%] [34m[1mGenerating Lisp code from rosplan_tiago_scenarios_msgs/HumanInteractGoal.msg[0m
[ 45%] [34m[1mGenerating Lisp code from rosplan_tiago_scenarios_msgs/GetLoadFeedback.msg[0m
[ 45%] [34m[1mGenerating Lisp code from rosplan_tiago_scenarios_msgs/HumanInteractActionFeedback.msg[0m
[ 46%] [34m[1mGenerating Lisp code from rosplan_tiago_scenarios_msgs/GreetResult.msg[0m
[ 46%] [34m[1mGenerating Lisp code from rosplan_tiago_scenarios_msgs/HumanApproachDetectAction.msg[0m
[ 46%] [34m[1mGenerating Lisp code from rosplan_tiago_scenarios_msgs/HumanApproachDetectActionGoal.msg[0m
[ 46%] [34m[1mGenerating Lisp code from rosplan_tiago_scenarios_msgs/GiveItemGoal.msg[0m
[ 46%] [34m[1mGenerating Lisp code from rosplan_tiago_scenarios_msgs/CheckLightGoal.msg[0m
[ 47%] [34m[1mGenerating Lisp code from rosplan_tiago_scenarios_msgs/GiveItemActionResult.msg[0m
[ 47%] [34m[1mGenerating Lisp code from rosplan_tiago_scenarios_msgs/CheckLightResult.msg[0m
[ 47%] [34m[1mGenerating Lisp code from rosplan_tiago_scenarios_msgs/HumanApproachDetectGoal.msg[0m
[ 47%] [34m[1mGenerating Lisp code from rosplan_tiago_scenarios_msgs/CheckDishwasherAction.msg[0m
[ 48%] [34m[1mGenerating Lisp code from rosplan_tiago_scenarios_msgs/HumanInteractFeedback.msg[0m
[ 48%] [34m[1mGenerating Lisp code from rosplan_tiago_scenarios_msgs/GetLoadActionGoal.msg[0m
[ 48%] [34m[1mGenerating Lisp code from rosplan_tiago_scenarios_msgs/HumanInteractAction.msg[0m
[ 48%] [34m[1mGenerating Lisp code from rosplan_tiago_scenarios_msgs/CheckDishwasherActionFeedback.msg[0m
[ 48%] [34m[1mGenerating Lisp code from rosplan_tiago_scenarios_msgs/GoResult.msg[0m
[ 49%] [34m[1mGenerating Lisp code from rosplan_tiago_scenarios_msgs/GoWithAttendanceFeedback.msg[0m
[ 49%] [34m[1mGenerating Lisp code from rosplan_tiago_scenarios_msgs/LeaveLoadActionResult.msg[0m
[ 49%] [34m[1mGenerating Lisp code from rosplan_tiago_scenarios_msgs/GoActionFeedback.msg[0m
[ 49%] [34m[1mGenerating Lisp code from rosplan_tiago_scenarios_msgs/HumanApproachDetectResult.msg[0m
[ 50%] [34m[1mGenerating Lisp code from rosplan_tiago_scenarios_msgs/HumanInteractActionGoal.msg[0m
[ 50%] [34m[1mGenerating Lisp code from rosplan_tiago_scenarios_msgs/GetLoadAction.msg[0m
[ 50%] [34m[1mGenerating Lisp code from rosplan_tiago_scenarios_msgs/GetItemAction.msg[0m
[ 50%] [34m[1mGenerating Lisp code from rosplan_tiago_scenarios_msgs/LeaveLoadAction.msg[0m
[ 50%] [34m[1mGenerating Lisp code from rosplan_tiago_scenarios_msgs/CheckDoorActionGoal.msg[0m
[ 51%] [34m[1mGenerating Lisp code from rosplan_tiago_scenarios_msgs/GiveItemResult.msg[0m
[ 51%] [34m[1mGenerating Lisp code from rosplan_tiago_scenarios_msgs/GoWithAttendanceActionResult.msg[0m
[ 51%] [34m[1mGenerating Lisp code from rosplan_tiago_scenarios_msgs/LeaveLoadActionFeedback.msg[0m
[ 51%] [34m[1mGenerating Lisp code from rosplan_tiago_scenarios_msgs/GoScanningActionFeedback.msg[0m
[ 51%] [34m[1mGenerating Lisp code from rosplan_tiago_scenarios_msgs/GetItemGoal.msg[0m
[ 52%] [34m[1mGenerating Lisp code from rosplan_tiago_scenarios_msgs/CheckDishwasherActionGoal.msg[0m
[ 52%] [34m[1mGenerating Lisp code from rosplan_tiago_scenarios_msgs/HumanApproachDetectActionFeedback.msg[0m
[ 52%] [34m[1mGenerating Lisp code from rosplan_tiago_scenarios_msgs/LeaveLoadFeedback.msg[0m
[ 52%] [34m[1mGenerating Lisp code from rosplan_tiago_scenarios_msgs/CheckLightActionGoal.msg[0m
[ 53%] [34m[1mGenerating Lisp code from rosplan_tiago_scenarios_msgs/GetItemActionFeedback.msg[0m
[ 53%] [34m[1mGenerating Lisp code from rosplan_tiago_scenarios_msgs/CheckDishwasherFeedback.msg[0m
[ 53%] [34m[1mGenerating Lisp code from rosplan_tiago_scenarios_msgs/LeaveLoadActionGoal.msg[0m
[ 53%] [34m[1mGenerating Lisp code from rosplan_tiago_scenarios_msgs/GetItemActionResult.msg[0m
[ 53%] [34m[1mGenerating Lisp code from rosplan_tiago_scenarios_msgs/GoScanningAction.msg[0m
[ 54%] [34m[1mGenerating Lisp code from rosplan_tiago_scenarios_msgs/GoScanningActionResult.msg[0m
[ 54%] [34m[1mGenerating Lisp code from rosplan_tiago_scenarios_msgs/GoActionResult.msg[0m
[ 54%] [34m[1mGenerating Lisp code from rosplan_tiago_scenarios_msgs/GoAction.msg[0m
[ 54%] [34m[1mGenerating Lisp code from rosplan_tiago_scenarios_msgs/CheckDishwasherActionResult.msg[0m
[ 55%] [34m[1mGenerating Lisp code from rosplan_tiago_scenarios_msgs/GreetActionResult.msg[0m
[ 55%] [34m[1mGenerating Lisp code from rosplan_tiago_scenarios_msgs/HumanInteractActionResult.msg[0m
[ 55%] [34m[1mGenerating Lisp code from rosplan_tiago_scenarios_msgs/GoWithAttendanceAction.msg[0m
[ 55%] [34m[1mGenerating Lisp code from rosplan_tiago_scenarios_msgs/GetItemActionGoal.msg[0m
[ 55%] [34m[1mGenerating Lisp code from rosplan_tiago_scenarios_msgs/GiveItemActionFeedback.msg[0m
[ 56%] [34m[1mGenerating Lisp code from rosplan_tiago_scenarios_msgs/GetLoadActionResult.msg[0m
[ 56%] [34m[1mGenerating Lisp code from rosplan_tiago_scenarios_msgs/GreetAction.msg[0m
[ 56%] [34m[1mGenerating Lisp code from rosplan_tiago_scenarios_msgs/GiveItemAction.msg[0m
[ 56%] [34m[1mGenerating Lisp code from rosplan_tiago_scenarios_msgs/GoWithAttendanceGoal.msg[0m
[ 57%] [34m[1mGenerating Lisp code from rosplan_tiago_scenarios_msgs/GoFeedback.msg[0m
[ 57%] [34m[1mGenerating Lisp code from rosplan_tiago_scenarios_msgs/GetLoadActionFeedback.msg[0m
[ 57%] [34m[1mGenerating Lisp code from rosplan_tiago_scenarios_msgs/GreetActionGoal.msg[0m
[ 57%] [34m[1mGenerating Lisp code from rosplan_tiago_scenarios_msgs/GetLoadGoal.msg[0m
[ 57%] [34m[1mGenerating Lisp code from rosplan_tiago_scenarios_msgs/GetItemFeedback.msg[0m
[ 58%] [34m[1mGenerating Lisp code from rosplan_tiago_scenarios_msgs/CheckLightAction.msg[0m
[ 58%] [34m[1mGenerating Lisp code from rosplan_tiago_scenarios_msgs/GreetGoal.msg[0m
[ 58%] [34m[1mGenerating Lisp code from rosplan_tiago_scenarios_msgs/GetItemResult.msg[0m
[ 58%] [34m[1mGenerating Lisp code from rosplan_tiago_scenarios_msgs/GiveItemFeedback.msg[0m
[ 58%] [34m[1mGenerating Lisp code from rosplan_tiago_scenarios_msgs/GoScanningActionGoal.msg[0m
[ 59%] [34m[1mGenerating Lisp code from rosplan_tiago_scenarios_msgs/CheckDoorGoal.msg[0m
[ 59%] [34m[1mGenerating Lisp code from rosplan_tiago_scenarios_msgs/CheckLightActionFeedback.msg[0m
[ 59%] [34m[1mGenerating Lisp code from rosplan_tiago_scenarios_msgs/GoScanningResult.msg[0m
[ 59%] [34m[1mGenerating Lisp code from rosplan_tiago_scenarios_msgs/LeaveLoadGoal.msg[0m
[ 60%] [34m[1mGenerating Lisp code from rosplan_tiago_scenarios_msgs/LeaveLoadResult.msg[0m
[ 60%] [34m[1mGenerating Lisp code from rosplan_tiago_scenarios_msgs/CheckDoorAction.msg[0m
[ 60%] [34m[1mGenerating Lisp code from rosplan_tiago_scenarios_msgs/CheckDoorResult.msg[0m
[ 60%] [34m[1mGenerating Lisp code from rosplan_tiago_scenarios_msgs/GiveItemActionGoal.msg[0m
[ 60%] [34m[1mGenerating Lisp code from rosplan_tiago_scenarios_msgs/CheckDoorActionResult.msg[0m
[ 60%] Built target rosplan_tiago_scenarios_msgs_generate_messages_lisp
[35m[1mScanning dependencies of target rosplan_tiago_scenarios_msgs_generate_messages_cpp[0m
[ 60%] [34m[1mGenerating C++ code from rosplan_tiago_scenarios_msgs/GoWithAttendanceResult.msg[0m
[ 60%] [34m[1mGenerating C++ code from rosplan_tiago_scenarios_msgs/HumanInteractResult.msg[0m
[ 60%] [34m[1mGenerating C++ code from rosplan_tiago_scenarios_msgs/GetLoadResult.msg[0m
[ 60%] [34m[1mGenerating C++ code from rosplan_tiago_scenarios_msgs/GoWithAttendanceActionGoal.msg[0m
[ 61%] [34m[1mGenerating C++ code from rosplan_tiago_scenarios_msgs/GreetFeedback.msg[0m
[ 61%] [34m[1mGenerating C++ code from rosplan_tiago_scenarios_msgs/GoScanningGoal.msg[0m
[ 61%] [34m[1mGenerating C++ code from rosplan_tiago_scenarios_msgs/CheckLightFeedback.msg[0m
[ 61%] [34m[1mGenerating C++ code from rosplan_tiago_scenarios_msgs/GoGoal.msg[0m
[ 61%] [34m[1mGenerating C++ code from rosplan_tiago_scenarios_msgs/CheckLightActionResult.msg[0m
[ 62%] [34m[1mGenerating C++ code from rosplan_tiago_scenarios_msgs/CheckDishwasherResult.msg[0m
[ 62%] [34m[1mGenerating C++ code from rosplan_tiago_scenarios_msgs/HumanApproachDetectFeedback.msg[0m
[ 62%] [34m[1mGenerating C++ code from rosplan_tiago_scenarios_msgs/CheckDishwasherGoal.msg[0m
[ 62%] [34m[1mGenerating C++ code from rosplan_tiago_scenarios_msgs/GoScanningFeedback.msg[0m
[ 63%] [34m[1mGenerating C++ code from rosplan_tiago_scenarios_msgs/GreetActionFeedback.msg[0m
[ 63%] [34m[1mGenerating C++ code from rosplan_tiago_scenarios_msgs/CheckDoorActionFeedback.msg[0m
[ 63%] [34m[1mGenerating C++ code from rosplan_tiago_scenarios_msgs/CheckDoorFeedback.msg[0m
[ 63%] [34m[1mGenerating C++ code from rosplan_tiago_scenarios_msgs/GoActionGoal.msg[0m
[ 63%] [34m[1mGenerating C++ code from rosplan_tiago_scenarios_msgs/GoWithAttendanceActionFeedback.msg[0m
[ 64%] [34m[1mGenerating C++ code from rosplan_tiago_scenarios_msgs/HumanApproachDetectActionResult.msg[0m
[ 64%] [34m[1mGenerating C++ code from rosplan_tiago_scenarios_msgs/HumanInteractGoal.msg[0m
[ 64%] [34m[1mGenerating C++ code from rosplan_tiago_scenarios_msgs/GetLoadFeedback.msg[0m
[ 64%] [34m[1mGenerating C++ code from rosplan_tiago_scenarios_msgs/HumanInteractActionFeedback.msg[0m
[ 65%] [34m[1mGenerating C++ code from rosplan_tiago_scenarios_msgs/GreetResult.msg[0m
[ 65%] [34m[1mGenerating C++ code from rosplan_tiago_scenarios_msgs/HumanApproachDetectAction.msg[0m
[ 65%] [34m[1mGenerating C++ code from rosplan_tiago_scenarios_msgs/HumanApproachDetectActionGoal.msg[0m
[ 65%] [34m[1mGenerating C++ code from rosplan_tiago_scenarios_msgs/GiveItemGoal.msg[0m
[ 65%] [34m[1mGenerating C++ code from rosplan_tiago_scenarios_msgs/CheckLightGoal.msg[0m
[ 66%] [34m[1mGenerating C++ code from rosplan_tiago_scenarios_msgs/GiveItemActionResult.msg[0m
[ 66%] [34m[1mGenerating C++ code from rosplan_tiago_scenarios_msgs/CheckLightResult.msg[0m
[ 66%] [34m[1mGenerating C++ code from rosplan_tiago_scenarios_msgs/HumanApproachDetectGoal.msg[0m
[ 66%] [34m[1mGenerating C++ code from rosplan_tiago_scenarios_msgs/CheckDishwasherAction.msg[0m
[ 67%] [34m[1mGenerating C++ code from rosplan_tiago_scenarios_msgs/HumanInteractFeedback.msg[0m
[ 67%] [34m[1mGenerating C++ code from rosplan_tiago_scenarios_msgs/GetLoadActionGoal.msg[0m
[ 67%] [34m[1mGenerating C++ code from rosplan_tiago_scenarios_msgs/HumanInteractAction.msg[0m
[ 67%] [34m[1mGenerating C++ code from rosplan_tiago_scenarios_msgs/CheckDishwasherActionFeedback.msg[0m
[ 67%] [34m[1mGenerating C++ code from rosplan_tiago_scenarios_msgs/GoResult.msg[0m
[ 68%] [34m[1mGenerating C++ code from rosplan_tiago_scenarios_msgs/GoWithAttendanceFeedback.msg[0m
[ 68%] [34m[1mGenerating C++ code from rosplan_tiago_scenarios_msgs/LeaveLoadActionResult.msg[0m
[ 68%] [34m[1mGenerating C++ code from rosplan_tiago_scenarios_msgs/GoActionFeedback.msg[0m
[ 68%] [34m[1mGenerating C++ code from rosplan_tiago_scenarios_msgs/HumanApproachDetectResult.msg[0m
[ 68%] [34m[1mGenerating C++ code from rosplan_tiago_scenarios_msgs/HumanInteractActionGoal.msg[0m
[ 69%] [34m[1mGenerating C++ code from rosplan_tiago_scenarios_msgs/GetLoadAction.msg[0m
[ 69%] [34m[1mGenerating C++ code from rosplan_tiago_scenarios_msgs/GetItemAction.msg[0m
[ 69%] [34m[1mGenerating C++ code from rosplan_tiago_scenarios_msgs/LeaveLoadAction.msg[0m
[ 69%] [34m[1mGenerating C++ code from rosplan_tiago_scenarios_msgs/CheckDoorActionGoal.msg[0m
[ 70%] [34m[1mGenerating C++ code from rosplan_tiago_scenarios_msgs/GiveItemResult.msg[0m
[ 70%] [34m[1mGenerating C++ code from rosplan_tiago_scenarios_msgs/GoWithAttendanceActionResult.msg[0m
[ 70%] [34m[1mGenerating C++ code from rosplan_tiago_scenarios_msgs/LeaveLoadActionFeedback.msg[0m
[ 70%] [34m[1mGenerating C++ code from rosplan_tiago_scenarios_msgs/GoScanningActionFeedback.msg[0m
[ 70%] [34m[1mGenerating C++ code from rosplan_tiago_scenarios_msgs/GetItemGoal.msg[0m
[ 71%] [34m[1mGenerating C++ code from rosplan_tiago_scenarios_msgs/CheckDishwasherActionGoal.msg[0m
[ 71%] [34m[1mGenerating C++ code from rosplan_tiago_scenarios_msgs/HumanApproachDetectActionFeedback.msg[0m
[ 71%] [34m[1mGenerating C++ code from rosplan_tiago_scenarios_msgs/LeaveLoadFeedback.msg[0m
[ 71%] [34m[1mGenerating C++ code from rosplan_tiago_scenarios_msgs/CheckLightActionGoal.msg[0m
[ 72%] [34m[1mGenerating C++ code from rosplan_tiago_scenarios_msgs/GetItemActionFeedback.msg[0m
[ 72%] [34m[1mGenerating C++ code from rosplan_tiago_scenarios_msgs/CheckDishwasherFeedback.msg[0m
[ 72%] [34m[1mGenerating C++ code from rosplan_tiago_scenarios_msgs/LeaveLoadActionGoal.msg[0m
[ 72%] [34m[1mGenerating C++ code from rosplan_tiago_scenarios_msgs/GetItemActionResult.msg[0m
[ 72%] [34m[1mGenerating C++ code from rosplan_tiago_scenarios_msgs/GoScanningAction.msg[0m
[ 73%] [34m[1mGenerating C++ code from rosplan_tiago_scenarios_msgs/GoScanningActionResult.msg[0m
[ 73%] [34m[1mGenerating C++ code from rosplan_tiago_scenarios_msgs/GoActionResult.msg[0m
[ 73%] [34m[1mGenerating C++ code from rosplan_tiago_scenarios_msgs/GoAction.msg[0m
[ 73%] [34m[1mGenerating C++ code from rosplan_tiago_scenarios_msgs/CheckDishwasherActionResult.msg[0m
[ 74%] [34m[1mGenerating C++ code from rosplan_tiago_scenarios_msgs/GreetActionResult.msg[0m
[ 74%] [34m[1mGenerating C++ code from rosplan_tiago_scenarios_msgs/HumanInteractActionResult.msg[0m
[ 74%] [34m[1mGenerating C++ code from rosplan_tiago_scenarios_msgs/GoWithAttendanceAction.msg[0m
[ 74%] [34m[1mGenerating C++ code from rosplan_tiago_scenarios_msgs/GetItemActionGoal.msg[0m
[ 74%] [34m[1mGenerating C++ code from rosplan_tiago_scenarios_msgs/GiveItemActionFeedback.msg[0m
[ 75%] [34m[1mGenerating C++ code from rosplan_tiago_scenarios_msgs/GetLoadActionResult.msg[0m
[ 75%] [34m[1mGenerating C++ code from rosplan_tiago_scenarios_msgs/GreetAction.msg[0m
[ 75%] [34m[1mGenerating C++ code from rosplan_tiago_scenarios_msgs/GiveItemAction.msg[0m
[ 75%] [34m[1mGenerating C++ code from rosplan_tiago_scenarios_msgs/GoWithAttendanceGoal.msg[0m
[ 75%] [34m[1mGenerating C++ code from rosplan_tiago_scenarios_msgs/GoFeedback.msg[0m
[ 76%] [34m[1mGenerating C++ code from rosplan_tiago_scenarios_msgs/GetLoadActionFeedback.msg[0m
[ 76%] [34m[1mGenerating C++ code from rosplan_tiago_scenarios_msgs/GreetActionGoal.msg[0m
[ 76%] [34m[1mGenerating C++ code from rosplan_tiago_scenarios_msgs/GetLoadGoal.msg[0m
[ 76%] [34m[1mGenerating C++ code from rosplan_tiago_scenarios_msgs/GetItemFeedback.msg[0m
[ 77%] [34m[1mGenerating C++ code from rosplan_tiago_scenarios_msgs/CheckLightAction.msg[0m
[ 77%] [34m[1mGenerating C++ code from rosplan_tiago_scenarios_msgs/GreetGoal.msg[0m
[ 77%] [34m[1mGenerating C++ code from rosplan_tiago_scenarios_msgs/GetItemResult.msg[0m
[ 77%] [34m[1mGenerating C++ code from rosplan_tiago_scenarios_msgs/GiveItemFeedback.msg[0m
[ 77%] [34m[1mGenerating C++ code from rosplan_tiago_scenarios_msgs/GoScanningActionGoal.msg[0m
[ 78%] [34m[1mGenerating C++ code from rosplan_tiago_scenarios_msgs/CheckDoorGoal.msg[0m
[ 78%] [34m[1mGenerating C++ code from rosplan_tiago_scenarios_msgs/CheckLightActionFeedback.msg[0m
[ 78%] [34m[1mGenerating C++ code from rosplan_tiago_scenarios_msgs/GoScanningResult.msg[0m
[ 78%] [34m[1mGenerating C++ code from rosplan_tiago_scenarios_msgs/LeaveLoadGoal.msg[0m
[ 79%] [34m[1mGenerating C++ code from rosplan_tiago_scenarios_msgs/LeaveLoadResult.msg[0m
[ 79%] [34m[1mGenerating C++ code from rosplan_tiago_scenarios_msgs/CheckDoorAction.msg[0m
[ 79%] [34m[1mGenerating C++ code from rosplan_tiago_scenarios_msgs/CheckDoorResult.msg[0m
[ 79%] [34m[1mGenerating C++ code from rosplan_tiago_scenarios_msgs/GiveItemActionGoal.msg[0m
[ 79%] [34m[1mGenerating C++ code from rosplan_tiago_scenarios_msgs/CheckDoorActionResult.msg[0m
[ 79%] Built target rosplan_tiago_scenarios_msgs_generate_messages_cpp
[35m[1mScanning dependencies of target rosplan_tiago_scenarios_msgs_generate_messages_eus[0m
[ 80%] [34m[1mGenerating EusLisp code from rosplan_tiago_scenarios_msgs/GoWithAttendanceResult.msg[0m
[ 80%] [34m[1mGenerating EusLisp code from rosplan_tiago_scenarios_msgs/HumanInteractResult.msg[0m
[ 80%] [34m[1mGenerating EusLisp code from rosplan_tiago_scenarios_msgs/GetLoadResult.msg[0m
[ 80%] [34m[1mGenerating EusLisp code from rosplan_tiago_scenarios_msgs/GoWithAttendanceActionGoal.msg[0m
[ 81%] [34m[1mGenerating EusLisp code from rosplan_tiago_scenarios_msgs/GreetFeedback.msg[0m
[ 81%] [34m[1mGenerating EusLisp code from rosplan_tiago_scenarios_msgs/GoScanningGoal.msg[0m
[ 81%] [34m[1mGenerating EusLisp code from rosplan_tiago_scenarios_msgs/CheckLightFeedback.msg[0m
[ 81%] [34m[1mGenerating EusLisp code from rosplan_tiago_scenarios_msgs/GoGoal.msg[0m
[ 81%] [34m[1mGenerating EusLisp code from rosplan_tiago_scenarios_msgs/CheckLightActionResult.msg[0m
[ 82%] [34m[1mGenerating EusLisp code from rosplan_tiago_scenarios_msgs/CheckDishwasherResult.msg[0m
[ 82%] [34m[1mGenerating EusLisp code from rosplan_tiago_scenarios_msgs/HumanApproachDetectFeedback.msg[0m
[ 82%] [34m[1mGenerating EusLisp code from rosplan_tiago_scenarios_msgs/CheckDishwasherGoal.msg[0m
[ 82%] [34m[1mGenerating EusLisp code from rosplan_tiago_scenarios_msgs/GoScanningFeedback.msg[0m
[ 82%] [34m[1mGenerating EusLisp code from rosplan_tiago_scenarios_msgs/GreetActionFeedback.msg[0m
[ 83%] [34m[1mGenerating EusLisp code from rosplan_tiago_scenarios_msgs/CheckDoorActionFeedback.msg[0m
[ 83%] [34m[1mGenerating EusLisp code from rosplan_tiago_scenarios_msgs/CheckDoorFeedback.msg[0m
[ 83%] [34m[1mGenerating EusLisp code from rosplan_tiago_scenarios_msgs/GoActionGoal.msg[0m
[ 83%] [34m[1mGenerating EusLisp code from rosplan_tiago_scenarios_msgs/GoWithAttendanceActionFeedback.msg[0m
[ 84%] [34m[1mGenerating EusLisp code from rosplan_tiago_scenarios_msgs/HumanApproachDetectActionResult.msg[0m
[ 84%] [34m[1mGenerating EusLisp code from rosplan_tiago_scenarios_msgs/HumanInteractGoal.msg[0m
[ 84%] [34m[1mGenerating EusLisp code from rosplan_tiago_scenarios_msgs/GetLoadFeedback.msg[0m
[ 84%] [34m[1mGenerating EusLisp code from rosplan_tiago_scenarios_msgs/HumanInteractActionFeedback.msg[0m
[ 84%] [34m[1mGenerating EusLisp code from rosplan_tiago_scenarios_msgs/GreetResult.msg[0m
[ 85%] [34m[1mGenerating EusLisp code from rosplan_tiago_scenarios_msgs/HumanApproachDetectAction.msg[0m
[ 85%] [34m[1mGenerating EusLisp code from rosplan_tiago_scenarios_msgs/HumanApproachDetectActionGoal.msg[0m
[ 85%] [34m[1mGenerating EusLisp code from rosplan_tiago_scenarios_msgs/GiveItemGoal.msg[0m
[ 85%] [34m[1mGenerating EusLisp code from rosplan_tiago_scenarios_msgs/CheckLightGoal.msg[0m
[ 86%] [34m[1mGenerating EusLisp code from rosplan_tiago_scenarios_msgs/GiveItemActionResult.msg[0m
[ 86%] [34m[1mGenerating EusLisp code from rosplan_tiago_scenarios_msgs/CheckLightResult.msg[0m
[ 86%] [34m[1mGenerating EusLisp code from rosplan_tiago_scenarios_msgs/HumanApproachDetectGoal.msg[0m
[ 86%] [34m[1mGenerating EusLisp code from rosplan_tiago_scenarios_msgs/CheckDishwasherAction.msg[0m
[ 86%] [34m[1mGenerating EusLisp code from rosplan_tiago_scenarios_msgs/HumanInteractFeedback.msg[0m
[ 87%] [34m[1mGenerating EusLisp code from rosplan_tiago_scenarios_msgs/GetLoadActionGoal.msg[0m
[ 87%] [34m[1mGenerating EusLisp code from rosplan_tiago_scenarios_msgs/HumanInteractAction.msg[0m
[ 87%] [34m[1mGenerating EusLisp code from rosplan_tiago_scenarios_msgs/CheckDishwasherActionFeedback.msg[0m
[ 87%] [34m[1mGenerating EusLisp code from rosplan_tiago_scenarios_msgs/GoResult.msg[0m
[ 88%] [34m[1mGenerating EusLisp code from rosplan_tiago_scenarios_msgs/GoWithAttendanceFeedback.msg[0m
[ 88%] [34m[1mGenerating EusLisp code from rosplan_tiago_scenarios_msgs/LeaveLoadActionResult.msg[0m
[ 88%] [34m[1mGenerating EusLisp code from rosplan_tiago_scenarios_msgs/GoActionFeedback.msg[0m
[ 88%] [34m[1mGenerating EusLisp code from rosplan_tiago_scenarios_msgs/HumanApproachDetectResult.msg[0m
[ 88%] [34m[1mGenerating EusLisp code from rosplan_tiago_scenarios_msgs/HumanInteractActionGoal.msg[0m
[ 89%] [34m[1mGenerating EusLisp code from rosplan_tiago_scenarios_msgs/GetLoadAction.msg[0m
[ 89%] [34m[1mGenerating EusLisp code from rosplan_tiago_scenarios_msgs/GetItemAction.msg[0m
[ 89%] [34m[1mGenerating EusLisp code from rosplan_tiago_scenarios_msgs/LeaveLoadAction.msg[0m
[ 89%] [34m[1mGenerating EusLisp code from rosplan_tiago_scenarios_msgs/CheckDoorActionGoal.msg[0m
[ 89%] [34m[1mGenerating EusLisp code from rosplan_tiago_scenarios_msgs/GiveItemResult.msg[0m
[ 90%] [34m[1mGenerating EusLisp code from rosplan_tiago_scenarios_msgs/GoWithAttendanceActionResult.msg[0m
[ 90%] [34m[1mGenerating EusLisp code from rosplan_tiago_scenarios_msgs/LeaveLoadActionFeedback.msg[0m
[ 90%] [34m[1mGenerating EusLisp code from rosplan_tiago_scenarios_msgs/GoScanningActionFeedback.msg[0m
[ 90%] [34m[1mGenerating EusLisp code from rosplan_tiago_scenarios_msgs/GetItemGoal.msg[0m
[ 91%] [34m[1mGenerating EusLisp code from rosplan_tiago_scenarios_msgs/CheckDishwasherActionGoal.msg[0m
[ 91%] [34m[1mGenerating EusLisp code from rosplan_tiago_scenarios_msgs/HumanApproachDetectActionFeedback.msg[0m
[ 91%] [34m[1mGenerating EusLisp code from rosplan_tiago_scenarios_msgs/LeaveLoadFeedback.msg[0m
[ 91%] [34m[1mGenerating EusLisp code from rosplan_tiago_scenarios_msgs/CheckLightActionGoal.msg[0m
[ 91%] [34m[1mGenerating EusLisp code from rosplan_tiago_scenarios_msgs/GetItemActionFeedback.msg[0m
[ 92%] [34m[1mGenerating EusLisp code from rosplan_tiago_scenarios_msgs/CheckDishwasherFeedback.msg[0m
[ 92%] [34m[1mGenerating EusLisp code from rosplan_tiago_scenarios_msgs/LeaveLoadActionGoal.msg[0m
[ 92%] [34m[1mGenerating EusLisp code from rosplan_tiago_scenarios_msgs/GetItemActionResult.msg[0m
[ 92%] [34m[1mGenerating EusLisp code from rosplan_tiago_scenarios_msgs/GoScanningAction.msg[0m
[ 93%] [34m[1mGenerating EusLisp code from rosplan_tiago_scenarios_msgs/GoScanningActionResult.msg[0m
[ 93%] [34m[1mGenerating EusLisp code from rosplan_tiago_scenarios_msgs/GoActionResult.msg[0m
[ 93%] [34m[1mGenerating EusLisp code from rosplan_tiago_scenarios_msgs/GoAction.msg[0m
[ 93%] [34m[1mGenerating EusLisp code from rosplan_tiago_scenarios_msgs/CheckDishwasherActionResult.msg[0m
[ 93%] [34m[1mGenerating EusLisp code from rosplan_tiago_scenarios_msgs/GreetActionResult.msg[0m
[ 94%] [34m[1mGenerating EusLisp code from rosplan_tiago_scenarios_msgs/HumanInteractActionResult.msg[0m
[ 94%] [34m[1mGenerating EusLisp code from rosplan_tiago_scenarios_msgs/GoWithAttendanceAction.msg[0m
[ 94%] [34m[1mGenerating EusLisp code from rosplan_tiago_scenarios_msgs/GetItemActionGoal.msg[0m
[ 94%] [34m[1mGenerating EusLisp code from rosplan_tiago_scenarios_msgs/GiveItemActionFeedback.msg[0m
[ 95%] [34m[1mGenerating EusLisp code from rosplan_tiago_scenarios_msgs/GetLoadActionResult.msg[0m
[ 95%] [34m[1mGenerating EusLisp code from rosplan_tiago_scenarios_msgs/GreetAction.msg[0m
[ 95%] [34m[1mGenerating EusLisp code from rosplan_tiago_scenarios_msgs/GiveItemAction.msg[0m
[ 95%] [34m[1mGenerating EusLisp code from rosplan_tiago_scenarios_msgs/GoWithAttendanceGoal.msg[0m
[ 95%] [34m[1mGenerating EusLisp code from rosplan_tiago_scenarios_msgs/GoFeedback.msg[0m
[ 96%] [34m[1mGenerating EusLisp code from rosplan_tiago_scenarios_msgs/GetLoadActionFeedback.msg[0m
[ 96%] [34m[1mGenerating EusLisp code from rosplan_tiago_scenarios_msgs/GreetActionGoal.msg[0m
[ 96%] [34m[1mGenerating EusLisp code from rosplan_tiago_scenarios_msgs/GetLoadGoal.msg[0m
[ 96%] [34m[1mGenerating EusLisp code from rosplan_tiago_scenarios_msgs/GetItemFeedback.msg[0m
[ 96%] [34m[1mGenerating EusLisp code from rosplan_tiago_scenarios_msgs/CheckLightAction.msg[0m
[ 97%] [34m[1mGenerating EusLisp code from rosplan_tiago_scenarios_msgs/GreetGoal.msg[0m
[ 97%] [34m[1mGenerating EusLisp code from rosplan_tiago_scenarios_msgs/GetItemResult.msg[0m
[ 97%] [34m[1mGenerating EusLisp code from rosplan_tiago_scenarios_msgs/GiveItemFeedback.msg[0m
[ 97%] [34m[1mGenerating EusLisp code from rosplan_tiago_scenarios_msgs/GoScanningActionGoal.msg[0m
[ 98%] [34m[1mGenerating EusLisp code from rosplan_tiago_scenarios_msgs/CheckDoorGoal.msg[0m
[ 98%] [34m[1mGenerating EusLisp code from rosplan_tiago_scenarios_msgs/CheckLightActionFeedback.msg[0m
[ 98%] [34m[1mGenerating EusLisp code from rosplan_tiago_scenarios_msgs/GoScanningResult.msg[0m
[ 98%] [34m[1mGenerating EusLisp code from rosplan_tiago_scenarios_msgs/LeaveLoadGoal.msg[0m
[ 98%] [34m[1mGenerating EusLisp code from rosplan_tiago_scenarios_msgs/LeaveLoadResult.msg[0m
[ 99%] [34m[1mGenerating EusLisp code from rosplan_tiago_scenarios_msgs/CheckDoorAction.msg[0m
[ 99%] [34m[1mGenerating EusLisp code from rosplan_tiago_scenarios_msgs/CheckDoorResult.msg[0m
[ 99%] [34m[1mGenerating EusLisp code from rosplan_tiago_scenarios_msgs/GiveItemActionGoal.msg[0m
[ 99%] [34m[1mGenerating EusLisp code from rosplan_tiago_scenarios_msgs/CheckDoorActionResult.msg[0m
[100%] [34m[1mGenerating EusLisp manifest code for rosplan_tiago_scenarios_msgs[0m
[100%] Built target rosplan_tiago_scenarios_msgs_generate_messages_eus
[35m[1mScanning dependencies of target rosplan_tiago_scenarios_msgs_generate_messages[0m
[100%] Built target rosplan_tiago_scenarios_msgs_generate_messages
