Symlinking /home/dominika/tiago_public_ws/devel/lib/python2.7/dist-packages/repeat_action_server/__init__.py
Symlinking /home/dominika/tiago_public_ws/devel/lib/python2.7/dist-packages/repeat_action_server/msg/_AskToRepeatActionResult.py
Symlinking /home/dominika/tiago_public_ws/devel/lib/python2.7/dist-packages/repeat_action_server/msg/_AskToRepeatFeedback.py
Symlinking /home/dominika/tiago_public_ws/devel/lib/python2.7/dist-packages/repeat_action_server/msg/_AskToRepeatActionFeedback.py
Symlinking /home/dominika/tiago_public_ws/devel/lib/python2.7/dist-packages/repeat_action_server/msg/_AskToRepeatResult.py
Symlinking /home/dominika/tiago_public_ws/devel/lib/python2.7/dist-packages/repeat_action_server/msg/_AskToRepeatActionGoal.py
Symlinking /home/dominika/tiago_public_ws/devel/lib/python2.7/dist-packages/repeat_action_server/msg/_AskToRepeatGoal.py
Symlinking /home/dominika/tiago_public_ws/devel/lib/python2.7/dist-packages/repeat_action_server/msg/__init__.py
Symlinking /home/dominika/tiago_public_ws/devel/lib/python2.7/dist-packages/repeat_action_server/msg/_AskToRepeatAction.py
Symlinking /home/dominika/tiago_public_ws/devel/lib/pkgconfig/repeat_action_server.pc
Symlinking /home/dominika/tiago_public_ws/devel/share/repeat_action_server/msg/AskToRepeatResult.msg
Symlinking /home/dominika/tiago_public_ws/devel/share/repeat_action_server/msg/AskToRepeatActionResult.msg
Symlinking /home/dominika/tiago_public_ws/devel/share/repeat_action_server/msg/AskToRepeatAction.msg
Symlinking /home/dominika/tiago_public_ws/devel/share/repeat_action_server/msg/AskToRepeatActionGoal.msg
Symlinking /home/dominika/tiago_public_ws/devel/share/repeat_action_server/msg/AskToRepeatFeedback.msg
Symlinking /home/dominika/tiago_public_ws/devel/share/repeat_action_server/msg/AskToRepeatGoal.msg
Symlinking /home/dominika/tiago_public_ws/devel/share/repeat_action_server/msg/AskToRepeatActionFeedback.msg
Symlinking /home/dominika/tiago_public_ws/devel/share/repeat_action_server/cmake/repeat_action_server-msg-paths.cmake
Symlinking /home/dominika/tiago_public_ws/devel/share/repeat_action_server/cmake/repeat_action_serverConfig.cmake
Symlinking /home/dominika/tiago_public_ws/devel/share/repeat_action_server/cmake/repeat_action_serverConfig-version.cmake
Symlinking /home/dominika/tiago_public_ws/devel/share/repeat_action_server/cmake/repeat_action_server-msg-extras.cmake
Symlinking /home/dominika/tiago_public_ws/devel/share/common-lisp/ros/repeat_action_server/msg/_package_AskToRepeatActionGoal.lisp
Symlinking /home/dominika/tiago_public_ws/devel/share/common-lisp/ros/repeat_action_server/msg/_package_AskToRepeatGoal.lisp
Symlinking /home/dominika/tiago_public_ws/devel/share/common-lisp/ros/repeat_action_server/msg/AskToRepeatAction.lisp
Symlinking /home/dominika/tiago_public_ws/devel/share/common-lisp/ros/repeat_action_server/msg/_package.lisp
Symlinking /home/dominika/tiago_public_ws/devel/share/common-lisp/ros/repeat_action_server/msg/repeat_action_server-msg.asd
Symlinking /home/dominika/tiago_public_ws/devel/share/common-lisp/ros/repeat_action_server/msg/AskToRepeatResult.lisp
Symlinking /home/dominika/tiago_public_ws/devel/share/common-lisp/ros/repeat_action_server/msg/_package_AskToRepeatAction.lisp
Symlinking /home/dominika/tiago_public_ws/devel/share/common-lisp/ros/repeat_action_server/msg/AskToRepeatActionGoal.lisp
Symlinking /home/dominika/tiago_public_ws/devel/share/common-lisp/ros/repeat_action_server/msg/AskToRepeatActionFeedback.lisp
Symlinking /home/dominika/tiago_public_ws/devel/share/common-lisp/ros/repeat_action_server/msg/_package_AskToRepeatResult.lisp
Symlinking /home/dominika/tiago_public_ws/devel/share/common-lisp/ros/repeat_action_server/msg/AskToRepeatGoal.lisp
Symlinking /home/dominika/tiago_public_ws/devel/share/common-lisp/ros/repeat_action_server/msg/_package_AskToRepeatActionFeedback.lisp
Symlinking /home/dominika/tiago_public_ws/devel/share/common-lisp/ros/repeat_action_server/msg/_package_AskToRepeatActionResult.lisp
Symlinking /home/dominika/tiago_public_ws/devel/share/common-lisp/ros/repeat_action_server/msg/_package_AskToRepeatFeedback.lisp
Symlinking /home/dominika/tiago_public_ws/devel/share/common-lisp/ros/repeat_action_server/msg/AskToRepeatActionResult.lisp
Symlinking /home/dominika/tiago_public_ws/devel/share/common-lisp/ros/repeat_action_server/msg/AskToRepeatFeedback.lisp
Symlinking /home/dominika/tiago_public_ws/devel/share/gennodejs/ros/repeat_action_server/_index.js
Symlinking /home/dominika/tiago_public_ws/devel/share/gennodejs/ros/repeat_action_server/msg/AskToRepeatActionGoal.js
Symlinking /home/dominika/tiago_public_ws/devel/share/gennodejs/ros/repeat_action_server/msg/AskToRepeatResult.js
Symlinking /home/dominika/tiago_public_ws/devel/share/gennodejs/ros/repeat_action_server/msg/AskToRepeatActionResult.js
Symlinking /home/dominika/tiago_public_ws/devel/share/gennodejs/ros/repeat_action_server/msg/AskToRepeatAction.js
Symlinking /home/dominika/tiago_public_ws/devel/share/gennodejs/ros/repeat_action_server/msg/AskToRepeatFeedback.js
Symlinking /home/dominika/tiago_public_ws/devel/share/gennodejs/ros/repeat_action_server/msg/_index.js
Symlinking /home/dominika/tiago_public_ws/devel/share/gennodejs/ros/repeat_action_server/msg/AskToRepeatActionFeedback.js
Symlinking /home/dominika/tiago_public_ws/devel/share/gennodejs/ros/repeat_action_server/msg/AskToRepeatGoal.js
Symlinking /home/dominika/tiago_public_ws/devel/share/roseus/ros/repeat_action_server/manifest.l
Symlinking /home/dominika/tiago_public_ws/devel/share/roseus/ros/repeat_action_server/msg/AskToRepeatActionResult.l
Symlinking /home/dominika/tiago_public_ws/devel/share/roseus/ros/repeat_action_server/msg/AskToRepeatFeedback.l
Symlinking /home/dominika/tiago_public_ws/devel/share/roseus/ros/repeat_action_server/msg/AskToRepeatAction.l
Symlinking /home/dominika/tiago_public_ws/devel/share/roseus/ros/repeat_action_server/msg/AskToRepeatActionFeedback.l
Symlinking /home/dominika/tiago_public_ws/devel/share/roseus/ros/repeat_action_server/msg/AskToRepeatGoal.l
Symlinking /home/dominika/tiago_public_ws/devel/share/roseus/ros/repeat_action_server/msg/AskToRepeatActionGoal.l
Symlinking /home/dominika/tiago_public_ws/devel/share/roseus/ros/repeat_action_server/msg/AskToRepeatResult.l
Symlinking /home/dominika/tiago_public_ws/devel/include/repeat_action_server/AskToRepeatActionResult.h
Symlinking /home/dominika/tiago_public_ws/devel/include/repeat_action_server/AskToRepeatActionGoal.h
Symlinking /home/dominika/tiago_public_ws/devel/include/repeat_action_server/AskToRepeatGoal.h
Symlinking /home/dominika/tiago_public_ws/devel/include/repeat_action_server/AskToRepeatActionFeedback.h
Symlinking /home/dominika/tiago_public_ws/devel/include/repeat_action_server/AskToRepeatAction.h
Symlinking /home/dominika/tiago_public_ws/devel/include/repeat_action_server/AskToRepeatFeedback.h
Symlinking /home/dominika/tiago_public_ws/devel/include/repeat_action_server/AskToRepeatResult.h
