[  0%] Built target _repeat_action_server_generate_messages_check_deps_AskToRepeatAction
[  0%] Built target actionlib_msgs_generate_messages_lisp
[  0%] Built target _repeat_action_server_generate_messages_check_deps_AskToRepeatActionGoal
[  0%] Built target _repeat_action_server_generate_messages_check_deps_AskToRepeatActionResult
[  0%] Built target std_msgs_generate_messages_lisp
[  0%] Built target _repeat_action_server_generate_messages_check_deps_AskToRepeatResult
[  0%] Built target _repeat_action_server_generate_messages_check_deps_AskToRepeatGoal
[  0%] Built target _repeat_action_server_generate_messages_check_deps_AskToRepeatFeedback
[  0%] Built target _repeat_action_server_generate_messages_check_deps_AskToRepeatActionFeedback
[  0%] Built target actionlib_msgs_generate_messages_eus
[  0%] Built target std_msgs_generate_messages_eus
[  0%] Built target actionlib_msgs_generate_messages_nodejs
[  0%] Built target std_msgs_generate_messages_nodejs
[  0%] Built target actionlib_msgs_generate_messages_py
[  0%] Built target std_msgs_generate_messages_py
[  0%] Built target actionlib_msgs_generate_messages_cpp
[  0%] Built target std_msgs_generate_messages_cpp
[35m[1mScanning dependencies of target repeat_action_server_generate_messages_lisp[0m
[  2%] [34m[1mGenerating Lisp code from repeat_action_server/AskToRepeatGoal.msg[0m
[  5%] [34m[1mGenerating Lisp code from repeat_action_server/AskToRepeatActionGoal.msg[0m
[  8%] [34m[1mGenerating Lisp code from repeat_action_server/AskToRepeatFeedback.msg[0m
[ 10%] [34m[1mGenerating Lisp code from repeat_action_server/AskToRepeatActionFeedback.msg[0m
[ 13%] [34m[1mGenerating Lisp code from repeat_action_server/AskToRepeatActionResult.msg[0m
[ 16%] [34m[1mGenerating Lisp code from repeat_action_server/AskToRepeatAction.msg[0m
[ 18%] [34m[1mGenerating Lisp code from repeat_action_server/AskToRepeatResult.msg[0m
[ 18%] Built target repeat_action_server_generate_messages_lisp
[35m[1mScanning dependencies of target repeat_action_server_generate_messages_eus[0m
[ 21%] [34m[1mGenerating EusLisp code from repeat_action_server/AskToRepeatGoal.msg[0m
[ 24%] [34m[1mGenerating EusLisp code from repeat_action_server/AskToRepeatActionGoal.msg[0m
[ 27%] [34m[1mGenerating EusLisp code from repeat_action_server/AskToRepeatFeedback.msg[0m
[ 29%] [34m[1mGenerating EusLisp code from repeat_action_server/AskToRepeatActionFeedback.msg[0m
[ 32%] [34m[1mGenerating EusLisp code from repeat_action_server/AskToRepeatActionResult.msg[0m
[ 35%] [34m[1mGenerating EusLisp code from repeat_action_server/AskToRepeatAction.msg[0m
[ 37%] [34m[1mGenerating EusLisp code from repeat_action_server/AskToRepeatResult.msg[0m
[ 40%] [34m[1mGenerating EusLisp manifest code for repeat_action_server[0m
[ 40%] Built target repeat_action_server_generate_messages_eus
[35m[1mScanning dependencies of target repeat_action_server_generate_messages_nodejs[0m
[ 43%] [34m[1mGenerating Javascript code from repeat_action_server/AskToRepeatGoal.msg[0m
[ 45%] [34m[1mGenerating Javascript code from repeat_action_server/AskToRepeatActionGoal.msg[0m
[ 48%] [34m[1mGenerating Javascript code from repeat_action_server/AskToRepeatFeedback.msg[0m
[ 51%] [34m[1mGenerating Javascript code from repeat_action_server/AskToRepeatActionFeedback.msg[0m
[ 54%] [34m[1mGenerating Javascript code from repeat_action_server/AskToRepeatActionResult.msg[0m
[ 56%] [34m[1mGenerating Javascript code from repeat_action_server/AskToRepeatAction.msg[0m
[ 59%] [34m[1mGenerating Javascript code from repeat_action_server/AskToRepeatResult.msg[0m
[ 59%] Built target repeat_action_server_generate_messages_nodejs
[35m[1mScanning dependencies of target repeat_action_server_generate_messages_py[0m
[ 62%] [34m[1mGenerating Python from MSG repeat_action_server/AskToRepeatGoal[0m
[ 64%] [34m[1mGenerating Python from MSG repeat_action_server/AskToRepeatActionGoal[0m
[ 67%] [34m[1mGenerating Python from MSG repeat_action_server/AskToRepeatFeedback[0m
[ 70%] [34m[1mGenerating Python from MSG repeat_action_server/AskToRepeatActionFeedback[0m
[ 72%] [34m[1mGenerating Python from MSG repeat_action_server/AskToRepeatActionResult[0m
[ 75%] [34m[1mGenerating Python from MSG repeat_action_server/AskToRepeatAction[0m
[ 78%] [34m[1mGenerating Python from MSG repeat_action_server/AskToRepeatResult[0m
[ 81%] [34m[1mGenerating Python msg __init__.py for repeat_action_server[0m
[ 81%] Built target repeat_action_server_generate_messages_py
[35m[1mScanning dependencies of target repeat_action_server_generate_messages_cpp[0m
[ 83%] [34m[1mGenerating C++ code from repeat_action_server/AskToRepeatGoal.msg[0m
[ 86%] [34m[1mGenerating C++ code from repeat_action_server/AskToRepeatActionGoal.msg[0m
[ 89%] [34m[1mGenerating C++ code from repeat_action_server/AskToRepeatFeedback.msg[0m
[ 91%] [34m[1mGenerating C++ code from repeat_action_server/AskToRepeatActionFeedback.msg[0m
[ 94%] [34m[1mGenerating C++ code from repeat_action_server/AskToRepeatActionResult.msg[0m
[ 97%] [34m[1mGenerating C++ code from repeat_action_server/AskToRepeatAction.msg[0m
[100%] [34m[1mGenerating C++ code from repeat_action_server/AskToRepeatResult.msg[0m
[100%] Built target repeat_action_server_generate_messages_cpp
[35m[1mScanning dependencies of target repeat_action_server_generate_messages[0m
[100%] Built target repeat_action_server_generate_messages
