Symlinking /home/dominika/tiago_public_ws/devel/lib/repeat_action_server/repeat_action_server
Linked: (/home/dominika/tiago_public_ws/devel/.private/repeat_action_server/lib/python2.7/dist-packages/repeat_action_server/__init__.py, /home/dominika/tiago_public_ws/devel/lib/python2.7/dist-packages/repeat_action_server/__init__.py)
Linked: (/home/dominika/tiago_public_ws/devel/.private/repeat_action_server/lib/python2.7/dist-packages/repeat_action_server/msg/_AskToRepeatActionResult.py, /home/dominika/tiago_public_ws/devel/lib/python2.7/dist-packages/repeat_action_server/msg/_AskToRepeatActionResult.py)
Linked: (/home/dominika/tiago_public_ws/devel/.private/repeat_action_server/lib/python2.7/dist-packages/repeat_action_server/msg/_AskToRepeatFeedback.py, /home/dominika/tiago_public_ws/devel/lib/python2.7/dist-packages/repeat_action_server/msg/_AskToRepeatFeedback.py)
Linked: (/home/dominika/tiago_public_ws/devel/.private/repeat_action_server/lib/python2.7/dist-packages/repeat_action_server/msg/_AskToRepeatActionFeedback.py, /home/dominika/tiago_public_ws/devel/lib/python2.7/dist-packages/repeat_action_server/msg/_AskToRepeatActionFeedback.py)
Linked: (/home/dominika/tiago_public_ws/devel/.private/repeat_action_server/lib/python2.7/dist-packages/repeat_action_server/msg/_AskToRepeatResult.py, /home/dominika/tiago_public_ws/devel/lib/python2.7/dist-packages/repeat_action_server/msg/_AskToRepeatResult.py)
Linked: (/home/dominika/tiago_public_ws/devel/.private/repeat_action_server/lib/python2.7/dist-packages/repeat_action_server/msg/_AskToRepeatActionGoal.py, /home/dominika/tiago_public_ws/devel/lib/python2.7/dist-packages/repeat_action_server/msg/_AskToRepeatActionGoal.py)
Linked: (/home/dominika/tiago_public_ws/devel/.private/repeat_action_server/lib/python2.7/dist-packages/repeat_action_server/msg/_AskToRepeatGoal.py, /home/dominika/tiago_public_ws/devel/lib/python2.7/dist-packages/repeat_action_server/msg/_AskToRepeatGoal.py)
Linked: (/home/dominika/tiago_public_ws/devel/.private/repeat_action_server/lib/python2.7/dist-packages/repeat_action_server/msg/__init__.py, /home/dominika/tiago_public_ws/devel/lib/python2.7/dist-packages/repeat_action_server/msg/__init__.py)
Linked: (/home/dominika/tiago_public_ws/devel/.private/repeat_action_server/lib/python2.7/dist-packages/repeat_action_server/msg/_AskToRepeatAction.py, /home/dominika/tiago_public_ws/devel/lib/python2.7/dist-packages/repeat_action_server/msg/_AskToRepeatAction.py)
Linked: (/home/dominika/tiago_public_ws/devel/.private/repeat_action_server/lib/pkgconfig/repeat_action_server.pc, /home/dominika/tiago_public_ws/devel/lib/pkgconfig/repeat_action_server.pc)
Linked: (/home/dominika/tiago_public_ws/devel/.private/repeat_action_server/share/repeat_action_server/msg/AskToRepeatResult.msg, /home/dominika/tiago_public_ws/devel/share/repeat_action_server/msg/AskToRepeatResult.msg)
Linked: (/home/dominika/tiago_public_ws/devel/.private/repeat_action_server/share/repeat_action_server/msg/AskToRepeatActionResult.msg, /home/dominika/tiago_public_ws/devel/share/repeat_action_server/msg/AskToRepeatActionResult.msg)
Linked: (/home/dominika/tiago_public_ws/devel/.private/repeat_action_server/share/repeat_action_server/msg/AskToRepeatAction.msg, /home/dominika/tiago_public_ws/devel/share/repeat_action_server/msg/AskToRepeatAction.msg)
Linked: (/home/dominika/tiago_public_ws/devel/.private/repeat_action_server/share/repeat_action_server/msg/AskToRepeatActionGoal.msg, /home/dominika/tiago_public_ws/devel/share/repeat_action_server/msg/AskToRepeatActionGoal.msg)
Linked: (/home/dominika/tiago_public_ws/devel/.private/repeat_action_server/share/repeat_action_server/msg/AskToRepeatFeedback.msg, /home/dominika/tiago_public_ws/devel/share/repeat_action_server/msg/AskToRepeatFeedback.msg)
Linked: (/home/dominika/tiago_public_ws/devel/.private/repeat_action_server/share/repeat_action_server/msg/AskToRepeatGoal.msg, /home/dominika/tiago_public_ws/devel/share/repeat_action_server/msg/AskToRepeatGoal.msg)
Linked: (/home/dominika/tiago_public_ws/devel/.private/repeat_action_server/share/repeat_action_server/msg/AskToRepeatActionFeedback.msg, /home/dominika/tiago_public_ws/devel/share/repeat_action_server/msg/AskToRepeatActionFeedback.msg)
Linked: (/home/dominika/tiago_public_ws/devel/.private/repeat_action_server/share/repeat_action_server/cmake/repeat_action_server-msg-paths.cmake, /home/dominika/tiago_public_ws/devel/share/repeat_action_server/cmake/repeat_action_server-msg-paths.cmake)
Linked: (/home/dominika/tiago_public_ws/devel/.private/repeat_action_server/share/repeat_action_server/cmake/repeat_action_serverConfig.cmake, /home/dominika/tiago_public_ws/devel/share/repeat_action_server/cmake/repeat_action_serverConfig.cmake)
Linked: (/home/dominika/tiago_public_ws/devel/.private/repeat_action_server/share/repeat_action_server/cmake/repeat_action_serverConfig-version.cmake, /home/dominika/tiago_public_ws/devel/share/repeat_action_server/cmake/repeat_action_serverConfig-version.cmake)
Linked: (/home/dominika/tiago_public_ws/devel/.private/repeat_action_server/share/repeat_action_server/cmake/repeat_action_server-msg-extras.cmake, /home/dominika/tiago_public_ws/devel/share/repeat_action_server/cmake/repeat_action_server-msg-extras.cmake)
Linked: (/home/dominika/tiago_public_ws/devel/.private/repeat_action_server/share/common-lisp/ros/repeat_action_server/msg/_package_AskToRepeatActionGoal.lisp, /home/dominika/tiago_public_ws/devel/share/common-lisp/ros/repeat_action_server/msg/_package_AskToRepeatActionGoal.lisp)
Linked: (/home/dominika/tiago_public_ws/devel/.private/repeat_action_server/share/common-lisp/ros/repeat_action_server/msg/_package_AskToRepeatGoal.lisp, /home/dominika/tiago_public_ws/devel/share/common-lisp/ros/repeat_action_server/msg/_package_AskToRepeatGoal.lisp)
Linked: (/home/dominika/tiago_public_ws/devel/.private/repeat_action_server/share/common-lisp/ros/repeat_action_server/msg/AskToRepeatAction.lisp, /home/dominika/tiago_public_ws/devel/share/common-lisp/ros/repeat_action_server/msg/AskToRepeatAction.lisp)
Linked: (/home/dominika/tiago_public_ws/devel/.private/repeat_action_server/share/common-lisp/ros/repeat_action_server/msg/_package.lisp, /home/dominika/tiago_public_ws/devel/share/common-lisp/ros/repeat_action_server/msg/_package.lisp)
Linked: (/home/dominika/tiago_public_ws/devel/.private/repeat_action_server/share/common-lisp/ros/repeat_action_server/msg/repeat_action_server-msg.asd, /home/dominika/tiago_public_ws/devel/share/common-lisp/ros/repeat_action_server/msg/repeat_action_server-msg.asd)
Linked: (/home/dominika/tiago_public_ws/devel/.private/repeat_action_server/share/common-lisp/ros/repeat_action_server/msg/AskToRepeatResult.lisp, /home/dominika/tiago_public_ws/devel/share/common-lisp/ros/repeat_action_server/msg/AskToRepeatResult.lisp)
Linked: (/home/dominika/tiago_public_ws/devel/.private/repeat_action_server/share/common-lisp/ros/repeat_action_server/msg/_package_AskToRepeatAction.lisp, /home/dominika/tiago_public_ws/devel/share/common-lisp/ros/repeat_action_server/msg/_package_AskToRepeatAction.lisp)
Linked: (/home/dominika/tiago_public_ws/devel/.private/repeat_action_server/share/common-lisp/ros/repeat_action_server/msg/AskToRepeatActionGoal.lisp, /home/dominika/tiago_public_ws/devel/share/common-lisp/ros/repeat_action_server/msg/AskToRepeatActionGoal.lisp)
Linked: (/home/dominika/tiago_public_ws/devel/.private/repeat_action_server/share/common-lisp/ros/repeat_action_server/msg/AskToRepeatActionFeedback.lisp, /home/dominika/tiago_public_ws/devel/share/common-lisp/ros/repeat_action_server/msg/AskToRepeatActionFeedback.lisp)
Linked: (/home/dominika/tiago_public_ws/devel/.private/repeat_action_server/share/common-lisp/ros/repeat_action_server/msg/_package_AskToRepeatResult.lisp, /home/dominika/tiago_public_ws/devel/share/common-lisp/ros/repeat_action_server/msg/_package_AskToRepeatResult.lisp)
Linked: (/home/dominika/tiago_public_ws/devel/.private/repeat_action_server/share/common-lisp/ros/repeat_action_server/msg/AskToRepeatGoal.lisp, /home/dominika/tiago_public_ws/devel/share/common-lisp/ros/repeat_action_server/msg/AskToRepeatGoal.lisp)
Linked: (/home/dominika/tiago_public_ws/devel/.private/repeat_action_server/share/common-lisp/ros/repeat_action_server/msg/_package_AskToRepeatActionFeedback.lisp, /home/dominika/tiago_public_ws/devel/share/common-lisp/ros/repeat_action_server/msg/_package_AskToRepeatActionFeedback.lisp)
Linked: (/home/dominika/tiago_public_ws/devel/.private/repeat_action_server/share/common-lisp/ros/repeat_action_server/msg/_package_AskToRepeatActionResult.lisp, /home/dominika/tiago_public_ws/devel/share/common-lisp/ros/repeat_action_server/msg/_package_AskToRepeatActionResult.lisp)
Linked: (/home/dominika/tiago_public_ws/devel/.private/repeat_action_server/share/common-lisp/ros/repeat_action_server/msg/_package_AskToRepeatFeedback.lisp, /home/dominika/tiago_public_ws/devel/share/common-lisp/ros/repeat_action_server/msg/_package_AskToRepeatFeedback.lisp)
Linked: (/home/dominika/tiago_public_ws/devel/.private/repeat_action_server/share/common-lisp/ros/repeat_action_server/msg/AskToRepeatActionResult.lisp, /home/dominika/tiago_public_ws/devel/share/common-lisp/ros/repeat_action_server/msg/AskToRepeatActionResult.lisp)
Linked: (/home/dominika/tiago_public_ws/devel/.private/repeat_action_server/share/common-lisp/ros/repeat_action_server/msg/AskToRepeatFeedback.lisp, /home/dominika/tiago_public_ws/devel/share/common-lisp/ros/repeat_action_server/msg/AskToRepeatFeedback.lisp)
Linked: (/home/dominika/tiago_public_ws/devel/.private/repeat_action_server/share/gennodejs/ros/repeat_action_server/_index.js, /home/dominika/tiago_public_ws/devel/share/gennodejs/ros/repeat_action_server/_index.js)
Linked: (/home/dominika/tiago_public_ws/devel/.private/repeat_action_server/share/gennodejs/ros/repeat_action_server/msg/AskToRepeatActionGoal.js, /home/dominika/tiago_public_ws/devel/share/gennodejs/ros/repeat_action_server/msg/AskToRepeatActionGoal.js)
Linked: (/home/dominika/tiago_public_ws/devel/.private/repeat_action_server/share/gennodejs/ros/repeat_action_server/msg/AskToRepeatResult.js, /home/dominika/tiago_public_ws/devel/share/gennodejs/ros/repeat_action_server/msg/AskToRepeatResult.js)
Linked: (/home/dominika/tiago_public_ws/devel/.private/repeat_action_server/share/gennodejs/ros/repeat_action_server/msg/AskToRepeatActionResult.js, /home/dominika/tiago_public_ws/devel/share/gennodejs/ros/repeat_action_server/msg/AskToRepeatActionResult.js)
Linked: (/home/dominika/tiago_public_ws/devel/.private/repeat_action_server/share/gennodejs/ros/repeat_action_server/msg/AskToRepeatAction.js, /home/dominika/tiago_public_ws/devel/share/gennodejs/ros/repeat_action_server/msg/AskToRepeatAction.js)
Linked: (/home/dominika/tiago_public_ws/devel/.private/repeat_action_server/share/gennodejs/ros/repeat_action_server/msg/AskToRepeatFeedback.js, /home/dominika/tiago_public_ws/devel/share/gennodejs/ros/repeat_action_server/msg/AskToRepeatFeedback.js)
Linked: (/home/dominika/tiago_public_ws/devel/.private/repeat_action_server/share/gennodejs/ros/repeat_action_server/msg/_index.js, /home/dominika/tiago_public_ws/devel/share/gennodejs/ros/repeat_action_server/msg/_index.js)
Linked: (/home/dominika/tiago_public_ws/devel/.private/repeat_action_server/share/gennodejs/ros/repeat_action_server/msg/AskToRepeatActionFeedback.js, /home/dominika/tiago_public_ws/devel/share/gennodejs/ros/repeat_action_server/msg/AskToRepeatActionFeedback.js)
Linked: (/home/dominika/tiago_public_ws/devel/.private/repeat_action_server/share/gennodejs/ros/repeat_action_server/msg/AskToRepeatGoal.js, /home/dominika/tiago_public_ws/devel/share/gennodejs/ros/repeat_action_server/msg/AskToRepeatGoal.js)
Linked: (/home/dominika/tiago_public_ws/devel/.private/repeat_action_server/share/roseus/ros/repeat_action_server/manifest.l, /home/dominika/tiago_public_ws/devel/share/roseus/ros/repeat_action_server/manifest.l)
Linked: (/home/dominika/tiago_public_ws/devel/.private/repeat_action_server/share/roseus/ros/repeat_action_server/msg/AskToRepeatActionResult.l, /home/dominika/tiago_public_ws/devel/share/roseus/ros/repeat_action_server/msg/AskToRepeatActionResult.l)
Linked: (/home/dominika/tiago_public_ws/devel/.private/repeat_action_server/share/roseus/ros/repeat_action_server/msg/AskToRepeatFeedback.l, /home/dominika/tiago_public_ws/devel/share/roseus/ros/repeat_action_server/msg/AskToRepeatFeedback.l)
Linked: (/home/dominika/tiago_public_ws/devel/.private/repeat_action_server/share/roseus/ros/repeat_action_server/msg/AskToRepeatAction.l, /home/dominika/tiago_public_ws/devel/share/roseus/ros/repeat_action_server/msg/AskToRepeatAction.l)
Linked: (/home/dominika/tiago_public_ws/devel/.private/repeat_action_server/share/roseus/ros/repeat_action_server/msg/AskToRepeatActionFeedback.l, /home/dominika/tiago_public_ws/devel/share/roseus/ros/repeat_action_server/msg/AskToRepeatActionFeedback.l)
Linked: (/home/dominika/tiago_public_ws/devel/.private/repeat_action_server/share/roseus/ros/repeat_action_server/msg/AskToRepeatGoal.l, /home/dominika/tiago_public_ws/devel/share/roseus/ros/repeat_action_server/msg/AskToRepeatGoal.l)
Linked: (/home/dominika/tiago_public_ws/devel/.private/repeat_action_server/share/roseus/ros/repeat_action_server/msg/AskToRepeatActionGoal.l, /home/dominika/tiago_public_ws/devel/share/roseus/ros/repeat_action_server/msg/AskToRepeatActionGoal.l)
Linked: (/home/dominika/tiago_public_ws/devel/.private/repeat_action_server/share/roseus/ros/repeat_action_server/msg/AskToRepeatResult.l, /home/dominika/tiago_public_ws/devel/share/roseus/ros/repeat_action_server/msg/AskToRepeatResult.l)
Linked: (/home/dominika/tiago_public_ws/devel/.private/repeat_action_server/include/repeat_action_server/AskToRepeatActionResult.h, /home/dominika/tiago_public_ws/devel/include/repeat_action_server/AskToRepeatActionResult.h)
Linked: (/home/dominika/tiago_public_ws/devel/.private/repeat_action_server/include/repeat_action_server/AskToRepeatActionGoal.h, /home/dominika/tiago_public_ws/devel/include/repeat_action_server/AskToRepeatActionGoal.h)
Linked: (/home/dominika/tiago_public_ws/devel/.private/repeat_action_server/include/repeat_action_server/AskToRepeatGoal.h, /home/dominika/tiago_public_ws/devel/include/repeat_action_server/AskToRepeatGoal.h)
Linked: (/home/dominika/tiago_public_ws/devel/.private/repeat_action_server/include/repeat_action_server/AskToRepeatActionFeedback.h, /home/dominika/tiago_public_ws/devel/include/repeat_action_server/AskToRepeatActionFeedback.h)
Linked: (/home/dominika/tiago_public_ws/devel/.private/repeat_action_server/include/repeat_action_server/AskToRepeatAction.h, /home/dominika/tiago_public_ws/devel/include/repeat_action_server/AskToRepeatAction.h)
Linked: (/home/dominika/tiago_public_ws/devel/.private/repeat_action_server/include/repeat_action_server/AskToRepeatFeedback.h, /home/dominika/tiago_public_ws/devel/include/repeat_action_server/AskToRepeatFeedback.h)
Linked: (/home/dominika/tiago_public_ws/devel/.private/repeat_action_server/include/repeat_action_server/AskToRepeatResult.h, /home/dominika/tiago_public_ws/devel/include/repeat_action_server/AskToRepeatResult.h)
