[  0%] Built target _repeat_action_server_generate_messages_check_deps_AskToRepeatAction
[  0%] Built target actionlib_msgs_generate_messages_lisp
[  0%] Built target _repeat_action_server_generate_messages_check_deps_AskToRepeatActionGoal
[  0%] Built target _repeat_action_server_generate_messages_check_deps_AskToRepeatActionResult
[  0%] Built target std_msgs_generate_messages_lisp
[  0%] Built target _repeat_action_server_generate_messages_check_deps_AskToRepeatResult
[  0%] Built target _repeat_action_server_generate_messages_check_deps_AskToRepeatGoal
[  0%] Built target _repeat_action_server_generate_messages_check_deps_AskToRepeatFeedback
[  0%] Built target _repeat_action_server_generate_messages_check_deps_AskToRepeatActionFeedback
[  0%] Built target actionlib_msgs_generate_messages_eus
[  0%] Built target std_msgs_generate_messages_eus
[  0%] Built target actionlib_msgs_generate_messages_nodejs
[  0%] Built target std_msgs_generate_messages_nodejs
[  0%] Built target actionlib_msgs_generate_messages_py
[  0%] Built target std_msgs_generate_messages_py
[  0%] Built target actionlib_msgs_generate_messages_cpp
[  0%] Built target std_msgs_generate_messages_cpp
[35m[1mScanning dependencies of target repeat_action_server[0m
[  2%] [32mBuilding CXX object CMakeFiles/repeat_action_server.dir/src/main.cxx.o[0m
[  4%] [32mBuilding CXX object CMakeFiles/repeat_action_server.dir/src/AskToRepeatActionServer.cxx.o[0m
[  7%] [32m[1mLinking CXX executable /home/dominika/tiago_public_ws/devel/.private/repeat_action_server/lib/repeat_action_server/repeat_action_server[0m
[  9%] Built target repeat_action_server
[ 26%] Built target repeat_action_server_generate_messages_lisp
[ 46%] Built target repeat_action_server_generate_messages_eus
[ 63%] Built target repeat_action_server_generate_messages_nodejs
[ 82%] Built target repeat_action_server_generate_messages_py
[100%] Built target repeat_action_server_generate_messages_cpp
[100%] Built target repeat_action_server_generate_messages
